[INFO] Scanning for projects...
[INFO] 
[INFO] ----------------< net.masterthought:cucumber-reporting >----------------
[INFO] Building cucumber-reporting 5.7.6-SNAPSHOT
[INFO]   from pom.xml
[INFO] --------------------------------[ jar ]---------------------------------
[INFO] 
[INFO] --- clean:3.2.0:clean (default-clean) @ cucumber-reporting ---
[INFO] Deleting /cucumber-reporting/target
[INFO] 
[INFO] --- enforcer:1.0:enforce (enforce-maven) @ cucumber-reporting ---
[INFO] 
[INFO] --- jacoco:0.8.6:prepare-agent (default) @ cucumber-reporting ---
[INFO] argLine set to -javaagent:/root/.m2/repository/org/jacoco/org.jacoco.agent/0.8.6/org.jacoco.agent-0.8.6-runtime.jar=destfile=/cucumber-reporting/target/jacoco.exec
[INFO] 
[INFO] --- resources:3.3.0:resources (default-resources) @ cucumber-reporting ---
[INFO] Copying 58 resources
[INFO] 
[INFO] --- compiler:3.8.1:compile (default-compile) @ cucumber-reporting ---
[INFO] Changes detected - recompiling the module!
[INFO] Compiling 59 source files to /cucumber-reporting/target/classes
[INFO] 
[INFO] --- resources:3.3.0:testResources (default-testResources) @ cucumber-reporting ---
[INFO] Copying 25 resources
[INFO] 
[INFO] --- compiler:3.8.1:testCompile (default-testCompile) @ cucumber-reporting ---
[INFO] Changes detected - recompiling the module!
[INFO] Compiling 92 source files to /cucumber-reporting/target/test-classes
[INFO] /cucumber-reporting/src/test/java/net/masterthought/cucumber/generators/integrations/helpers/WebAssertion.java: /cucumber-reporting/src/test/java/net/masterthought/cucumber/generators/integrations/helpers/WebAssertion.java uses or overrides a deprecated API.
[INFO] /cucumber-reporting/src/test/java/net/masterthought/cucumber/generators/integrations/helpers/WebAssertion.java: Recompile with -Xlint:deprecation for details.
[INFO] /cucumber-reporting/src/test/java/net/masterthought/cucumber/json/deserializers/TagsDeserializerTest.java: Some input files use unchecked or unsafe operations.
[INFO] /cucumber-reporting/src/test/java/net/masterthought/cucumber/json/deserializers/TagsDeserializerTest.java: Recompile with -Xlint:unchecked for details.
[INFO] 
[INFO] --- surefire:2.18.1:test (default-test) @ cucumber-reporting ---
[INFO] Surefire report directory: /cucumber-reporting/target/surefire-reports

-------------------------------------------------------
 T E S T S
-------------------------------------------------------
Running LiveDemoTest
Sep 30, 2025 5:09:48 PM net.masterthought.cucumber.ReportParser parseJsonFiles
INFO: File 'src/test/resources/json/sample.json' contains 2 feature(s)
SLF4J: Failed to load class "org.slf4j.impl.StaticLoggerBinder".
SLF4J: Defaulting to no-operation (NOP) logger implementation
SLF4J: See http://www.slf4j.org/codes.html#StaticLoggerBinder for further details.
Tests run: 1, Failures: 0, Errors: 0, Skipped: 0, Time elapsed: 7.973 sec - in LiveDemoTest
Running net.masterthought.cucumber.ReportResultTest
Tests run: 6, Failures: 0, Errors: 0, Skipped: 0, Time elapsed: 1.196 sec - in net.masterthought.cucumber.ReportResultTest
Running net.masterthought.cucumber.json.OutputTest
Tests run: 1, Failures: 0, Errors: 0, Skipped: 0, Time elapsed: 0.034 sec - in net.masterthought.cucumber.json.OutputTest
Running net.masterthought.cucumber.json.ArgumentTest
Tests run: 3, Failures: 0, Errors: 0, Skipped: 0, Time elapsed: 0.194 sec - in net.masterthought.cucumber.json.ArgumentTest
Running net.masterthought.cucumber.json.EmbeddingTest
Tests run: 1, Failures: 0, Errors: 0, Skipped: 1, Time elapsed: 0.008 sec - in net.masterthought.cucumber.json.EmbeddingTest
Running net.masterthought.cucumber.json.deserializers.TagsDeserializerTest
WARNING: An illegal reflective access operation has occurred
WARNING: Illegal reflective access by org.powermock.reflect.internal.WhiteboxImpl (file:/root/.m2/repository/org/powermock/powermock-reflect/1.7.3/powermock-reflect-1.7.3.jar) to field java.lang.reflect.Field.modifiers
WARNING: Please consider reporting this to the maintainers of org.powermock.reflect.internal.WhiteboxImpl
WARNING: Use --illegal-access=warn to enable warnings of further illegal reflective access operations
WARNING: All illegal access operations will be denied in a future release
Tests run: 2, Failures: 0, Errors: 0, Skipped: 0, Time elapsed: 2.629 sec - in net.masterthought.cucumber.json.deserializers.TagsDeserializerTest
Running net.masterthought.cucumber.json.deserializers.CommentsDeserializerTest
Tests run: 3, Failures: 0, Errors: 0, Skipped: 0, Time elapsed: 3.104 sec - in net.masterthought.cucumber.json.deserializers.CommentsDeserializerTest
Running net.masterthought.cucumber.json.deserializers.StatusDeserializerTest
Tests run: 4, Failures: 0, Errors: 0, Skipped: 0, Time elapsed: 2.686 sec - in net.masterthought.cucumber.json.deserializers.StatusDeserializerTest
Running net.masterthought.cucumber.json.deserializers.EmbeddingDeserializerTest
Tests run: 3, Failures: 0, Errors: 0, Skipped: 0, Time elapsed: 2.468 sec - in net.masterthought.cucumber.json.deserializers.EmbeddingDeserializerTest
Running net.masterthought.cucumber.json.ResultTest
Tests run: 6, Failures: 0, Errors: 0, Skipped: 0, Time elapsed: 0.683 sec - in net.masterthought.cucumber.json.ResultTest
Running net.masterthought.cucumber.json.RowTest
Tests run: 1, Failures: 0, Errors: 0, Skipped: 0, Time elapsed: 0.056 sec - in net.masterthought.cucumber.json.RowTest
Running net.masterthought.cucumber.json.support.StatusTest
Tests run: 5, Failures: 0, Errors: 0, Skipped: 0, Time elapsed: 0.013 sec - in net.masterthought.cucumber.json.support.StatusTest
Running net.masterthought.cucumber.json.support.comparators.StatusCounterTest
Tests run: 9, Failures: 0, Errors: 0, Skipped: 0, Time elapsed: 0.021 sec - in net.masterthought.cucumber.json.support.comparators.StatusCounterTest
Running net.masterthought.cucumber.json.support.StepObjectTest
Tests run: 10, Failures: 0, Errors: 0, Skipped: 0, Time elapsed: 0.001 sec - in net.masterthought.cucumber.json.support.StepObjectTest
Running net.masterthought.cucumber.json.support.TagObjectTest
Tests run: 15, Failures: 0, Errors: 0, Skipped: 0, Time elapsed: 1.483 sec - in net.masterthought.cucumber.json.support.TagObjectTest
Running net.masterthought.cucumber.json.EmbeddingWithNameTest
Tests run: 1, Failures: 0, Errors: 0, Skipped: 1, Time elapsed: 0.002 sec - in net.masterthought.cucumber.json.EmbeddingWithNameTest
Running net.masterthought.cucumber.json.StepTest
Tests run: 21, Failures: 0, Errors: 0, Skipped: 0, Time elapsed: 1.165 sec - in net.masterthought.cucumber.json.StepTest
Running net.masterthought.cucumber.json.DocStringTest
Tests run: 1, Failures: 0, Errors: 0, Skipped: 0, Time elapsed: 0.061 sec - in net.masterthought.cucumber.json.DocStringTest
Running net.masterthought.cucumber.json.ElementTest
Tests run: 19, Failures: 0, Errors: 0, Skipped: 0, Time elapsed: 0.878 sec - in net.masterthought.cucumber.json.ElementTest
Running net.masterthought.cucumber.json.TagTest
Tests run: 7, Failures: 0, Errors: 0, Skipped: 0, Time elapsed: 0.424 sec - in net.masterthought.cucumber.json.TagTest
Running net.masterthought.cucumber.json.MatchTest
Tests run: 2, Failures: 0, Errors: 0, Skipped: 0, Time elapsed: 0.118 sec - in net.masterthought.cucumber.json.MatchTest
Running net.masterthought.cucumber.json.HookTest
Tests run: 8, Failures: 0, Errors: 0, Skipped: 0, Time elapsed: 0.587 sec - in net.masterthought.cucumber.json.HookTest
Running net.masterthought.cucumber.json.FeatureTest
Tests run: 20, Failures: 0, Errors: 0, Skipped: 0, Time elapsed: 1.255 sec - in net.masterthought.cucumber.json.FeatureTest
Running net.masterthought.cucumber.sorting.StepObjectAlphabeticalComparatorTest
Tests run: 2, Failures: 0, Errors: 0, Skipped: 0, Time elapsed: 0.019 sec - in net.masterthought.cucumber.sorting.StepObjectAlphabeticalComparatorTest
Running net.masterthought.cucumber.sorting.SortingFactoryTest
Tests run: 10, Failures: 0, Errors: 0, Skipped: 0, Time elapsed: 0.751 sec - in net.masterthought.cucumber.sorting.SortingFactoryTest
Running net.masterthought.cucumber.sorting.TagObjectAlphabeticalComparatorTest
Tests run: 2, Failures: 0, Errors: 0, Skipped: 0, Time elapsed: 0.001 sec - in net.masterthought.cucumber.sorting.TagObjectAlphabeticalComparatorTest
Running net.masterthought.cucumber.sorting.FeaturesAlphabeticalComparatorTest
Tests run: 4, Failures: 0, Errors: 0, Skipped: 0, Time elapsed: 0.329 sec - in net.masterthought.cucumber.sorting.FeaturesAlphabeticalComparatorTest
Running net.masterthought.cucumber.reducers.ReportFeatureWithRetestMergerTest
Tests run: 12, Failures: 0, Errors: 0, Skipped: 0, Time elapsed: 0.655 sec - in net.masterthought.cucumber.reducers.ReportFeatureWithRetestMergerTest
Running net.masterthought.cucumber.reducers.ReportFeatureMergerFactoryTest
Tests run: 2, Failures: 0, Errors: 0, Skipped: 0, Time elapsed: 0.002 sec - in net.masterthought.cucumber.reducers.ReportFeatureMergerFactoryTest
Running net.masterthought.cucumber.reducers.ReportFeatureAppendableMergerTest
Tests run: 3, Failures: 0, Errors: 0, Skipped: 0, Time elapsed: 0.014 sec - in net.masterthought.cucumber.reducers.ReportFeatureAppendableMergerTest
Running net.masterthought.cucumber.reducers.ReportFeatureByIdMergerTest
Tests run: 3, Failures: 0, Errors: 0, Skipped: 0, Time elapsed: 0.041 sec - in net.masterthought.cucumber.reducers.ReportFeatureByIdMergerTest
Running net.masterthought.cucumber.reducers.ElementComparatorTest
Tests run: 2, Failures: 0, Errors: 0, Skipped: 0, Time elapsed: 0.206 sec - in net.masterthought.cucumber.reducers.ElementComparatorTest
Running net.masterthought.cucumber.ValidationExceptionTest
Tests run: 3, Failures: 0, Errors: 0, Skipped: 0, Time elapsed: 0.004 sec - in net.masterthought.cucumber.ValidationExceptionTest
Running net.masterthought.cucumber.generators.ErrorPageTest
Tests run: 1, Failures: 0, Errors: 0, Skipped: 0, Time elapsed: 0.065 sec - in net.masterthought.cucumber.generators.ErrorPageTest
Running net.masterthought.cucumber.generators.FailuresOverviewPageTest
Tests run: 2, Failures: 0, Errors: 0, Skipped: 0, Time elapsed: 0.268 sec - in net.masterthought.cucumber.generators.FailuresOverviewPageTest
Running net.masterthought.cucumber.generators.TagReportPageTest
Tests run: 2, Failures: 0, Errors: 0, Skipped: 0, Time elapsed: 0.176 sec - in net.masterthought.cucumber.generators.TagReportPageTest
Running net.masterthought.cucumber.generators.EscapeHtmlReferenceTest
Tests run: 5, Failures: 0, Errors: 0, Skipped: 0, Time elapsed: 0.016 sec - in net.masterthought.cucumber.generators.EscapeHtmlReferenceTest
Running net.masterthought.cucumber.generators.StepsOverviewPageTest
Tests run: 2, Failures: 0, Errors: 0, Skipped: 0, Time elapsed: 0.254 sec - in net.masterthought.cucumber.generators.StepsOverviewPageTest
Running net.masterthought.cucumber.generators.OverviewReportTest
Tests run: 15, Failures: 0, Errors: 0, Skipped: 0, Time elapsed: 0.059 sec - in net.masterthought.cucumber.generators.OverviewReportTest
Running net.masterthought.cucumber.generators.AbstractPageTest
Sep 30, 2025 5:10:15 PM net.masterthought.cucumber.generators.AbstractPage buildGeneralParameters
INFO: Could not parse build number: notAnumber.
Tests run: 10, Failures: 0, Errors: 0, Skipped: 0, Time elapsed: 2.519 sec - in net.masterthought.cucumber.generators.AbstractPageTest
Running net.masterthought.cucumber.generators.TrendsOverviewPageTest
Tests run: 2, Failures: 0, Errors: 0, Skipped: 0, Time elapsed: 0.067 sec - in net.masterthought.cucumber.generators.TrendsOverviewPageTest
Running net.masterthought.cucumber.generators.FeaturesOverviewPageTest
Tests run: 2, Failures: 0, Errors: 0, Skipped: 0, Time elapsed: 0.082 sec - in net.masterthought.cucumber.generators.FeaturesOverviewPageTest
Running net.masterthought.cucumber.generators.TagsOverviewPageTest
Tests run: 4, Failures: 0, Errors: 0, Skipped: 0, Time elapsed: 0.276 sec - in net.masterthought.cucumber.generators.TagsOverviewPageTest
Running net.masterthought.cucumber.generators.FeatureReportPageTest
Tests run: 4, Failures: 0, Errors: 0, Skipped: 0, Time elapsed: 0.523 sec - in net.masterthought.cucumber.generators.FeatureReportPageTest
Running net.masterthought.cucumber.util.StepNameFormatterTest
Tests run: 11, Failures: 0, Errors: 0, Skipped: 0, Time elapsed: 0.538 sec - in net.masterthought.cucumber.util.StepNameFormatterTest
Running net.masterthought.cucumber.util.UtilTest
Tests run: 5, Failures: 0, Errors: 0, Skipped: 0, Time elapsed: 0.179 sec - in net.masterthought.cucumber.util.UtilTest
Running net.masterthought.cucumber.util.CounterTest
Tests run: 1, Failures: 0, Errors: 0, Skipped: 0, Time elapsed: 0.001 sec - in net.masterthought.cucumber.util.CounterTest
Running net.masterthought.cucumber.ReportResultMergeTest
Tests run: 7, Failures: 0, Errors: 0, Skipped: 0, Time elapsed: 0.171 sec - in net.masterthought.cucumber.ReportResultMergeTest
Running net.masterthought.cucumber.TrendsTest
Tests run: 7, Failures: 0, Errors: 0, Skipped: 0, Time elapsed: 0.028 sec - in net.masterthought.cucumber.TrendsTest
Running net.masterthought.cucumber.ConfigurationTest
Tests run: 30, Failures: 0, Errors: 0, Skipped: 0, Time elapsed: 0.035 sec - in net.masterthought.cucumber.ConfigurationTest
Running net.masterthought.cucumber.ReportBuilderTest
Tests run: 25, Failures: 0, Errors: 1, Skipped: 0, Time elapsed: 4.604 sec <<< FAILURE! - in net.masterthought.cucumber.ReportBuilderTest
copyCustomResources_OnDirAsFile_ThrowsIOException(net.masterthought.cucumber.ReportBuilderTest)  Time elapsed: 0.097 sec  <<< ERROR!
java.lang.IllegalArgumentException: Parameter 'srcFile' is not a file: src/test/resources/js
	at org.apache.commons.io.FileUtils.requireFile(FileUtils.java:2737)
	at org.apache.commons.io.FileUtils.copyFile(FileUtils.java:841)
	at org.apache.commons.io.FileUtils.copyFile(FileUtils.java:756)
	at net.masterthought.cucumber.ReportBuilder.copyCustomResources(ReportBuilder.java:174)
	at java.base/jdk.internal.reflect.NativeMethodAccessorImpl.invoke0(Native Method)
	at java.base/jdk.internal.reflect.NativeMethodAccessorImpl.invoke(NativeMethodAccessorImpl.java:62)
	at java.base/jdk.internal.reflect.DelegatingMethodAccessorImpl.invoke(DelegatingMethodAccessorImpl.java:43)
	at java.base/java.lang.reflect.Method.invoke(Method.java:566)
	at mockit.internal.reflection.MethodReflection.invoke(MethodReflection.java:121)
	at mockit.internal.reflection.MethodReflection.invoke(MethodReflection.java:186)
	at mockit.Deencapsulation.invoke(Deencapsulation.java:211)
	at net.masterthought.cucumber.ReportBuilderTest.copyCustomResources_OnDirAsFile_ThrowsIOException(ReportBuilderTest.java:228)

Running net.masterthought.cucumber.ReportParserTest
Tests run: 17, Failures: 0, Errors: 0, Skipped: 0, Time elapsed: 4.733 sec - in net.masterthought.cucumber.ReportParserTest
Running net.masterthought.cucumber.EmptyReportableTest
Tests run: 1, Failures: 0, Errors: 0, Skipped: 0, Time elapsed: 0 sec - in net.masterthought.cucumber.EmptyReportableTest

Results :

Tests in error: 
  ReportBuilderTest.copyCustomResources_OnDirAsFile_ThrowsIOException:228 Â» IllegalArgument

Tests run: 345, Failures: 0, Errors: 1, Skipped: 2

[INFO] ------------------------------------------------------------------------
[INFO] BUILD FAILURE
[INFO] ------------------------------------------------------------------------
[INFO] Total time:  01:29 min
[INFO] Finished at: 2025-09-30T17:10:29Z
[INFO] ------------------------------------------------------------------------
[WARNING] 
[WARNING] Plugin validation issues were detected in 5 plugin(s)
[WARNING] 
[WARNING]  * org.apache.maven.plugins:maven-surefire-plugin:2.18.1
[WARNING]  * org.jacoco:jacoco-maven-plugin:0.8.6
[WARNING]  * org.apache.maven.plugins:maven-compiler-plugin:3.8.1
[WARNING]  * org.apache.maven.plugins:maven-resources-plugin:3.3.0
[WARNING]  * org.apache.maven.plugins:maven-enforcer-plugin:1.0
[WARNING] 
[WARNING] For more or less details, use 'maven.plugin.validation' property with one of the values (case insensitive): [BRIEF, DEFAULT, VERBOSE]
[WARNING] 
[ERROR] Failed to execute goal org.apache.maven.plugins:maven-surefire-plugin:2.18.1:test (default-test) on project cucumber-reporting: There are test failures.
[ERROR] 
[ERROR] Please refer to /cucumber-reporting/target/surefire-reports for the individual test results.
[ERROR] -> [Help 1]
[ERROR] 
[ERROR] To see the full stack trace of the errors, re-run Maven with the -e switch.
[ERROR] Re-run Maven using the -X switch to enable full debug logging.
[ERROR] 
[ERROR] For more information about the errors and possible solutions, please read the following articles:
[ERROR] [Help 1] http://cwiki.apache.org/confluence/display/MAVEN/MojoFailureException
