[INFO] Scanning for projects...
[INFO] ------------------------------------------------------------------------
[INFO] Reactor Build Order:
[INFO] 
[INFO] junit-quickcheck                                                   [pom]
[INFO] junit-quickcheck-core                                              [jar]
[INFO] junit-quickcheck-generators                                        [jar]
[INFO] junit-quickcheck-guava                                             [jar]
[INFO] junit-quickcheck-examples                                          [jar]
[INFO] 
[INFO] --------------------< com.pholser:junit-quickcheck >--------------------
[INFO] Building junit-quickcheck 1.1-SNAPSHOT                             [1/5]
[INFO]   from pom.xml
[INFO] --------------------------------[ pom ]---------------------------------
[INFO] 
[INFO] --- clean:3.2.0:clean (default-clean) @ junit-quickcheck ---
[INFO] 
[INFO] --- enforcer:1.2:enforce (enforce-maven) @ junit-quickcheck ---
[INFO] 
[INFO] -----------------< com.pholser:junit-quickcheck-core >------------------
[INFO] Building junit-quickcheck-core 1.1-SNAPSHOT                        [2/5]
[INFO]   from core/pom.xml
[INFO] --------------------------------[ jar ]---------------------------------
[INFO] 
[INFO] --- clean:3.2.0:clean (default-clean) @ junit-quickcheck-core ---
[INFO] Deleting /junit-quickcheck/core/target
[INFO] 
[INFO] --- enforcer:1.2:enforce (enforce-maven) @ junit-quickcheck-core ---
[INFO] 
[INFO] --- jacoco:0.8.8:prepare-agent (default-prepare-agent) @ junit-quickcheck-core ---
[INFO] argLine set to -javaagent:/root/.m2/repository/org/jacoco/org.jacoco.agent/0.8.8/org.jacoco.agent-0.8.8-runtime.jar=destfile=/junit-quickcheck/core/target/jacoco.exec
[INFO] 
[INFO] --- resources:3.3.0:resources (default-resources) @ junit-quickcheck-core ---
[INFO] Copying 1 resource
[INFO] 
[INFO] --- compiler:3.11.0:compile (default-compile) @ junit-quickcheck-core ---
[INFO] Changes detected - recompiling the module! :source
[INFO] Compiling 73 source files with javac [debug target 1.8] to target/classes
[WARNING] bootstrap class path not set in conjunction with -source 8
[INFO] /junit-quickcheck/core/src/main/java/com/pholser/junit/quickcheck/internal/Reflection.java: Some input files use or override a deprecated API.
[INFO] /junit-quickcheck/core/src/main/java/com/pholser/junit/quickcheck/internal/Reflection.java: Recompile with -Xlint:deprecation for details.
[INFO] /junit-quickcheck/core/src/main/java/com/pholser/junit/quickcheck/generator/Generators.java: Some input files use unchecked or unsafe operations.
[INFO] /junit-quickcheck/core/src/main/java/com/pholser/junit/quickcheck/generator/Generators.java: Recompile with -Xlint:unchecked for details.
[INFO] 
[INFO] >>> pmd:3.21.0:cpd-check (default) > :cpd @ junit-quickcheck-core >>>
[INFO] 
[INFO] --- pmd:3.21.0:cpd (cpd) @ junit-quickcheck-core ---
[WARNING] Unable to locate Source XRef to link to - DISABLED
[WARNING] Unable to locate Source XRef to link to - DISABLED
[INFO] PMD version: 6.55.0
[INFO] Rendering content with org.apache.maven.skins:maven-default-skin:jar:1.3 skin.
[INFO] 
[INFO] <<< pmd:3.21.0:cpd-check (default) < :cpd @ junit-quickcheck-core <<<
[INFO] 
[INFO] 
[INFO] --- pmd:3.21.0:cpd-check (default) @ junit-quickcheck-core ---
[INFO] PMD version: 6.55.0
[INFO] 
[INFO] 
[INFO] --- resources:3.3.0:testResources (default-testResources) @ junit-quickcheck-core ---
[INFO] Copying 4 resources
[INFO] 
[INFO] --- compiler:3.11.0:testCompile (default-testCompile) @ junit-quickcheck-core ---
[INFO] Changes detected - recompiling the module! :dependency
[INFO] Compiling 128 source files with javac [debug target 1.8] to target/test-classes
[WARNING] bootstrap class path not set in conjunction with -source 8
[INFO] /junit-quickcheck/core/src/test/java/com/pholser/junit/quickcheck/internal/ListsTest.java: /junit-quickcheck/core/src/test/java/com/pholser/junit/quickcheck/internal/ListsTest.java uses unchecked or unsafe operations.
[INFO] /junit-quickcheck/core/src/test/java/com/pholser/junit/quickcheck/internal/ListsTest.java: Recompile with -Xlint:unchecked for details.
[INFO] 
[INFO] --- surefire:3.1.0:test (default-test) @ junit-quickcheck-core ---
[INFO] Using configured provider org.apache.maven.surefire.junitcore.JUnitCoreProvider
[INFO] 
[INFO] -------------------------------------------------------
[INFO]  T E S T S
[INFO] -------------------------------------------------------
[INFO] Running com.pholser.junit.quickcheck.TimesTest
[INFO] Tests run: 3, Failures: 0, Errors: 0, Skipped: 0, Time elapsed: 6.998 s - in com.pholser.junit.quickcheck.TimesTest
[INFO] Running com.pholser.junit.quickcheck.ReproIssue240Test
[INFO] Tests run: 1, Failures: 0, Errors: 0, Skipped: 0, Time elapsed: 0.819 s - in com.pholser.junit.quickcheck.ReproIssue240Test
[INFO] Running com.pholser.junit.quickcheck.ComposedObjectsTest
[INFO] Tests run: 11, Failures: 0, Errors: 0, Skipped: 0, Time elapsed: 2.401 s - in com.pholser.junit.quickcheck.ComposedObjectsTest
[INFO] Running com.pholser.junit.quickcheck.ReproIssue175Test
[INFO] Tests run: 1, Failures: 0, Errors: 0, Skipped: 0, Time elapsed: 0.237 s - in com.pholser.junit.quickcheck.ReproIssue175Test
[INFO] Running com.pholser.junit.quickcheck.BasicCapabilitiesOfGeneratorTest
[INFO] Tests run: 6, Failures: 0, Errors: 0, Skipped: 0, Time elapsed: 0.016 s - in com.pholser.junit.quickcheck.BasicCapabilitiesOfGeneratorTest
[INFO] Running com.pholser.junit.quickcheck.UsualJUnitMachineryOnShrinkingPropertyBasedTest
[INFO] Tests run: 1, Failures: 0, Errors: 0, Skipped: 0, Time elapsed: 0.062 s - in com.pholser.junit.quickcheck.UsualJUnitMachineryOnShrinkingPropertyBasedTest
[INFO] Running com.pholser.junit.quickcheck.ShrinkingTest
[INFO] Tests run: 13, Failures: 0, Errors: 0, Skipped: 0, Time elapsed: 3.819 s - in com.pholser.junit.quickcheck.ShrinkingTest
[INFO] Running com.pholser.junit.quickcheck.PropertyParameterConfigurationIsolationTest
[INFO] Tests run: 8, Failures: 0, Errors: 0, Skipped: 0, Time elapsed: 0.441 s - in com.pholser.junit.quickcheck.PropertyParameterConfigurationIsolationTest
[INFO] Running com.pholser.junit.quickcheck.internal.GeometricDistributionTest
[INFO] Tests run: 9, Failures: 0, Errors: 0, Skipped: 0, Time elapsed: 0.139 s - in com.pholser.junit.quickcheck.internal.GeometricDistributionTest
[INFO] Running com.pholser.junit.quickcheck.internal.SequencesUtilityClassTest
[INFO] Tests run: 1, Failures: 0, Errors: 0, Skipped: 0, Time elapsed: 0.004 s - in com.pholser.junit.quickcheck.internal.SequencesUtilityClassTest
[INFO] Running com.pholser.junit.quickcheck.internal.CartesianIteratorTest
[INFO] Tests run: 11, Failures: 0, Errors: 0, Skipped: 0, Time elapsed: 0.184 s - in com.pholser.junit.quickcheck.internal.CartesianIteratorTest
[INFO] Running com.pholser.junit.quickcheck.internal.ListsTest
[INFO] Tests run: 9, Failures: 0, Errors: 0, Skipped: 0, Time elapsed: 0.201 s - in com.pholser.junit.quickcheck.internal.ListsTest
[INFO] Running com.pholser.junit.quickcheck.internal.ListsUtilityClassTest
[INFO] Tests run: 1, Failures: 0, Errors: 0, Skipped: 0, Time elapsed: 0.009 s - in com.pholser.junit.quickcheck.internal.ListsUtilityClassTest
[INFO] Running com.pholser.junit.quickcheck.internal.ItemsTest
[MockitoHint] ItemsTest.singleWeightedItem (see javadoc for MockitoHint):
[MockitoHint] 1. Unused -> at com.pholser.junit.quickcheck.internal.ItemsTest.singleWeightedItem(ItemsTest.java:68)

[INFO] Tests run: 7, Failures: 0, Errors: 0, Skipped: 0, Time elapsed: 0.176 s - in com.pholser.junit.quickcheck.internal.ItemsTest
[INFO] Running com.pholser.junit.quickcheck.internal.SequencesTest
[INFO] Tests run: 8, Failures: 0, Errors: 0, Skipped: 0, Time elapsed: 0.037 s - in com.pholser.junit.quickcheck.internal.SequencesTest
[INFO] Running com.pholser.junit.quickcheck.internal.RangesUtilityClassTest
[INFO] Tests run: 1, Failures: 0, Errors: 0, Skipped: 0, Time elapsed: 0 s - in com.pholser.junit.quickcheck.internal.RangesUtilityClassTest
[INFO] Running com.pholser.junit.quickcheck.internal.WeightedTest
[INFO] Tests run: 2, Failures: 0, Errors: 0, Skipped: 0, Time elapsed: 0 s - in com.pholser.junit.quickcheck.internal.WeightedTest
[INFO] Running com.pholser.junit.quickcheck.internal.RangesTest
[INFO] Tests run: 3, Failures: 0, Errors: 0, Skipped: 0, Time elapsed: 0.068 s - in com.pholser.junit.quickcheck.internal.RangesTest
[INFO] Running com.pholser.junit.quickcheck.internal.generator.RegisteringGeneratorsForHierarchyOfHashMapTest
[WARNING] Tests run: 5, Failures: 0, Errors: 0, Skipped: 3, Time elapsed: 0.112 s - in com.pholser.junit.quickcheck.internal.generator.RegisteringGeneratorsForHierarchyOfHashMapTest
[INFO] Running com.pholser.junit.quickcheck.internal.generator.PropertyParameterGenerationContextWithNonShrinkingGeneratorTest
[INFO] Tests run: 1, Failures: 0, Errors: 0, Skipped: 0, Time elapsed: 0.008 s - in com.pholser.junit.quickcheck.internal.generator.PropertyParameterGenerationContextWithNonShrinkingGeneratorTest
[INFO] Running com.pholser.junit.quickcheck.internal.generator.RegisteringGeneratorsForHierarchyOfArrayListTest
[WARNING] Tests run: 9, Failures: 0, Errors: 0, Skipped: 7, Time elapsed: 0.019 s - in com.pholser.junit.quickcheck.internal.generator.RegisteringGeneratorsForHierarchyOfArrayListTest
[INFO] Running com.pholser.junit.quickcheck.internal.generator.ExplicitGeneratorsChosenWithEqualProbabilityTest
[MockitoHint] ExplicitGeneratorsChosenWithEqualProbabilityTest.producesExpectedRandomValues (see javadoc for MockitoHint):
[MockitoHint] 1. Unused -> at com.pholser.junit.quickcheck.internal.generator.CorePropertyParameterTest.primeSeed(CorePropertyParameterTest.java:109)
[MockitoHint] 2. Unused -> at com.pholser.junit.quickcheck.internal.generator.CorePropertyParameterTest.primeTrials(CorePropertyParameterTest.java:103)

[MockitoHint] ExplicitGeneratorsChosenWithEqualProbabilityTest.verifyInteractionWithRandomness (see javadoc for MockitoHint):
[MockitoHint] 1. Unused -> at com.pholser.junit.quickcheck.internal.generator.CorePropertyParameterTest.primeSeed(CorePropertyParameterTest.java:109)
[MockitoHint] 2. Unused -> at com.pholser.junit.quickcheck.internal.generator.CorePropertyParameterTest.primeTrials(CorePropertyParameterTest.java:103)

[INFO] Tests run: 2, Failures: 0, Errors: 0, Skipped: 0, Time elapsed: 0.946 s - in com.pholser.junit.quickcheck.internal.generator.ExplicitGeneratorsChosenWithEqualProbabilityTest
[INFO] Running com.pholser.junit.quickcheck.internal.generator.ArrayGeneratorTest
[INFO] Tests run: 3, Failures: 0, Errors: 0, Skipped: 0, Time elapsed: 0 s - in com.pholser.junit.quickcheck.internal.generator.ArrayGeneratorTest
[INFO] Running com.pholser.junit.quickcheck.internal.generator.RegisteringGeneratorsForHierarchyOfInterfaceTest
[WARNING] Tests run: 2, Failures: 0, Errors: 0, Skipped: 1, Time elapsed: 0.001 s - in com.pholser.junit.quickcheck.internal.generator.RegisteringGeneratorsForHierarchyOfInterfaceTest
[INFO] Running com.pholser.junit.quickcheck.internal.generator.OneOfSetOfGeneratorsTest
[INFO] Tests run: 3, Failures: 0, Errors: 0, Skipped: 0, Time elapsed: 0.009 s - in com.pholser.junit.quickcheck.internal.generator.OneOfSetOfGeneratorsTest
[INFO] Running com.pholser.junit.quickcheck.internal.generator.RegisteringGeneratorsForHierarchyOfBigDecimalTest
[WARNING] Tests run: 5, Failures: 0, Errors: 0, Skipped: 1, Time elapsed: 0.019 s - in com.pholser.junit.quickcheck.internal.generator.RegisteringGeneratorsForHierarchyOfBigDecimalTest
[INFO] Running com.pholser.junit.quickcheck.internal.generator.ExplicitGroupOfGeneratorsChosenWithEqualProbabilityTest
[MockitoHint] ExplicitGroupOfGeneratorsChosenWithEqualProbabilityTest.producesExpectedRandomValues (see javadoc for MockitoHint):
[MockitoHint] 1. Unused -> at com.pholser.junit.quickcheck.internal.generator.CorePropertyParameterTest.primeSeed(CorePropertyParameterTest.java:109)
[MockitoHint] 2. Unused -> at com.pholser.junit.quickcheck.internal.generator.CorePropertyParameterTest.primeTrials(CorePropertyParameterTest.java:103)

[MockitoHint] ExplicitGroupOfGeneratorsChosenWithEqualProbabilityTest.verifyInteractionWithRandomness (see javadoc for MockitoHint):
[MockitoHint] 1. Unused -> at com.pholser.junit.quickcheck.internal.generator.CorePropertyParameterTest.primeSeed(CorePropertyParameterTest.java:109)
[MockitoHint] 2. Unused -> at com.pholser.junit.quickcheck.internal.generator.CorePropertyParameterTest.primeTrials(CorePropertyParameterTest.java:103)

[INFO] Tests run: 2, Failures: 0, Errors: 0, Skipped: 0, Time elapsed: 0.083 s - in com.pholser.junit.quickcheck.internal.generator.ExplicitGroupOfGeneratorsChosenWithEqualProbabilityTest
[INFO] Running com.pholser.junit.quickcheck.internal.generator.ExplicitGroupOfGeneratorsChosenWithDiscreteProbabilityTest
[MockitoHint] ExplicitGroupOfGeneratorsChosenWithDiscreteProbabilityTest.producesExpectedRandomValues (see javadoc for MockitoHint):
[MockitoHint] 1. Unused -> at com.pholser.junit.quickcheck.internal.generator.CorePropertyParameterTest.primeSeed(CorePropertyParameterTest.java:109)
[MockitoHint] 2. Unused -> at com.pholser.junit.quickcheck.internal.generator.CorePropertyParameterTest.primeTrials(CorePropertyParameterTest.java:103)

[MockitoHint] ExplicitGroupOfGeneratorsChosenWithDiscreteProbabilityTest.verifyInteractionWithRandomness (see javadoc for MockitoHint):
[MockitoHint] 1. Unused -> at com.pholser.junit.quickcheck.internal.generator.CorePropertyParameterTest.primeSeed(CorePropertyParameterTest.java:109)
[MockitoHint] 2. Unused -> at com.pholser.junit.quickcheck.internal.generator.CorePropertyParameterTest.primeTrials(CorePropertyParameterTest.java:103)

[INFO] Tests run: 2, Failures: 0, Errors: 0, Skipped: 0, Time elapsed: 0.088 s - in com.pholser.junit.quickcheck.internal.generator.ExplicitGroupOfGeneratorsChosenWithDiscreteProbabilityTest
[INFO] Running com.pholser.junit.quickcheck.internal.generator.RegisterGeneratorsByConventionTest
[INFO] Tests run: 4, Failures: 0, Errors: 0, Skipped: 0, Time elapsed: 0.018 s - in com.pholser.junit.quickcheck.internal.generator.RegisterGeneratorsByConventionTest
[INFO] Running com.pholser.junit.quickcheck.internal.generator.MissingGeneratorForGivenTypeTest
[INFO] Tests run: 1, Failures: 0, Errors: 0, Skipped: 0, Time elapsed: 0 s - in com.pholser.junit.quickcheck.internal.generator.MissingGeneratorForGivenTypeTest
[INFO] Running com.pholser.junit.quickcheck.internal.generator.RegisteringGeneratorsWithServiceLoaderTest
[WARNING] Tests run: 2, Failures: 0, Errors: 0, Skipped: 1, Time elapsed: 0.015 s - in com.pholser.junit.quickcheck.internal.generator.RegisteringGeneratorsWithServiceLoaderTest
[INFO] Running com.pholser.junit.quickcheck.internal.generator.PropertyParameterGenerationContextTest
[INFO] Tests run: 1, Failures: 0, Errors: 0, Skipped: 0, Time elapsed: 0.032 s - in com.pholser.junit.quickcheck.internal.generator.PropertyParameterGenerationContextTest
[INFO] Running com.pholser.junit.quickcheck.internal.generator.ConstrainingWhatGeneratorsCanAcceptCertainComponentsTest
[WARNING] Tests run: 7, Failures: 0, Errors: 0, Skipped: 1, Time elapsed: 0.136 s - in com.pholser.junit.quickcheck.internal.generator.ConstrainingWhatGeneratorsCanAcceptCertainComponentsTest
[INFO] Running com.pholser.junit.quickcheck.internal.generator.CompositeGeneratorTest
[MockitoHint] CompositeGeneratorTest.capabilityOfShrinkingDependsOnComponents (see javadoc for MockitoHint):
[MockitoHint] 1. Unused -> at com.pholser.junit.quickcheck.internal.generator.CompositeGeneratorTest.capabilityOfShrinkingDependsOnComponents(CompositeGeneratorTest.java:67)
[MockitoHint] 2. Unused -> at com.pholser.junit.quickcheck.internal.generator.CompositeGeneratorTest.capabilityOfShrinkingDependsOnComponents(CompositeGeneratorTest.java:68)

[ERROR] Tests run: 3, Failures: 1, Errors: 0, Skipped: 0, Time elapsed: 1.717 s <<< FAILURE! - in com.pholser.junit.quickcheck.internal.generator.CompositeGeneratorTest
[ERROR] com.pholser.junit.quickcheck.internal.generator.CompositeGeneratorTest.shrinkingChoosesAComponentCapableOfShrinkingTheValue  Time elapsed: 0.14 s  <<< FAILURE!
java.lang.AssertionError: expected:<[3, 6]> but was:<[]>
	at org.junit.Assert.fail(Assert.java:89)
	at org.junit.Assert.failNotEquals(Assert.java:835)
	at org.junit.Assert.assertEquals(Assert.java:120)
	at org.junit.Assert.assertEquals(Assert.java:146)
	at com.pholser.junit.quickcheck.internal.generator.CompositeGeneratorTest.shrinkingChoosesAComponentCapableOfShrinkingTheValue(CompositeGeneratorTest.java:90)
	at java.base/jdk.internal.reflect.NativeMethodAccessorImpl.invoke0(Native Method)
	at java.base/jdk.internal.reflect.NativeMethodAccessorImpl.invoke(NativeMethodAccessorImpl.java:62)
	at java.base/jdk.internal.reflect.DelegatingMethodAccessorImpl.invoke(DelegatingMethodAccessorImpl.java:43)
	at java.base/java.lang.reflect.Method.invoke(Method.java:566)
	at org.junit.runners.model.FrameworkMethod$1.runReflectiveCall(FrameworkMethod.java:59)
	at org.junit.internal.runners.model.ReflectiveCallable.run(ReflectiveCallable.java:12)
	at org.junit.runners.model.FrameworkMethod.invokeExplosively(FrameworkMethod.java:56)
	at org.junit.internal.runners.statements.InvokeMethod.evaluate(InvokeMethod.java:17)
	at org.junit.internal.runners.statements.RunBefores.evaluate(RunBefores.java:26)
	at org.mockito.internal.junit.JUnitSessionStore$1.evaluateSafely(JUnitSessionStore.java:55)
	at org.mockito.internal.junit.JUnitSessionStore$1.evaluate(JUnitSessionStore.java:43)
	at org.junit.runners.ParentRunner$3.evaluate(ParentRunner.java:306)
	at org.junit.runners.BlockJUnit4ClassRunner$1.evaluate(BlockJUnit4ClassRunner.java:100)
	at org.junit.runners.ParentRunner.runLeaf(ParentRunner.java:366)
	at org.junit.runners.BlockJUnit4ClassRunner.runChild(BlockJUnit4ClassRunner.java:103)
	at org.junit.runners.BlockJUnit4ClassRunner.runChild(BlockJUnit4ClassRunner.java:63)
	at org.junit.runners.ParentRunner$4.run(ParentRunner.java:331)
	at org.junit.runners.ParentRunner$1.schedule(ParentRunner.java:79)
	at org.junit.runners.ParentRunner.runChildren(ParentRunner.java:329)
	at org.junit.runners.ParentRunner.access$100(ParentRunner.java:66)
	at org.junit.runners.ParentRunner$2.evaluate(ParentRunner.java:293)
	at org.junit.runners.ParentRunner$3.evaluate(ParentRunner.java:306)
	at org.junit.runners.ParentRunner.run(ParentRunner.java:413)
	at org.junit.runners.Suite.runChild(Suite.java:128)
	at org.junit.runners.Suite.runChild(Suite.java:27)
	at org.junit.runners.ParentRunner$4.run(ParentRunner.java:331)
	at org.junit.runners.ParentRunner$1.schedule(ParentRunner.java:79)
	at org.junit.runners.ParentRunner.runChildren(ParentRunner.java:329)
	at org.junit.runners.ParentRunner.access$100(ParentRunner.java:66)
	at org.junit.runners.ParentRunner$2.evaluate(ParentRunner.java:293)
	at org.junit.runners.ParentRunner$3.evaluate(ParentRunner.java:306)
	at org.junit.runners.ParentRunner.run(ParentRunner.java:413)
	at org.apache.maven.surefire.junitcore.JUnitCore.run(JUnitCore.java:49)
	at org.apache.maven.surefire.junitcore.JUnitCoreWrapper.createRequestAndRun(JUnitCoreWrapper.java:120)
	at org.apache.maven.surefire.junitcore.JUnitCoreWrapper.executeEager(JUnitCoreWrapper.java:95)
	at org.apache.maven.surefire.junitcore.JUnitCoreWrapper.execute(JUnitCoreWrapper.java:75)
	at org.apache.maven.surefire.junitcore.JUnitCoreWrapper.execute(JUnitCoreWrapper.java:69)
	at org.apache.maven.surefire.junitcore.JUnitCoreProvider.invoke(JUnitCoreProvider.java:146)
	at org.apache.maven.surefire.booter.ForkedBooter.runSuitesInProcess(ForkedBooter.java:385)
	at org.apache.maven.surefire.booter.ForkedBooter.execute(ForkedBooter.java:162)
	at org.apache.maven.surefire.booter.ForkedBooter.run(ForkedBooter.java:507)
	at org.apache.maven.surefire.booter.ForkedBooter.main(ForkedBooter.java:495)

[INFO] Running com.pholser.junit.quickcheck.internal.generator.EnumGeneratorTest
[INFO] Tests run: 3, Failures: 0, Errors: 0, Skipped: 0, Time elapsed: 0.021 s - in com.pholser.junit.quickcheck.internal.generator.EnumGeneratorTest
[INFO] Running com.pholser.junit.quickcheck.internal.constraint.ConstraintEvaluatorTest
[INFO] Tests run: 5, Failures: 0, Errors: 0, Skipped: 0, Time elapsed: 0.043 s - in com.pholser.junit.quickcheck.internal.constraint.ConstraintEvaluatorTest
[INFO] Running com.pholser.junit.quickcheck.internal.ItemsUtilityClassTest
[INFO] Tests run: 1, Failures: 0, Errors: 0, Skipped: 0, Time elapsed: 0 s - in com.pholser.junit.quickcheck.internal.ItemsUtilityClassTest
[INFO] Running com.pholser.junit.quickcheck.internal.ComparablesUtilityClassTest
[INFO] Tests run: 1, Failures: 0, Errors: 0, Skipped: 0, Time elapsed: 0.012 s - in com.pholser.junit.quickcheck.internal.ComparablesUtilityClassTest
[INFO] Running com.pholser.junit.quickcheck.internal.FakeAnnotatedTypeFactoryUtilityClassTest
[INFO] Tests run: 1, Failures: 0, Errors: 0, Skipped: 0, Time elapsed: 0 s - in com.pholser.junit.quickcheck.internal.FakeAnnotatedTypeFactoryUtilityClassTest
[INFO] Running com.pholser.junit.quickcheck.internal.ReflectionTest
[INFO] Tests run: 51, Failures: 0, Errors: 0, Skipped: 0, Time elapsed: 0.198 s - in com.pholser.junit.quickcheck.internal.ReflectionTest
[INFO] Running com.pholser.junit.quickcheck.internal.ComparablesTest
[INFO] Tests run: 19, Failures: 0, Errors: 0, Skipped: 0, Time elapsed: 0.014 s - in com.pholser.junit.quickcheck.internal.ComparablesTest
[INFO] Running com.pholser.junit.quickcheck.internal.ReflectionUtilityClassTest
[INFO] Tests run: 1, Failures: 0, Errors: 0, Skipped: 0, Time elapsed: 0 s - in com.pholser.junit.quickcheck.internal.ReflectionUtilityClassTest
[INFO] Running com.pholser.junit.quickcheck.MapFlatMapTest
[INFO] Tests run: 2, Failures: 0, Errors: 0, Skipped: 0, Time elapsed: 0.037 s - in com.pholser.junit.quickcheck.MapFlatMapTest
[INFO] Running com.pholser.junit.quickcheck.PairTest
[INFO] Tests run: 2, Failures: 0, Errors: 0, Skipped: 0, Time elapsed: 0.241 s - in com.pholser.junit.quickcheck.PairTest
[INFO] Running com.pholser.junit.quickcheck.PropertyTupleSampleSizeTest
[INFO] Tests run: 3, Failures: 0, Errors: 0, Skipped: 0, Time elapsed: 0.124 s - in com.pholser.junit.quickcheck.PropertyTupleSampleSizeTest
[INFO] Running com.pholser.junit.quickcheck.FilterTest
[INFO] Tests run: 2, Failures: 0, Errors: 0, Skipped: 0, Time elapsed: 0 s - in com.pholser.junit.quickcheck.FilterTest
[INFO] Running com.pholser.junit.quickcheck.GenericArrayPropertyParameterTypesTest
[]
[com.pholser.junit.quickcheck.internal.Zilch@12139db0]
[com.pholser.junit.quickcheck.internal.Zilch@12139db0, Foo[-64398349], com.pholser.junit.quickcheck.internal.Zilch@12139db0, com.pholser.junit.quickcheck.internal.Zilch@12139db0]
[Foo[-981886207]]
[com.pholser.junit.quickcheck.internal.Zilch@12139db0]
[INFO] Tests run: 9, Failures: 0, Errors: 0, Skipped: 0, Time elapsed: 0.15 s - in com.pholser.junit.quickcheck.GenericArrayPropertyParameterTypesTest
[INFO] Running com.pholser.junit.quickcheck.PropertyParameterDiscardRatioTest
[INFO] Tests run: 3, Failures: 0, Errors: 0, Skipped: 0, Time elapsed: 0.067 s - in com.pholser.junit.quickcheck.PropertyParameterDiscardRatioTest
[INFO] Running com.pholser.junit.quickcheck.ExhaustingAGivenSetTest
[INFO] Tests run: 26, Failures: 0, Errors: 0, Skipped: 0, Time elapsed: 1.373 s - in com.pholser.junit.quickcheck.ExhaustingAGivenSetTest
[INFO] Running com.pholser.junit.quickcheck.PropertyExhaustiveSampleSizeTest
[INFO] Tests run: 3, Failures: 0, Errors: 0, Skipped: 0, Time elapsed: 0.02 s - in com.pholser.junit.quickcheck.PropertyExhaustiveSampleSizeTest
[INFO] Running com.pholser.junit.quickcheck.EnumPropertyParameterTypesTest
[INFO] Tests run: 2, Failures: 0, Errors: 0, Skipped: 0, Time elapsed: 0.181 s - in com.pholser.junit.quickcheck.EnumPropertyParameterTypesTest
[INFO] Running com.pholser.junit.quickcheck.runner.PropertyFalsifiedUtilityClassTest
[INFO] Tests run: 7, Failures: 0, Errors: 0, Skipped: 0, Time elapsed: 0.043 s - in com.pholser.junit.quickcheck.runner.PropertyFalsifiedUtilityClassTest
[INFO] Running com.pholser.junit.quickcheck.FooEqualsHashCodeTest
[WARNING] Tests run: 9, Failures: 0, Errors: 0, Skipped: 4, Time elapsed: 0.279 s - in com.pholser.junit.quickcheck.FooEqualsHashCodeTest
[INFO] Running com.pholser.junit.quickcheck.generator.SizeConstrainedPrimitiveIntegerArrayPropertyParameterTest
[MockitoHint] SizeConstrainedPrimitiveIntegerArrayPropertyParameterTest.producesExpectedRandomValues (see javadoc for MockitoHint):
[MockitoHint] 1. Unused -> at com.pholser.junit.quickcheck.internal.generator.CorePropertyParameterTest.primeSeed(CorePropertyParameterTest.java:109)
[MockitoHint] 2. Unused -> at com.pholser.junit.quickcheck.internal.generator.CorePropertyParameterTest.primeTrials(CorePropertyParameterTest.java:103)

[MockitoHint] SizeConstrainedPrimitiveIntegerArrayPropertyParameterTest.verifyInteractionWithRandomness (see javadoc for MockitoHint):
[MockitoHint] 1. Unused -> at com.pholser.junit.quickcheck.internal.generator.CorePropertyParameterTest.primeSeed(CorePropertyParameterTest.java:109)
[MockitoHint] 2. Unused -> at com.pholser.junit.quickcheck.internal.generator.CorePropertyParameterTest.primeTrials(CorePropertyParameterTest.java:103)

[INFO] Tests run: 2, Failures: 0, Errors: 0, Skipped: 0, Time elapsed: 0.009 s - in com.pholser.junit.quickcheck.generator.SizeConstrainedPrimitiveIntegerArrayPropertyParameterTest
[INFO] Running com.pholser.junit.quickcheck.generator.LambdasUtilityClassTest
[INFO] Tests run: 1, Failures: 0, Errors: 0, Skipped: 0, Time elapsed: 0.009 s - in com.pholser.junit.quickcheck.generator.LambdasUtilityClassTest
[INFO] Running com.pholser.junit.quickcheck.generator.ThreeDCharArrayPropertyParameterTest
[MockitoHint] ThreeDCharArrayPropertyParameterTest.producesExpectedRandomValues (see javadoc for MockitoHint):
[MockitoHint] 1. Unused -> at com.pholser.junit.quickcheck.internal.generator.CorePropertyParameterTest.primeSeed(CorePropertyParameterTest.java:109)
[MockitoHint] 2. Unused -> at com.pholser.junit.quickcheck.internal.generator.CorePropertyParameterTest.primeTrials(CorePropertyParameterTest.java:103)

[MockitoHint] ThreeDCharArrayPropertyParameterTest.verifyInteractionWithRandomness (see javadoc for MockitoHint):
[MockitoHint] 1. Unused -> at com.pholser.junit.quickcheck.internal.generator.CorePropertyParameterTest.primeSeed(CorePropertyParameterTest.java:109)
[MockitoHint] 2. Unused -> at com.pholser.junit.quickcheck.internal.generator.CorePropertyParameterTest.primeTrials(CorePropertyParameterTest.java:103)

[INFO] Tests run: 2, Failures: 0, Errors: 0, Skipped: 0, Time elapsed: 0.079 s - in com.pholser.junit.quickcheck.generator.ThreeDCharArrayPropertyParameterTest
[INFO] Running com.pholser.junit.quickcheck.generator.PropertyParameterGenerationStatusTest
[INFO] Tests run: 1, Failures: 0, Errors: 0, Skipped: 0, Time elapsed: 0 s - in com.pholser.junit.quickcheck.generator.PropertyParameterGenerationStatusTest
[INFO] Running com.pholser.junit.quickcheck.generator.GenerationStatusOnPropertyParametersTest
[INFO] Tests run: 6, Failures: 0, Errors: 0, Skipped: 0, Time elapsed: 0.101 s - in com.pholser.junit.quickcheck.generator.GenerationStatusOnPropertyParametersTest
[INFO] Running com.pholser.junit.quickcheck.generator.LambdasTest
[INFO] Tests run: 5, Failures: 0, Errors: 0, Skipped: 0, Time elapsed: 0.099 s - in com.pholser.junit.quickcheck.generator.LambdasTest
[INFO] Running com.pholser.junit.quickcheck.generator.GenOneOfTest
[INFO] Tests run: 2, Failures: 0, Errors: 0, Skipped: 0, Time elapsed: 0.097 s - in com.pholser.junit.quickcheck.generator.GenOneOfTest
[INFO] Running com.pholser.junit.quickcheck.generator.PrimitiveIntegerArrayPropertyParameterTest
[MockitoHint] PrimitiveIntegerArrayPropertyParameterTest.producesExpectedRandomValues (see javadoc for MockitoHint):
[MockitoHint] 1. Unused -> at com.pholser.junit.quickcheck.internal.generator.CorePropertyParameterTest.primeSeed(CorePropertyParameterTest.java:109)
[MockitoHint] 2. Unused -> at com.pholser.junit.quickcheck.internal.generator.CorePropertyParameterTest.primeTrials(CorePropertyParameterTest.java:103)

[MockitoHint] PrimitiveIntegerArrayPropertyParameterTest.verifyInteractionWithRandomness (see javadoc for MockitoHint):
[MockitoHint] 1. Unused -> at com.pholser.junit.quickcheck.internal.generator.CorePropertyParameterTest.primeSeed(CorePropertyParameterTest.java:109)
[MockitoHint] 2. Unused -> at com.pholser.junit.quickcheck.internal.generator.CorePropertyParameterTest.primeTrials(CorePropertyParameterTest.java:103)

[INFO] Tests run: 2, Failures: 0, Errors: 0, Skipped: 0, Time elapsed: 0.134 s - in com.pholser.junit.quickcheck.generator.PrimitiveIntegerArrayPropertyParameterTest
[INFO] Running com.pholser.junit.quickcheck.generator.GenFrequencyTest
[INFO] Tests run: 1, Failures: 0, Errors: 0, Skipped: 0, Time elapsed: 0.007 s - in com.pholser.junit.quickcheck.generator.GenFrequencyTest
[INFO] Running com.pholser.junit.quickcheck.PropertiesWithExplicitGeneratorsTest
[INFO] Tests run: 26, Failures: 0, Errors: 0, Skipped: 0, Time elapsed: 1.104 s - in com.pholser.junit.quickcheck.PropertiesWithExplicitGeneratorsTest
[INFO] Running com.pholser.junit.quickcheck.PropertyParameterGenerationByFieldsTest
[INFO] Tests run: 10, Failures: 0, Errors: 0, Skipped: 0, Time elapsed: 0.368 s - in com.pholser.junit.quickcheck.PropertyParameterGenerationByFieldsTest
[INFO] Running com.pholser.junit.quickcheck.PropertyParameterGenerationByConstructorTest
[INFO] Tests run: 9, Failures: 0, Errors: 0, Skipped: 0, Time elapsed: 0.27 s - in com.pholser.junit.quickcheck.PropertyParameterGenerationByConstructorTest
[INFO] Running com.pholser.junit.quickcheck.UsualJUnitMachineryOnSubclassPropertyTest
[INFO] Tests run: 1, Failures: 0, Errors: 0, Skipped: 0, Time elapsed: 0.285 s - in com.pholser.junit.quickcheck.UsualJUnitMachineryOnSubclassPropertyTest
[INFO] Running com.pholser.junit.quickcheck.ExhaustingAGivenSetButIncludingAnotherTest
[INFO] Tests run: 24, Failures: 0, Errors: 0, Skipped: 0, Time elapsed: 1.871 s - in com.pholser.junit.quickcheck.ExhaustingAGivenSetButIncludingAnotherTest
[INFO] Running com.pholser.junit.quickcheck.UsualJUnitMachineryOnPropertyBasedTest
[INFO] Tests run: 1, Failures: 0, Errors: 0, Skipped: 0, Time elapsed: 0.076 s - in com.pholser.junit.quickcheck.UsualJUnitMachineryOnPropertyBasedTest
[INFO] Running com.pholser.junit.quickcheck.ResolvingGenericPropertyParameterTypesTest
[INFO] Tests run: 4, Failures: 0, Errors: 0, Skipped: 0, Time elapsed: 0.552 s - in com.pholser.junit.quickcheck.ResolvingGenericPropertyParameterTypesTest
[INFO] Running com.pholser.junit.quickcheck.PropertyParameterMarkedWithSuperfluousConfigurationTest
[INFO] Tests run: 3, Failures: 0, Errors: 0, Skipped: 0, Time elapsed: 0.065 s - in com.pholser.junit.quickcheck.PropertyParameterMarkedWithSuperfluousConfigurationTest
[INFO] Running com.pholser.junit.quickcheck.LambdaPropertyParameterTypesTest
[INFO] Tests run: 1, Failures: 0, Errors: 0, Skipped: 0, Time elapsed: 4.058 s - in com.pholser.junit.quickcheck.LambdaPropertyParameterTypesTest
[INFO] Running com.pholser.junit.quickcheck.ComponentizedGeneratorsIsolateConfigurationFromComponentsTest
[INFO] Tests run: 1, Failures: 0, Errors: 0, Skipped: 0, Time elapsed: 0.038 s - in com.pholser.junit.quickcheck.ComponentizedGeneratorsIsolateConfigurationFromComponentsTest
[INFO] Running com.pholser.junit.quickcheck.MarkingTypeUsesOnPropertyParametersWithConfigurationTest
[INFO] Tests run: 5, Failures: 0, Errors: 0, Skipped: 0, Time elapsed: 0.146 s - in com.pholser.junit.quickcheck.MarkingTypeUsesOnPropertyParametersWithConfigurationTest
[INFO] Running com.pholser.junit.quickcheck.MinimalCounterexampleHookTest
[INFO] Tests run: 5, Failures: 0, Errors: 0, Skipped: 0, Time elapsed: 0.13 s - in com.pholser.junit.quickcheck.MinimalCounterexampleHookTest
[INFO] Running com.pholser.junit.quickcheck.UsualJUnitMachineryOnTraitBasedPropertyTest
[INFO] Tests run: 1, Failures: 0, Errors: 0, Skipped: 0, Time elapsed: 0.327 s - in com.pholser.junit.quickcheck.UsualJUnitMachineryOnTraitBasedPropertyTest
[INFO] Running com.pholser.junit.quickcheck.random.GeneratingRandomValuesFromJavaUtilRandomCloneTest
[INFO] Tests run: 8, Failures: 0, Errors: 0, Skipped: 0, Time elapsed: 0.051 s - in com.pholser.junit.quickcheck.random.GeneratingRandomValuesFromJavaUtilRandomCloneTest
[INFO] Running com.pholser.junit.quickcheck.random.GeneratingRandomValuesTest
[INFO] Tests run: 38, Failures: 0, Errors: 0, Skipped: 0, Time elapsed: 0.01 s - in com.pholser.junit.quickcheck.random.GeneratingRandomValuesTest
[INFO] Running com.pholser.junit.quickcheck.random.other.AccessingJDKRandomDelegateTest
[INFO] Tests run: 1, Failures: 0, Errors: 0, Skipped: 0, Time elapsed: 0 s - in com.pholser.junit.quickcheck.random.other.AccessingJDKRandomDelegateTest
[INFO] Running com.pholser.junit.quickcheck.GeneratorTest
[INFO] Tests run: 3, Failures: 0, Errors: 0, Skipped: 0, Time elapsed: 0 s - in com.pholser.junit.quickcheck.GeneratorTest
[INFO] Running com.pholser.junit.quickcheck.SamplingOnlyFromAGivenSetTest
[INFO] Tests run: 25, Failures: 0, Errors: 0, Skipped: 0, Time elapsed: 0.494 s - in com.pholser.junit.quickcheck.SamplingOnlyFromAGivenSetTest
[INFO] Running com.pholser.junit.quickcheck.SamplingButAlsoIncludingAGivenSetTest
[INFO] Tests run: 24, Failures: 0, Errors: 0, Skipped: 0, Time elapsed: 0.466 s - in com.pholser.junit.quickcheck.SamplingButAlsoIncludingAGivenSetTest
[INFO] 
[INFO] Results:
[INFO] 
[ERROR] Failures: 
[ERROR]   CompositeGeneratorTest.shrinkingChoosesAComponentCapableOfShrinkingTheValue:90 expected:<[3, 6]> but was:<[]>
[INFO] 
[ERROR] Tests run: 510, Failures: 1, Errors: 0, Skipped: 18
[INFO] 
[INFO] ------------------------------------------------------------------------
[INFO] Reactor Summary for junit-quickcheck 1.1-SNAPSHOT:
[INFO] 
[INFO] junit-quickcheck ................................... SUCCESS [  3.742 s]
[INFO] junit-quickcheck-core .............................. FAILURE [01:29 min]
[INFO] junit-quickcheck-generators ........................ SKIPPED
[INFO] junit-quickcheck-guava ............................. SKIPPED
[INFO] junit-quickcheck-examples .......................... SKIPPED
[INFO] ------------------------------------------------------------------------
[INFO] BUILD FAILURE
[INFO] ------------------------------------------------------------------------
[INFO] Total time:  01:34 min
[INFO] Finished at: 2025-10-01T10:08:03Z
[INFO] ------------------------------------------------------------------------
[WARNING] 
[WARNING] Plugin validation issues were detected in 4 plugin(s)
[WARNING] 
[WARNING]  * org.apache.maven.plugins:maven-pmd-plugin:3.21.0
[WARNING]  * org.jacoco:jacoco-maven-plugin:0.8.8
[WARNING]  * org.apache.maven.plugins:maven-enforcer-plugin:1.2
[WARNING]  * org.apache.maven.plugins:maven-resources-plugin:3.3.0
[WARNING] 
[WARNING] For more or less details, use 'maven.plugin.validation' property with one of the values (case insensitive): [BRIEF, DEFAULT, VERBOSE]
[WARNING] 
[ERROR] Failed to execute goal org.apache.maven.plugins:maven-surefire-plugin:3.1.0:test (default-test) on project junit-quickcheck-core: There are test failures.
[ERROR] 
[ERROR] Please refer to /junit-quickcheck/core/target/surefire-reports for the individual test results.
[ERROR] Please refer to dump files (if any exist) [date].dump, [date]-jvmRun[N].dump and [date].dumpstream.
[ERROR] -> [Help 1]
[ERROR] 
[ERROR] To see the full stack trace of the errors, re-run Maven with the -e switch.
[ERROR] Re-run Maven using the -X switch to enable full debug logging.
[ERROR] 
[ERROR] For more information about the errors and possible solutions, please read the following articles:
[ERROR] [Help 1] http://cwiki.apache.org/confluence/display/MAVEN/MojoFailureException
[ERROR] 
[ERROR] After correcting the problems, you can resume the build with the command
[ERROR]   mvn <args> -rf :junit-quickcheck-core
