[INFO] Scanning for projects...
[INFO] ------------------------------------------------------------------------
[INFO] Reactor Build Order:
[INFO] 
[INFO] messaging-services                                                 [pom]
[INFO] core                                                               [jar]
[INFO] messaging                                                          [jar]
[INFO] clearinghouse                                                      [jar]
[INFO] broker                                                             [jar]
[INFO] vocol                                                              [jar]
[INFO] paris                                                              [jar]
[INFO] appstore                                                           [jar]
[INFO] 
[INFO] ------------------< ids.messaging:messaging-services >------------------
[INFO] Building messaging-services 7.0.1                                  [1/8]
[INFO]   from pom.xml
[INFO] --------------------------------[ pom ]---------------------------------
[INFO] Downloading from sovity-public: https://pkgs.dev.azure.com/sovity/5bec6cbd-c80a-47ac-86ce-1deb26cee853/_packaging/artifact/maven/v1/de/fraunhofer/iais/eis/infomodel/util/5.0.0-SNAPSHOT/maven-metadata.xml
[INFO] Downloading from eis-ids-public: https://maven.iais.fraunhofer.de/artifactory/eis-ids-public/de/fraunhofer/iais/eis/infomodel/util/5.0.0-SNAPSHOT/maven-metadata.xml
[WARNING] Could not transfer metadata de.fraunhofer.iais.eis.infomodel:util:5.0.0-SNAPSHOT/maven-metadata.xml from/to eis-ids-public (https://maven.iais.fraunhofer.de/artifactory/eis-ids-public): maven.iais.fraunhofer.de: Name does not resolve
[WARNING] de.fraunhofer.iais.eis.infomodel:util:5.0.0-SNAPSHOT/maven-metadata.xml failed to transfer from https://maven.iais.fraunhofer.de/artifactory/eis-ids-public during a previous attempt. This failure was cached in the local repository and resolution will not be reattempted until the update interval of eis-ids-public has elapsed or updates are forced. Original error: Could not transfer metadata de.fraunhofer.iais.eis.infomodel:util:5.0.0-SNAPSHOT/maven-metadata.xml from/to eis-ids-public (https://maven.iais.fraunhofer.de/artifactory/eis-ids-public): maven.iais.fraunhofer.de: Name does not resolve
[INFO] 
[INFO] --- clean:3.2.0:clean (default-clean) @ messaging-services ---
[INFO] 
[INFO] --- flatten:1.3.0:clean (flatten.clean) @ messaging-services ---
[INFO] Deleting /IDS-Messaging-Services/.flattened-pom.xml
[INFO] 
[INFO] --- flatten:1.3.0:flatten (flatten) @ messaging-services ---
[INFO] Generating flattened POM of project ids.messaging:messaging-services:pom:7.0.1...
[INFO] 
[INFO] -------------------------< ids.messaging:core >-------------------------
[INFO] Building core 7.0.1                                                [2/8]
[INFO]   from core/pom.xml
[INFO] --------------------------------[ jar ]---------------------------------
[INFO] 
[INFO] --- clean:3.2.0:clean (default-clean) @ core ---
[INFO] Deleting /IDS-Messaging-Services/core/target
[INFO] 
[INFO] --- flatten:1.3.0:clean (flatten.clean) @ core ---
[INFO] Deleting /IDS-Messaging-Services/core/.flattened-pom.xml
[INFO] 
[INFO] --- resources:3.3.0:resources (default-resources) @ core ---
[INFO] skip non existing resourceDirectory /IDS-Messaging-Services/core/src/main/resources
[INFO] 
[INFO] --- flatten:1.3.0:flatten (flatten) @ core ---
[INFO] Generating flattened POM of project ids.messaging:core:jar:7.0.1...
[INFO] 
[INFO] --- compiler:3.10.1:compile (default-compile) @ core ---
[INFO] Changes detected - recompiling the module!
[INFO] Compiling 29 source files to /IDS-Messaging-Services/core/target/classes
[INFO] /IDS-Messaging-Services/core/src/main/java/ids/messaging/core/config/ConfigProducer.java: /IDS-Messaging-Services/core/src/main/java/ids/messaging/core/config/ConfigProducer.java uses or overrides a deprecated API.
[INFO] /IDS-Messaging-Services/core/src/main/java/ids/messaging/core/config/ConfigProducer.java: Recompile with -Xlint:deprecation for details.
[INFO] 
[INFO] --- resources:3.3.0:testResources (default-testResources) @ core ---
[INFO] Copying 4 resources
[INFO] 
[INFO] --- compiler:3.10.1:testCompile (default-testCompile) @ core ---
[INFO] Changes detected - recompiling the module!
[INFO] Compiling 6 source files to /IDS-Messaging-Services/core/target/test-classes
[INFO] /IDS-Messaging-Services/core/src/test/java/ids/messaging/core/config/PreConfigInterceptor.java: /IDS-Messaging-Services/core/src/test/java/ids/messaging/core/config/PreConfigInterceptor.java uses or overrides a deprecated API.
[INFO] /IDS-Messaging-Services/core/src/test/java/ids/messaging/core/config/PreConfigInterceptor.java: Recompile with -Xlint:deprecation for details.
[INFO] 
[INFO] --- surefire:2.22.2:test (default-test) @ core ---
[INFO] 
[INFO] -------------------------------------------------------
[INFO]  T E S T S
[INFO] -------------------------------------------------------
[INFO] Running ids.messaging.core.config.ConfigProducerTest
12:03:24.219 [main] DEBUG org.springframework.test.context.BootstrapUtils - Instantiating CacheAwareContextLoaderDelegate from class [org.springframework.test.context.cache.DefaultCacheAwareContextLoaderDelegate]
12:03:24.226 [main] DEBUG org.springframework.test.context.BootstrapUtils - Instantiating BootstrapContext using constructor [public org.springframework.test.context.support.DefaultBootstrapContext(java.lang.Class,org.springframework.test.context.CacheAwareContextLoaderDelegate)]
12:03:24.265 [main] DEBUG org.springframework.test.context.BootstrapUtils - Instantiating TestContextBootstrapper for test class [ids.messaging.core.config.ConfigProducerTest] from class [org.springframework.boot.test.context.SpringBootTestContextBootstrapper]
12:03:24.278 [main] INFO org.springframework.boot.test.context.SpringBootTestContextBootstrapper - Neither @ContextConfiguration nor @ContextHierarchy found for test class [ids.messaging.core.config.ConfigProducerTest], using SpringBootContextLoader
12:03:24.282 [main] DEBUG org.springframework.test.context.support.AbstractContextLoader - Did not detect default resource location for test class [ids.messaging.core.config.ConfigProducerTest]: class path resource [ids/messaging/core/config/ConfigProducerTest-context.xml] does not exist
12:03:24.282 [main] DEBUG org.springframework.test.context.support.AbstractContextLoader - Did not detect default resource location for test class [ids.messaging.core.config.ConfigProducerTest]: class path resource [ids/messaging/core/config/ConfigProducerTestContext.groovy] does not exist
12:03:24.283 [main] INFO org.springframework.test.context.support.AbstractContextLoader - Could not detect default resource locations for test class [ids.messaging.core.config.ConfigProducerTest]: no resource found for suffixes {-context.xml, Context.groovy}.
12:03:24.330 [main] DEBUG org.springframework.test.context.support.ActiveProfilesUtils - Could not find an 'annotation declaring class' for annotation type [org.springframework.test.context.ActiveProfiles] and class [ids.messaging.core.config.ConfigProducerTest]
12:03:24.432 [main] DEBUG org.springframework.boot.test.context.SpringBootTestContextBootstrapper - @TestExecutionListeners is not present for class [ids.messaging.core.config.ConfigProducerTest]: using defaults.
12:03:24.433 [main] INFO org.springframework.boot.test.context.SpringBootTestContextBootstrapper - Loaded default TestExecutionListener class names from location [META-INF/spring.factories]: [org.springframework.boot.test.mock.mockito.MockitoTestExecutionListener, org.springframework.boot.test.mock.mockito.ResetMocksTestExecutionListener, org.springframework.boot.test.autoconfigure.restdocs.RestDocsTestExecutionListener, org.springframework.boot.test.autoconfigure.web.client.MockRestServiceServerResetTestExecutionListener, org.springframework.boot.test.autoconfigure.web.servlet.MockMvcPrintOnlyOnFailureTestExecutionListener, org.springframework.boot.test.autoconfigure.web.servlet.WebDriverTestExecutionListener, org.springframework.boot.test.autoconfigure.webservices.client.MockWebServiceServerTestExecutionListener, org.springframework.test.context.web.ServletTestExecutionListener, org.springframework.test.context.support.DirtiesContextBeforeModesTestExecutionListener, org.springframework.test.context.event.ApplicationEventsTestExecutionListener, org.springframework.test.context.support.DependencyInjectionTestExecutionListener, org.springframework.test.context.support.DirtiesContextTestExecutionListener, org.springframework.test.context.transaction.TransactionalTestExecutionListener, org.springframework.test.context.jdbc.SqlScriptsTestExecutionListener, org.springframework.test.context.event.EventPublishingTestExecutionListener]
12:03:24.443 [main] DEBUG org.springframework.boot.test.context.SpringBootTestContextBootstrapper - Skipping candidate TestExecutionListener [org.springframework.test.context.web.ServletTestExecutionListener] due to a missing dependency. Specify custom listener classes or make the default listener classes and their required dependencies available. Offending class: [org/springframework/web/context/request/RequestAttributes]
12:03:24.445 [main] DEBUG org.springframework.boot.test.context.SpringBootTestContextBootstrapper - Skipping candidate TestExecutionListener [org.springframework.test.context.transaction.TransactionalTestExecutionListener] due to a missing dependency. Specify custom listener classes or make the default listener classes and their required dependencies available. Offending class: [org/springframework/transaction/TransactionDefinition]
12:03:24.446 [main] DEBUG org.springframework.boot.test.context.SpringBootTestContextBootstrapper - Skipping candidate TestExecutionListener [org.springframework.test.context.jdbc.SqlScriptsTestExecutionListener] due to a missing dependency. Specify custom listener classes or make the default listener classes and their required dependencies available. Offending class: [org/springframework/transaction/interceptor/TransactionAttribute]
12:03:24.446 [main] INFO org.springframework.boot.test.context.SpringBootTestContextBootstrapper - Using TestExecutionListeners: [org.springframework.test.context.support.DirtiesContextBeforeModesTestExecutionListener@7f36662c, org.springframework.test.context.event.ApplicationEventsTestExecutionListener@28e8dde3, org.springframework.boot.test.mock.mockito.MockitoTestExecutionListener@6d23017e, org.springframework.boot.test.autoconfigure.SpringBootDependencyInjectionTestExecutionListener@54dcfa5a, org.springframework.test.context.support.DirtiesContextTestExecutionListener@1817f1eb, org.springframework.test.context.event.EventPublishingTestExecutionListener@767e20cf, org.springframework.boot.test.mock.mockito.ResetMocksTestExecutionListener@3a3e78f, org.springframework.boot.test.autoconfigure.restdocs.RestDocsTestExecutionListener@301ec38b, org.springframework.boot.test.autoconfigure.web.client.MockRestServiceServerResetTestExecutionListener@17a1e4ca, org.springframework.boot.test.autoconfigure.web.servlet.MockMvcPrintOnlyOnFailureTestExecutionListener@10ded6a9, org.springframework.boot.test.autoconfigure.web.servlet.WebDriverTestExecutionListener@c5dc4a2, org.springframework.boot.test.autoconfigure.webservices.client.MockWebServiceServerTestExecutionListener@4a194c39]
12:03:24.449 [main] DEBUG org.springframework.test.context.support.AbstractDirtiesContextTestExecutionListener - Before test class: context [DefaultTestContext@53d102a2 testClass = ConfigProducerTest, testInstance = [null], testMethod = [null], testException = [null], mergedContextConfiguration = [MergedContextConfiguration@6c45ee6e testClass = ConfigProducerTest, locations = '{}', classes = '{class ids.messaging.core.config.TestSpringApp}', contextInitializerClasses = '[]', activeProfiles = '{}', propertySourceLocations = '{classpath:application.properties}', propertySourceProperties = '{org.springframework.boot.test.context.SpringBootTestContextBootstrapper=true}', contextCustomizers = set[org.springframework.boot.test.context.filter.ExcludeFilterContextCustomizer@93081b6, org.springframework.boot.test.json.DuplicateJsonObjectContextCustomizerFactory$DuplicateJsonObjectContextCustomizer@16c069df, org.springframework.boot.test.mock.mockito.MockitoContextCustomizer@0, org.springframework.boot.test.web.client.TestRestTemplateContextCustomizer@1df8b5b8, org.springframework.boot.test.autoconfigure.actuate.metrics.MetricsExportContextCustomizerFactory$DisableMetricExportContextCustomizer@2cb2fc20, org.springframework.boot.test.autoconfigure.properties.PropertyMappingContextCustomizer@0, org.springframework.boot.test.autoconfigure.web.servlet.WebDriverContextCustomizerFactory$Customizer@1cb346ea, org.springframework.boot.test.context.SpringBootTestArgs@1, org.springframework.boot.test.context.SpringBootTestWebEnvironment@35047d03], contextLoader = 'org.springframework.boot.test.context.SpringBootContextLoader', parent = [null]], attributes = map[[empty]]], class annotated with @DirtiesContext [false] with mode [null].
12:03:24.462 [main] DEBUG org.springframework.test.context.support.DependencyInjectionTestExecutionListener - Performing dependency injection for test context [[DefaultTestContext@53d102a2 testClass = ConfigProducerTest, testInstance = ids.messaging.core.config.ConfigProducerTest@3a393455, testMethod = [null], testException = [null], mergedContextConfiguration = [MergedContextConfiguration@6c45ee6e testClass = ConfigProducerTest, locations = '{}', classes = '{class ids.messaging.core.config.TestSpringApp}', contextInitializerClasses = '[]', activeProfiles = '{}', propertySourceLocations = '{classpath:application.properties}', propertySourceProperties = '{org.springframework.boot.test.context.SpringBootTestContextBootstrapper=true}', contextCustomizers = set[org.springframework.boot.test.context.filter.ExcludeFilterContextCustomizer@93081b6, org.springframework.boot.test.json.DuplicateJsonObjectContextCustomizerFactory$DuplicateJsonObjectContextCustomizer@16c069df, org.springframework.boot.test.mock.mockito.MockitoContextCustomizer@0, org.springframework.boot.test.web.client.TestRestTemplateContextCustomizer@1df8b5b8, org.springframework.boot.test.autoconfigure.actuate.metrics.MetricsExportContextCustomizerFactory$DisableMetricExportContextCustomizer@2cb2fc20, org.springframework.boot.test.autoconfigure.properties.PropertyMappingContextCustomizer@0, org.springframework.boot.test.autoconfigure.web.servlet.WebDriverContextCustomizerFactory$Customizer@1cb346ea, org.springframework.boot.test.context.SpringBootTestArgs@1, org.springframework.boot.test.context.SpringBootTestWebEnvironment@35047d03], contextLoader = 'org.springframework.boot.test.context.SpringBootContextLoader', parent = [null]], attributes = map['org.springframework.test.context.event.ApplicationEventsTestExecutionListener.recordApplicationEvents' -> false]]].

  .   ____          _            __ _ _
 /\\ / ___'_ __ _ _(_)_ __  __ _ \ \ \ \
( ( )\___ | '_ | '_| | '_ \/ _` | \ \ \ \
 \\/  ___)| |_)| | | | | || (_| |  ) ) ) )
  '  |____| .__|_| |_|_| |_\__, | / / / /
 =========|_|==============|___/=/_/_/_/
 :: Spring Boot ::                (v2.7.4)

2025-10-01 12:03:24.784  INFO 69 --- [           main] i.m.core.config.ConfigProducerTest       : Starting ConfigProducerTest using Java 11.0.19 on d4db715117c6 with PID 69 (started by root in /IDS-Messaging-Services/core)
2025-10-01 12:03:24.785  INFO 69 --- [           main] i.m.core.config.ConfigProducerTest       : No active profile set, falling back to 1 default profile: "default"
2025-10-01 12:03:26.316  INFO 69 --- [           main] i.m.core.config.PreConfigInterceptor     : Intercepting loading of configuration! [code=(IMSCOI0055)]
2025-10-01 12:03:26.316  INFO 69 --- [           main] i.m.core.config.PreConfigInterceptor     : Loading config from classpath: configmodel.json [code=(IMSCOI0057)]
2025-10-01 12:03:26.323  INFO 69 --- [           main] i.m.core.config.PreConfigInterceptor     : Importing configuration from file. [code=(IMSCOI0056)]
2025-10-01 12:03:27.107  INFO 69 --- [           main] i.m.c.c.ssl.keystore.KeyStoreManager     : Successfully loaded Keystore. [code=(IMSCOI0049)]
2025-10-01 12:03:27.120  INFO 69 --- [           main] i.m.c.c.ssl.keystore.KeyStoreManager     : Successfully loaded Truststore. [code=(IMSCOI0049)]
2025-10-01 12:03:27.421  WARN 69 --- [           main] i.messaging.core.config.ClientProvider   : Trustmanager is trusting all Certificates in TEST_DEPLOYMENT mode, you should not use this in production! [code=(IMSCOW0032)]
2025-10-01 12:03:27.480  INFO 69 --- [           main] i.m.core.config.PostConfigInterceptor    : Modifying configuration using interceptor interface. [code=(IMSCOI0047)]
2025-10-01 12:03:27.847  INFO 69 --- [           main] i.m.core.config.ConfigProducerTest       : Started ConfigProducerTest in 3.361 seconds (JVM running for 4.598)
2025-10-01 12:03:29.284  WARN 69 --- [           main] i.m.c.d.aisec.AisecTokenManagerService   : TEST_DEPLOYMENT: IDS-Message is sent without a valid DAT, will not be sent in PRODUCTIVE_DEPLOYMENT. [code=(IMSCOW0041), reason=(Error connecting to DAPS (possibly currently not reachable or wrong DAPS-URL): Unexpected code Response{protocol=http/1.1, code=400, message=Bad Request, url=https://daps.aisec.fraunhofer.de/v2/token} Body: {"error":"invalid_client","error_description":"Error decoding JWT: Client does not exist"})]
2025-10-01 12:03:29.707  WARN 69 --- [           main] i.messaging.core.config.ClientProvider   : Proxy port invalid! Trying to skip using this proxy! Please check configuration! [code=(IMSCOW0031), port=(-1)]
2025-10-01 12:03:32.014  WARN 69 --- [           main] i.m.c.d.o.OrbiterTokenManagerService     : [code=(IMSCOW0028)] Failed to connect to orbiter-daps-staging.truzzt.org/157.97.109.217:443

java.net.ConnectException: Failed to connect to orbiter-daps-staging.truzzt.org/157.97.109.217:443
	at okhttp3.internal.connection.RealConnection.connectSocket(RealConnection.kt:297) ~[okhttp-4.10.0.jar:na]
	at okhttp3.internal.connection.RealConnection.connect(RealConnection.kt:207) ~[okhttp-4.10.0.jar:na]
	at okhttp3.internal.connection.ExchangeFinder.findConnection(ExchangeFinder.kt:226) ~[okhttp-4.10.0.jar:na]
	at okhttp3.internal.connection.ExchangeFinder.findHealthyConnection(ExchangeFinder.kt:106) ~[okhttp-4.10.0.jar:na]
	at okhttp3.internal.connection.ExchangeFinder.find(ExchangeFinder.kt:74) ~[okhttp-4.10.0.jar:na]
	at okhttp3.internal.connection.RealCall.initExchange$okhttp(RealCall.kt:255) ~[okhttp-4.10.0.jar:na]
	at okhttp3.internal.connection.ConnectInterceptor.intercept(ConnectInterceptor.kt:32) ~[okhttp-4.10.0.jar:na]
	at okhttp3.internal.http.RealInterceptorChain.proceed(RealInterceptorChain.kt:109) ~[okhttp-4.10.0.jar:na]
	at okhttp3.internal.cache.CacheInterceptor.intercept(CacheInterceptor.kt:95) ~[okhttp-4.10.0.jar:na]
	at okhttp3.internal.http.RealInterceptorChain.proceed(RealInterceptorChain.kt:109) ~[okhttp-4.10.0.jar:na]
	at okhttp3.internal.http.BridgeInterceptor.intercept(BridgeInterceptor.kt:83) ~[okhttp-4.10.0.jar:na]
	at okhttp3.internal.http.RealInterceptorChain.proceed(RealInterceptorChain.kt:109) ~[okhttp-4.10.0.jar:na]
	at okhttp3.internal.http.RetryAndFollowUpInterceptor.intercept(RetryAndFollowUpInterceptor.kt:76) ~[okhttp-4.10.0.jar:na]
	at okhttp3.internal.http.RealInterceptorChain.proceed(RealInterceptorChain.kt:109) ~[okhttp-4.10.0.jar:na]
	at ids.messaging.core.config.ClientProvider$EncodingInterceptor.intercept(ClientProvider.java:490) ~[classes/:na]
	at okhttp3.internal.http.RealInterceptorChain.proceed(RealInterceptorChain.kt:109) ~[okhttp-4.10.0.jar:na]
	at okhttp3.internal.connection.RealCall.getResponseWithInterceptorChain$okhttp(RealCall.kt:201) ~[okhttp-4.10.0.jar:na]
	at okhttp3.internal.connection.RealCall.execute(RealCall.kt:154) ~[okhttp-4.10.0.jar:na]
	at ids.messaging.core.daps.orbiter.OrbiterTokenManagerService.sendCertificateRequest(OrbiterTokenManagerService.java:175) ~[classes/:na]
	at ids.messaging.core.daps.orbiter.OrbiterTokenManagerService.createClient(OrbiterTokenManagerService.java:135) ~[classes/:na]
	at ids.messaging.core.daps.orbiter.OrbiterTokenManagerService.acquireToken(OrbiterTokenManagerService.java:279) ~[classes/:na]
	at ids.messaging.core.config.ConfigProducerTest.lambda$testProvider$1(ConfigProducerTest.java:88) ~[test-classes/:na]
	at org.junit.jupiter.api.AssertThrows.assertThrows(AssertThrows.java:53) ~[junit-jupiter-api-5.9.1.jar:5.9.1]
	at org.junit.jupiter.api.AssertThrows.assertThrows(AssertThrows.java:35) ~[junit-jupiter-api-5.9.1.jar:5.9.1]
	at org.junit.jupiter.api.Assertions.assertThrows(Assertions.java:3083) ~[junit-jupiter-api-5.9.1.jar:5.9.1]
	at ids.messaging.core.config.ConfigProducerTest.testProvider(ConfigProducerTest.java:88) ~[test-classes/:na]
	at java.base/jdk.internal.reflect.NativeMethodAccessorImpl.invoke0(Native Method) ~[na:na]
	at java.base/jdk.internal.reflect.NativeMethodAccessorImpl.invoke(NativeMethodAccessorImpl.java:62) ~[na:na]
	at java.base/jdk.internal.reflect.DelegatingMethodAccessorImpl.invoke(DelegatingMethodAccessorImpl.java:43) ~[na:na]
	at java.base/java.lang.reflect.Method.invoke(Method.java:566) ~[na:na]
	at org.junit.platform.commons.util.ReflectionUtils.invokeMethod(ReflectionUtils.java:727) ~[junit-platform-commons-1.9.1.jar:1.9.1]
	at org.junit.jupiter.engine.execution.MethodInvocation.proceed(MethodInvocation.java:60) ~[junit-jupiter-engine-5.9.1.jar:5.9.1]
	at org.junit.jupiter.engine.execution.InvocationInterceptorChain$ValidatingInvocation.proceed(InvocationInterceptorChain.java:131) ~[junit-jupiter-engine-5.9.1.jar:5.9.1]
	at org.junit.jupiter.engine.extension.TimeoutExtension.intercept(TimeoutExtension.java:156) ~[junit-jupiter-engine-5.9.1.jar:5.9.1]
	at org.junit.jupiter.engine.extension.TimeoutExtension.interceptTestableMethod(TimeoutExtension.java:147) ~[junit-jupiter-engine-5.9.1.jar:5.9.1]
	at org.junit.jupiter.engine.extension.TimeoutExtension.interceptTestMethod(TimeoutExtension.java:86) ~[junit-jupiter-engine-5.9.1.jar:5.9.1]
	at org.junit.jupiter.engine.execution.InterceptingExecutableInvoker$ReflectiveInterceptorCall.lambda$ofVoidMethod$0(InterceptingExecutableInvoker.java:103) ~[junit-jupiter-engine-5.9.1.jar:5.9.1]
	at org.junit.jupiter.engine.execution.InterceptingExecutableInvoker.lambda$invoke$0(InterceptingExecutableInvoker.java:93) ~[junit-jupiter-engine-5.9.1.jar:5.9.1]
	at org.junit.jupiter.engine.execution.InvocationInterceptorChain$InterceptedInvocation.proceed(InvocationInterceptorChain.java:106) ~[junit-jupiter-engine-5.9.1.jar:5.9.1]
	at org.junit.jupiter.engine.execution.InvocationInterceptorChain.proceed(InvocationInterceptorChain.java:64) ~[junit-jupiter-engine-5.9.1.jar:5.9.1]
	at org.junit.jupiter.engine.execution.InvocationInterceptorChain.chainAndInvoke(InvocationInterceptorChain.java:45) ~[junit-jupiter-engine-5.9.1.jar:5.9.1]
	at org.junit.jupiter.engine.execution.InvocationInterceptorChain.invoke(InvocationInterceptorChain.java:37) ~[junit-jupiter-engine-5.9.1.jar:5.9.1]
	at org.junit.jupiter.engine.execution.InterceptingExecutableInvoker.invoke(InterceptingExecutableInvoker.java:92) ~[junit-jupiter-engine-5.9.1.jar:5.9.1]
	at org.junit.jupiter.engine.execution.InterceptingExecutableInvoker.invoke(InterceptingExecutableInvoker.java:86) ~[junit-jupiter-engine-5.9.1.jar:5.9.1]
	at org.junit.jupiter.engine.descriptor.TestMethodTestDescriptor.lambda$invokeTestMethod$7(TestMethodTestDescriptor.java:217) ~[junit-jupiter-engine-5.9.1.jar:5.9.1]
	at org.junit.platform.engine.support.hierarchical.ThrowableCollector.execute(ThrowableCollector.java:73) ~[junit-platform-engine-1.9.1.jar:1.9.1]
	at org.junit.jupiter.engine.descriptor.TestMethodTestDescriptor.invokeTestMethod(TestMethodTestDescriptor.java:213) ~[junit-jupiter-engine-5.9.1.jar:5.9.1]
	at org.junit.jupiter.engine.descriptor.TestMethodTestDescriptor.execute(TestMethodTestDescriptor.java:138) ~[junit-jupiter-engine-5.9.1.jar:5.9.1]
	at org.junit.jupiter.engine.descriptor.TestMethodTestDescriptor.execute(TestMethodTestDescriptor.java:68) ~[junit-jupiter-engine-5.9.1.jar:5.9.1]
	at org.junit.platform.engine.support.hierarchical.NodeTestTask.lambda$executeRecursively$6(NodeTestTask.java:151) ~[junit-platform-engine-1.9.1.jar:1.9.1]
	at org.junit.platform.engine.support.hierarchical.ThrowableCollector.execute(ThrowableCollector.java:73) ~[junit-platform-engine-1.9.1.jar:1.9.1]
	at org.junit.platform.engine.support.hierarchical.NodeTestTask.lambda$executeRecursively$8(NodeTestTask.java:141) ~[junit-platform-engine-1.9.1.jar:1.9.1]
	at org.junit.platform.engine.support.hierarchical.Node.around(Node.java:137) ~[junit-platform-engine-1.9.1.jar:1.9.1]
	at org.junit.platform.engine.support.hierarchical.NodeTestTask.lambda$executeRecursively$9(NodeTestTask.java:139) ~[junit-platform-engine-1.9.1.jar:1.9.1]
	at org.junit.platform.engine.support.hierarchical.ThrowableCollector.execute(ThrowableCollector.java:73) ~[junit-platform-engine-1.9.1.jar:1.9.1]
	at org.junit.platform.engine.support.hierarchical.NodeTestTask.executeRecursively(NodeTestTask.java:138) ~[junit-platform-engine-1.9.1.jar:1.9.1]
	at org.junit.platform.engine.support.hierarchical.NodeTestTask.execute(NodeTestTask.java:95) ~[junit-platform-engine-1.9.1.jar:1.9.1]
	at java.base/java.util.ArrayList.forEach(ArrayList.java:1541) ~[na:na]
	at org.junit.platform.engine.support.hierarchical.SameThreadHierarchicalTestExecutorService.invokeAll(SameThreadHierarchicalTestExecutorService.java:41) ~[junit-platform-engine-1.9.1.jar:1.9.1]
	at org.junit.platform.engine.support.hierarchical.NodeTestTask.lambda$executeRecursively$6(NodeTestTask.java:155) ~[junit-platform-engine-1.9.1.jar:1.9.1]
	at org.junit.platform.engine.support.hierarchical.ThrowableCollector.execute(ThrowableCollector.java:73) ~[junit-platform-engine-1.9.1.jar:1.9.1]
	at org.junit.platform.engine.support.hierarchical.NodeTestTask.lambda$executeRecursively$8(NodeTestTask.java:141) ~[junit-platform-engine-1.9.1.jar:1.9.1]
	at org.junit.platform.engine.support.hierarchical.Node.around(Node.java:137) ~[junit-platform-engine-1.9.1.jar:1.9.1]
	at org.junit.platform.engine.support.hierarchical.NodeTestTask.lambda$executeRecursively$9(NodeTestTask.java:139) ~[junit-platform-engine-1.9.1.jar:1.9.1]
	at org.junit.platform.engine.support.hierarchical.ThrowableCollector.execute(ThrowableCollector.java:73) ~[junit-platform-engine-1.9.1.jar:1.9.1]
	at org.junit.platform.engine.support.hierarchical.NodeTestTask.executeRecursively(NodeTestTask.java:138) ~[junit-platform-engine-1.9.1.jar:1.9.1]
	at org.junit.platform.engine.support.hierarchical.NodeTestTask.execute(NodeTestTask.java:95) ~[junit-platform-engine-1.9.1.jar:1.9.1]
	at java.base/java.util.ArrayList.forEach(ArrayList.java:1541) ~[na:na]
	at org.junit.platform.engine.support.hierarchical.SameThreadHierarchicalTestExecutorService.invokeAll(SameThreadHierarchicalTestExecutorService.java:41) ~[junit-platform-engine-1.9.1.jar:1.9.1]
	at org.junit.platform.engine.support.hierarchical.NodeTestTask.lambda$executeRecursively$6(NodeTestTask.java:155) ~[junit-platform-engine-1.9.1.jar:1.9.1]
	at org.junit.platform.engine.support.hierarchical.ThrowableCollector.execute(ThrowableCollector.java:73) ~[junit-platform-engine-1.9.1.jar:1.9.1]
	at org.junit.platform.engine.support.hierarchical.NodeTestTask.lambda$executeRecursively$8(NodeTestTask.java:141) ~[junit-platform-engine-1.9.1.jar:1.9.1]
	at org.junit.platform.engine.support.hierarchical.Node.around(Node.java:137) ~[junit-platform-engine-1.9.1.jar:1.9.1]
	at org.junit.platform.engine.support.hierarchical.NodeTestTask.lambda$executeRecursively$9(NodeTestTask.java:139) ~[junit-platform-engine-1.9.1.jar:1.9.1]
	at org.junit.platform.engine.support.hierarchical.ThrowableCollector.execute(ThrowableCollector.java:73) ~[junit-platform-engine-1.9.1.jar:1.9.1]
	at org.junit.platform.engine.support.hierarchical.NodeTestTask.executeRecursively(NodeTestTask.java:138) ~[junit-platform-engine-1.9.1.jar:1.9.1]
	at org.junit.platform.engine.support.hierarchical.NodeTestTask.execute(NodeTestTask.java:95) ~[junit-platform-engine-1.9.1.jar:1.9.1]
	at org.junit.platform.engine.support.hierarchical.SameThreadHierarchicalTestExecutorService.submit(SameThreadHierarchicalTestExecutorService.java:35) ~[junit-platform-engine-1.9.1.jar:1.9.1]
	at org.junit.platform.engine.support.hierarchical.HierarchicalTestExecutor.execute(HierarchicalTestExecutor.java:57) ~[junit-platform-engine-1.9.1.jar:1.9.1]
	at org.junit.platform.engine.support.hierarchical.HierarchicalTestEngine.execute(HierarchicalTestEngine.java:54) ~[junit-platform-engine-1.9.1.jar:1.9.1]
	at org.junit.platform.launcher.core.DefaultLauncher.execute(DefaultLauncher.java:220) ~[junit-platform-launcher-1.3.1.jar:1.3.1]
	at org.junit.platform.launcher.core.DefaultLauncher.lambda$execute$6(DefaultLauncher.java:188) ~[junit-platform-launcher-1.3.1.jar:1.3.1]
	at org.junit.platform.launcher.core.DefaultLauncher.withInterceptedStreams(DefaultLauncher.java:202) ~[junit-platform-launcher-1.3.1.jar:1.3.1]
	at org.junit.platform.launcher.core.DefaultLauncher.execute(DefaultLauncher.java:181) ~[junit-platform-launcher-1.3.1.jar:1.3.1]
	at org.junit.platform.launcher.core.DefaultLauncher.execute(DefaultLauncher.java:128) ~[junit-platform-launcher-1.3.1.jar:1.3.1]
	at org.apache.maven.surefire.junitplatform.JUnitPlatformProvider.invokeAllTests(JUnitPlatformProvider.java:150) ~[surefire-junit-platform-2.22.2.jar:2.22.2]
	at org.apache.maven.surefire.junitplatform.JUnitPlatformProvider.invoke(JUnitPlatformProvider.java:124) ~[surefire-junit-platform-2.22.2.jar:2.22.2]
	at org.apache.maven.surefire.booter.ForkedBooter.invokeProviderInSameClassLoader(ForkedBooter.java:384) ~[surefire-booter-2.22.2.jar:2.22.2]
	at org.apache.maven.surefire.booter.ForkedBooter.runSuitesInProcess(ForkedBooter.java:345) ~[surefire-booter-2.22.2.jar:2.22.2]
	at org.apache.maven.surefire.booter.ForkedBooter.execute(ForkedBooter.java:126) ~[surefire-booter-2.22.2.jar:2.22.2]
	at org.apache.maven.surefire.booter.ForkedBooter.main(ForkedBooter.java:418) ~[surefire-booter-2.22.2.jar:2.22.2]
Caused by: java.net.ConnectException: Connection refused (Connection refused)
	at java.base/java.net.PlainSocketImpl.socketConnect(Native Method) ~[na:na]
	at java.base/java.net.AbstractPlainSocketImpl.doConnect(AbstractPlainSocketImpl.java:412) ~[na:na]
	at java.base/java.net.AbstractPlainSocketImpl.connectToAddress(AbstractPlainSocketImpl.java:255) ~[na:na]
	at java.base/java.net.AbstractPlainSocketImpl.connect(AbstractPlainSocketImpl.java:237) ~[na:na]
	at java.base/java.net.SocksSocketImpl.connect(SocksSocketImpl.java:392) ~[na:na]
	at java.base/java.net.Socket.connect(Socket.java:609) ~[na:na]
	at okhttp3.internal.platform.Platform.connectSocket(Platform.kt:128) ~[okhttp-4.10.0.jar:na]
	at okhttp3.internal.connection.RealConnection.connectSocket(RealConnection.kt:295) ~[okhttp-4.10.0.jar:na]
	... 90 common frames omitted

2025-10-01 12:03:32.037  INFO 69 --- [           main] i.m.c.c.ssl.keystore.KeyStoreManager     : Successfully loaded Keystore. [code=(IMSCOI0049)]
2025-10-01 12:03:32.043  INFO 69 --- [           main] i.m.c.c.ssl.keystore.KeyStoreManager     : Successfully loaded Truststore. [code=(IMSCOI0049)]
2025-10-01 12:03:32.049  WARN 69 --- [           main] i.messaging.core.config.ClientProvider   : Trustmanager is trusting all Certificates in TEST_DEPLOYMENT mode, you should not use this in production! [code=(IMSCOW0032)]
[INFO] Tests run: 3, Failures: 0, Errors: 0, Skipped: 0, Time elapsed: 7.899 s - in ids.messaging.core.config.ConfigProducerTest
[INFO] Running ids.messaging.core.daps.DapsValidatorTest
2025-10-01 12:03:32.099  INFO 69 --- [           main] o.s.t.c.s.DefaultTestContextBootstrapper : Loaded default TestExecutionListener class names from location [META-INF/spring.factories]: [org.springframework.boot.test.mock.mockito.MockitoTestExecutionListener, org.springframework.boot.test.mock.mockito.ResetMocksTestExecutionListener, org.springframework.boot.test.autoconfigure.restdocs.RestDocsTestExecutionListener, org.springframework.boot.test.autoconfigure.web.client.MockRestServiceServerResetTestExecutionListener, org.springframework.boot.test.autoconfigure.web.servlet.MockMvcPrintOnlyOnFailureTestExecutionListener, org.springframework.boot.test.autoconfigure.web.servlet.WebDriverTestExecutionListener, org.springframework.boot.test.autoconfigure.webservices.client.MockWebServiceServerTestExecutionListener, org.springframework.test.context.web.ServletTestExecutionListener, org.springframework.test.context.support.DirtiesContextBeforeModesTestExecutionListener, org.springframework.test.context.event.ApplicationEventsTestExecutionListener, org.springframework.test.context.support.DependencyInjectionTestExecutionListener, org.springframework.test.context.support.DirtiesContextTestExecutionListener, org.springframework.test.context.transaction.TransactionalTestExecutionListener, org.springframework.test.context.jdbc.SqlScriptsTestExecutionListener, org.springframework.test.context.event.EventPublishingTestExecutionListener]
2025-10-01 12:03:32.102  INFO 69 --- [           main] o.s.t.c.s.DefaultTestContextBootstrapper : Using TestExecutionListeners: [org.springframework.test.context.support.DirtiesContextBeforeModesTestExecutionListener@3a13f663, org.springframework.test.context.event.ApplicationEventsTestExecutionListener@75de7009, org.springframework.boot.test.mock.mockito.MockitoTestExecutionListener@17a77a7e, org.springframework.test.context.support.DependencyInjectionTestExecutionListener@7c840fe3, org.springframework.test.context.support.DirtiesContextTestExecutionListener@59014efe, org.springframework.test.context.event.EventPublishingTestExecutionListener@5f5923ef, org.springframework.boot.test.mock.mockito.ResetMocksTestExecutionListener@7381d6f0, org.springframework.boot.test.autoconfigure.restdocs.RestDocsTestExecutionListener@2f262474, org.springframework.boot.test.autoconfigure.web.client.MockRestServiceServerResetTestExecutionListener@7c03f9d0, org.springframework.boot.test.autoconfigure.web.servlet.MockMvcPrintOnlyOnFailureTestExecutionListener@6ad3fbe4, org.springframework.boot.test.autoconfigure.web.servlet.WebDriverTestExecutionListener@17189618, org.springframework.boot.test.autoconfigure.webservices.client.MockWebServiceServerTestExecutionListener@983050b]
2025-10-01 12:03:32.628  INFO 69 --- [           main] ids.messaging.core.daps.DapsVerifier     : Successfully verified DAT claims. [code=(IMSCOI0050)]
2025-10-01 12:03:32.635  INFO 69 --- [           main] ids.messaging.core.daps.DapsVerifier     : Successfully verified DAT claims. [code=(IMSCOI0050)]
2025-10-01 12:03:32.639  WARN 69 --- [           main] ids.messaging.core.daps.DapsValidator    : SecurityProfile could not be successfully verified! [message=(Security profile violation. Registered security profile at DAPS is: idsc:BASE_CONNECTOR_SECURITY_PROFILE, but the given security profile is: idsc:TRUSTED_CONNECTOR_SECURITY_PROFILE), code=(IMSCOW0033)]
2025-10-01 12:03:32.644  WARN 69 --- [           main] ids.messaging.core.daps.DapsValidator    : SecurityProfile could not be successfully verified! [message=(Security profile violation. Registered security profile at DAPS is: idsc:BASE_CONNECTOR_SECURITY_PROFILE, but the given security profile is: aiosdhiuaghduiwh), code=(IMSCOW0033)]
2025-10-01 12:03:32.672  WARN 69 --- [           main] ids.messaging.core.daps.DapsValidator    : SecurityProfile could not be successfully verified! [message=(Security profile violation. Registered security profile at DAPS is: sjondfasdhfiou, but the given security profile is: idsc:TRUSTED_CONNECTOR_SECURITY_PROFILE), code=(IMSCOW0033)]
2025-10-01 12:03:32.688  WARN 69 --- [           main] ids.messaging.core.daps.DapsValidator    : SecurityProfile could not be successfully verified! [message=(Security profile violation. No security profile given in DAT!), code=(IMSCOW0033)]
2025-10-01 12:03:32.713  INFO 69 --- [           main] ids.messaging.core.daps.DapsVerifier     : Successfully verified DAT claims. [code=(IMSCOI0050)]
[INFO] Tests run: 2, Failures: 0, Errors: 0, Skipped: 0, Time elapsed: 0.641 s - in ids.messaging.core.daps.DapsValidatorTest
[INFO] Running ids.messaging.core.daps.DapsVerifierTest
2025-10-01 12:03:32.731  WARN 69 --- [           main] ids.messaging.core.daps.DapsVerifier     : Could not verify DAT Claims! [code=(IMSCOW0036)]
2025-10-01 12:03:32.731  INFO 69 --- [           main] ids.messaging.core.daps.DapsVerifier     : Successfully verified DAT claims. [code=(IMSCOI0050)]
2025-10-01 12:03:32.732  INFO 69 --- [           main] ids.messaging.core.daps.DapsVerifier     : Successfully verified DAT claims. [code=(IMSCOI0050)]
2025-10-01 12:03:32.733  INFO 69 --- [           main] ids.messaging.core.daps.DapsVerifier     : Successfully verified DAT claims. [code=(IMSCOI0050)]
2025-10-01 12:03:32.733  WARN 69 --- [           main] ids.messaging.core.daps.DapsVerifier     : Custom DAT validation rule failed! [code=(IMSCOW0035), message=(This rule sometimes fails!)]
2025-10-01 12:03:32.734  WARN 69 --- [           main] ids.messaging.core.daps.DapsVerifier     : Custom DAT validation rule failed! [code=(IMSCOW0035), message=(This rule sometimes fails!)]
[INFO] Tests run: 1, Failures: 0, Errors: 0, Skipped: 0, Time elapsed: 0.001 s - in ids.messaging.core.daps.DapsVerifierTest
[INFO] 
[INFO] Results:
[INFO] 
[INFO] Tests run: 6, Failures: 0, Errors: 0, Skipped: 0
[INFO] 
[INFO] 
[INFO] ----------------------< ids.messaging:messaging >-----------------------
[INFO] Building messaging 7.0.1                                           [3/8]
[INFO]   from messaging/pom.xml
[INFO] --------------------------------[ jar ]---------------------------------
[INFO] 
[INFO] --- clean:3.2.0:clean (default-clean) @ messaging ---
[INFO] Deleting /IDS-Messaging-Services/messaging/target
[INFO] 
[INFO] --- flatten:1.3.0:clean (flatten.clean) @ messaging ---
[INFO] Deleting /IDS-Messaging-Services/messaging/.flattened-pom.xml
[INFO] 
[INFO] --- resources:3.3.0:resources (default-resources) @ messaging ---
[INFO] skip non existing resourceDirectory /IDS-Messaging-Services/messaging/src/main/resources
[INFO] 
[INFO] --- flatten:1.3.0:flatten (flatten) @ messaging ---
[INFO] Generating flattened POM of project ids.messaging:messaging:jar:7.0.1...
[INFO] 
[INFO] --- compiler:3.10.1:compile (default-compile) @ messaging ---
[INFO] Changes detected - recompiling the module!
[INFO] Compiling 103 source files to /IDS-Messaging-Services/messaging/target/classes
[INFO] /IDS-Messaging-Services/messaging/src/main/java/ids/messaging/protocol/multipart/parser/MultipartParser.java: /IDS-Messaging-Services/messaging/src/main/java/ids/messaging/protocol/multipart/parser/MultipartParser.java uses or overrides a deprecated API.
[INFO] /IDS-Messaging-Services/messaging/src/main/java/ids/messaging/protocol/multipart/parser/MultipartParser.java: Recompile with -Xlint:deprecation for details.
[INFO] /IDS-Messaging-Services/messaging/src/main/java/ids/messaging/requests/builder/IdsRequestBuilder.java: /IDS-Messaging-Services/messaging/src/main/java/ids/messaging/requests/builder/IdsRequestBuilder.java uses unchecked or unsafe operations.
[INFO] /IDS-Messaging-Services/messaging/src/main/java/ids/messaging/requests/builder/IdsRequestBuilder.java: Recompile with -Xlint:unchecked for details.
[INFO] 
[INFO] --- resources:3.3.0:testResources (default-testResources) @ messaging ---
[INFO] Copying 1 resource
[INFO] 
[INFO] --- compiler:3.10.1:testCompile (default-testCompile) @ messaging ---
[INFO] Changes detected - recompiling the module!
[INFO] Compiling 15 source files to /IDS-Messaging-Services/messaging/target/test-classes
[INFO] 
[INFO] --- surefire:2.22.2:test (default-test) @ messaging ---
[INFO] 
[INFO] -------------------------------------------------------
[INFO]  T E S T S
[INFO] -------------------------------------------------------
[INFO] Running ids.messaging.dispatcher.MessageDispatcherTest
12:03:36.398 [main] DEBUG org.springframework.test.context.BootstrapUtils - Instantiating CacheAwareContextLoaderDelegate from class [org.springframework.test.context.cache.DefaultCacheAwareContextLoaderDelegate]
12:03:36.405 [main] DEBUG org.springframework.test.context.BootstrapUtils - Instantiating BootstrapContext using constructor [public org.springframework.test.context.support.DefaultBootstrapContext(java.lang.Class,org.springframework.test.context.CacheAwareContextLoaderDelegate)]
12:03:36.453 [main] DEBUG org.springframework.test.context.BootstrapUtils - Instantiating TestContextBootstrapper for test class [ids.messaging.dispatcher.MessageDispatcherTest] from class [org.springframework.boot.test.autoconfigure.web.servlet.WebMvcTestContextBootstrapper]
12:03:36.475 [main] DEBUG org.springframework.test.context.support.AbstractContextLoader - Did not detect default resource location for test class [ids.messaging.dispatcher.MessageDispatcherTest]: class path resource [ids/messaging/dispatcher/MessageDispatcherTest-context.xml] does not exist
12:03:36.476 [main] DEBUG org.springframework.test.context.support.AbstractContextLoader - Did not detect default resource location for test class [ids.messaging.dispatcher.MessageDispatcherTest]: class path resource [ids/messaging/dispatcher/MessageDispatcherTestContext.groovy] does not exist
12:03:36.477 [main] INFO org.springframework.test.context.support.AbstractContextLoader - Could not detect default resource locations for test class [ids.messaging.dispatcher.MessageDispatcherTest]: no resource found for suffixes {-context.xml, Context.groovy}.
12:03:36.574 [main] DEBUG org.springframework.test.context.support.ActiveProfilesUtils - Could not find an 'annotation declaring class' for annotation type [org.springframework.test.context.ActiveProfiles] and class [ids.messaging.dispatcher.MessageDispatcherTest]
12:03:36.587 [main] DEBUG org.springframework.boot.test.autoconfigure.web.servlet.WebMvcTestContextBootstrapper - @TestExecutionListeners is not present for class [ids.messaging.dispatcher.MessageDispatcherTest]: using defaults.
12:03:36.587 [main] INFO org.springframework.boot.test.autoconfigure.web.servlet.WebMvcTestContextBootstrapper - Loaded default TestExecutionListener class names from location [META-INF/spring.factories]: [org.springframework.boot.test.mock.mockito.MockitoTestExecutionListener, org.springframework.boot.test.mock.mockito.ResetMocksTestExecutionListener, org.springframework.boot.test.autoconfigure.restdocs.RestDocsTestExecutionListener, org.springframework.boot.test.autoconfigure.web.client.MockRestServiceServerResetTestExecutionListener, org.springframework.boot.test.autoconfigure.web.servlet.MockMvcPrintOnlyOnFailureTestExecutionListener, org.springframework.boot.test.autoconfigure.web.servlet.WebDriverTestExecutionListener, org.springframework.boot.test.autoconfigure.webservices.client.MockWebServiceServerTestExecutionListener, org.springframework.test.context.web.ServletTestExecutionListener, org.springframework.test.context.support.DirtiesContextBeforeModesTestExecutionListener, org.springframework.test.context.event.ApplicationEventsTestExecutionListener, org.springframework.test.context.support.DependencyInjectionTestExecutionListener, org.springframework.test.context.support.DirtiesContextTestExecutionListener, org.springframework.test.context.transaction.TransactionalTestExecutionListener, org.springframework.test.context.jdbc.SqlScriptsTestExecutionListener, org.springframework.test.context.event.EventPublishingTestExecutionListener]
12:03:36.609 [main] INFO org.springframework.boot.test.autoconfigure.web.servlet.WebMvcTestContextBootstrapper - Using TestExecutionListeners: [org.springframework.test.context.web.ServletTestExecutionListener@2a62b5bc, org.springframework.test.context.support.DirtiesContextBeforeModesTestExecutionListener@53de625d, org.springframework.test.context.event.ApplicationEventsTestExecutionListener@535779e4, org.springframework.boot.test.mock.mockito.MockitoTestExecutionListener@53fd0d10, org.springframework.boot.test.autoconfigure.SpringBootDependencyInjectionTestExecutionListener@6c0d9d86, org.springframework.test.context.support.DirtiesContextTestExecutionListener@4ce1d6d0, org.springframework.test.context.transaction.TransactionalTestExecutionListener@24111ef1, org.springframework.test.context.jdbc.SqlScriptsTestExecutionListener@1f3f02ee, org.springframework.test.context.event.EventPublishingTestExecutionListener@1fde5d22, org.springframework.boot.test.mock.mockito.ResetMocksTestExecutionListener@5dcb4f5f, org.springframework.boot.test.autoconfigure.restdocs.RestDocsTestExecutionListener@71812481, org.springframework.boot.test.autoconfigure.web.client.MockRestServiceServerResetTestExecutionListener@16ce702d, org.springframework.boot.test.autoconfigure.web.servlet.MockMvcPrintOnlyOnFailureTestExecutionListener@7b94089b, org.springframework.boot.test.autoconfigure.web.servlet.WebDriverTestExecutionListener@7ca20101, org.springframework.boot.test.autoconfigure.webservices.client.MockWebServiceServerTestExecutionListener@47f9738]
12:03:36.616 [main] DEBUG org.springframework.test.context.support.AbstractDirtiesContextTestExecutionListener - Before test class: context [DefaultTestContext@2f1de2d6 testClass = MessageDispatcherTest, testInstance = [null], testMethod = [null], testException = [null], mergedContextConfiguration = [WebMergedContextConfiguration@4eb386df testClass = MessageDispatcherTest, locations = '{}', classes = '{class ids.messaging.handler.request.RequestMessageHandlerService, class ids.messaging.dispatcher.MessageDispatcherProvider, class ids.messaging.dispatcher.MessageDispatcherTest$TestContextConfiguration}', contextInitializerClasses = '[]', activeProfiles = '{}', propertySourceLocations = '{}', propertySourceProperties = '{shacl.validation=false, org.springframework.boot.test.autoconfigure.web.servlet.WebMvcTestContextBootstrapper=true}', contextCustomizers = set[[ImportsContextCustomizer@79517588 key = [org.springframework.boot.autoconfigure.cache.CacheAutoConfiguration, org.springframework.boot.autoconfigure.context.MessageSourceAutoConfiguration, org.springframework.boot.autoconfigure.data.web.SpringDataWebAutoConfiguration, org.springframework.boot.autoconfigure.freemarker.FreeMarkerAutoConfiguration, org.springframework.boot.autoconfigure.groovy.template.GroovyTemplateAutoConfiguration, org.springframework.boot.autoconfigure.gson.GsonAutoConfiguration, org.springframework.boot.autoconfigure.hateoas.HypermediaAutoConfiguration, org.springframework.boot.autoconfigure.http.HttpMessageConvertersAutoConfiguration, org.springframework.boot.autoconfigure.jackson.JacksonAutoConfiguration, org.springframework.boot.autoconfigure.jsonb.JsonbAutoConfiguration, org.springframework.boot.autoconfigure.mustache.MustacheAutoConfiguration, org.springframework.boot.autoconfigure.task.TaskExecutionAutoConfiguration, org.springframework.boot.autoconfigure.thymeleaf.ThymeleafAutoConfiguration, org.springframework.boot.autoconfigure.validation.ValidationAutoConfiguration, org.springframework.boot.autoconfigure.web.servlet.error.ErrorMvcAutoConfiguration, org.springframework.boot.autoconfigure.web.servlet.HttpEncodingAutoConfiguration, org.springframework.boot.autoconfigure.web.servlet.WebMvcAutoConfiguration, org.springframework.boot.test.autoconfigure.web.servlet.MockMvcAutoConfiguration, org.springframework.boot.test.autoconfigure.web.servlet.MockMvcWebClientAutoConfiguration, org.springframework.boot.test.autoconfigure.web.servlet.MockMvcWebDriverAutoConfiguration, org.springframework.boot.autoconfigure.security.oauth2.client.servlet.OAuth2ClientAutoConfiguration, org.springframework.boot.autoconfigure.security.oauth2.resource.servlet.OAuth2ResourceServerAutoConfiguration, org.springframework.boot.autoconfigure.security.servlet.SecurityAutoConfiguration, org.springframework.boot.autoconfigure.security.servlet.SecurityFilterAutoConfiguration, org.springframework.boot.autoconfigure.security.servlet.UserDetailsServiceAutoConfiguration, org.springframework.boot.test.autoconfigure.web.servlet.MockMvcSecurityConfiguration, org.springframework.boot.test.autoconfigure.web.reactive.WebTestClientAutoConfiguration]], org.springframework.boot.test.context.filter.ExcludeFilterContextCustomizer@56c4278e, org.springframework.boot.test.json.DuplicateJsonObjectContextCustomizerFactory$DuplicateJsonObjectContextCustomizer@341814d3, org.springframework.boot.test.mock.mockito.MockitoContextCustomizer@1d24210e, org.springframework.boot.test.autoconfigure.OverrideAutoConfigurationContextCustomizerFactory$DisableAutoConfigurationContextCustomizer@42530531, org.springframework.boot.test.autoconfigure.actuate.metrics.MetricsExportContextCustomizerFactory$DisableMetricExportContextCustomizer@6bc407fd, org.springframework.boot.test.autoconfigure.filter.TypeExcludeFiltersContextCustomizer@8635b667, org.springframework.boot.test.autoconfigure.properties.PropertyMappingContextCustomizer@d1e34123, org.springframework.boot.test.autoconfigure.web.servlet.WebDriverContextCustomizerFactory$Customizer@5a2d131d, org.springframework.boot.test.context.SpringBootTestArgs@1, org.springframework.boot.test.context.SpringBootTestWebEnvironment@0], resourceBasePath = 'src/main/webapp', contextLoader = 'org.springframework.boot.test.context.SpringBootContextLoader', parent = [null]], attributes = map[[empty]]], class annotated with @DirtiesContext [false] with mode [null].

  .   ____          _            __ _ _
 /\\ / ___'_ __ _ _(_)_ __  __ _ \ \ \ \
( ( )\___ | '_ | '_| | '_ \/ _` | \ \ \ \
 \\/  ___)| |_)| | | | | || (_| |  ) ) ) )
  '  |____| .__|_| |_|_| |_\__, | / / / /
 =========|_|==============|___/=/_/_/_/
 :: Spring Boot ::                (v2.7.4)

2025-10-01 12:03:37.058  INFO 242 --- [           main] i.m.dispatcher.MessageDispatcherTest     : Starting MessageDispatcherTest using Java 11.0.19 on d4db715117c6 with PID 242 (started by root in /IDS-Messaging-Services/messaging)
2025-10-01 12:03:37.060  INFO 242 --- [           main] i.m.dispatcher.MessageDispatcherTest     : No active profile set, falling back to 1 default profile: "default"
2025-10-01 12:03:39.280  INFO 242 --- [           main] o.s.b.t.m.w.SpringBootMockServletContext : Initializing Spring TestDispatcherServlet ''
2025-10-01 12:03:39.281  INFO 242 --- [           main] o.s.t.web.servlet.TestDispatcherServlet  : Initializing Servlet ''
2025-10-01 12:03:39.283  INFO 242 --- [           main] o.s.t.web.servlet.TestDispatcherServlet  : Completed initialization in 2 ms
2025-10-01 12:03:39.326  INFO 242 --- [           main] i.m.dispatcher.MessageDispatcherTest     : Started MessageDispatcherTest in 2.647 seconds (JVM running for 3.611)
2025-10-01 12:03:40.001 ERROR 242 --- [           main] i.m.dispatcher.MessageDispatcher         : A preDispatchingFilter failed, sending response RejectionReason.MALFORMED_MESSAGE! [code=(IMSMEE0019), result=(predispatching)]
[INFO] Tests run: 1, Failures: 0, Errors: 0, Skipped: 0, Time elapsed: 3.712 s - in ids.messaging.dispatcher.MessageDispatcherTest
[INFO] Running ids.messaging.response.MessageResponseTest
[ERROR] Tests run: 1, Failures: 0, Errors: 1, Skipped: 0, Time elapsed: 0.45 s <<< FAILURE! - in ids.messaging.response.MessageResponseTest
[ERROR] testResponses  Time elapsed: 0.45 s  <<< ERROR!
java.lang.NoSuchMethodError: 'boolean com.fasterxml.jackson.annotation.JsonSubTypes.failOnRepeatedNames()'
	at ids.messaging.response.MessageResponseTest.testResponses(MessageResponseTest.java:50)

[INFO] Running ids.messaging.requests.InfrastructureServiceTest
2025-10-01 12:03:40.524  INFO 242 --- [           main] o.s.t.c.s.DefaultTestContextBootstrapper : Loaded default TestExecutionListener class names from location [META-INF/spring.factories]: [org.springframework.boot.test.mock.mockito.MockitoTestExecutionListener, org.springframework.boot.test.mock.mockito.ResetMocksTestExecutionListener, org.springframework.boot.test.autoconfigure.restdocs.RestDocsTestExecutionListener, org.springframework.boot.test.autoconfigure.web.client.MockRestServiceServerResetTestExecutionListener, org.springframework.boot.test.autoconfigure.web.servlet.MockMvcPrintOnlyOnFailureTestExecutionListener, org.springframework.boot.test.autoconfigure.web.servlet.WebDriverTestExecutionListener, org.springframework.boot.test.autoconfigure.webservices.client.MockWebServiceServerTestExecutionListener, org.springframework.test.context.web.ServletTestExecutionListener, org.springframework.test.context.support.DirtiesContextBeforeModesTestExecutionListener, org.springframework.test.context.event.ApplicationEventsTestExecutionListener, org.springframework.test.context.support.DependencyInjectionTestExecutionListener, org.springframework.test.context.support.DirtiesContextTestExecutionListener, org.springframework.test.context.transaction.TransactionalTestExecutionListener, org.springframework.test.context.jdbc.SqlScriptsTestExecutionListener, org.springframework.test.context.event.EventPublishingTestExecutionListener]
2025-10-01 12:03:40.524  INFO 242 --- [           main] o.s.t.c.s.DefaultTestContextBootstrapper : Using TestExecutionListeners: [org.springframework.test.context.web.ServletTestExecutionListener@464400b3, org.springframework.test.context.support.DirtiesContextBeforeModesTestExecutionListener@58182b96, org.springframework.test.context.event.ApplicationEventsTestExecutionListener@37d6dddc, org.springframework.boot.test.mock.mockito.MockitoTestExecutionListener@8f6b4ab, org.springframework.test.context.support.DependencyInjectionTestExecutionListener@6e517c9e, org.springframework.test.context.support.DirtiesContextTestExecutionListener@770cae59, org.springframework.test.context.transaction.TransactionalTestExecutionListener@76b5a559, org.springframework.test.context.jdbc.SqlScriptsTestExecutionListener@4bdb04c8, org.springframework.test.context.event.EventPublishingTestExecutionListener@2e8b24a1, org.springframework.boot.test.mock.mockito.ResetMocksTestExecutionListener@3ce7394f, org.springframework.boot.test.autoconfigure.restdocs.RestDocsTestExecutionListener@6723cce7, org.springframework.boot.test.autoconfigure.web.client.MockRestServiceServerResetTestExecutionListener@74cd798f, org.springframework.boot.test.autoconfigure.web.servlet.MockMvcPrintOnlyOnFailureTestExecutionListener@314f59b, org.springframework.boot.test.autoconfigure.web.servlet.WebDriverTestExecutionListener@63c99f7, org.springframework.boot.test.autoconfigure.webservices.client.MockWebServiceServerTestExecutionListener@7f012923]
[ERROR] Tests run: 1, Failures: 0, Errors: 1, Skipped: 0, Time elapsed: 1.077 s <<< FAILURE! - in ids.messaging.requests.InfrastructureServiceTest
[ERROR] testInfrastructureService  Time elapsed: 0.302 s  <<< ERROR!
java.lang.NoSuchMethodError: 'boolean com.fasterxml.jackson.annotation.JsonSubTypes.failOnRepeatedNames()'
	at ids.messaging.requests.InfrastructureServiceTest.testInfrastructureService(InfrastructureServiceTest.java:160)

[INFO] Running ids.messaging.endpoint.EndpointServiceTest
2025-10-01 12:03:41.596  INFO 242 --- [           main] .b.t.a.w.s.WebMvcTestContextBootstrapper : Neither @ContextConfiguration nor @ContextHierarchy found for test class [ids.messaging.endpoint.EndpointServiceTest], using SpringBootContextLoader
2025-10-01 12:03:41.598  INFO 242 --- [           main] o.s.t.c.support.AbstractContextLoader    : Could not detect default resource locations for test class [ids.messaging.endpoint.EndpointServiceTest]: no resource found for suffixes {-context.xml, Context.groovy}.
2025-10-01 12:03:41.606  INFO 242 --- [           main] .b.t.a.w.s.WebMvcTestContextBootstrapper : Loaded default TestExecutionListener class names from location [META-INF/spring.factories]: [org.springframework.boot.test.mock.mockito.MockitoTestExecutionListener, org.springframework.boot.test.mock.mockito.ResetMocksTestExecutionListener, org.springframework.boot.test.autoconfigure.restdocs.RestDocsTestExecutionListener, org.springframework.boot.test.autoconfigure.web.client.MockRestServiceServerResetTestExecutionListener, org.springframework.boot.test.autoconfigure.web.servlet.MockMvcPrintOnlyOnFailureTestExecutionListener, org.springframework.boot.test.autoconfigure.web.servlet.WebDriverTestExecutionListener, org.springframework.boot.test.autoconfigure.webservices.client.MockWebServiceServerTestExecutionListener, org.springframework.test.context.web.ServletTestExecutionListener, org.springframework.test.context.support.DirtiesContextBeforeModesTestExecutionListener, org.springframework.test.context.event.ApplicationEventsTestExecutionListener, org.springframework.test.context.support.DependencyInjectionTestExecutionListener, org.springframework.test.context.support.DirtiesContextTestExecutionListener, org.springframework.test.context.transaction.TransactionalTestExecutionListener, org.springframework.test.context.jdbc.SqlScriptsTestExecutionListener, org.springframework.test.context.event.EventPublishingTestExecutionListener]
2025-10-01 12:03:41.607  INFO 242 --- [           main] .b.t.a.w.s.WebMvcTestContextBootstrapper : Using TestExecutionListeners: [org.springframework.test.context.web.ServletTestExecutionListener@69d7bc1a, org.springframework.test.context.support.DirtiesContextBeforeModesTestExecutionListener@cb318ac, org.springframework.test.context.event.ApplicationEventsTestExecutionListener@6e668322, org.springframework.boot.test.mock.mockito.MockitoTestExecutionListener@75ee6f89, org.springframework.boot.test.autoconfigure.SpringBootDependencyInjectionTestExecutionListener@210d3a42, org.springframework.test.context.support.DirtiesContextTestExecutionListener@356f20b7, org.springframework.test.context.transaction.TransactionalTestExecutionListener@6f4adaab, org.springframework.test.context.jdbc.SqlScriptsTestExecutionListener@69de72ec, org.springframework.test.context.event.EventPublishingTestExecutionListener@21c99abf, org.springframework.boot.test.mock.mockito.ResetMocksTestExecutionListener@6d6f6ca9, org.springframework.boot.test.autoconfigure.restdocs.RestDocsTestExecutionListener@54496c2d, org.springframework.boot.test.autoconfigure.web.client.MockRestServiceServerResetTestExecutionListener@4e1a3d5a, org.springframework.boot.test.autoconfigure.web.servlet.MockMvcPrintOnlyOnFailureTestExecutionListener@236b4a44, org.springframework.boot.test.autoconfigure.web.servlet.WebDriverTestExecutionListener@35f760a4, org.springframework.boot.test.autoconfigure.webservices.client.MockWebServiceServerTestExecutionListener@2ac05a33]

  .   ____          _            __ _ _
 /\\ / ___'_ __ _ _(_)_ __  __ _ \ \ \ \
( ( )\___ | '_ | '_| | '_ \/ _` | \ \ \ \
 \\/  ___)| |_)| | | | | || (_| |  ) ) ) )
  '  |____| .__|_| |_|_| |_\__, | / / / /
 =========|_|==============|___/=/_/_/_/
 :: Spring Boot ::                (v2.7.4)

2025-10-01 12:03:41.635  INFO 242 --- [           main] i.m.endpoint.EndpointServiceTest         : Starting EndpointServiceTest using Java 11.0.19 on d4db715117c6 with PID 242 (started by root in /IDS-Messaging-Services/messaging)
2025-10-01 12:03:41.635  INFO 242 --- [           main] i.m.endpoint.EndpointServiceTest         : No active profile set, falling back to 1 default profile: "default"
2025-10-01 12:03:42.070  INFO 242 --- [           main] o.s.b.t.m.w.SpringBootMockServletContext : Initializing Spring TestDispatcherServlet ''
2025-10-01 12:03:42.071  INFO 242 --- [           main] o.s.t.web.servlet.TestDispatcherServlet  : Initializing Servlet ''
2025-10-01 12:03:42.071  INFO 242 --- [           main] o.s.t.web.servlet.TestDispatcherServlet  : Completed initialization in 0 ms
2025-10-01 12:03:42.082  INFO 242 --- [           main] i.m.endpoint.EndpointServiceTest         : Started EndpointServiceTest in 0.471 seconds (JVM running for 6.367)
[INFO] Tests run: 1, Failures: 0, Errors: 0, Skipped: 0, Time elapsed: 0.493 s - in ids.messaging.endpoint.EndpointServiceTest
[INFO] Running ids.messaging.endpoint.MessageControllerTest
2025-10-01 12:03:42.094  INFO 242 --- [           main] o.s.t.c.support.AbstractContextLoader    : Could not detect default resource locations for test class [ids.messaging.endpoint.MessageControllerTest]: no resource found for suffixes {-context.xml, Context.groovy}.
2025-10-01 12:03:42.099  INFO 242 --- [           main] .b.t.a.w.s.WebMvcTestContextBootstrapper : Loaded default TestExecutionListener class names from location [META-INF/spring.factories]: [org.springframework.boot.test.mock.mockito.MockitoTestExecutionListener, org.springframework.boot.test.mock.mockito.ResetMocksTestExecutionListener, org.springframework.boot.test.autoconfigure.restdocs.RestDocsTestExecutionListener, org.springframework.boot.test.autoconfigure.web.client.MockRestServiceServerResetTestExecutionListener, org.springframework.boot.test.autoconfigure.web.servlet.MockMvcPrintOnlyOnFailureTestExecutionListener, org.springframework.boot.test.autoconfigure.web.servlet.WebDriverTestExecutionListener, org.springframework.boot.test.autoconfigure.webservices.client.MockWebServiceServerTestExecutionListener, org.springframework.test.context.web.ServletTestExecutionListener, org.springframework.test.context.support.DirtiesContextBeforeModesTestExecutionListener, org.springframework.test.context.event.ApplicationEventsTestExecutionListener, org.springframework.test.context.support.DependencyInjectionTestExecutionListener, org.springframework.test.context.support.DirtiesContextTestExecutionListener, org.springframework.test.context.transaction.TransactionalTestExecutionListener, org.springframework.test.context.jdbc.SqlScriptsTestExecutionListener, org.springframework.test.context.event.EventPublishingTestExecutionListener]
2025-10-01 12:03:42.099  INFO 242 --- [           main] .b.t.a.w.s.WebMvcTestContextBootstrapper : Using TestExecutionListeners: [org.springframework.test.context.web.ServletTestExecutionListener@391dfe7c, org.springframework.test.context.support.DirtiesContextBeforeModesTestExecutionListener@702cfbde, org.springframework.test.context.event.ApplicationEventsTestExecutionListener@7d3bcd3, org.springframework.boot.test.mock.mockito.MockitoTestExecutionListener@5dce5c03, org.springframework.boot.test.autoconfigure.SpringBootDependencyInjectionTestExecutionListener@b76b7d8, org.springframework.test.context.support.DirtiesContextTestExecutionListener@1c135f63, org.springframework.test.context.transaction.TransactionalTestExecutionListener@63c4d16, org.springframework.test.context.jdbc.SqlScriptsTestExecutionListener@29bd2796, org.springframework.test.context.event.EventPublishingTestExecutionListener@174b8d0e, org.springframework.boot.test.mock.mockito.ResetMocksTestExecutionListener@112530c3, org.springframework.boot.test.autoconfigure.restdocs.RestDocsTestExecutionListener@75959b0c, org.springframework.boot.test.autoconfigure.web.client.MockRestServiceServerResetTestExecutionListener@355493bf, org.springframework.boot.test.autoconfigure.web.servlet.MockMvcPrintOnlyOnFailureTestExecutionListener@7ebc5be6, org.springframework.boot.test.autoconfigure.web.servlet.WebDriverTestExecutionListener@4627dfda, org.springframework.boot.test.autoconfigure.webservices.client.MockWebServiceServerTestExecutionListener@1f3361e9]

  .   ____          _            __ _ _
 /\\ / ___'_ __ _ _(_)_ __  __ _ \ \ \ \
( ( )\___ | '_ | '_| | '_ \/ _` | \ \ \ \
 \\/  ___)| |_)| | | | | || (_| |  ) ) ) )
  '  |____| .__|_| |_|_| |_\__, | / / / /
 =========|_|==============|___/=/_/_/_/
 :: Spring Boot ::                (v2.7.4)

2025-10-01 12:03:42.118  INFO 242 --- [           main] i.m.endpoint.MessageControllerTest       : Starting MessageControllerTest using Java 11.0.19 on d4db715117c6 with PID 242 (started by root in /IDS-Messaging-Services/messaging)
2025-10-01 12:03:42.118  INFO 242 --- [           main] i.m.endpoint.MessageControllerTest       : No active profile set, falling back to 1 default profile: "default"
2025-10-01 12:03:42.557  INFO 242 --- [           main] o.s.b.t.m.w.SpringBootMockServletContext : Initializing Spring TestDispatcherServlet ''
2025-10-01 12:03:42.558  INFO 242 --- [           main] o.s.t.web.servlet.TestDispatcherServlet  : Initializing Servlet ''
2025-10-01 12:03:42.558  INFO 242 --- [           main] o.s.t.web.servlet.TestDispatcherServlet  : Completed initialization in 0 ms
2025-10-01 12:03:42.567  INFO 242 --- [           main] i.m.endpoint.MessageControllerTest       : Started MessageControllerTest in 0.465 seconds (JVM running for 6.852)
[ERROR] Tests run: 1, Failures: 0, Errors: 1, Skipped: 0, Time elapsed: 0.533 s <<< FAILURE! - in ids.messaging.endpoint.MessageControllerTest
[ERROR] testGetValidMultipartReturn  Time elapsed: 0.052 s  <<< ERROR!
java.lang.NoSuchMethodError: 'boolean com.fasterxml.jackson.annotation.JsonSubTypes.failOnRepeatedNames()'
	at ids.messaging.endpoint.MessageControllerTest.testGetValidMultipartReturn(MessageControllerTest.java:157)

[INFO] Running ids.messaging.util.SerializerProviderTest
[INFO] Tests run: 1, Failures: 0, Errors: 0, Skipped: 0, Time elapsed: 0.08 s - in ids.messaging.util.SerializerProviderTest
[INFO] Running ids.messaging.util.InfomodelMessageBuilderTest
[ERROR] Tests run: 1, Failures: 0, Errors: 1, Skipped: 0, Time elapsed: 0.085 s <<< FAILURE! - in ids.messaging.util.InfomodelMessageBuilderTest
[ERROR] testBuildMessage  Time elapsed: 0.085 s  <<< ERROR!
java.lang.NoSuchMethodError: 'boolean com.fasterxml.jackson.annotation.JsonSubTypes.failOnRepeatedNames()'
	at ids.messaging.util.InfomodelMessageBuilderTest.testBuildMessage(InfomodelMessageBuilderTest.java:41)

[INFO] Running ids.messaging.util.RequestUtilsTest
2025-10-01 12:03:42.817  INFO 242 --- [           main] ids.messaging.util.RequestUtils          : String [code=(IMSMEI0069)]
[INFO] Tests run: 1, Failures: 0, Errors: 0, Skipped: 0, Time elapsed: 0.011 s - in ids.messaging.util.RequestUtilsTest
[INFO] Running ids.messaging.util.IdsMessageUtilsTest
[ERROR] Tests run: 1, Failures: 1, Errors: 0, Skipped: 0, Time elapsed: 0.11 s <<< FAILURE! - in ids.messaging.util.IdsMessageUtilsTest
[ERROR] testUtils  Time elapsed: 0.11 s  <<< FAILURE!
org.opentest4j.AssertionFailedError: Unexpected exception thrown: java.lang.NoSuchMethodError: 'boolean com.fasterxml.jackson.annotation.JsonSubTypes.failOnRepeatedNames()'
	at ids.messaging.util.IdsMessageUtilsTest.testUtils(IdsMessageUtilsTest.java:60)
Caused by: java.lang.NoSuchMethodError: 'boolean com.fasterxml.jackson.annotation.JsonSubTypes.failOnRepeatedNames()'
	at ids.messaging.util.IdsMessageUtilsTest.lambda$testUtils$0(IdsMessageUtilsTest.java:60)
	at ids.messaging.util.IdsMessageUtilsTest.testUtils(IdsMessageUtilsTest.java:60)

[INFO] Running ids.messaging.protocol.http.IdsHttpServiceTest
2025-10-01 12:03:42.935  INFO 242 --- [           main] o.s.t.c.s.DefaultTestContextBootstrapper : Loaded default TestExecutionListener class names from location [META-INF/spring.factories]: [org.springframework.boot.test.mock.mockito.MockitoTestExecutionListener, org.springframework.boot.test.mock.mockito.ResetMocksTestExecutionListener, org.springframework.boot.test.autoconfigure.restdocs.RestDocsTestExecutionListener, org.springframework.boot.test.autoconfigure.web.client.MockRestServiceServerResetTestExecutionListener, org.springframework.boot.test.autoconfigure.web.servlet.MockMvcPrintOnlyOnFailureTestExecutionListener, org.springframework.boot.test.autoconfigure.web.servlet.WebDriverTestExecutionListener, org.springframework.boot.test.autoconfigure.webservices.client.MockWebServiceServerTestExecutionListener, org.springframework.test.context.web.ServletTestExecutionListener, org.springframework.test.context.support.DirtiesContextBeforeModesTestExecutionListener, org.springframework.test.context.event.ApplicationEventsTestExecutionListener, org.springframework.test.context.support.DependencyInjectionTestExecutionListener, org.springframework.test.context.support.DirtiesContextTestExecutionListener, org.springframework.test.context.transaction.TransactionalTestExecutionListener, org.springframework.test.context.jdbc.SqlScriptsTestExecutionListener, org.springframework.test.context.event.EventPublishingTestExecutionListener]
2025-10-01 12:03:42.936  INFO 242 --- [           main] o.s.t.c.s.DefaultTestContextBootstrapper : Using TestExecutionListeners: [org.springframework.test.context.web.ServletTestExecutionListener@38ba8b45, org.springframework.test.context.support.DirtiesContextBeforeModesTestExecutionListener@41f23499, org.springframework.test.context.event.ApplicationEventsTestExecutionListener@31dbf5bb, org.springframework.boot.test.mock.mockito.MockitoTestExecutionListener@1f19d423, org.springframework.test.context.support.DependencyInjectionTestExecutionListener@73958426, org.springframework.test.context.support.DirtiesContextTestExecutionListener@23933031, org.springframework.test.context.transaction.TransactionalTestExecutionListener@4d0b7fd5, org.springframework.test.context.jdbc.SqlScriptsTestExecutionListener@1ce2029b, org.springframework.test.context.event.EventPublishingTestExecutionListener@43090195, org.springframework.boot.test.mock.mockito.ResetMocksTestExecutionListener@7921a37d, org.springframework.boot.test.autoconfigure.restdocs.RestDocsTestExecutionListener@6fc28e5b, org.springframework.boot.test.autoconfigure.web.client.MockRestServiceServerResetTestExecutionListener@6338afe2, org.springframework.boot.test.autoconfigure.web.servlet.MockMvcPrintOnlyOnFailureTestExecutionListener@68360fb9, org.springframework.boot.test.autoconfigure.web.servlet.WebDriverTestExecutionListener@1c787389, org.springframework.boot.test.autoconfigure.webservices.client.MockWebServiceServerTestExecutionListener@67b3960b]
2025-10-01 12:03:43.049  INFO 242 --- [           main] i.m.protocol.http.IdsHttpService         : Sending request to http://localhost:54185/ ... [code=(IMSMEI0065)]
2025-10-01 12:03:43.089  INFO 242 --- [           main] i.m.protocol.http.IdsHttpService         : Successfully received response to request. [code=(IMSMEI0067)]
2025-10-01 12:03:43.090  INFO 242 --- [           main] i.m.protocol.http.IdsHttpService         : Sending request to http://localhost:54185/ ... [code=(IMSMEI0065)]
2025-10-01 12:03:43.092  INFO 242 --- [           main] i.m.protocol.http.IdsHttpService         : Successfully received response to request. [code=(IMSMEI0067)]
2025-10-01 12:03:43.095  INFO 242 --- [           main] i.m.protocol.http.IdsHttpService         : Sending request to http://localhost:54185/ ... [code=(IMSMEI0065)]
2025-10-01 12:03:43.098  INFO 242 --- [           main] i.m.protocol.http.IdsHttpService         : Successfully received response to request. [code=(IMSMEI0067)]
2025-10-01 12:03:43.100  INFO 242 --- [           main] i.m.protocol.http.IdsHttpService         : Sending request to http://localhost:54185/ ... [code=(IMSMEI0065)]
2025-10-01 12:03:43.101  INFO 242 --- [           main] i.m.protocol.http.IdsHttpService         : Successfully received response to request. [code=(IMSMEI0067)]
2025-10-01 12:03:43.104  INFO 242 --- [           main] i.m.protocol.http.IdsHttpService         : Sending request to http://localhost:54185/ ... [code=(IMSMEI0065)]
[INFO] Tests run: 1, Failures: 0, Errors: 0, Skipped: 0, Time elapsed: 0.187 s - in ids.messaging.protocol.http.IdsHttpServiceTest
[INFO] Running ids.messaging.protocol.multipart.MultipartResponseConverterTest
[ERROR] Tests run: 1, Failures: 0, Errors: 1, Skipped: 0, Time elapsed: 0.319 s <<< FAILURE! - in ids.messaging.protocol.multipart.MultipartResponseConverterTest
[ERROR] testConvertResponse  Time elapsed: 0.319 s  <<< ERROR!
java.lang.NoSuchMethodError: 'boolean com.fasterxml.jackson.annotation.JsonSubTypes.failOnRepeatedNames()'
	at ids.messaging.protocol.multipart.MultipartResponseConverterTest.buildMultipart(MultipartResponseConverterTest.java:211)
	at ids.messaging.protocol.multipart.MultipartResponseConverterTest.testConvertResponse(MultipartResponseConverterTest.java:106)

[INFO] Running ids.messaging.protocol.multipart.parser.MultipartParserTest
2025-10-01 12:03:43.444  INFO 242 --- [           main] i.m.p.m.parser.MultipartParserTest       : --bd9ef8bf-a8c2-4875-b129-737256138732
Content-Disposition: form-data; name="header"
Content-Length: 6

value1
--bd9ef8bf-a8c2-4875-b129-737256138732
Content-Disposition: form-data; name="payload"
Content-Length: 6

value2
--bd9ef8bf-a8c2-4875-b129-737256138732--
 [code=(IMSMEI0070)]
[INFO] Tests run: 1, Failures: 0, Errors: 0, Skipped: 0, Time elapsed: 0.028 s - in ids.messaging.protocol.multipart.parser.MultipartParserTest
[INFO] 
[INFO] Results:
[INFO] 
[ERROR] Failures: 
[ERROR]   IdsMessageUtilsTest.testUtils:60 Unexpected exception thrown: java.lang.NoSuchMethodError: 'boolean com.fasterxml.jackson.annotation.JsonSubTypes.failOnRepeatedNames()'
[ERROR] Errors: 
[ERROR]   MessageControllerTest.testGetValidMultipartReturn:157  NoSuchMethod 'boolean ...
[ERROR]   MultipartResponseConverterTest.testConvertResponse:106->buildMultipart:211  NoSuchMethod
[ERROR]   InfrastructureServiceTest.testInfrastructureService:160  NoSuchMethod 'boolea...
[ERROR]   MessageResponseTest.testResponses:50  NoSuchMethod 'boolean com.fasterxml.jac...
[ERROR]   InfomodelMessageBuilderTest.testBuildMessage:41  NoSuchMethod 'boolean com.fa...
[INFO] 
[ERROR] Tests run: 12, Failures: 1, Errors: 5, Skipped: 0
[INFO] 
[INFO] ------------------------------------------------------------------------
[INFO] Reactor Summary for messaging-services 7.0.1:
[INFO] 
[INFO] messaging-services ................................. SUCCESS [  3.301 s]
[INFO] core ............................................... SUCCESS [ 15.348 s]
[INFO] messaging .......................................... FAILURE [ 10.774 s]
[INFO] clearinghouse ...................................... SKIPPED
[INFO] broker ............................................. SKIPPED
[INFO] vocol .............................................. SKIPPED
[INFO] paris .............................................. SKIPPED
[INFO] appstore ........................................... SKIPPED
[INFO] ------------------------------------------------------------------------
[INFO] BUILD FAILURE
[INFO] ------------------------------------------------------------------------
[INFO] Total time:  29.734 s
[INFO] Finished at: 2025-10-01T12:03:43Z
[INFO] ------------------------------------------------------------------------
[WARNING] 
[WARNING] Plugin validation issues were detected in 4 plugin(s)
[WARNING] 
[WARNING]  * org.apache.maven.plugins:maven-compiler-plugin:3.10.1
[WARNING]  * org.apache.maven.plugins:maven-surefire-plugin:2.22.2
[WARNING]  * org.codehaus.mojo:flatten-maven-plugin:1.3.0
[WARNING]  * org.apache.maven.plugins:maven-resources-plugin:3.3.0
[WARNING] 
[WARNING] For more or less details, use 'maven.plugin.validation' property with one of the values (case insensitive): [BRIEF, DEFAULT, VERBOSE]
[WARNING] 
[ERROR] Failed to execute goal org.apache.maven.plugins:maven-surefire-plugin:2.22.2:test (default-test) on project messaging: There are test failures.
[ERROR] 
[ERROR] Please refer to /IDS-Messaging-Services/messaging/target/surefire-reports for the individual test results.
[ERROR] Please refer to dump files (if any exist) [date].dump, [date]-jvmRun[N].dump and [date].dumpstream.
[ERROR] -> [Help 1]
[ERROR] 
[ERROR] To see the full stack trace of the errors, re-run Maven with the -e switch.
[ERROR] Re-run Maven using the -X switch to enable full debug logging.
[ERROR] 
[ERROR] For more information about the errors and possible solutions, please read the following articles:
[ERROR] [Help 1] http://cwiki.apache.org/confluence/display/MAVEN/MojoFailureException
[ERROR] 
[ERROR] After correcting the problems, you can resume the build with the command
[ERROR]   mvn <args> -rf :messaging
