[INFO] Scanning for projects...
[INFO] 
[INFO] ---------------------< org.pac4j:dropwizard-pac4j >---------------------
[INFO] Building Dropwizard pac4j Support 5.0.1-SNAPSHOT
[INFO]   from pom.xml
[INFO] --------------------------------[ jar ]---------------------------------
[INFO] 
[INFO] --- clean:3.2.0:clean (default-clean) @ dropwizard-pac4j ---
[INFO] Deleting /dropwizard-pac4j/target
[INFO] 
[INFO] --- enforcer:3.2.1:enforce (enforce-maven) @ dropwizard-pac4j ---
[INFO] Rule 0: org.apache.maven.enforcer.rules.version.RequireMavenVersion passed
[INFO] 
[INFO] --- enforcer:3.2.1:enforce (dependency-convergence) @ dropwizard-pac4j ---
[INFO] Rule 0: org.apache.maven.enforcer.rules.dependency.DependencyConvergence passed
[INFO] 
[INFO] --- resources:3.3.0:resources (default-resources) @ dropwizard-pac4j ---
[INFO] skip non existing resourceDirectory /dropwizard-pac4j/src/main/resources
[INFO] 
[INFO] --- compiler:3.10.1:compile (default-compile) @ dropwizard-pac4j ---
[INFO] Changes detected - recompiling the module!
[INFO] Compiling 7 source files to /dropwizard-pac4j/target/classes
[INFO] 
[INFO] >>> pmd:3.20.0:check (run-pmd) > :pmd @ dropwizard-pac4j >>>
[INFO] 
[INFO] --- pmd:3.20.0:pmd (pmd) @ dropwizard-pac4j ---
[WARNING] Unable to locate Source XRef to link to - DISABLED
[WARNING] Unable to locate Source XRef to link to - DISABLED
[WARNING] Unable to locate Source XRef to link to - DISABLED
[INFO] PMD version: 6.53.0
[INFO] Rendering content with org.apache.maven.skins:maven-default-skin:jar:1.3 skin.
[INFO] 
[INFO] <<< pmd:3.20.0:check (run-pmd) < :pmd @ dropwizard-pac4j <<<
[INFO] 
[INFO] 
[INFO] --- pmd:3.20.0:check (run-pmd) @ dropwizard-pac4j ---
[INFO] PMD version: 6.53.0
[INFO] 
[INFO] 
[INFO] --- resources:3.3.0:testResources (default-testResources) @ dropwizard-pac4j ---
[INFO] Copying 10 resources
[INFO] 
[INFO] --- compiler:3.10.1:testCompile (default-testCompile) @ dropwizard-pac4j ---
[INFO] Changes detected - recompiling the module!
[INFO] Compiling 9 source files to /dropwizard-pac4j/target/test-classes
[INFO] /dropwizard-pac4j/src/test/java/org/pac4j/dropwizard/factory/FakeConfigFactory.java: /dropwizard-pac4j/src/test/java/org/pac4j/dropwizard/factory/FakeConfigFactory.java uses unchecked or unsafe operations.
[INFO] /dropwizard-pac4j/src/test/java/org/pac4j/dropwizard/factory/FakeConfigFactory.java: Recompile with -Xlint:unchecked for details.
[INFO] 
[INFO] --- surefire:3.0.0:test (default-test) @ dropwizard-pac4j ---
[INFO] Using auto detected provider org.apache.maven.surefire.junit4.JUnit4Provider
[INFO] 
[INFO] -------------------------------------------------------
[INFO]  T E S T S
[INFO] -------------------------------------------------------
[INFO] Running org.pac4j.dropwizard.bundle.BundleFactoryTest
[ERROR] Tests run: 4, Failures: 0, Errors: 4, Skipped: 0, Time elapsed: 0.512 s <<< FAILURE! - in org.pac4j.dropwizard.bundle.BundleFactoryTest
[ERROR] org.pac4j.dropwizard.bundle.BundleFactoryTest.emptyPac4jInConfig  Time elapsed: 0.29 s  <<< ERROR!
java.lang.NoClassDefFoundError: com/fasterxml/jackson/core/util/JacksonFeature
	at com.fasterxml.jackson.databind.cfg.DatatypeFeatures.defaultFeatures(DatatypeFeatures.java:33)
	at com.fasterxml.jackson.databind.ObjectMapper.<init>(ObjectMapper.java:672)
	at com.fasterxml.jackson.databind.ObjectMapper.<init>(ObjectMapper.java:576)
	at io.dropwizard.jackson.Jackson.newObjectMapper(Jackson.java:28)
	at io.dropwizard.setup.Bootstrap.<init>(Bootstrap.java:64)
	at io.dropwizard.testing.DropwizardTestSupport$2.<init>(DropwizardTestSupport.java:288)
	at io.dropwizard.testing.DropwizardTestSupport.startIfRequired(DropwizardTestSupport.java:288)
	at io.dropwizard.testing.DropwizardTestSupport.before(DropwizardTestSupport.java:223)
	at org.pac4j.dropwizard.AbstractApplicationTest.setup(AbstractApplicationTest.java:31)
	at org.pac4j.dropwizard.bundle.BundleFactoryTest.emptyPac4jInConfig(BundleFactoryTest.java:47)
	at java.base/jdk.internal.reflect.NativeMethodAccessorImpl.invoke0(Native Method)
	at java.base/jdk.internal.reflect.NativeMethodAccessorImpl.invoke(NativeMethodAccessorImpl.java:62)
	at java.base/jdk.internal.reflect.DelegatingMethodAccessorImpl.invoke(DelegatingMethodAccessorImpl.java:43)
	at java.base/java.lang.reflect.Method.invoke(Method.java:566)
	at org.junit.runners.model.FrameworkMethod$1.runReflectiveCall(FrameworkMethod.java:50)
	at org.junit.internal.runners.model.ReflectiveCallable.run(ReflectiveCallable.java:12)
	at org.junit.runners.model.FrameworkMethod.invokeExplosively(FrameworkMethod.java:47)
	at org.junit.internal.runners.statements.InvokeMethod.evaluate(InvokeMethod.java:17)
	at org.junit.internal.runners.statements.RunAfters.evaluate(RunAfters.java:27)
	at org.junit.runners.ParentRunner.runLeaf(ParentRunner.java:325)
	at org.junit.runners.BlockJUnit4ClassRunner.runChild(BlockJUnit4ClassRunner.java:78)
	at org.junit.runners.BlockJUnit4ClassRunner.runChild(BlockJUnit4ClassRunner.java:57)
	at org.junit.runners.ParentRunner$3.run(ParentRunner.java:290)
	at org.junit.runners.ParentRunner$1.schedule(ParentRunner.java:71)
	at org.junit.runners.ParentRunner.runChildren(ParentRunner.java:288)
	at org.junit.runners.ParentRunner.access$000(ParentRunner.java:58)
	at org.junit.runners.ParentRunner$2.evaluate(ParentRunner.java:268)
	at org.junit.runners.ParentRunner.run(ParentRunner.java:363)
	at org.apache.maven.surefire.junit4.JUnit4Provider.execute(JUnit4Provider.java:316)
	at org.apache.maven.surefire.junit4.JUnit4Provider.executeWithRerun(JUnit4Provider.java:240)
	at org.apache.maven.surefire.junit4.JUnit4Provider.executeTestSet(JUnit4Provider.java:214)
	at org.apache.maven.surefire.junit4.JUnit4Provider.invoke(JUnit4Provider.java:155)
	at org.apache.maven.surefire.booter.ForkedBooter.runSuitesInProcess(ForkedBooter.java:385)
	at org.apache.maven.surefire.booter.ForkedBooter.execute(ForkedBooter.java:162)
	at org.apache.maven.surefire.booter.ForkedBooter.run(ForkedBooter.java:507)
	at org.apache.maven.surefire.booter.ForkedBooter.main(ForkedBooter.java:495)
Caused by: java.lang.ClassNotFoundException: com.fasterxml.jackson.core.util.JacksonFeature
	at java.base/jdk.internal.loader.BuiltinClassLoader.loadClass(BuiltinClassLoader.java:581)
	at java.base/jdk.internal.loader.ClassLoaders$AppClassLoader.loadClass(ClassLoaders.java:178)
	at java.base/java.lang.ClassLoader.loadClass(ClassLoader.java:522)
	... 36 more

[ERROR] org.pac4j.dropwizard.bundle.BundleFactoryTest.sessiondisabledForced  Time elapsed: 0.003 s  <<< ERROR!
java.lang.NoClassDefFoundError: com/fasterxml/jackson/core/util/JacksonFeature
	at com.fasterxml.jackson.databind.cfg.DatatypeFeatures.defaultFeatures(DatatypeFeatures.java:33)
	at com.fasterxml.jackson.databind.ObjectMapper.<init>(ObjectMapper.java:672)
	at com.fasterxml.jackson.databind.ObjectMapper.<init>(ObjectMapper.java:576)
	at io.dropwizard.jackson.Jackson.newObjectMapper(Jackson.java:28)
	at io.dropwizard.setup.Bootstrap.<init>(Bootstrap.java:64)
	at io.dropwizard.testing.DropwizardTestSupport$2.<init>(DropwizardTestSupport.java:288)
	at io.dropwizard.testing.DropwizardTestSupport.startIfRequired(DropwizardTestSupport.java:288)
	at io.dropwizard.testing.DropwizardTestSupport.before(DropwizardTestSupport.java:223)
	at org.pac4j.dropwizard.AbstractApplicationTest.setup(AbstractApplicationTest.java:31)
	at org.pac4j.dropwizard.bundle.BundleFactoryTest.sessiondisabledForced(BundleFactoryTest.java:83)
	at java.base/jdk.internal.reflect.NativeMethodAccessorImpl.invoke0(Native Method)
	at java.base/jdk.internal.reflect.NativeMethodAccessorImpl.invoke(NativeMethodAccessorImpl.java:62)
	at java.base/jdk.internal.reflect.DelegatingMethodAccessorImpl.invoke(DelegatingMethodAccessorImpl.java:43)
	at java.base/java.lang.reflect.Method.invoke(Method.java:566)
	at org.junit.runners.model.FrameworkMethod$1.runReflectiveCall(FrameworkMethod.java:50)
	at org.junit.internal.runners.model.ReflectiveCallable.run(ReflectiveCallable.java:12)
	at org.junit.runners.model.FrameworkMethod.invokeExplosively(FrameworkMethod.java:47)
	at org.junit.internal.runners.statements.InvokeMethod.evaluate(InvokeMethod.java:17)
	at org.junit.internal.runners.statements.RunAfters.evaluate(RunAfters.java:27)
	at org.junit.runners.ParentRunner.runLeaf(ParentRunner.java:325)
	at org.junit.runners.BlockJUnit4ClassRunner.runChild(BlockJUnit4ClassRunner.java:78)
	at org.junit.runners.BlockJUnit4ClassRunner.runChild(BlockJUnit4ClassRunner.java:57)
	at org.junit.runners.ParentRunner$3.run(ParentRunner.java:290)
	at org.junit.runners.ParentRunner$1.schedule(ParentRunner.java:71)
	at org.junit.runners.ParentRunner.runChildren(ParentRunner.java:288)
	at org.junit.runners.ParentRunner.access$000(ParentRunner.java:58)
	at org.junit.runners.ParentRunner$2.evaluate(ParentRunner.java:268)
	at org.junit.runners.ParentRunner.run(ParentRunner.java:363)
	at org.apache.maven.surefire.junit4.JUnit4Provider.execute(JUnit4Provider.java:316)
	at org.apache.maven.surefire.junit4.JUnit4Provider.executeWithRerun(JUnit4Provider.java:240)
	at org.apache.maven.surefire.junit4.JUnit4Provider.executeTestSet(JUnit4Provider.java:214)
	at org.apache.maven.surefire.junit4.JUnit4Provider.invoke(JUnit4Provider.java:155)
	at org.apache.maven.surefire.booter.ForkedBooter.runSuitesInProcess(ForkedBooter.java:385)
	at org.apache.maven.surefire.booter.ForkedBooter.execute(ForkedBooter.java:162)
	at org.apache.maven.surefire.booter.ForkedBooter.run(ForkedBooter.java:507)
	at org.apache.maven.surefire.booter.ForkedBooter.main(ForkedBooter.java:495)
Caused by: java.lang.ClassNotFoundException: com.fasterxml.jackson.core.util.JacksonFeature
	at java.base/jdk.internal.loader.BuiltinClassLoader.loadClass(BuiltinClassLoader.java:581)
	at java.base/jdk.internal.loader.ClassLoaders$AppClassLoader.loadClass(ClassLoaders.java:178)
	at java.base/java.lang.ClassLoader.loadClass(ClassLoader.java:522)
	... 36 more

[ERROR] org.pac4j.dropwizard.bundle.BundleFactoryTest.noPac4jInConfig  Time elapsed: 0.003 s  <<< ERROR!
java.lang.NoClassDefFoundError: com/fasterxml/jackson/core/util/JacksonFeature
	at com.fasterxml.jackson.databind.cfg.DatatypeFeatures.defaultFeatures(DatatypeFeatures.java:33)
	at com.fasterxml.jackson.databind.ObjectMapper.<init>(ObjectMapper.java:672)
	at com.fasterxml.jackson.databind.ObjectMapper.<init>(ObjectMapper.java:576)
	at io.dropwizard.jackson.Jackson.newObjectMapper(Jackson.java:28)
	at io.dropwizard.setup.Bootstrap.<init>(Bootstrap.java:64)
	at io.dropwizard.testing.DropwizardTestSupport$2.<init>(DropwizardTestSupport.java:288)
	at io.dropwizard.testing.DropwizardTestSupport.startIfRequired(DropwizardTestSupport.java:288)
	at io.dropwizard.testing.DropwizardTestSupport.before(DropwizardTestSupport.java:223)
	at org.pac4j.dropwizard.AbstractApplicationTest.setup(AbstractApplicationTest.java:31)
	at org.pac4j.dropwizard.bundle.BundleFactoryTest.noPac4jInConfig(BundleFactoryTest.java:31)
	at java.base/jdk.internal.reflect.NativeMethodAccessorImpl.invoke0(Native Method)
	at java.base/jdk.internal.reflect.NativeMethodAccessorImpl.invoke(NativeMethodAccessorImpl.java:62)
	at java.base/jdk.internal.reflect.DelegatingMethodAccessorImpl.invoke(DelegatingMethodAccessorImpl.java:43)
	at java.base/java.lang.reflect.Method.invoke(Method.java:566)
	at org.junit.runners.model.FrameworkMethod$1.runReflectiveCall(FrameworkMethod.java:50)
	at org.junit.internal.runners.model.ReflectiveCallable.run(ReflectiveCallable.java:12)
	at org.junit.runners.model.FrameworkMethod.invokeExplosively(FrameworkMethod.java:47)
	at org.junit.internal.runners.statements.InvokeMethod.evaluate(InvokeMethod.java:17)
	at org.junit.internal.runners.statements.RunAfters.evaluate(RunAfters.java:27)
	at org.junit.runners.ParentRunner.runLeaf(ParentRunner.java:325)
	at org.junit.runners.BlockJUnit4ClassRunner.runChild(BlockJUnit4ClassRunner.java:78)
	at org.junit.runners.BlockJUnit4ClassRunner.runChild(BlockJUnit4ClassRunner.java:57)
	at org.junit.runners.ParentRunner$3.run(ParentRunner.java:290)
	at org.junit.runners.ParentRunner$1.schedule(ParentRunner.java:71)
	at org.junit.runners.ParentRunner.runChildren(ParentRunner.java:288)
	at org.junit.runners.ParentRunner.access$000(ParentRunner.java:58)
	at org.junit.runners.ParentRunner$2.evaluate(ParentRunner.java:268)
	at org.junit.runners.ParentRunner.run(ParentRunner.java:363)
	at org.apache.maven.surefire.junit4.JUnit4Provider.execute(JUnit4Provider.java:316)
	at org.apache.maven.surefire.junit4.JUnit4Provider.executeWithRerun(JUnit4Provider.java:240)
	at org.apache.maven.surefire.junit4.JUnit4Provider.executeTestSet(JUnit4Provider.java:214)
	at org.apache.maven.surefire.junit4.JUnit4Provider.invoke(JUnit4Provider.java:155)
	at org.apache.maven.surefire.booter.ForkedBooter.runSuitesInProcess(ForkedBooter.java:385)
	at org.apache.maven.surefire.booter.ForkedBooter.execute(ForkedBooter.java:162)
	at org.apache.maven.surefire.booter.ForkedBooter.run(ForkedBooter.java:507)
	at org.apache.maven.surefire.booter.ForkedBooter.main(ForkedBooter.java:495)
Caused by: java.lang.ClassNotFoundException: com.fasterxml.jackson.core.util.JacksonFeature
	at java.base/jdk.internal.loader.BuiltinClassLoader.loadClass(BuiltinClassLoader.java:581)
	at java.base/jdk.internal.loader.ClassLoaders$AppClassLoader.loadClass(ClassLoaders.java:178)
	at java.base/java.lang.ClassLoader.loadClass(ClassLoader.java:522)
	... 36 more

[ERROR] org.pac4j.dropwizard.bundle.BundleFactoryTest.sessionEnabledForced  Time elapsed: 0.002 s  <<< ERROR!
java.lang.NoClassDefFoundError: com/fasterxml/jackson/core/util/JacksonFeature
	at com.fasterxml.jackson.databind.cfg.DatatypeFeatures.defaultFeatures(DatatypeFeatures.java:33)
	at com.fasterxml.jackson.databind.ObjectMapper.<init>(ObjectMapper.java:672)
	at com.fasterxml.jackson.databind.ObjectMapper.<init>(ObjectMapper.java:576)
	at io.dropwizard.jackson.Jackson.newObjectMapper(Jackson.java:28)
	at io.dropwizard.setup.Bootstrap.<init>(Bootstrap.java:64)
	at io.dropwizard.testing.DropwizardTestSupport$2.<init>(DropwizardTestSupport.java:288)
	at io.dropwizard.testing.DropwizardTestSupport.startIfRequired(DropwizardTestSupport.java:288)
	at io.dropwizard.testing.DropwizardTestSupport.before(DropwizardTestSupport.java:223)
	at org.pac4j.dropwizard.AbstractApplicationTest.setup(AbstractApplicationTest.java:31)
	at org.pac4j.dropwizard.bundle.BundleFactoryTest.sessionEnabledForced(BundleFactoryTest.java:68)
	at java.base/jdk.internal.reflect.NativeMethodAccessorImpl.invoke0(Native Method)
	at java.base/jdk.internal.reflect.NativeMethodAccessorImpl.invoke(NativeMethodAccessorImpl.java:62)
	at java.base/jdk.internal.reflect.DelegatingMethodAccessorImpl.invoke(DelegatingMethodAccessorImpl.java:43)
	at java.base/java.lang.reflect.Method.invoke(Method.java:566)
	at org.junit.runners.model.FrameworkMethod$1.runReflectiveCall(FrameworkMethod.java:50)
	at org.junit.internal.runners.model.ReflectiveCallable.run(ReflectiveCallable.java:12)
	at org.junit.runners.model.FrameworkMethod.invokeExplosively(FrameworkMethod.java:47)
	at org.junit.internal.runners.statements.InvokeMethod.evaluate(InvokeMethod.java:17)
	at org.junit.internal.runners.statements.RunAfters.evaluate(RunAfters.java:27)
	at org.junit.runners.ParentRunner.runLeaf(ParentRunner.java:325)
	at org.junit.runners.BlockJUnit4ClassRunner.runChild(BlockJUnit4ClassRunner.java:78)
	at org.junit.runners.BlockJUnit4ClassRunner.runChild(BlockJUnit4ClassRunner.java:57)
	at org.junit.runners.ParentRunner$3.run(ParentRunner.java:290)
	at org.junit.runners.ParentRunner$1.schedule(ParentRunner.java:71)
	at org.junit.runners.ParentRunner.runChildren(ParentRunner.java:288)
	at org.junit.runners.ParentRunner.access$000(ParentRunner.java:58)
	at org.junit.runners.ParentRunner$2.evaluate(ParentRunner.java:268)
	at org.junit.runners.ParentRunner.run(ParentRunner.java:363)
	at org.apache.maven.surefire.junit4.JUnit4Provider.execute(JUnit4Provider.java:316)
	at org.apache.maven.surefire.junit4.JUnit4Provider.executeWithRerun(JUnit4Provider.java:240)
	at org.apache.maven.surefire.junit4.JUnit4Provider.executeTestSet(JUnit4Provider.java:214)
	at org.apache.maven.surefire.junit4.JUnit4Provider.invoke(JUnit4Provider.java:155)
	at org.apache.maven.surefire.booter.ForkedBooter.runSuitesInProcess(ForkedBooter.java:385)
	at org.apache.maven.surefire.booter.ForkedBooter.execute(ForkedBooter.java:162)
	at org.apache.maven.surefire.booter.ForkedBooter.run(ForkedBooter.java:507)
	at org.apache.maven.surefire.booter.ForkedBooter.main(ForkedBooter.java:495)
Caused by: java.lang.ClassNotFoundException: com.fasterxml.jackson.core.util.JacksonFeature
	at java.base/jdk.internal.loader.BuiltinClassLoader.loadClass(BuiltinClassLoader.java:581)
	at java.base/jdk.internal.loader.ClassLoaders$AppClassLoader.loadClass(ClassLoaders.java:178)
	at java.base/java.lang.ClassLoader.loadClass(ClassLoader.java:522)
	... 36 more

[INFO] Running org.pac4j.dropwizard.factory.DefaultConfigurationTest
[ERROR] Tests run: 6, Failures: 0, Errors: 6, Skipped: 0, Time elapsed: 0.009 s <<< FAILURE! - in org.pac4j.dropwizard.factory.DefaultConfigurationTest
[ERROR] org.pac4j.dropwizard.factory.DefaultConfigurationTest.matchers  Time elapsed: 0 s  <<< ERROR!
java.lang.NoClassDefFoundError: com/fasterxml/jackson/core/util/JacksonFeature
	at com.fasterxml.jackson.databind.cfg.DatatypeFeatures.defaultFeatures(DatatypeFeatures.java:33)
	at com.fasterxml.jackson.databind.ObjectMapper.<init>(ObjectMapper.java:672)
	at com.fasterxml.jackson.databind.ObjectMapper.<init>(ObjectMapper.java:576)
	at io.dropwizard.jackson.Jackson.newObjectMapper(Jackson.java:28)
	at org.pac4j.dropwizard.AbstractConfigurationTest.getPac4jFactory(AbstractConfigurationTest.java:23)
	at org.pac4j.dropwizard.AbstractConfigurationTest.getPac4jFactory(AbstractConfigurationTest.java:44)
	at org.pac4j.dropwizard.factory.DefaultConfigurationTest.matchers(DefaultConfigurationTest.java:25)
	at java.base/jdk.internal.reflect.NativeMethodAccessorImpl.invoke0(Native Method)
	at java.base/jdk.internal.reflect.NativeMethodAccessorImpl.invoke(NativeMethodAccessorImpl.java:62)
	at java.base/jdk.internal.reflect.DelegatingMethodAccessorImpl.invoke(DelegatingMethodAccessorImpl.java:43)
	at java.base/java.lang.reflect.Method.invoke(Method.java:566)
	at org.junit.runners.model.FrameworkMethod$1.runReflectiveCall(FrameworkMethod.java:50)
	at org.junit.internal.runners.model.ReflectiveCallable.run(ReflectiveCallable.java:12)
	at org.junit.runners.model.FrameworkMethod.invokeExplosively(FrameworkMethod.java:47)
	at org.junit.internal.runners.statements.InvokeMethod.evaluate(InvokeMethod.java:17)
	at org.junit.runners.ParentRunner.runLeaf(ParentRunner.java:325)
	at org.junit.runners.BlockJUnit4ClassRunner.runChild(BlockJUnit4ClassRunner.java:78)
	at org.junit.runners.BlockJUnit4ClassRunner.runChild(BlockJUnit4ClassRunner.java:57)
	at org.junit.runners.ParentRunner$3.run(ParentRunner.java:290)
	at org.junit.runners.ParentRunner$1.schedule(ParentRunner.java:71)
	at org.junit.runners.ParentRunner.runChildren(ParentRunner.java:288)
	at org.junit.runners.ParentRunner.access$000(ParentRunner.java:58)
	at org.junit.runners.ParentRunner$2.evaluate(ParentRunner.java:268)
	at org.junit.runners.ParentRunner.run(ParentRunner.java:363)
	at org.apache.maven.surefire.junit4.JUnit4Provider.execute(JUnit4Provider.java:316)
	at org.apache.maven.surefire.junit4.JUnit4Provider.executeWithRerun(JUnit4Provider.java:240)
	at org.apache.maven.surefire.junit4.JUnit4Provider.executeTestSet(JUnit4Provider.java:214)
	at org.apache.maven.surefire.junit4.JUnit4Provider.invoke(JUnit4Provider.java:155)
	at org.apache.maven.surefire.booter.ForkedBooter.runSuitesInProcess(ForkedBooter.java:385)
	at org.apache.maven.surefire.booter.ForkedBooter.execute(ForkedBooter.java:162)
	at org.apache.maven.surefire.booter.ForkedBooter.run(ForkedBooter.java:507)
	at org.apache.maven.surefire.booter.ForkedBooter.main(ForkedBooter.java:495)
Caused by: java.lang.ClassNotFoundException: com.fasterxml.jackson.core.util.JacksonFeature
	at java.base/jdk.internal.loader.BuiltinClassLoader.loadClass(BuiltinClassLoader.java:581)
	at java.base/jdk.internal.loader.ClassLoaders$AppClassLoader.loadClass(ClassLoaders.java:178)
	at java.base/java.lang.ClassLoader.loadClass(ClassLoader.java:522)
	... 32 more

[ERROR] org.pac4j.dropwizard.factory.DefaultConfigurationTest.allOptionsClients  Time elapsed: 0 s  <<< ERROR!
java.lang.NoClassDefFoundError: com/fasterxml/jackson/core/util/JacksonFeature
	at com.fasterxml.jackson.databind.cfg.DatatypeFeatures.defaultFeatures(DatatypeFeatures.java:33)
	at com.fasterxml.jackson.databind.ObjectMapper.<init>(ObjectMapper.java:672)
	at com.fasterxml.jackson.databind.ObjectMapper.<init>(ObjectMapper.java:576)
	at io.dropwizard.jackson.Jackson.newObjectMapper(Jackson.java:28)
	at org.pac4j.dropwizard.AbstractConfigurationTest.getPac4jFactory(AbstractConfigurationTest.java:23)
	at org.pac4j.dropwizard.AbstractConfigurationTest.getPac4jFactory(AbstractConfigurationTest.java:44)
	at org.pac4j.dropwizard.factory.DefaultConfigurationTest.allOptionsClients(DefaultConfigurationTest.java:60)
	at java.base/jdk.internal.reflect.NativeMethodAccessorImpl.invoke0(Native Method)
	at java.base/jdk.internal.reflect.NativeMethodAccessorImpl.invoke(NativeMethodAccessorImpl.java:62)
	at java.base/jdk.internal.reflect.DelegatingMethodAccessorImpl.invoke(DelegatingMethodAccessorImpl.java:43)
	at java.base/java.lang.reflect.Method.invoke(Method.java:566)
	at org.junit.runners.model.FrameworkMethod$1.runReflectiveCall(FrameworkMethod.java:50)
	at org.junit.internal.runners.model.ReflectiveCallable.run(ReflectiveCallable.java:12)
	at org.junit.runners.model.FrameworkMethod.invokeExplosively(FrameworkMethod.java:47)
	at org.junit.internal.runners.statements.InvokeMethod.evaluate(InvokeMethod.java:17)
	at org.junit.runners.ParentRunner.runLeaf(ParentRunner.java:325)
	at org.junit.runners.BlockJUnit4ClassRunner.runChild(BlockJUnit4ClassRunner.java:78)
	at org.junit.runners.BlockJUnit4ClassRunner.runChild(BlockJUnit4ClassRunner.java:57)
	at org.junit.runners.ParentRunner$3.run(ParentRunner.java:290)
	at org.junit.runners.ParentRunner$1.schedule(ParentRunner.java:71)
	at org.junit.runners.ParentRunner.runChildren(ParentRunner.java:288)
	at org.junit.runners.ParentRunner.access$000(ParentRunner.java:58)
	at org.junit.runners.ParentRunner$2.evaluate(ParentRunner.java:268)
	at org.junit.runners.ParentRunner.run(ParentRunner.java:363)
	at org.apache.maven.surefire.junit4.JUnit4Provider.execute(JUnit4Provider.java:316)
	at org.apache.maven.surefire.junit4.JUnit4Provider.executeWithRerun(JUnit4Provider.java:240)
	at org.apache.maven.surefire.junit4.JUnit4Provider.executeTestSet(JUnit4Provider.java:214)
	at org.apache.maven.surefire.junit4.JUnit4Provider.invoke(JUnit4Provider.java:155)
	at org.apache.maven.surefire.booter.ForkedBooter.runSuitesInProcess(ForkedBooter.java:385)
	at org.apache.maven.surefire.booter.ForkedBooter.execute(ForkedBooter.java:162)
	at org.apache.maven.surefire.booter.ForkedBooter.run(ForkedBooter.java:507)
	at org.apache.maven.surefire.booter.ForkedBooter.main(ForkedBooter.java:495)
Caused by: java.lang.ClassNotFoundException: com.fasterxml.jackson.core.util.JacksonFeature
	at java.base/jdk.internal.loader.BuiltinClassLoader.loadClass(BuiltinClassLoader.java:581)
	at java.base/jdk.internal.loader.ClassLoaders$AppClassLoader.loadClass(ClassLoaders.java:178)
	at java.base/java.lang.ClassLoader.loadClass(ClassLoader.java:522)
	... 32 more

[ERROR] org.pac4j.dropwizard.factory.DefaultConfigurationTest.clientsAndProperties  Time elapsed: 0 s  <<< ERROR!
java.lang.NoClassDefFoundError: com/fasterxml/jackson/core/util/JacksonFeature
	at com.fasterxml.jackson.databind.cfg.DatatypeFeatures.defaultFeatures(DatatypeFeatures.java:33)
	at com.fasterxml.jackson.databind.ObjectMapper.<init>(ObjectMapper.java:672)
	at com.fasterxml.jackson.databind.ObjectMapper.<init>(ObjectMapper.java:576)
	at io.dropwizard.jackson.Jackson.newObjectMapper(Jackson.java:28)
	at org.pac4j.dropwizard.AbstractConfigurationTest.getPac4jFactory(AbstractConfigurationTest.java:23)
	at org.pac4j.dropwizard.AbstractConfigurationTest.getPac4jFactory(AbstractConfigurationTest.java:44)
	at org.pac4j.dropwizard.factory.DefaultConfigurationTest.clientsAndProperties(DefaultConfigurationTest.java:86)
	at java.base/jdk.internal.reflect.NativeMethodAccessorImpl.invoke0(Native Method)
	at java.base/jdk.internal.reflect.NativeMethodAccessorImpl.invoke(NativeMethodAccessorImpl.java:62)
	at java.base/jdk.internal.reflect.DelegatingMethodAccessorImpl.invoke(DelegatingMethodAccessorImpl.java:43)
	at java.base/java.lang.reflect.Method.invoke(Method.java:566)
	at org.junit.runners.model.FrameworkMethod$1.runReflectiveCall(FrameworkMethod.java:50)
	at org.junit.internal.runners.model.ReflectiveCallable.run(ReflectiveCallable.java:12)
	at org.junit.runners.model.FrameworkMethod.invokeExplosively(FrameworkMethod.java:47)
	at org.junit.internal.runners.statements.InvokeMethod.evaluate(InvokeMethod.java:17)
	at org.junit.runners.ParentRunner.runLeaf(ParentRunner.java:325)
	at org.junit.runners.BlockJUnit4ClassRunner.runChild(BlockJUnit4ClassRunner.java:78)
	at org.junit.runners.BlockJUnit4ClassRunner.runChild(BlockJUnit4ClassRunner.java:57)
	at org.junit.runners.ParentRunner$3.run(ParentRunner.java:290)
	at org.junit.runners.ParentRunner$1.schedule(ParentRunner.java:71)
	at org.junit.runners.ParentRunner.runChildren(ParentRunner.java:288)
	at org.junit.runners.ParentRunner.access$000(ParentRunner.java:58)
	at org.junit.runners.ParentRunner$2.evaluate(ParentRunner.java:268)
	at org.junit.runners.ParentRunner.run(ParentRunner.java:363)
	at org.apache.maven.surefire.junit4.JUnit4Provider.execute(JUnit4Provider.java:316)
	at org.apache.maven.surefire.junit4.JUnit4Provider.executeWithRerun(JUnit4Provider.java:240)
	at org.apache.maven.surefire.junit4.JUnit4Provider.executeTestSet(JUnit4Provider.java:214)
	at org.apache.maven.surefire.junit4.JUnit4Provider.invoke(JUnit4Provider.java:155)
	at org.apache.maven.surefire.booter.ForkedBooter.runSuitesInProcess(ForkedBooter.java:385)
	at org.apache.maven.surefire.booter.ForkedBooter.execute(ForkedBooter.java:162)
	at org.apache.maven.surefire.booter.ForkedBooter.run(ForkedBooter.java:507)
	at org.apache.maven.surefire.booter.ForkedBooter.main(ForkedBooter.java:495)
Caused by: java.lang.ClassNotFoundException: com.fasterxml.jackson.core.util.JacksonFeature
	at java.base/jdk.internal.loader.BuiltinClassLoader.loadClass(BuiltinClassLoader.java:581)
	at java.base/jdk.internal.loader.ClassLoaders$AppClassLoader.loadClass(ClassLoaders.java:178)
	at java.base/java.lang.ClassLoader.loadClass(ClassLoader.java:522)
	... 32 more

[ERROR] org.pac4j.dropwizard.factory.DefaultConfigurationTest.clients  Time elapsed: 0 s  <<< ERROR!
java.lang.NoClassDefFoundError: com/fasterxml/jackson/core/util/JacksonFeature
	at com.fasterxml.jackson.databind.cfg.DatatypeFeatures.defaultFeatures(DatatypeFeatures.java:33)
	at com.fasterxml.jackson.databind.ObjectMapper.<init>(ObjectMapper.java:672)
	at com.fasterxml.jackson.databind.ObjectMapper.<init>(ObjectMapper.java:576)
	at io.dropwizard.jackson.Jackson.newObjectMapper(Jackson.java:28)
	at org.pac4j.dropwizard.AbstractConfigurationTest.getPac4jFactory(AbstractConfigurationTest.java:23)
	at org.pac4j.dropwizard.AbstractConfigurationTest.getPac4jFactory(AbstractConfigurationTest.java:44)
	at org.pac4j.dropwizard.factory.DefaultConfigurationTest.clients(DefaultConfigurationTest.java:39)
	at java.base/jdk.internal.reflect.NativeMethodAccessorImpl.invoke0(Native Method)
	at java.base/jdk.internal.reflect.NativeMethodAccessorImpl.invoke(NativeMethodAccessorImpl.java:62)
	at java.base/jdk.internal.reflect.DelegatingMethodAccessorImpl.invoke(DelegatingMethodAccessorImpl.java:43)
	at java.base/java.lang.reflect.Method.invoke(Method.java:566)
	at org.junit.runners.model.FrameworkMethod$1.runReflectiveCall(FrameworkMethod.java:50)
	at org.junit.internal.runners.model.ReflectiveCallable.run(ReflectiveCallable.java:12)
	at org.junit.runners.model.FrameworkMethod.invokeExplosively(FrameworkMethod.java:47)
	at org.junit.internal.runners.statements.InvokeMethod.evaluate(InvokeMethod.java:17)
	at org.junit.runners.ParentRunner.runLeaf(ParentRunner.java:325)
	at org.junit.runners.BlockJUnit4ClassRunner.runChild(BlockJUnit4ClassRunner.java:78)
	at org.junit.runners.BlockJUnit4ClassRunner.runChild(BlockJUnit4ClassRunner.java:57)
	at org.junit.runners.ParentRunner$3.run(ParentRunner.java:290)
	at org.junit.runners.ParentRunner$1.schedule(ParentRunner.java:71)
	at org.junit.runners.ParentRunner.runChildren(ParentRunner.java:288)
	at org.junit.runners.ParentRunner.access$000(ParentRunner.java:58)
	at org.junit.runners.ParentRunner$2.evaluate(ParentRunner.java:268)
	at org.junit.runners.ParentRunner.run(ParentRunner.java:363)
	at org.apache.maven.surefire.junit4.JUnit4Provider.execute(JUnit4Provider.java:316)
	at org.apache.maven.surefire.junit4.JUnit4Provider.executeWithRerun(JUnit4Provider.java:240)
	at org.apache.maven.surefire.junit4.JUnit4Provider.executeTestSet(JUnit4Provider.java:214)
	at org.apache.maven.surefire.junit4.JUnit4Provider.invoke(JUnit4Provider.java:155)
	at org.apache.maven.surefire.booter.ForkedBooter.runSuitesInProcess(ForkedBooter.java:385)
	at org.apache.maven.surefire.booter.ForkedBooter.execute(ForkedBooter.java:162)
	at org.apache.maven.surefire.booter.ForkedBooter.run(ForkedBooter.java:507)
	at org.apache.maven.surefire.booter.ForkedBooter.main(ForkedBooter.java:495)
Caused by: java.lang.ClassNotFoundException: com.fasterxml.jackson.core.util.JacksonFeature
	at java.base/jdk.internal.loader.BuiltinClassLoader.loadClass(BuiltinClassLoader.java:581)
	at java.base/jdk.internal.loader.ClassLoaders$AppClassLoader.loadClass(ClassLoaders.java:178)
	at java.base/java.lang.ClassLoader.loadClass(ClassLoader.java:522)
	... 32 more

[ERROR] org.pac4j.dropwizard.factory.DefaultConfigurationTest.clientsProperties  Time elapsed: 0 s  <<< ERROR!
java.lang.NoClassDefFoundError: com/fasterxml/jackson/core/util/JacksonFeature
	at com.fasterxml.jackson.databind.cfg.DatatypeFeatures.defaultFeatures(DatatypeFeatures.java:33)
	at com.fasterxml.jackson.databind.ObjectMapper.<init>(ObjectMapper.java:672)
	at com.fasterxml.jackson.databind.ObjectMapper.<init>(ObjectMapper.java:576)
	at io.dropwizard.jackson.Jackson.newObjectMapper(Jackson.java:28)
	at org.pac4j.dropwizard.AbstractConfigurationTest.getPac4jFactory(AbstractConfigurationTest.java:23)
	at org.pac4j.dropwizard.AbstractConfigurationTest.getPac4jFactory(AbstractConfigurationTest.java:44)
	at org.pac4j.dropwizard.factory.DefaultConfigurationTest.clientsProperties(DefaultConfigurationTest.java:109)
	at java.base/jdk.internal.reflect.NativeMethodAccessorImpl.invoke0(Native Method)
	at java.base/jdk.internal.reflect.NativeMethodAccessorImpl.invoke(NativeMethodAccessorImpl.java:62)
	at java.base/jdk.internal.reflect.DelegatingMethodAccessorImpl.invoke(DelegatingMethodAccessorImpl.java:43)
	at java.base/java.lang.reflect.Method.invoke(Method.java:566)
	at org.junit.runners.model.FrameworkMethod$1.runReflectiveCall(FrameworkMethod.java:50)
	at org.junit.internal.runners.model.ReflectiveCallable.run(ReflectiveCallable.java:12)
	at org.junit.runners.model.FrameworkMethod.invokeExplosively(FrameworkMethod.java:47)
	at org.junit.internal.runners.statements.InvokeMethod.evaluate(InvokeMethod.java:17)
	at org.junit.runners.ParentRunner.runLeaf(ParentRunner.java:325)
	at org.junit.runners.BlockJUnit4ClassRunner.runChild(BlockJUnit4ClassRunner.java:78)
	at org.junit.runners.BlockJUnit4ClassRunner.runChild(BlockJUnit4ClassRunner.java:57)
	at org.junit.runners.ParentRunner$3.run(ParentRunner.java:290)
	at org.junit.runners.ParentRunner$1.schedule(ParentRunner.java:71)
	at org.junit.runners.ParentRunner.runChildren(ParentRunner.java:288)
	at org.junit.runners.ParentRunner.access$000(ParentRunner.java:58)
	at org.junit.runners.ParentRunner$2.evaluate(ParentRunner.java:268)
	at org.junit.runners.ParentRunner.run(ParentRunner.java:363)
	at org.apache.maven.surefire.junit4.JUnit4Provider.execute(JUnit4Provider.java:316)
	at org.apache.maven.surefire.junit4.JUnit4Provider.executeWithRerun(JUnit4Provider.java:240)
	at org.apache.maven.surefire.junit4.JUnit4Provider.executeTestSet(JUnit4Provider.java:214)
	at org.apache.maven.surefire.junit4.JUnit4Provider.invoke(JUnit4Provider.java:155)
	at org.apache.maven.surefire.booter.ForkedBooter.runSuitesInProcess(ForkedBooter.java:385)
	at org.apache.maven.surefire.booter.ForkedBooter.execute(ForkedBooter.java:162)
	at org.apache.maven.surefire.booter.ForkedBooter.run(ForkedBooter.java:507)
	at org.apache.maven.surefire.booter.ForkedBooter.main(ForkedBooter.java:495)
Caused by: java.lang.ClassNotFoundException: com.fasterxml.jackson.core.util.JacksonFeature
	at java.base/jdk.internal.loader.BuiltinClassLoader.loadClass(BuiltinClassLoader.java:581)
	at java.base/jdk.internal.loader.ClassLoaders$AppClassLoader.loadClass(ClassLoaders.java:178)
	at java.base/java.lang.ClassLoader.loadClass(ClassLoader.java:522)
	... 32 more

[ERROR] org.pac4j.dropwizard.factory.DefaultConfigurationTest.defaultsUnset  Time elapsed: 0 s  <<< ERROR!
java.lang.NoClassDefFoundError: com/fasterxml/jackson/core/util/JacksonFeature
	at com.fasterxml.jackson.databind.cfg.DatatypeFeatures.defaultFeatures(DatatypeFeatures.java:33)
	at com.fasterxml.jackson.databind.ObjectMapper.<init>(ObjectMapper.java:672)
	at com.fasterxml.jackson.databind.ObjectMapper.<init>(ObjectMapper.java:576)
	at io.dropwizard.jackson.Jackson.newObjectMapper(Jackson.java:28)
	at org.pac4j.dropwizard.AbstractConfigurationTest.getPac4jFactory(AbstractConfigurationTest.java:23)
	at org.pac4j.dropwizard.AbstractConfigurationTest.getPac4jFactory(AbstractConfigurationTest.java:44)
	at org.pac4j.dropwizard.factory.DefaultConfigurationTest.defaultsUnset(DefaultConfigurationTest.java:125)
	at java.base/jdk.internal.reflect.NativeMethodAccessorImpl.invoke0(Native Method)
	at java.base/jdk.internal.reflect.NativeMethodAccessorImpl.invoke(NativeMethodAccessorImpl.java:62)
	at java.base/jdk.internal.reflect.DelegatingMethodAccessorImpl.invoke(DelegatingMethodAccessorImpl.java:43)
	at java.base/java.lang.reflect.Method.invoke(Method.java:566)
	at org.junit.runners.model.FrameworkMethod$1.runReflectiveCall(FrameworkMethod.java:50)
	at org.junit.internal.runners.model.ReflectiveCallable.run(ReflectiveCallable.java:12)
	at org.junit.runners.model.FrameworkMethod.invokeExplosively(FrameworkMethod.java:47)
	at org.junit.internal.runners.statements.InvokeMethod.evaluate(InvokeMethod.java:17)
	at org.junit.runners.ParentRunner.runLeaf(ParentRunner.java:325)
	at org.junit.runners.BlockJUnit4ClassRunner.runChild(BlockJUnit4ClassRunner.java:78)
	at org.junit.runners.BlockJUnit4ClassRunner.runChild(BlockJUnit4ClassRunner.java:57)
	at org.junit.runners.ParentRunner$3.run(ParentRunner.java:290)
	at org.junit.runners.ParentRunner$1.schedule(ParentRunner.java:71)
	at org.junit.runners.ParentRunner.runChildren(ParentRunner.java:288)
	at org.junit.runners.ParentRunner.access$000(ParentRunner.java:58)
	at org.junit.runners.ParentRunner$2.evaluate(ParentRunner.java:268)
	at org.junit.runners.ParentRunner.run(ParentRunner.java:363)
	at org.apache.maven.surefire.junit4.JUnit4Provider.execute(JUnit4Provider.java:316)
	at org.apache.maven.surefire.junit4.JUnit4Provider.executeWithRerun(JUnit4Provider.java:240)
	at org.apache.maven.surefire.junit4.JUnit4Provider.executeTestSet(JUnit4Provider.java:214)
	at org.apache.maven.surefire.junit4.JUnit4Provider.invoke(JUnit4Provider.java:155)
	at org.apache.maven.surefire.booter.ForkedBooter.runSuitesInProcess(ForkedBooter.java:385)
	at org.apache.maven.surefire.booter.ForkedBooter.execute(ForkedBooter.java:162)
	at org.apache.maven.surefire.booter.ForkedBooter.run(ForkedBooter.java:507)
	at org.apache.maven.surefire.booter.ForkedBooter.main(ForkedBooter.java:495)
Caused by: java.lang.ClassNotFoundException: com.fasterxml.jackson.core.util.JacksonFeature
	at java.base/jdk.internal.loader.BuiltinClassLoader.loadClass(BuiltinClassLoader.java:581)
	at java.base/jdk.internal.loader.ClassLoaders$AppClassLoader.loadClass(ClassLoaders.java:178)
	at java.base/java.lang.ClassLoader.loadClass(ClassLoader.java:522)
	... 32 more

[INFO] Running org.pac4j.dropwizard.e2e.EndToEndServletTest
[ERROR] Tests run: 3, Failures: 0, Errors: 3, Skipped: 0, Time elapsed: 0 s <<< FAILURE! - in org.pac4j.dropwizard.e2e.EndToEndServletTest
[ERROR] org.pac4j.dropwizard.e2e.EndToEndServletTest.grantsAccessToResources  Time elapsed: 0 s  <<< ERROR!
java.lang.NoClassDefFoundError: com/fasterxml/jackson/core/util/JacksonFeature
	at com.fasterxml.jackson.databind.cfg.DatatypeFeatures.defaultFeatures(DatatypeFeatures.java:33)
	at com.fasterxml.jackson.databind.ObjectMapper.<init>(ObjectMapper.java:672)
	at com.fasterxml.jackson.databind.ObjectMapper.<init>(ObjectMapper.java:576)
	at io.dropwizard.jackson.Jackson.newObjectMapper(Jackson.java:28)
	at io.dropwizard.setup.Bootstrap.<init>(Bootstrap.java:64)
	at io.dropwizard.testing.DropwizardTestSupport$2.<init>(DropwizardTestSupport.java:288)
	at io.dropwizard.testing.DropwizardTestSupport.startIfRequired(DropwizardTestSupport.java:288)
	at io.dropwizard.testing.DropwizardTestSupport.before(DropwizardTestSupport.java:223)
	at org.pac4j.dropwizard.AbstractApplicationTest.setup(AbstractApplicationTest.java:31)
	at org.pac4j.dropwizard.e2e.EndToEndServletTest.setup(EndToEndServletTest.java:31)
	at org.pac4j.dropwizard.e2e.EndToEndServletTest.grantsAccessToResources(EndToEndServletTest.java:54)
	at java.base/jdk.internal.reflect.NativeMethodAccessorImpl.invoke0(Native Method)
	at java.base/jdk.internal.reflect.NativeMethodAccessorImpl.invoke(NativeMethodAccessorImpl.java:62)
	at java.base/jdk.internal.reflect.DelegatingMethodAccessorImpl.invoke(DelegatingMethodAccessorImpl.java:43)
	at java.base/java.lang.reflect.Method.invoke(Method.java:566)
	at org.junit.runners.model.FrameworkMethod$1.runReflectiveCall(FrameworkMethod.java:50)
	at org.junit.internal.runners.model.ReflectiveCallable.run(ReflectiveCallable.java:12)
	at org.junit.runners.model.FrameworkMethod.invokeExplosively(FrameworkMethod.java:47)
	at org.junit.internal.runners.statements.InvokeMethod.evaluate(InvokeMethod.java:17)
	at org.junit.internal.runners.statements.RunAfters.evaluate(RunAfters.java:27)
	at org.junit.runners.ParentRunner.runLeaf(ParentRunner.java:325)
	at org.junit.runners.BlockJUnit4ClassRunner.runChild(BlockJUnit4ClassRunner.java:78)
	at org.junit.runners.BlockJUnit4ClassRunner.runChild(BlockJUnit4ClassRunner.java:57)
	at org.junit.runners.ParentRunner$3.run(ParentRunner.java:290)
	at org.junit.runners.ParentRunner$1.schedule(ParentRunner.java:71)
	at org.junit.runners.ParentRunner.runChildren(ParentRunner.java:288)
	at org.junit.runners.ParentRunner.access$000(ParentRunner.java:58)
	at org.junit.runners.ParentRunner$2.evaluate(ParentRunner.java:268)
	at org.junit.runners.ParentRunner.run(ParentRunner.java:363)
	at org.apache.maven.surefire.junit4.JUnit4Provider.execute(JUnit4Provider.java:316)
	at org.apache.maven.surefire.junit4.JUnit4Provider.executeWithRerun(JUnit4Provider.java:240)
	at org.apache.maven.surefire.junit4.JUnit4Provider.executeTestSet(JUnit4Provider.java:214)
	at org.apache.maven.surefire.junit4.JUnit4Provider.invoke(JUnit4Provider.java:155)
	at org.apache.maven.surefire.booter.ForkedBooter.runSuitesInProcess(ForkedBooter.java:385)
	at org.apache.maven.surefire.booter.ForkedBooter.execute(ForkedBooter.java:162)
	at org.apache.maven.surefire.booter.ForkedBooter.run(ForkedBooter.java:507)
	at org.apache.maven.surefire.booter.ForkedBooter.main(ForkedBooter.java:495)
Caused by: java.lang.ClassNotFoundException: com.fasterxml.jackson.core.util.JacksonFeature
	at java.base/jdk.internal.loader.BuiltinClassLoader.loadClass(BuiltinClassLoader.java:581)
	at java.base/jdk.internal.loader.ClassLoaders$AppClassLoader.loadClass(ClassLoaders.java:178)
	at java.base/java.lang.ClassLoader.loadClass(ClassLoader.java:522)
	... 37 more

[ERROR] org.pac4j.dropwizard.e2e.EndToEndServletTest.grantsAccessToResourcesForm  Time elapsed: 0 s  <<< ERROR!
java.lang.NoClassDefFoundError: com/fasterxml/jackson/core/util/JacksonFeature
	at com.fasterxml.jackson.databind.cfg.DatatypeFeatures.defaultFeatures(DatatypeFeatures.java:33)
	at com.fasterxml.jackson.databind.ObjectMapper.<init>(ObjectMapper.java:672)
	at com.fasterxml.jackson.databind.ObjectMapper.<init>(ObjectMapper.java:576)
	at io.dropwizard.jackson.Jackson.newObjectMapper(Jackson.java:28)
	at io.dropwizard.setup.Bootstrap.<init>(Bootstrap.java:64)
	at io.dropwizard.testing.DropwizardTestSupport$2.<init>(DropwizardTestSupport.java:288)
	at io.dropwizard.testing.DropwizardTestSupport.startIfRequired(DropwizardTestSupport.java:288)
	at io.dropwizard.testing.DropwizardTestSupport.before(DropwizardTestSupport.java:223)
	at org.pac4j.dropwizard.AbstractApplicationTest.setup(AbstractApplicationTest.java:31)
	at org.pac4j.dropwizard.e2e.EndToEndServletTest.setup(EndToEndServletTest.java:31)
	at org.pac4j.dropwizard.e2e.EndToEndServletTest.grantsAccessToResourcesForm(EndToEndServletTest.java:36)
	at java.base/jdk.internal.reflect.NativeMethodAccessorImpl.invoke0(Native Method)
	at java.base/jdk.internal.reflect.NativeMethodAccessorImpl.invoke(NativeMethodAccessorImpl.java:62)
	at java.base/jdk.internal.reflect.DelegatingMethodAccessorImpl.invoke(DelegatingMethodAccessorImpl.java:43)
	at java.base/java.lang.reflect.Method.invoke(Method.java:566)
	at org.junit.runners.model.FrameworkMethod$1.runReflectiveCall(FrameworkMethod.java:50)
	at org.junit.internal.runners.model.ReflectiveCallable.run(ReflectiveCallable.java:12)
	at org.junit.runners.model.FrameworkMethod.invokeExplosively(FrameworkMethod.java:47)
	at org.junit.internal.runners.statements.InvokeMethod.evaluate(InvokeMethod.java:17)
	at org.junit.internal.runners.statements.RunAfters.evaluate(RunAfters.java:27)
	at org.junit.runners.ParentRunner.runLeaf(ParentRunner.java:325)
	at org.junit.runners.BlockJUnit4ClassRunner.runChild(BlockJUnit4ClassRunner.java:78)
	at org.junit.runners.BlockJUnit4ClassRunner.runChild(BlockJUnit4ClassRunner.java:57)
	at org.junit.runners.ParentRunner$3.run(ParentRunner.java:290)
	at org.junit.runners.ParentRunner$1.schedule(ParentRunner.java:71)
	at org.junit.runners.ParentRunner.runChildren(ParentRunner.java:288)
	at org.junit.runners.ParentRunner.access$000(ParentRunner.java:58)
	at org.junit.runners.ParentRunner$2.evaluate(ParentRunner.java:268)
	at org.junit.runners.ParentRunner.run(ParentRunner.java:363)
	at org.apache.maven.surefire.junit4.JUnit4Provider.execute(JUnit4Provider.java:316)
	at org.apache.maven.surefire.junit4.JUnit4Provider.executeWithRerun(JUnit4Provider.java:240)
	at org.apache.maven.surefire.junit4.JUnit4Provider.executeTestSet(JUnit4Provider.java:214)
	at org.apache.maven.surefire.junit4.JUnit4Provider.invoke(JUnit4Provider.java:155)
	at org.apache.maven.surefire.booter.ForkedBooter.runSuitesInProcess(ForkedBooter.java:385)
	at org.apache.maven.surefire.booter.ForkedBooter.execute(ForkedBooter.java:162)
	at org.apache.maven.surefire.booter.ForkedBooter.run(ForkedBooter.java:507)
	at org.apache.maven.surefire.booter.ForkedBooter.main(ForkedBooter.java:495)
Caused by: java.lang.ClassNotFoundException: com.fasterxml.jackson.core.util.JacksonFeature
	at java.base/jdk.internal.loader.BuiltinClassLoader.loadClass(BuiltinClassLoader.java:581)
	at java.base/jdk.internal.loader.ClassLoaders$AppClassLoader.loadClass(ClassLoaders.java:178)
	at java.base/java.lang.ClassLoader.loadClass(ClassLoader.java:522)
	... 37 more

[ERROR] org.pac4j.dropwizard.e2e.EndToEndServletTest.restrictsAccessToResources  Time elapsed: 0 s  <<< ERROR!
java.lang.NoClassDefFoundError: com/fasterxml/jackson/core/util/JacksonFeature
	at com.fasterxml.jackson.databind.cfg.DatatypeFeatures.defaultFeatures(DatatypeFeatures.java:33)
	at com.fasterxml.jackson.databind.ObjectMapper.<init>(ObjectMapper.java:672)
	at com.fasterxml.jackson.databind.ObjectMapper.<init>(ObjectMapper.java:576)
	at io.dropwizard.jackson.Jackson.newObjectMapper(Jackson.java:28)
	at io.dropwizard.setup.Bootstrap.<init>(Bootstrap.java:64)
	at io.dropwizard.testing.DropwizardTestSupport$2.<init>(DropwizardTestSupport.java:288)
	at io.dropwizard.testing.DropwizardTestSupport.startIfRequired(DropwizardTestSupport.java:288)
	at io.dropwizard.testing.DropwizardTestSupport.before(DropwizardTestSupport.java:223)
	at org.pac4j.dropwizard.AbstractApplicationTest.setup(AbstractApplicationTest.java:31)
	at org.pac4j.dropwizard.e2e.EndToEndServletTest.setup(EndToEndServletTest.java:31)
	at org.pac4j.dropwizard.e2e.EndToEndServletTest.restrictsAccessToResources(EndToEndServletTest.java:69)
	at java.base/jdk.internal.reflect.NativeMethodAccessorImpl.invoke0(Native Method)
	at java.base/jdk.internal.reflect.NativeMethodAccessorImpl.invoke(NativeMethodAccessorImpl.java:62)
	at java.base/jdk.internal.reflect.DelegatingMethodAccessorImpl.invoke(DelegatingMethodAccessorImpl.java:43)
	at java.base/java.lang.reflect.Method.invoke(Method.java:566)
	at org.junit.runners.model.FrameworkMethod$1.runReflectiveCall(FrameworkMethod.java:50)
	at org.junit.internal.runners.model.ReflectiveCallable.run(ReflectiveCallable.java:12)
	at org.junit.runners.model.FrameworkMethod.invokeExplosively(FrameworkMethod.java:47)
	at org.junit.internal.runners.statements.InvokeMethod.evaluate(InvokeMethod.java:17)
	at org.junit.internal.runners.statements.RunAfters.evaluate(RunAfters.java:27)
	at org.junit.runners.ParentRunner.runLeaf(ParentRunner.java:325)
	at org.junit.runners.BlockJUnit4ClassRunner.runChild(BlockJUnit4ClassRunner.java:78)
	at org.junit.runners.BlockJUnit4ClassRunner.runChild(BlockJUnit4ClassRunner.java:57)
	at org.junit.runners.ParentRunner$3.run(ParentRunner.java:290)
	at org.junit.runners.ParentRunner$1.schedule(ParentRunner.java:71)
	at org.junit.runners.ParentRunner.runChildren(ParentRunner.java:288)
	at org.junit.runners.ParentRunner.access$000(ParentRunner.java:58)
	at org.junit.runners.ParentRunner$2.evaluate(ParentRunner.java:268)
	at org.junit.runners.ParentRunner.run(ParentRunner.java:363)
	at org.apache.maven.surefire.junit4.JUnit4Provider.execute(JUnit4Provider.java:316)
	at org.apache.maven.surefire.junit4.JUnit4Provider.executeWithRerun(JUnit4Provider.java:240)
	at org.apache.maven.surefire.junit4.JUnit4Provider.executeTestSet(JUnit4Provider.java:214)
	at org.apache.maven.surefire.junit4.JUnit4Provider.invoke(JUnit4Provider.java:155)
	at org.apache.maven.surefire.booter.ForkedBooter.runSuitesInProcess(ForkedBooter.java:385)
	at org.apache.maven.surefire.booter.ForkedBooter.execute(ForkedBooter.java:162)
	at org.apache.maven.surefire.booter.ForkedBooter.run(ForkedBooter.java:507)
	at org.apache.maven.surefire.booter.ForkedBooter.main(ForkedBooter.java:495)
Caused by: java.lang.ClassNotFoundException: com.fasterxml.jackson.core.util.JacksonFeature
	at java.base/jdk.internal.loader.BuiltinClassLoader.loadClass(BuiltinClassLoader.java:581)
	at java.base/jdk.internal.loader.ClassLoaders$AppClassLoader.loadClass(ClassLoaders.java:178)
	at java.base/java.lang.ClassLoader.loadClass(ClassLoader.java:522)
	... 37 more

[INFO] Running org.pac4j.dropwizard.e2e.EndToEndTest
[ERROR] Tests run: 3, Failures: 0, Errors: 3, Skipped: 0, Time elapsed: 0.001 s <<< FAILURE! - in org.pac4j.dropwizard.e2e.EndToEndTest
[ERROR] org.pac4j.dropwizard.e2e.EndToEndTest.grantsAccessToResources  Time elapsed: 0 s  <<< ERROR!
java.lang.NoClassDefFoundError: com/fasterxml/jackson/core/util/JacksonFeature
	at com.fasterxml.jackson.databind.cfg.DatatypeFeatures.defaultFeatures(DatatypeFeatures.java:33)
	at com.fasterxml.jackson.databind.ObjectMapper.<init>(ObjectMapper.java:672)
	at com.fasterxml.jackson.databind.ObjectMapper.<init>(ObjectMapper.java:576)
	at io.dropwizard.jackson.Jackson.newObjectMapper(Jackson.java:28)
	at io.dropwizard.setup.Bootstrap.<init>(Bootstrap.java:64)
	at io.dropwizard.testing.DropwizardTestSupport$2.<init>(DropwizardTestSupport.java:288)
	at io.dropwizard.testing.DropwizardTestSupport.startIfRequired(DropwizardTestSupport.java:288)
	at io.dropwizard.testing.DropwizardTestSupport.before(DropwizardTestSupport.java:223)
	at org.pac4j.dropwizard.AbstractApplicationTest.setup(AbstractApplicationTest.java:31)
	at org.pac4j.dropwizard.e2e.EndToEndTest.setup(EndToEndTest.java:31)
	at org.pac4j.dropwizard.e2e.EndToEndTest.grantsAccessToResources(EndToEndTest.java:54)
	at java.base/jdk.internal.reflect.NativeMethodAccessorImpl.invoke0(Native Method)
	at java.base/jdk.internal.reflect.NativeMethodAccessorImpl.invoke(NativeMethodAccessorImpl.java:62)
	at java.base/jdk.internal.reflect.DelegatingMethodAccessorImpl.invoke(DelegatingMethodAccessorImpl.java:43)
	at java.base/java.lang.reflect.Method.invoke(Method.java:566)
	at org.junit.runners.model.FrameworkMethod$1.runReflectiveCall(FrameworkMethod.java:50)
	at org.junit.internal.runners.model.ReflectiveCallable.run(ReflectiveCallable.java:12)
	at org.junit.runners.model.FrameworkMethod.invokeExplosively(FrameworkMethod.java:47)
	at org.junit.internal.runners.statements.InvokeMethod.evaluate(InvokeMethod.java:17)
	at org.junit.internal.runners.statements.RunAfters.evaluate(RunAfters.java:27)
	at org.junit.runners.ParentRunner.runLeaf(ParentRunner.java:325)
	at org.junit.runners.BlockJUnit4ClassRunner.runChild(BlockJUnit4ClassRunner.java:78)
	at org.junit.runners.BlockJUnit4ClassRunner.runChild(BlockJUnit4ClassRunner.java:57)
	at org.junit.runners.ParentRunner$3.run(ParentRunner.java:290)
	at org.junit.runners.ParentRunner$1.schedule(ParentRunner.java:71)
	at org.junit.runners.ParentRunner.runChildren(ParentRunner.java:288)
	at org.junit.runners.ParentRunner.access$000(ParentRunner.java:58)
	at org.junit.runners.ParentRunner$2.evaluate(ParentRunner.java:268)
	at org.junit.runners.ParentRunner.run(ParentRunner.java:363)
	at org.apache.maven.surefire.junit4.JUnit4Provider.execute(JUnit4Provider.java:316)
	at org.apache.maven.surefire.junit4.JUnit4Provider.executeWithRerun(JUnit4Provider.java:240)
	at org.apache.maven.surefire.junit4.JUnit4Provider.executeTestSet(JUnit4Provider.java:214)
	at org.apache.maven.surefire.junit4.JUnit4Provider.invoke(JUnit4Provider.java:155)
	at org.apache.maven.surefire.booter.ForkedBooter.runSuitesInProcess(ForkedBooter.java:385)
	at org.apache.maven.surefire.booter.ForkedBooter.execute(ForkedBooter.java:162)
	at org.apache.maven.surefire.booter.ForkedBooter.run(ForkedBooter.java:507)
	at org.apache.maven.surefire.booter.ForkedBooter.main(ForkedBooter.java:495)
Caused by: java.lang.ClassNotFoundException: com.fasterxml.jackson.core.util.JacksonFeature
	at java.base/jdk.internal.loader.BuiltinClassLoader.loadClass(BuiltinClassLoader.java:581)
	at java.base/jdk.internal.loader.ClassLoaders$AppClassLoader.loadClass(ClassLoaders.java:178)
	at java.base/java.lang.ClassLoader.loadClass(ClassLoader.java:522)
	... 37 more

[ERROR] org.pac4j.dropwizard.e2e.EndToEndTest.grantsAccessToResourcesForm  Time elapsed: 0.001 s  <<< ERROR!
java.lang.NoClassDefFoundError: com/fasterxml/jackson/core/util/JacksonFeature
	at com.fasterxml.jackson.databind.cfg.DatatypeFeatures.defaultFeatures(DatatypeFeatures.java:33)
	at com.fasterxml.jackson.databind.ObjectMapper.<init>(ObjectMapper.java:672)
	at com.fasterxml.jackson.databind.ObjectMapper.<init>(ObjectMapper.java:576)
	at io.dropwizard.jackson.Jackson.newObjectMapper(Jackson.java:28)
	at io.dropwizard.setup.Bootstrap.<init>(Bootstrap.java:64)
	at io.dropwizard.testing.DropwizardTestSupport$2.<init>(DropwizardTestSupport.java:288)
	at io.dropwizard.testing.DropwizardTestSupport.startIfRequired(DropwizardTestSupport.java:288)
	at io.dropwizard.testing.DropwizardTestSupport.before(DropwizardTestSupport.java:223)
	at org.pac4j.dropwizard.AbstractApplicationTest.setup(AbstractApplicationTest.java:31)
	at org.pac4j.dropwizard.e2e.EndToEndTest.setup(EndToEndTest.java:31)
	at org.pac4j.dropwizard.e2e.EndToEndTest.grantsAccessToResourcesForm(EndToEndTest.java:36)
	at java.base/jdk.internal.reflect.NativeMethodAccessorImpl.invoke0(Native Method)
	at java.base/jdk.internal.reflect.NativeMethodAccessorImpl.invoke(NativeMethodAccessorImpl.java:62)
	at java.base/jdk.internal.reflect.DelegatingMethodAccessorImpl.invoke(DelegatingMethodAccessorImpl.java:43)
	at java.base/java.lang.reflect.Method.invoke(Method.java:566)
	at org.junit.runners.model.FrameworkMethod$1.runReflectiveCall(FrameworkMethod.java:50)
	at org.junit.internal.runners.model.ReflectiveCallable.run(ReflectiveCallable.java:12)
	at org.junit.runners.model.FrameworkMethod.invokeExplosively(FrameworkMethod.java:47)
	at org.junit.internal.runners.statements.InvokeMethod.evaluate(InvokeMethod.java:17)
	at org.junit.internal.runners.statements.RunAfters.evaluate(RunAfters.java:27)
	at org.junit.runners.ParentRunner.runLeaf(ParentRunner.java:325)
	at org.junit.runners.BlockJUnit4ClassRunner.runChild(BlockJUnit4ClassRunner.java:78)
	at org.junit.runners.BlockJUnit4ClassRunner.runChild(BlockJUnit4ClassRunner.java:57)
	at org.junit.runners.ParentRunner$3.run(ParentRunner.java:290)
	at org.junit.runners.ParentRunner$1.schedule(ParentRunner.java:71)
	at org.junit.runners.ParentRunner.runChildren(ParentRunner.java:288)
	at org.junit.runners.ParentRunner.access$000(ParentRunner.java:58)
	at org.junit.runners.ParentRunner$2.evaluate(ParentRunner.java:268)
	at org.junit.runners.ParentRunner.run(ParentRunner.java:363)
	at org.apache.maven.surefire.junit4.JUnit4Provider.execute(JUnit4Provider.java:316)
	at org.apache.maven.surefire.junit4.JUnit4Provider.executeWithRerun(JUnit4Provider.java:240)
	at org.apache.maven.surefire.junit4.JUnit4Provider.executeTestSet(JUnit4Provider.java:214)
	at org.apache.maven.surefire.junit4.JUnit4Provider.invoke(JUnit4Provider.java:155)
	at org.apache.maven.surefire.booter.ForkedBooter.runSuitesInProcess(ForkedBooter.java:385)
	at org.apache.maven.surefire.booter.ForkedBooter.execute(ForkedBooter.java:162)
	at org.apache.maven.surefire.booter.ForkedBooter.run(ForkedBooter.java:507)
	at org.apache.maven.surefire.booter.ForkedBooter.main(ForkedBooter.java:495)
Caused by: java.lang.ClassNotFoundException: com.fasterxml.jackson.core.util.JacksonFeature
	at java.base/jdk.internal.loader.BuiltinClassLoader.loadClass(BuiltinClassLoader.java:581)
	at java.base/jdk.internal.loader.ClassLoaders$AppClassLoader.loadClass(ClassLoaders.java:178)
	at java.base/java.lang.ClassLoader.loadClass(ClassLoader.java:522)
	... 37 more

[ERROR] org.pac4j.dropwizard.e2e.EndToEndTest.restrictsAccessToResources  Time elapsed: 0 s  <<< ERROR!
java.lang.NoClassDefFoundError: com/fasterxml/jackson/core/util/JacksonFeature
	at com.fasterxml.jackson.databind.cfg.DatatypeFeatures.defaultFeatures(DatatypeFeatures.java:33)
	at com.fasterxml.jackson.databind.ObjectMapper.<init>(ObjectMapper.java:672)
	at com.fasterxml.jackson.databind.ObjectMapper.<init>(ObjectMapper.java:576)
	at io.dropwizard.jackson.Jackson.newObjectMapper(Jackson.java:28)
	at io.dropwizard.setup.Bootstrap.<init>(Bootstrap.java:64)
	at io.dropwizard.testing.DropwizardTestSupport$2.<init>(DropwizardTestSupport.java:288)
	at io.dropwizard.testing.DropwizardTestSupport.startIfRequired(DropwizardTestSupport.java:288)
	at io.dropwizard.testing.DropwizardTestSupport.before(DropwizardTestSupport.java:223)
	at org.pac4j.dropwizard.AbstractApplicationTest.setup(AbstractApplicationTest.java:31)
	at org.pac4j.dropwizard.e2e.EndToEndTest.setup(EndToEndTest.java:31)
	at org.pac4j.dropwizard.e2e.EndToEndTest.restrictsAccessToResources(EndToEndTest.java:69)
	at java.base/jdk.internal.reflect.NativeMethodAccessorImpl.invoke0(Native Method)
	at java.base/jdk.internal.reflect.NativeMethodAccessorImpl.invoke(NativeMethodAccessorImpl.java:62)
	at java.base/jdk.internal.reflect.DelegatingMethodAccessorImpl.invoke(DelegatingMethodAccessorImpl.java:43)
	at java.base/java.lang.reflect.Method.invoke(Method.java:566)
	at org.junit.runners.model.FrameworkMethod$1.runReflectiveCall(FrameworkMethod.java:50)
	at org.junit.internal.runners.model.ReflectiveCallable.run(ReflectiveCallable.java:12)
	at org.junit.runners.model.FrameworkMethod.invokeExplosively(FrameworkMethod.java:47)
	at org.junit.internal.runners.statements.InvokeMethod.evaluate(InvokeMethod.java:17)
	at org.junit.internal.runners.statements.RunAfters.evaluate(RunAfters.java:27)
	at org.junit.runners.ParentRunner.runLeaf(ParentRunner.java:325)
	at org.junit.runners.BlockJUnit4ClassRunner.runChild(BlockJUnit4ClassRunner.java:78)
	at org.junit.runners.BlockJUnit4ClassRunner.runChild(BlockJUnit4ClassRunner.java:57)
	at org.junit.runners.ParentRunner$3.run(ParentRunner.java:290)
	at org.junit.runners.ParentRunner$1.schedule(ParentRunner.java:71)
	at org.junit.runners.ParentRunner.runChildren(ParentRunner.java:288)
	at org.junit.runners.ParentRunner.access$000(ParentRunner.java:58)
	at org.junit.runners.ParentRunner$2.evaluate(ParentRunner.java:268)
	at org.junit.runners.ParentRunner.run(ParentRunner.java:363)
	at org.apache.maven.surefire.junit4.JUnit4Provider.execute(JUnit4Provider.java:316)
	at org.apache.maven.surefire.junit4.JUnit4Provider.executeWithRerun(JUnit4Provider.java:240)
	at org.apache.maven.surefire.junit4.JUnit4Provider.executeTestSet(JUnit4Provider.java:214)
	at org.apache.maven.surefire.junit4.JUnit4Provider.invoke(JUnit4Provider.java:155)
	at org.apache.maven.surefire.booter.ForkedBooter.runSuitesInProcess(ForkedBooter.java:385)
	at org.apache.maven.surefire.booter.ForkedBooter.execute(ForkedBooter.java:162)
	at org.apache.maven.surefire.booter.ForkedBooter.run(ForkedBooter.java:507)
	at org.apache.maven.surefire.booter.ForkedBooter.main(ForkedBooter.java:495)
Caused by: java.lang.ClassNotFoundException: com.fasterxml.jackson.core.util.JacksonFeature
	at java.base/jdk.internal.loader.BuiltinClassLoader.loadClass(BuiltinClassLoader.java:581)
	at java.base/jdk.internal.loader.ClassLoaders$AppClassLoader.loadClass(ClassLoaders.java:178)
	at java.base/java.lang.ClassLoader.loadClass(ClassLoader.java:522)
	... 37 more

[INFO] 
[INFO] Results:
[INFO] 
[ERROR] Errors: 
[ERROR]   BundleFactoryTest.emptyPac4jInConfig:47->AbstractApplicationTest.setup:31  NoClassDefFound com/fasterxml/jackson/core/util/JacksonFeature
[ERROR]   BundleFactoryTest.noPac4jInConfig:31->AbstractApplicationTest.setup:31  NoClassDefFound com/fasterxml/jackson/core/util/JacksonFeature
[ERROR]   BundleFactoryTest.sessionEnabledForced:68->AbstractApplicationTest.setup:31  NoClassDefFound com/fasterxml/jackson/core/util/JacksonFeature
[ERROR]   BundleFactoryTest.sessiondisabledForced:83->AbstractApplicationTest.setup:31  NoClassDefFound com/fasterxml/jackson/core/util/JacksonFeature
[ERROR]   EndToEndServletTest.grantsAccessToResources:54->setup:31->AbstractApplicationTest.setup:31  NoClassDefFound com/fasterxml/jackson/core/util/JacksonFeature
[ERROR]   EndToEndServletTest.grantsAccessToResourcesForm:36->setup:31->AbstractApplicationTest.setup:31  NoClassDefFound com/fasterxml/jackson/core/util/JacksonFeature
[ERROR]   EndToEndServletTest.restrictsAccessToResources:69->setup:31->AbstractApplicationTest.setup:31  NoClassDefFound com/fasterxml/jackson/core/util/JacksonFeature
[ERROR]   EndToEndTest.grantsAccessToResources:54->setup:31->AbstractApplicationTest.setup:31  NoClassDefFound com/fasterxml/jackson/core/util/JacksonFeature
[ERROR]   EndToEndTest.grantsAccessToResourcesForm:36->setup:31->AbstractApplicationTest.setup:31  NoClassDefFound com/fasterxml/jackson/core/util/JacksonFeature
[ERROR]   EndToEndTest.restrictsAccessToResources:69->setup:31->AbstractApplicationTest.setup:31  NoClassDefFound com/fasterxml/jackson/core/util/JacksonFeature
[ERROR]   DefaultConfigurationTest.allOptionsClients:60->AbstractConfigurationTest.getPac4jFactory:44->AbstractConfigurationTest.getPac4jFactory:23  NoClassDefFound com/fasterxml/jackson/core/util/JacksonFeature
[ERROR]   DefaultConfigurationTest.clients:39->AbstractConfigurationTest.getPac4jFactory:44->AbstractConfigurationTest.getPac4jFactory:23  NoClassDefFound com/fasterxml/jackson/core/util/JacksonFeature
[ERROR]   DefaultConfigurationTest.clientsAndProperties:86->AbstractConfigurationTest.getPac4jFactory:44->AbstractConfigurationTest.getPac4jFactory:23  NoClassDefFound com/fasterxml/jackson/core/util/JacksonFeature
[ERROR]   DefaultConfigurationTest.clientsProperties:109->AbstractConfigurationTest.getPac4jFactory:44->AbstractConfigurationTest.getPac4jFactory:23  NoClassDefFound com/fasterxml/jackson/core/util/JacksonFeature
[ERROR]   DefaultConfigurationTest.defaultsUnset:125->AbstractConfigurationTest.getPac4jFactory:44->AbstractConfigurationTest.getPac4jFactory:23  NoClassDefFound com/fasterxml/jackson/core/util/JacksonFeature
[ERROR]   DefaultConfigurationTest.matchers:25->AbstractConfigurationTest.getPac4jFactory:44->AbstractConfigurationTest.getPac4jFactory:23  NoClassDefFound com/fasterxml/jackson/core/util/JacksonFeature
[INFO] 
[ERROR] Tests run: 16, Failures: 0, Errors: 16, Skipped: 0
[INFO] 
[INFO] ------------------------------------------------------------------------
[INFO] BUILD FAILURE
[INFO] ------------------------------------------------------------------------
[INFO] Total time:  8.797 s
[INFO] Finished at: 2025-10-01T12:22:23Z
[INFO] ------------------------------------------------------------------------
[WARNING] 
[WARNING] Plugin validation issues were detected in 3 plugin(s)
[WARNING] 
[WARNING]  * org.apache.maven.plugins:maven-compiler-plugin:3.10.1
[WARNING]  * org.apache.maven.plugins:maven-pmd-plugin:3.20.0
[WARNING]  * org.apache.maven.plugins:maven-resources-plugin:3.3.0
[WARNING] 
[WARNING] For more or less details, use 'maven.plugin.validation' property with one of the values (case insensitive): [BRIEF, DEFAULT, VERBOSE]
[WARNING] 
[ERROR] Failed to execute goal org.apache.maven.plugins:maven-surefire-plugin:3.0.0:test (default-test) on project dropwizard-pac4j: 
[ERROR] 
[ERROR] Please refer to /dropwizard-pac4j/target/surefire-reports for the individual test results.
[ERROR] Please refer to dump files (if any exist) [date].dump, [date]-jvmRun[N].dump and [date].dumpstream.
[ERROR] -> [Help 1]
[ERROR] 
[ERROR] To see the full stack trace of the errors, re-run Maven with the -e switch.
[ERROR] Re-run Maven using the -X switch to enable full debug logging.
[ERROR] 
[ERROR] For more information about the errors and possible solutions, please read the following articles:
[ERROR] [Help 1] http://cwiki.apache.org/confluence/display/MAVEN/MojoFailureException
