[INFO] Scanning for projects...
[INFO] 
[INFO] ----------< io.github.pmckeown:dependency-track-maven-plugin >----------
[INFO] Building Dependency Track Maven Plugin 1.4.1-SNAPSHOT
[INFO]   from pom.xml
[INFO] ----------------------------[ maven-plugin ]----------------------------
[INFO] 
[INFO] --- clean:3.2.0:clean (default-clean) @ dependency-track-maven-plugin ---
[INFO] Deleting /dependency-track-maven-plugin/target
[INFO] 
[INFO] --- resources:3.3.0:copy-resources (copy-resources) @ dependency-track-maven-plugin ---
[INFO] Copying 1 resource
[INFO] 
[INFO] --- jacoco:0.8.8:prepare-agent (prepare-agent) @ dependency-track-maven-plugin ---
[INFO] argLine set to -javaagent:/root/.m2/repository/org/jacoco/org.jacoco.agent/0.8.8/org.jacoco.agent-0.8.8-runtime.jar=destfile=/dependency-track-maven-plugin/target/jacoco.exec,append=true
[INFO] 
[INFO] --- resources:3.3.0:resources (default-resources) @ dependency-track-maven-plugin ---
[INFO] Copying 1 resource
[INFO] 
[INFO] --- compiler:3.10.1:compile (default-compile) @ dependency-track-maven-plugin ---
[INFO] Changes detected - recompiling the module!
[INFO] Compiling 71 source files to /dependency-track-maven-plugin/target/classes
[INFO] 
[INFO] --- plugin:3.6.4:descriptor (default-descriptor) @ dependency-track-maven-plugin ---
[INFO] Using 'UTF-8' encoding to read mojo source files.
[INFO] java-javadoc mojo extractor found 0 mojo descriptor.
[INFO] bsh mojo extractor found 0 mojo descriptor.
[INFO] ant mojo extractor found 0 mojo descriptor.
[INFO] java-annotations mojo extractor found 6 mojo descriptors.
[INFO] 
[INFO] --- resources:3.3.0:testResources (default-testResources) @ dependency-track-maven-plugin ---
[INFO] Copying 11 resources
[INFO] 
[INFO] --- compiler:3.10.1:testCompile (default-testCompile) @ dependency-track-maven-plugin ---
[INFO] Changes detected - recompiling the module!
[INFO] Compiling 62 source files to /dependency-track-maven-plugin/target/test-classes
[INFO] /dependency-track-maven-plugin/src/test/java/io/github/pmckeown/dependencytrack/ObjectMapperFactoryTest.java: Some input files use or override a deprecated API.
[INFO] /dependency-track-maven-plugin/src/test/java/io/github/pmckeown/dependencytrack/ObjectMapperFactoryTest.java: Recompile with -Xlint:deprecation for details.
[INFO] 
[INFO] --- surefire:2.22.2:test (default-test) @ dependency-track-maven-plugin ---
[INFO] 
[INFO] -------------------------------------------------------
[INFO]  T E S T S
[INFO] -------------------------------------------------------
[INFO] Running io.github.pmckeown.dependencytrack.finding.FindingsMojoIntegrationTest
SLF4J: Failed to load class "org.slf4j.impl.StaticLoggerBinder".
SLF4J: Defaulting to no-operation (NOP) logger implementation
SLF4J: See http://www.slf4j.org/codes.html#StaticLoggerBinder for further details.
[info] SSL Verification enabled: true
[info] Getting findings for project testName-99.99
[info] 1 finding(s) were retrieved for project: testName
[info] Printing findings for project testName-99.99
[info] ========================================================================
[info] CVE-2016-2856 (NVD)
[info] LOW: com.nefarious:dodgy:1.0.0
[info] 
[info] This component prints your password to the logs
[info] Comparing findings against defined thresholds
[warn] Number of Low issues [1] exceeds the maximum allowed [0]
[debug] Error occurred when getting findings

io.github.pmckeown.dependencytrack.DependencyTrackException: Error occurred while generating XML report
	at io.github.pmckeown.dependencytrack.report.AbstractXmlReportWriter.write(AbstractXmlReportWriter.java:16)
	at io.github.pmckeown.dependencytrack.finding.report.FindingsReportGenerator.generate(FindingsReportGenerator.java:28)
	at io.github.pmckeown.dependencytrack.finding.FindingsMojo.performAction(FindingsMojo.java:99)
	at io.github.pmckeown.dependencytrack.AbstractDependencyTrackMojo.execute(AbstractDependencyTrackMojo.java:91)
	at io.github.pmckeown.dependencytrack.finding.FindingsMojoIntegrationTest.thatBuildFailsWhenFindingsNumberBreachesDefinedThresholds(FindingsMojoIntegrationTest.java:114)
	at java.base/jdk.internal.reflect.NativeMethodAccessorImpl.invoke0(Native Method)
	at java.base/jdk.internal.reflect.NativeMethodAccessorImpl.invoke(NativeMethodAccessorImpl.java:62)
	at java.base/jdk.internal.reflect.DelegatingMethodAccessorImpl.invoke(DelegatingMethodAccessorImpl.java:43)
	at java.base/java.lang.reflect.Method.invoke(Method.java:566)
	at org.junit.runners.model.FrameworkMethod$1.runReflectiveCall(FrameworkMethod.java:59)
	at org.junit.internal.runners.model.ReflectiveCallable.run(ReflectiveCallable.java:12)
	at org.junit.runners.model.FrameworkMethod.invokeExplosively(FrameworkMethod.java:56)
	at org.junit.internal.runners.statements.InvokeMethod.evaluate(InvokeMethod.java:17)
	at org.junit.internal.runners.statements.RunBefores.evaluate(RunBefores.java:26)
	at org.apache.maven.plugin.testing.MojoRule$2.evaluate(MojoRule.java:308)
	at com.github.tomakehurst.wiremock.junit.WireMockRule$1.evaluate(WireMockRule.java:79)
	at org.junit.runners.ParentRunner$3.evaluate(ParentRunner.java:306)
	at org.junit.runners.BlockJUnit4ClassRunner$1.evaluate(BlockJUnit4ClassRunner.java:100)
	at org.junit.runners.ParentRunner.runLeaf(ParentRunner.java:366)
	at org.junit.runners.BlockJUnit4ClassRunner.runChild(BlockJUnit4ClassRunner.java:103)
	at org.junit.runners.BlockJUnit4ClassRunner.runChild(BlockJUnit4ClassRunner.java:63)
	at org.junit.runners.ParentRunner$4.run(ParentRunner.java:331)
	at org.junit.runners.ParentRunner$1.schedule(ParentRunner.java:79)
	at org.junit.runners.ParentRunner.runChildren(ParentRunner.java:329)
	at org.junit.runners.ParentRunner.access$100(ParentRunner.java:66)
	at org.junit.runners.ParentRunner$2.evaluate(ParentRunner.java:293)
	at org.junit.runners.ParentRunner$3.evaluate(ParentRunner.java:306)
	at org.junit.runners.ParentRunner.run(ParentRunner.java:413)
	at org.apache.maven.surefire.junit4.JUnit4Provider.execute(JUnit4Provider.java:365)
	at org.apache.maven.surefire.junit4.JUnit4Provider.executeWithRerun(JUnit4Provider.java:273)
	at org.apache.maven.surefire.junit4.JUnit4Provider.executeTestSet(JUnit4Provider.java:238)
	at org.apache.maven.surefire.junit4.JUnit4Provider.invoke(JUnit4Provider.java:159)
	at org.apache.maven.surefire.booter.ForkedBooter.invokeProviderInSameClassLoader(ForkedBooter.java:384)
	at org.apache.maven.surefire.booter.ForkedBooter.runSuitesInProcess(ForkedBooter.java:345)
	at org.apache.maven.surefire.booter.ForkedBooter.execute(ForkedBooter.java:126)
	at org.apache.maven.surefire.booter.ForkedBooter.main(ForkedBooter.java:418)
Caused by: javax.xml.bind.JAXBException: Implementation of JAXB-API has not been found on module path or classpath.
 - with linked exception:
[java.lang.ClassNotFoundException: com.sun.xml.internal.bind.v2.ContextFactory]
	at javax.xml.bind.ContextFinder.newInstance(ContextFinder.java:278)
	at javax.xml.bind.ContextFinder.find(ContextFinder.java:421)
	at javax.xml.bind.JAXBContext.newInstance(JAXBContext.java:721)
	at javax.xml.bind.JAXBContext.newInstance(JAXBContext.java:662)
	at io.github.pmckeown.dependencytrack.finding.report.FindingsReportMarshallerService.getMarshaller(FindingsReportMarshallerService.java:12)
	at io.github.pmckeown.dependencytrack.finding.report.FindingsReportXmlReportWriter.getMarshaller(FindingsReportXmlReportWriter.java:24)
	at io.github.pmckeown.dependencytrack.report.AbstractXmlReportWriter.write(AbstractXmlReportWriter.java:14)
	... 35 more
Caused by: java.lang.ClassNotFoundException: com.sun.xml.internal.bind.v2.ContextFactory
	at java.base/jdk.internal.loader.BuiltinClassLoader.loadClass(BuiltinClassLoader.java:581)
	at java.base/jdk.internal.loader.ClassLoaders$AppClassLoader.loadClass(ClassLoaders.java:178)
	at java.base/java.lang.ClassLoader.loadClass(ClassLoader.java:522)
	at javax.xml.bind.ServiceLoaderUtil.nullSafeLoadClass(ServiceLoaderUtil.java:122)
	at javax.xml.bind.ServiceLoaderUtil.safeLoadClass(ServiceLoaderUtil.java:155)
	at javax.xml.bind.ContextFinder.newInstance(ContextFinder.java:276)
	... 41 more

[info] SSL Verification enabled: true
[info] Getting findings for project testName-99.99
[error] unirest.shaded.org.apache.http.client.ClientProtocolException
[debug] Error occurred when getting findings

io.github.pmckeown.dependencytrack.DependencyTrackException: unirest.shaded.org.apache.http.client.ClientProtocolException
	at io.github.pmckeown.dependencytrack.finding.FindingsAction.getFindings(FindingsAction.java:47)
	at io.github.pmckeown.dependencytrack.finding.FindingsMojo.performAction(FindingsMojo.java:96)
	at io.github.pmckeown.dependencytrack.AbstractDependencyTrackMojo.execute(AbstractDependencyTrackMojo.java:91)
	at io.github.pmckeown.dependencytrack.finding.FindingsMojoIntegrationTest.thatWhenExceptionOccursWhileGettingFindingsAndFailOnErrorIsTrueTheMojoErrors(FindingsMojoIntegrationTest.java:91)
	at java.base/jdk.internal.reflect.NativeMethodAccessorImpl.invoke0(Native Method)
	at java.base/jdk.internal.reflect.NativeMethodAccessorImpl.invoke(NativeMethodAccessorImpl.java:62)
	at java.base/jdk.internal.reflect.DelegatingMethodAccessorImpl.invoke(DelegatingMethodAccessorImpl.java:43)
	at java.base/java.lang.reflect.Method.invoke(Method.java:566)
	at org.junit.runners.model.FrameworkMethod$1.runReflectiveCall(FrameworkMethod.java:59)
	at org.junit.internal.runners.model.ReflectiveCallable.run(ReflectiveCallable.java:12)
	at org.junit.runners.model.FrameworkMethod.invokeExplosively(FrameworkMethod.java:56)
	at org.junit.internal.runners.statements.InvokeMethod.evaluate(InvokeMethod.java:17)
	at org.junit.internal.runners.statements.RunBefores.evaluate(RunBefores.java:26)
	at org.apache.maven.plugin.testing.MojoRule$2.evaluate(MojoRule.java:308)
	at com.github.tomakehurst.wiremock.junit.WireMockRule$1.evaluate(WireMockRule.java:79)
	at org.junit.runners.ParentRunner$3.evaluate(ParentRunner.java:306)
	at org.junit.runners.BlockJUnit4ClassRunner$1.evaluate(BlockJUnit4ClassRunner.java:100)
	at org.junit.runners.ParentRunner.runLeaf(ParentRunner.java:366)
	at org.junit.runners.BlockJUnit4ClassRunner.runChild(BlockJUnit4ClassRunner.java:103)
	at org.junit.runners.BlockJUnit4ClassRunner.runChild(BlockJUnit4ClassRunner.java:63)
	at org.junit.runners.ParentRunner$4.run(ParentRunner.java:331)
	at org.junit.runners.ParentRunner$1.schedule(ParentRunner.java:79)
	at org.junit.runners.ParentRunner.runChildren(ParentRunner.java:329)
	at org.junit.runners.ParentRunner.access$100(ParentRunner.java:66)
	at org.junit.runners.ParentRunner$2.evaluate(ParentRunner.java:293)
	at org.junit.runners.ParentRunner$3.evaluate(ParentRunner.java:306)
	at org.junit.runners.ParentRunner.run(ParentRunner.java:413)
	at org.apache.maven.surefire.junit4.JUnit4Provider.execute(JUnit4Provider.java:365)
	at org.apache.maven.surefire.junit4.JUnit4Provider.executeWithRerun(JUnit4Provider.java:273)
	at org.apache.maven.surefire.junit4.JUnit4Provider.executeTestSet(JUnit4Provider.java:238)
	at org.apache.maven.surefire.junit4.JUnit4Provider.invoke(JUnit4Provider.java:159)
	at org.apache.maven.surefire.booter.ForkedBooter.invokeProviderInSameClassLoader(ForkedBooter.java:384)
	at org.apache.maven.surefire.booter.ForkedBooter.runSuitesInProcess(ForkedBooter.java:345)
	at org.apache.maven.surefire.booter.ForkedBooter.execute(ForkedBooter.java:126)
	at org.apache.maven.surefire.booter.ForkedBooter.main(ForkedBooter.java:418)

[info] SSL Verification enabled: true
[info] Getting findings for project testName-99.99
[debug] Error occurred when getting findings

io.github.pmckeown.dependencytrack.DependencyTrackException: Error received from server
	at io.github.pmckeown.dependencytrack.finding.FindingsAction.getFindings(FindingsAction.java:43)
	at io.github.pmckeown.dependencytrack.finding.FindingsMojo.performAction(FindingsMojo.java:96)
	at io.github.pmckeown.dependencytrack.AbstractDependencyTrackMojo.execute(AbstractDependencyTrackMojo.java:91)
	at io.github.pmckeown.dependencytrack.finding.FindingsMojoIntegrationTest.thatWhenNoFindingsAreFoundTheMojoDoesNotFail(FindingsMojoIntegrationTest.java:74)
	at java.base/jdk.internal.reflect.NativeMethodAccessorImpl.invoke0(Native Method)
	at java.base/jdk.internal.reflect.NativeMethodAccessorImpl.invoke(NativeMethodAccessorImpl.java:62)
	at java.base/jdk.internal.reflect.DelegatingMethodAccessorImpl.invoke(DelegatingMethodAccessorImpl.java:43)
	at java.base/java.lang.reflect.Method.invoke(Method.java:566)
	at org.junit.runners.model.FrameworkMethod$1.runReflectiveCall(FrameworkMethod.java:59)
	at org.junit.internal.runners.model.ReflectiveCallable.run(ReflectiveCallable.java:12)
	at org.junit.runners.model.FrameworkMethod.invokeExplosively(FrameworkMethod.java:56)
	at org.junit.internal.runners.statements.InvokeMethod.evaluate(InvokeMethod.java:17)
	at org.junit.internal.runners.statements.RunBefores.evaluate(RunBefores.java:26)
	at org.apache.maven.plugin.testing.MojoRule$2.evaluate(MojoRule.java:308)
	at com.github.tomakehurst.wiremock.junit.WireMockRule$1.evaluate(WireMockRule.java:79)
	at org.junit.runners.ParentRunner$3.evaluate(ParentRunner.java:306)
	at org.junit.runners.BlockJUnit4ClassRunner$1.evaluate(BlockJUnit4ClassRunner.java:100)
	at org.junit.runners.ParentRunner.runLeaf(ParentRunner.java:366)
	at org.junit.runners.BlockJUnit4ClassRunner.runChild(BlockJUnit4ClassRunner.java:103)
	at org.junit.runners.BlockJUnit4ClassRunner.runChild(BlockJUnit4ClassRunner.java:63)
	at org.junit.runners.ParentRunner$4.run(ParentRunner.java:331)
	at org.junit.runners.ParentRunner$1.schedule(ParentRunner.java:79)
	at org.junit.runners.ParentRunner.runChildren(ParentRunner.java:329)
	at org.junit.runners.ParentRunner.access$100(ParentRunner.java:66)
	at org.junit.runners.ParentRunner$2.evaluate(ParentRunner.java:293)
	at org.junit.runners.ParentRunner$3.evaluate(ParentRunner.java:306)
	at org.junit.runners.ParentRunner.run(ParentRunner.java:413)
	at org.apache.maven.surefire.junit4.JUnit4Provider.execute(JUnit4Provider.java:365)
	at org.apache.maven.surefire.junit4.JUnit4Provider.executeWithRerun(JUnit4Provider.java:273)
	at org.apache.maven.surefire.junit4.JUnit4Provider.executeTestSet(JUnit4Provider.java:238)
	at org.apache.maven.surefire.junit4.JUnit4Provider.invoke(JUnit4Provider.java:159)
	at org.apache.maven.surefire.booter.ForkedBooter.invokeProviderInSameClassLoader(ForkedBooter.java:384)
	at org.apache.maven.surefire.booter.ForkedBooter.runSuitesInProcess(ForkedBooter.java:345)
	at org.apache.maven.surefire.booter.ForkedBooter.execute(ForkedBooter.java:126)
	at org.apache.maven.surefire.booter.ForkedBooter.main(ForkedBooter.java:418)

[info] SSL Verification enabled: true
[info] dependency-track.skip = true: Skipping analysis.
[info] SSL Verification enabled: true
[info] Getting findings for project testName-99.99
[info] 1 finding(s) were retrieved for project: testName
[info] Printing findings for project testName-99.99
[info] ========================================================================
[info] CVE-2016-9093 (NVD)
[info] UNASSIGNED: com.nefarious:dodgy:1.0.0
[info] 
[info] This component prints your password to the logs
[info] Comparing findings against defined thresholds
[debug] Error occurred when getting findings

io.github.pmckeown.dependencytrack.DependencyTrackException: Error occurred while generating XML report
	at io.github.pmckeown.dependencytrack.report.AbstractXmlReportWriter.write(AbstractXmlReportWriter.java:16)
	at io.github.pmckeown.dependencytrack.finding.report.FindingsReportGenerator.generate(FindingsReportGenerator.java:28)
	at io.github.pmckeown.dependencytrack.finding.FindingsMojo.performAction(FindingsMojo.java:99)
	at io.github.pmckeown.dependencytrack.AbstractDependencyTrackMojo.execute(AbstractDependencyTrackMojo.java:91)
	at io.github.pmckeown.dependencytrack.finding.FindingsMojoIntegrationTest.thatBuildDoesNotFailWhenOnlyUnassignedFindingExists(FindingsMojoIntegrationTest.java:137)
	at java.base/jdk.internal.reflect.NativeMethodAccessorImpl.invoke0(Native Method)
	at java.base/jdk.internal.reflect.NativeMethodAccessorImpl.invoke(NativeMethodAccessorImpl.java:62)
	at java.base/jdk.internal.reflect.DelegatingMethodAccessorImpl.invoke(DelegatingMethodAccessorImpl.java:43)
	at java.base/java.lang.reflect.Method.invoke(Method.java:566)
	at org.junit.runners.model.FrameworkMethod$1.runReflectiveCall(FrameworkMethod.java:59)
	at org.junit.internal.runners.model.ReflectiveCallable.run(ReflectiveCallable.java:12)
	at org.junit.runners.model.FrameworkMethod.invokeExplosively(FrameworkMethod.java:56)
	at org.junit.internal.runners.statements.InvokeMethod.evaluate(InvokeMethod.java:17)
	at org.junit.internal.runners.statements.RunBefores.evaluate(RunBefores.java:26)
	at org.apache.maven.plugin.testing.MojoRule$2.evaluate(MojoRule.java:308)
	at com.github.tomakehurst.wiremock.junit.WireMockRule$1.evaluate(WireMockRule.java:79)
	at org.junit.runners.ParentRunner$3.evaluate(ParentRunner.java:306)
	at org.junit.runners.BlockJUnit4ClassRunner$1.evaluate(BlockJUnit4ClassRunner.java:100)
	at org.junit.runners.ParentRunner.runLeaf(ParentRunner.java:366)
	at org.junit.runners.BlockJUnit4ClassRunner.runChild(BlockJUnit4ClassRunner.java:103)
	at org.junit.runners.BlockJUnit4ClassRunner.runChild(BlockJUnit4ClassRunner.java:63)
	at org.junit.runners.ParentRunner$4.run(ParentRunner.java:331)
	at org.junit.runners.ParentRunner$1.schedule(ParentRunner.java:79)
	at org.junit.runners.ParentRunner.runChildren(ParentRunner.java:329)
	at org.junit.runners.ParentRunner.access$100(ParentRunner.java:66)
	at org.junit.runners.ParentRunner$2.evaluate(ParentRunner.java:293)
	at org.junit.runners.ParentRunner$3.evaluate(ParentRunner.java:306)
	at org.junit.runners.ParentRunner.run(ParentRunner.java:413)
	at org.apache.maven.surefire.junit4.JUnit4Provider.execute(JUnit4Provider.java:365)
	at org.apache.maven.surefire.junit4.JUnit4Provider.executeWithRerun(JUnit4Provider.java:273)
	at org.apache.maven.surefire.junit4.JUnit4Provider.executeTestSet(JUnit4Provider.java:238)
	at org.apache.maven.surefire.junit4.JUnit4Provider.invoke(JUnit4Provider.java:159)
	at org.apache.maven.surefire.booter.ForkedBooter.invokeProviderInSameClassLoader(ForkedBooter.java:384)
	at org.apache.maven.surefire.booter.ForkedBooter.runSuitesInProcess(ForkedBooter.java:345)
	at org.apache.maven.surefire.booter.ForkedBooter.execute(ForkedBooter.java:126)
	at org.apache.maven.surefire.booter.ForkedBooter.main(ForkedBooter.java:418)
Caused by: javax.xml.bind.JAXBException: Implementation of JAXB-API has not been found on module path or classpath.
 - with linked exception:
[java.lang.ClassNotFoundException: com.sun.xml.internal.bind.v2.ContextFactory]
	at javax.xml.bind.ContextFinder.newInstance(ContextFinder.java:278)
	at javax.xml.bind.ContextFinder.find(ContextFinder.java:421)
	at javax.xml.bind.JAXBContext.newInstance(JAXBContext.java:721)
	at javax.xml.bind.JAXBContext.newInstance(JAXBContext.java:662)
	at io.github.pmckeown.dependencytrack.finding.report.FindingsReportMarshallerService.getMarshaller(FindingsReportMarshallerService.java:12)
	at io.github.pmckeown.dependencytrack.finding.report.FindingsReportXmlReportWriter.getMarshaller(FindingsReportXmlReportWriter.java:24)
	at io.github.pmckeown.dependencytrack.report.AbstractXmlReportWriter.write(AbstractXmlReportWriter.java:14)
	... 35 more
Caused by: java.lang.ClassNotFoundException: com.sun.xml.internal.bind.v2.ContextFactory
	at java.base/jdk.internal.loader.BuiltinClassLoader.loadClass(BuiltinClassLoader.java:581)
	at java.base/jdk.internal.loader.ClassLoaders$AppClassLoader.loadClass(ClassLoaders.java:178)
	at java.base/java.lang.ClassLoader.loadClass(ClassLoader.java:522)
	at javax.xml.bind.ServiceLoaderUtil.nullSafeLoadClass(ServiceLoaderUtil.java:122)
	at javax.xml.bind.ServiceLoaderUtil.safeLoadClass(ServiceLoaderUtil.java:155)
	at javax.xml.bind.ContextFinder.newInstance(ContextFinder.java:276)
	... 41 more

[info] SSL Verification enabled: true
[info] Getting findings for project testName-99.99
[info] 1 finding(s) were retrieved for project: testName
[info] Printing findings for project testName-99.99
[info] ========================================================================
[info] CVE-2016-4682 (NVD)
[info] LOW: com.nefarious:dodgy:1.0.0
[info] 
[info] This component prints your password to the logs
[info] Comparing findings against defined thresholds
[debug] Error occurred when getting findings

io.github.pmckeown.dependencytrack.DependencyTrackException: Error occurred while generating XML report
	at io.github.pmckeown.dependencytrack.report.AbstractXmlReportWriter.write(AbstractXmlReportWriter.java:16)
	at io.github.pmckeown.dependencytrack.finding.report.FindingsReportGenerator.generate(FindingsReportGenerator.java:28)
	at io.github.pmckeown.dependencytrack.finding.FindingsMojo.performAction(FindingsMojo.java:99)
	at io.github.pmckeown.dependencytrack.AbstractDependencyTrackMojo.execute(AbstractDependencyTrackMojo.java:91)
	at io.github.pmckeown.dependencytrack.finding.FindingsMojoIntegrationTest.thatFindingMojoCanRetrieveFindingsAndPrintThem(FindingsMojoIntegrationTest.java:61)
	at java.base/jdk.internal.reflect.NativeMethodAccessorImpl.invoke0(Native Method)
	at java.base/jdk.internal.reflect.NativeMethodAccessorImpl.invoke(NativeMethodAccessorImpl.java:62)
	at java.base/jdk.internal.reflect.DelegatingMethodAccessorImpl.invoke(DelegatingMethodAccessorImpl.java:43)
	at java.base/java.lang.reflect.Method.invoke(Method.java:566)
	at org.junit.runners.model.FrameworkMethod$1.runReflectiveCall(FrameworkMethod.java:59)
	at org.junit.internal.runners.model.ReflectiveCallable.run(ReflectiveCallable.java:12)
	at org.junit.runners.model.FrameworkMethod.invokeExplosively(FrameworkMethod.java:56)
	at org.junit.internal.runners.statements.InvokeMethod.evaluate(InvokeMethod.java:17)
	at org.junit.internal.runners.statements.RunBefores.evaluate(RunBefores.java:26)
	at org.apache.maven.plugin.testing.MojoRule$2.evaluate(MojoRule.java:308)
	at com.github.tomakehurst.wiremock.junit.WireMockRule$1.evaluate(WireMockRule.java:79)
	at org.junit.runners.ParentRunner$3.evaluate(ParentRunner.java:306)
	at org.junit.runners.BlockJUnit4ClassRunner$1.evaluate(BlockJUnit4ClassRunner.java:100)
	at org.junit.runners.ParentRunner.runLeaf(ParentRunner.java:366)
	at org.junit.runners.BlockJUnit4ClassRunner.runChild(BlockJUnit4ClassRunner.java:103)
	at org.junit.runners.BlockJUnit4ClassRunner.runChild(BlockJUnit4ClassRunner.java:63)
	at org.junit.runners.ParentRunner$4.run(ParentRunner.java:331)
	at org.junit.runners.ParentRunner$1.schedule(ParentRunner.java:79)
	at org.junit.runners.ParentRunner.runChildren(ParentRunner.java:329)
	at org.junit.runners.ParentRunner.access$100(ParentRunner.java:66)
	at org.junit.runners.ParentRunner$2.evaluate(ParentRunner.java:293)
	at org.junit.runners.ParentRunner$3.evaluate(ParentRunner.java:306)
	at org.junit.runners.ParentRunner.run(ParentRunner.java:413)
	at org.apache.maven.surefire.junit4.JUnit4Provider.execute(JUnit4Provider.java:365)
	at org.apache.maven.surefire.junit4.JUnit4Provider.executeWithRerun(JUnit4Provider.java:273)
	at org.apache.maven.surefire.junit4.JUnit4Provider.executeTestSet(JUnit4Provider.java:238)
	at org.apache.maven.surefire.junit4.JUnit4Provider.invoke(JUnit4Provider.java:159)
	at org.apache.maven.surefire.booter.ForkedBooter.invokeProviderInSameClassLoader(ForkedBooter.java:384)
	at org.apache.maven.surefire.booter.ForkedBooter.runSuitesInProcess(ForkedBooter.java:345)
	at org.apache.maven.surefire.booter.ForkedBooter.execute(ForkedBooter.java:126)
	at org.apache.maven.surefire.booter.ForkedBooter.main(ForkedBooter.java:418)
Caused by: javax.xml.bind.JAXBException: Implementation of JAXB-API has not been found on module path or classpath.
 - with linked exception:
[java.lang.ClassNotFoundException: com.sun.xml.internal.bind.v2.ContextFactory]
	at javax.xml.bind.ContextFinder.newInstance(ContextFinder.java:278)
	at javax.xml.bind.ContextFinder.find(ContextFinder.java:421)
	at javax.xml.bind.JAXBContext.newInstance(JAXBContext.java:721)
	at javax.xml.bind.JAXBContext.newInstance(JAXBContext.java:662)
	at io.github.pmckeown.dependencytrack.finding.report.FindingsReportMarshallerService.getMarshaller(FindingsReportMarshallerService.java:12)
	at io.github.pmckeown.dependencytrack.finding.report.FindingsReportXmlReportWriter.getMarshaller(FindingsReportXmlReportWriter.java:24)
	at io.github.pmckeown.dependencytrack.report.AbstractXmlReportWriter.write(AbstractXmlReportWriter.java:14)
	... 35 more
Caused by: java.lang.ClassNotFoundException: com.sun.xml.internal.bind.v2.ContextFactory
	at java.base/jdk.internal.loader.BuiltinClassLoader.loadClass(BuiltinClassLoader.java:581)
	at java.base/jdk.internal.loader.ClassLoaders$AppClassLoader.loadClass(ClassLoaders.java:178)
	at java.base/java.lang.ClassLoader.loadClass(ClassLoader.java:522)
	at javax.xml.bind.ServiceLoaderUtil.nullSafeLoadClass(ServiceLoaderUtil.java:122)
	at javax.xml.bind.ServiceLoaderUtil.safeLoadClass(ServiceLoaderUtil.java:155)
	at javax.xml.bind.ContextFinder.newInstance(ContextFinder.java:276)
	... 41 more

[ERROR] Tests run: 6, Failures: 1, Errors: 0, Skipped: 0, Time elapsed: 9.305 s <<< FAILURE! - in io.github.pmckeown.dependencytrack.finding.FindingsMojoIntegrationTest
[ERROR] thatBuildFailsWhenFindingsNumberBreachesDefinedThresholds(io.github.pmckeown.dependencytrack.finding.FindingsMojoIntegrationTest)  Time elapsed: 7.697 s  <<< FAILURE!
java.lang.AssertionError: Exception expected
	at io.github.pmckeown.dependencytrack.finding.FindingsMojoIntegrationTest.thatBuildFailsWhenFindingsNumberBreachesDefinedThresholds(FindingsMojoIntegrationTest.java:115)

[INFO] Running io.github.pmckeown.dependencytrack.finding.FindingsClientTest
[INFO] Tests run: 3, Failures: 0, Errors: 0, Skipped: 0, Time elapsed: 1.078 s - in io.github.pmckeown.dependencytrack.finding.FindingsClientTest
[INFO] Running io.github.pmckeown.dependencytrack.finding.FindingsPrinterTest
[INFO] Tests run: 7, Failures: 0, Errors: 0, Skipped: 0, Time elapsed: 0.031 s - in io.github.pmckeown.dependencytrack.finding.FindingsPrinterTest
[INFO] Running io.github.pmckeown.dependencytrack.finding.FindingsActionTest
[INFO] Tests run: 4, Failures: 0, Errors: 0, Skipped: 0, Time elapsed: 0.046 s - in io.github.pmckeown.dependencytrack.finding.FindingsActionTest
[INFO] Running io.github.pmckeown.dependencytrack.finding.report.FindingsReportTest
[INFO] Tests run: 2, Failures: 0, Errors: 0, Skipped: 0, Time elapsed: 0.001 s - in io.github.pmckeown.dependencytrack.finding.report.FindingsReportTest
[INFO] Running io.github.pmckeown.dependencytrack.finding.report.FindingsReportXmlReportWriterTest
[INFO] Tests run: 2, Failures: 0, Errors: 0, Skipped: 0, Time elapsed: 0.097 s - in io.github.pmckeown.dependencytrack.finding.report.FindingsReportXmlReportWriterTest
[INFO] Running io.github.pmckeown.dependencytrack.finding.report.FindingsReportGeneratorTest
[INFO] Tests run: 3, Failures: 0, Errors: 0, Skipped: 0, Time elapsed: 0.071 s - in io.github.pmckeown.dependencytrack.finding.report.FindingsReportGeneratorTest
[INFO] Running io.github.pmckeown.dependencytrack.finding.report.FindingsReportIntegrationTest
io.github.pmckeown.dependencytrack.DependencyTrackException: Error occurred while generating XML report
	at io.github.pmckeown.dependencytrack.report.AbstractXmlReportWriter.write(AbstractXmlReportWriter.java:16)
	at io.github.pmckeown.dependencytrack.finding.report.FindingsReportIntegrationTest.thatXmlFileCanBeTransformed(FindingsReportIntegrationTest.java:50)
	at java.base/jdk.internal.reflect.NativeMethodAccessorImpl.invoke0(Native Method)
	at java.base/jdk.internal.reflect.NativeMethodAccessorImpl.invoke(NativeMethodAccessorImpl.java:62)
	at java.base/jdk.internal.reflect.DelegatingMethodAccessorImpl.invoke(DelegatingMethodAccessorImpl.java:43)
	at java.base/java.lang.reflect.Method.invoke(Method.java:566)
	at org.junit.runners.model.FrameworkMethod$1.runReflectiveCall(FrameworkMethod.java:59)
	at org.junit.internal.runners.model.ReflectiveCallable.run(ReflectiveCallable.java:12)
	at org.junit.runners.model.FrameworkMethod.invokeExplosively(FrameworkMethod.java:56)
	at org.junit.internal.runners.statements.InvokeMethod.evaluate(InvokeMethod.java:17)
	at org.junit.internal.runners.statements.RunBefores.evaluate(RunBefores.java:26)
	at org.junit.runners.ParentRunner$3.evaluate(ParentRunner.java:306)
	at org.junit.runners.BlockJUnit4ClassRunner$1.evaluate(BlockJUnit4ClassRunner.java:100)
	at org.junit.runners.ParentRunner.runLeaf(ParentRunner.java:366)
	at org.junit.runners.BlockJUnit4ClassRunner.runChild(BlockJUnit4ClassRunner.java:103)
	at org.junit.runners.BlockJUnit4ClassRunner.runChild(BlockJUnit4ClassRunner.java:63)
	at org.junit.runners.ParentRunner$4.run(ParentRunner.java:331)
	at org.junit.runners.ParentRunner$1.schedule(ParentRunner.java:79)
	at org.junit.runners.ParentRunner.runChildren(ParentRunner.java:329)
	at org.junit.runners.ParentRunner.access$100(ParentRunner.java:66)
	at org.junit.runners.ParentRunner$2.evaluate(ParentRunner.java:293)
	at org.junit.runners.ParentRunner$3.evaluate(ParentRunner.java:306)
	at org.junit.runners.ParentRunner.run(ParentRunner.java:413)
	at org.apache.maven.surefire.junit4.JUnit4Provider.execute(JUnit4Provider.java:365)
	at org.apache.maven.surefire.junit4.JUnit4Provider.executeWithRerun(JUnit4Provider.java:273)
	at org.apache.maven.surefire.junit4.JUnit4Provider.executeTestSet(JUnit4Provider.java:238)
	at org.apache.maven.surefire.junit4.JUnit4Provider.invoke(JUnit4Provider.java:159)
	at org.apache.maven.surefire.booter.ForkedBooter.invokeProviderInSameClassLoader(ForkedBooter.java:384)
	at org.apache.maven.surefire.booter.ForkedBooter.runSuitesInProcess(ForkedBooter.java:345)
	at org.apache.maven.surefire.booter.ForkedBooter.execute(ForkedBooter.java:126)
	at org.apache.maven.surefire.booter.ForkedBooter.main(ForkedBooter.java:418)
Caused by: javax.xml.bind.JAXBException: Implementation of JAXB-API has not been found on module path or classpath.
 - with linked exception:
[java.lang.ClassNotFoundException: com.sun.xml.internal.bind.v2.ContextFactory]
	at javax.xml.bind.ContextFinder.newInstance(ContextFinder.java:278)
	at javax.xml.bind.ContextFinder.find(ContextFinder.java:421)
	at javax.xml.bind.JAXBContext.newInstance(JAXBContext.java:721)
	at javax.xml.bind.JAXBContext.newInstance(JAXBContext.java:662)
	at io.github.pmckeown.dependencytrack.finding.report.FindingsReportMarshallerService.getMarshaller(FindingsReportMarshallerService.java:12)
	at io.github.pmckeown.dependencytrack.finding.report.FindingsReportXmlReportWriter.getMarshaller(FindingsReportXmlReportWriter.java:24)
	at io.github.pmckeown.dependencytrack.report.AbstractXmlReportWriter.write(AbstractXmlReportWriter.java:14)
	... 30 more
Caused by: java.lang.ClassNotFoundException: com.sun.xml.internal.bind.v2.ContextFactory
	at java.base/jdk.internal.loader.BuiltinClassLoader.loadClass(BuiltinClassLoader.java:581)
	at java.base/jdk.internal.loader.ClassLoaders$AppClassLoader.loadClass(ClassLoaders.java:178)
	at java.base/java.lang.ClassLoader.loadClass(ClassLoader.java:522)
	at javax.xml.bind.ServiceLoaderUtil.nullSafeLoadClass(ServiceLoaderUtil.java:122)
	at javax.xml.bind.ServiceLoaderUtil.safeLoadClass(ServiceLoaderUtil.java:155)
	at javax.xml.bind.ContextFinder.newInstance(ContextFinder.java:276)
	... 36 more
[ERROR] Tests run: 2, Failures: 2, Errors: 0, Skipped: 0, Time elapsed: 0.007 s <<< FAILURE! - in io.github.pmckeown.dependencytrack.finding.report.FindingsReportIntegrationTest
[ERROR] thatXmlFileCanBeGenerated(io.github.pmckeown.dependencytrack.finding.report.FindingsReportIntegrationTest)  Time elapsed: 0.001 s  <<< FAILURE!
java.lang.AssertionError: Exception not expected
	at io.github.pmckeown.dependencytrack.finding.report.FindingsReportIntegrationTest.thatXmlFileCanBeGenerated(FindingsReportIntegrationTest.java:42)

[ERROR] thatXmlFileCanBeTransformed(io.github.pmckeown.dependencytrack.finding.report.FindingsReportIntegrationTest)  Time elapsed: 0.006 s  <<< FAILURE!
java.lang.AssertionError: Exception not expected
	at io.github.pmckeown.dependencytrack.finding.report.FindingsReportIntegrationTest.thatXmlFileCanBeTransformed(FindingsReportIntegrationTest.java:55)

[INFO] Running io.github.pmckeown.dependencytrack.finding.report.FindingsReportHtmlReportWriterTest
[INFO] Tests run: 1, Failures: 0, Errors: 0, Skipped: 0, Time elapsed: 0.058 s - in io.github.pmckeown.dependencytrack.finding.report.FindingsReportHtmlReportWriterTest
[INFO] Running io.github.pmckeown.dependencytrack.finding.FindingsMojoTest
[INFO] Tests run: 2, Failures: 0, Errors: 0, Skipped: 0, Time elapsed: 0.149 s - in io.github.pmckeown.dependencytrack.finding.FindingsMojoTest
[INFO] Running io.github.pmckeown.dependencytrack.finding.FindingsAnalyserTest
[INFO] Tests run: 16, Failures: 0, Errors: 0, Skipped: 0, Time elapsed: 0.016 s - in io.github.pmckeown.dependencytrack.finding.FindingsAnalyserTest
[INFO] Running io.github.pmckeown.dependencytrack.score.ScoreMojoIntegrationTest
[info] SSL Verification enabled: true
[info] ========================================================================
[info] Project: dependency-track, Version: 3.6.0-SNAPSHOT
[warn] Inherited Risk Score: 3
[info] ========================================================================
[info] SSL Verification enabled: true
[error] Failed to determine score for: dependency-track-3.6.0-SNAPSHOT
[info] SSL Verification enabled: true
[info] ========================================================================
[info] Project: dependency-track, Version: 3.6.0-SNAPSHOT
[warn] Inherited Risk Score: 3 - Maximum allowed Inherited Risk Score: 3
[info] ========================================================================
[info] SSL Verification enabled: true
[info] Metrics not present, checking the server for more info
[info] Polling for metrics from the Dependency-Track server
[info] ========================================================================
[info] Project: noMetrics, Version: 1.0.0
[warn] Inherited Risk Score: 3
[info] ========================================================================
[info] SSL Verification enabled: true
[info] ========================================================================
[info] Project: dependency-track, Version: 3.6.0-SNAPSHOT
[warn] Inherited Risk Score: 3 - Maximum allowed Inherited Risk Score: 1
[info] ========================================================================
[info] SSL Verification enabled: true
[error] Failed to determine score for: dependency-track-3.6.0-SNAPSHOT
[info] SSL Verification enabled: true
[info] dependency-track.skip = true: Skipping analysis.
[info] SSL Verification enabled: true
[error] Failed to determine score for: dependency-track-3.6.0-SNAPSHOT
[info] SSL Verification enabled: true
[info] ========================================================================
[info] Project: dependency-track, Version: 3.6.0-SNAPSHOT
[warn] Inherited Risk Score: 3 - Maximum allowed Inherited Risk Score: 999
[info] ========================================================================
[info] SSL Verification enabled: true
[error] Failed to determine score for: dependency-track-3.6.0-SNAPSHOT
[info] SSL Verification enabled: true
[info] Metrics not present, checking the server for more info
[info] Polling for metrics from the Dependency-Track server
[error] Call 'io.github.pmckeown.dependencytrack.metrics.MetricsAction$$Lambda$229/0x00000008006ad840@3b44ffa4' failed after 1 tries!
[error] Failed to determine score for: noMetrics-1.0.0
[info] SSL Verification enabled: true
[info] ========================================================================
[info] Project: dependency-track, Version: 3.6.0-SNAPSHOT
[warn] Inherited Risk Score: 3 - Maximum allowed Inherited Risk Score: 3
[info] ========================================================================
[INFO] Tests run: 12, Failures: 0, Errors: 0, Skipped: 0, Time elapsed: 7.224 s - in io.github.pmckeown.dependencytrack.score.ScoreMojoIntegrationTest
[INFO] Running io.github.pmckeown.dependencytrack.score.ScoreActionTest
[INFO] Tests run: 6, Failures: 0, Errors: 0, Skipped: 0, Time elapsed: 0.066 s - in io.github.pmckeown.dependencytrack.score.ScoreActionTest
[INFO] Running io.github.pmckeown.dependencytrack.project.DeleteProjectMojoIntegrationTest
[info] SSL Verification enabled: true
[debug] Exception occurred while trying to delete project: unknown-1.2.3-SNAPSHOT

io.github.pmckeown.dependencytrack.DependencyTrackException: Requested project not found: unknown-1.2.3-SNAPSHOT
	at io.github.pmckeown.dependencytrack.project.ProjectAction.getProject(ProjectAction.java:45)
	at io.github.pmckeown.dependencytrack.project.DeleteProjectMojo.performAction(DeleteProjectMojo.java:34)
	at io.github.pmckeown.dependencytrack.AbstractDependencyTrackMojo.execute(AbstractDependencyTrackMojo.java:91)
	at io.github.pmckeown.dependencytrack.project.DeleteProjectMojoIntegrationTest.thatWhenProjectIsNotFoundDeletionIsNotAttempted(DeleteProjectMojoIntegrationTest.java:92)
	at java.base/jdk.internal.reflect.NativeMethodAccessorImpl.invoke0(Native Method)
	at java.base/jdk.internal.reflect.NativeMethodAccessorImpl.invoke(NativeMethodAccessorImpl.java:62)
	at java.base/jdk.internal.reflect.DelegatingMethodAccessorImpl.invoke(DelegatingMethodAccessorImpl.java:43)
	at java.base/java.lang.reflect.Method.invoke(Method.java:566)
	at org.junit.runners.model.FrameworkMethod$1.runReflectiveCall(FrameworkMethod.java:59)
	at org.junit.internal.runners.model.ReflectiveCallable.run(ReflectiveCallable.java:12)
	at org.junit.runners.model.FrameworkMethod.invokeExplosively(FrameworkMethod.java:56)
	at org.junit.internal.runners.statements.InvokeMethod.evaluate(InvokeMethod.java:17)
	at org.junit.internal.runners.statements.RunBefores.evaluate(RunBefores.java:26)
	at org.apache.maven.plugin.testing.MojoRule$2.evaluate(MojoRule.java:308)
	at com.github.tomakehurst.wiremock.junit.WireMockRule$1.evaluate(WireMockRule.java:79)
	at org.junit.runners.ParentRunner$3.evaluate(ParentRunner.java:306)
	at org.junit.runners.BlockJUnit4ClassRunner$1.evaluate(BlockJUnit4ClassRunner.java:100)
	at org.junit.runners.ParentRunner.runLeaf(ParentRunner.java:366)
	at org.junit.runners.BlockJUnit4ClassRunner.runChild(BlockJUnit4ClassRunner.java:103)
	at org.junit.runners.BlockJUnit4ClassRunner.runChild(BlockJUnit4ClassRunner.java:63)
	at org.junit.runners.ParentRunner$4.run(ParentRunner.java:331)
	at org.junit.runners.ParentRunner$1.schedule(ParentRunner.java:79)
	at org.junit.runners.ParentRunner.runChildren(ParentRunner.java:329)
	at org.junit.runners.ParentRunner.access$100(ParentRunner.java:66)
	at org.junit.runners.ParentRunner$2.evaluate(ParentRunner.java:293)
	at org.junit.runners.ParentRunner$3.evaluate(ParentRunner.java:306)
	at org.junit.runners.ParentRunner.run(ParentRunner.java:413)
	at org.apache.maven.surefire.junit4.JUnit4Provider.execute(JUnit4Provider.java:365)
	at org.apache.maven.surefire.junit4.JUnit4Provider.executeWithRerun(JUnit4Provider.java:273)
	at org.apache.maven.surefire.junit4.JUnit4Provider.executeTestSet(JUnit4Provider.java:238)
	at org.apache.maven.surefire.junit4.JUnit4Provider.invoke(JUnit4Provider.java:159)
	at org.apache.maven.surefire.booter.ForkedBooter.invokeProviderInSameClassLoader(ForkedBooter.java:384)
	at org.apache.maven.surefire.booter.ForkedBooter.runSuitesInProcess(ForkedBooter.java:345)
	at org.apache.maven.surefire.booter.ForkedBooter.execute(ForkedBooter.java:126)
	at org.apache.maven.surefire.booter.ForkedBooter.main(ForkedBooter.java:418)

[info] SSL Verification enabled: true
[error] Failed to delete project: dependency-track-3.6.0-SNAPSHOT
[info] SSL Verification enabled: true
[error] Failed to delete project: dependency-track-3.6.0-SNAPSHOT
[info] SSL Verification enabled: true
[info] dependency-track.skip = true: Skipping analysis.
[info] SSL Verification enabled: true
[error] Failed to delete project
[debug] Exception occurred while trying to delete project: dependency-track-3.6.0-SNAPSHOT

io.github.pmckeown.dependencytrack.DependencyTrackException: Failed to delete project
	at io.github.pmckeown.dependencytrack.project.ProjectAction.deleteProject(ProjectAction.java:84)
	at io.github.pmckeown.dependencytrack.project.DeleteProjectMojo.performAction(DeleteProjectMojo.java:36)
	at io.github.pmckeown.dependencytrack.AbstractDependencyTrackMojo.execute(AbstractDependencyTrackMojo.java:91)
	at io.github.pmckeown.dependencytrack.project.DeleteProjectMojoIntegrationTest.thatWhenProjectDeleteErrorsAndFailOnErrorFalseThenMojoSucceeds(DeleteProjectMojoIntegrationTest.java:126)
	at java.base/jdk.internal.reflect.NativeMethodAccessorImpl.invoke0(Native Method)
	at java.base/jdk.internal.reflect.NativeMethodAccessorImpl.invoke(NativeMethodAccessorImpl.java:62)
	at java.base/jdk.internal.reflect.DelegatingMethodAccessorImpl.invoke(DelegatingMethodAccessorImpl.java:43)
	at java.base/java.lang.reflect.Method.invoke(Method.java:566)
	at org.junit.runners.model.FrameworkMethod$1.runReflectiveCall(FrameworkMethod.java:59)
	at org.junit.internal.runners.model.ReflectiveCallable.run(ReflectiveCallable.java:12)
	at org.junit.runners.model.FrameworkMethod.invokeExplosively(FrameworkMethod.java:56)
	at org.junit.internal.runners.statements.InvokeMethod.evaluate(InvokeMethod.java:17)
	at org.junit.internal.runners.statements.RunBefores.evaluate(RunBefores.java:26)
	at org.apache.maven.plugin.testing.MojoRule$2.evaluate(MojoRule.java:308)
	at com.github.tomakehurst.wiremock.junit.WireMockRule$1.evaluate(WireMockRule.java:79)
	at org.junit.runners.ParentRunner$3.evaluate(ParentRunner.java:306)
	at org.junit.runners.BlockJUnit4ClassRunner$1.evaluate(BlockJUnit4ClassRunner.java:100)
	at org.junit.runners.ParentRunner.runLeaf(ParentRunner.java:366)
	at org.junit.runners.BlockJUnit4ClassRunner.runChild(BlockJUnit4ClassRunner.java:103)
	at org.junit.runners.BlockJUnit4ClassRunner.runChild(BlockJUnit4ClassRunner.java:63)
	at org.junit.runners.ParentRunner$4.run(ParentRunner.java:331)
	at org.junit.runners.ParentRunner$1.schedule(ParentRunner.java:79)
	at org.junit.runners.ParentRunner.runChildren(ParentRunner.java:329)
	at org.junit.runners.ParentRunner.access$100(ParentRunner.java:66)
	at org.junit.runners.ParentRunner$2.evaluate(ParentRunner.java:293)
	at org.junit.runners.ParentRunner$3.evaluate(ParentRunner.java:306)
	at org.junit.runners.ParentRunner.run(ParentRunner.java:413)
	at org.apache.maven.surefire.junit4.JUnit4Provider.execute(JUnit4Provider.java:365)
	at org.apache.maven.surefire.junit4.JUnit4Provider.executeWithRerun(JUnit4Provider.java:273)
	at org.apache.maven.surefire.junit4.JUnit4Provider.executeTestSet(JUnit4Provider.java:238)
	at org.apache.maven.surefire.junit4.JUnit4Provider.invoke(JUnit4Provider.java:159)
	at org.apache.maven.surefire.booter.ForkedBooter.invokeProviderInSameClassLoader(ForkedBooter.java:384)
	at org.apache.maven.surefire.booter.ForkedBooter.runSuitesInProcess(ForkedBooter.java:345)
	at org.apache.maven.surefire.booter.ForkedBooter.execute(ForkedBooter.java:126)
	at org.apache.maven.surefire.booter.ForkedBooter.main(ForkedBooter.java:418)

[info] SSL Verification enabled: true
[info] SSL Verification enabled: true
[error] Failed to delete project
[debug] Exception occurred while trying to delete project: dependency-track-3.6.0-SNAPSHOT

io.github.pmckeown.dependencytrack.DependencyTrackException: Failed to delete project
	at io.github.pmckeown.dependencytrack.project.ProjectAction.deleteProject(ProjectAction.java:84)
	at io.github.pmckeown.dependencytrack.project.DeleteProjectMojo.performAction(DeleteProjectMojo.java:36)
	at io.github.pmckeown.dependencytrack.AbstractDependencyTrackMojo.execute(AbstractDependencyTrackMojo.java:91)
	at io.github.pmckeown.dependencytrack.project.DeleteProjectMojoIntegrationTest.thatWhenProjectDeleteErrorsAndFailOnErrorTrueThenMojoExecutionExceptionIsThrown(DeleteProjectMojoIntegrationTest.java:110)
	at java.base/jdk.internal.reflect.NativeMethodAccessorImpl.invoke0(Native Method)
	at java.base/jdk.internal.reflect.NativeMethodAccessorImpl.invoke(NativeMethodAccessorImpl.java:62)
	at java.base/jdk.internal.reflect.DelegatingMethodAccessorImpl.invoke(DelegatingMethodAccessorImpl.java:43)
	at java.base/java.lang.reflect.Method.invoke(Method.java:566)
	at org.junit.runners.model.FrameworkMethod$1.runReflectiveCall(FrameworkMethod.java:59)
	at org.junit.internal.runners.model.ReflectiveCallable.run(ReflectiveCallable.java:12)
	at org.junit.runners.model.FrameworkMethod.invokeExplosively(FrameworkMethod.java:56)
	at org.junit.internal.runners.statements.InvokeMethod.evaluate(InvokeMethod.java:17)
	at org.junit.internal.runners.statements.RunBefores.evaluate(RunBefores.java:26)
	at org.apache.maven.plugin.testing.MojoRule$2.evaluate(MojoRule.java:308)
	at com.github.tomakehurst.wiremock.junit.WireMockRule$1.evaluate(WireMockRule.java:79)
	at org.junit.runners.ParentRunner$3.evaluate(ParentRunner.java:306)
	at org.junit.runners.BlockJUnit4ClassRunner$1.evaluate(BlockJUnit4ClassRunner.java:100)
	at org.junit.runners.ParentRunner.runLeaf(ParentRunner.java:366)
	at org.junit.runners.BlockJUnit4ClassRunner.runChild(BlockJUnit4ClassRunner.java:103)
	at org.junit.runners.BlockJUnit4ClassRunner.runChild(BlockJUnit4ClassRunner.java:63)
	at org.junit.runners.ParentRunner$4.run(ParentRunner.java:331)
	at org.junit.runners.ParentRunner$1.schedule(ParentRunner.java:79)
	at org.junit.runners.ParentRunner.runChildren(ParentRunner.java:329)
	at org.junit.runners.ParentRunner.access$100(ParentRunner.java:66)
	at org.junit.runners.ParentRunner$2.evaluate(ParentRunner.java:293)
	at org.junit.runners.ParentRunner$3.evaluate(ParentRunner.java:306)
	at org.junit.runners.ParentRunner.run(ParentRunner.java:413)
	at org.apache.maven.surefire.junit4.JUnit4Provider.execute(JUnit4Provider.java:365)
	at org.apache.maven.surefire.junit4.JUnit4Provider.executeWithRerun(JUnit4Provider.java:273)
	at org.apache.maven.surefire.junit4.JUnit4Provider.executeTestSet(JUnit4Provider.java:238)
	at org.apache.maven.surefire.junit4.JUnit4Provider.invoke(JUnit4Provider.java:159)
	at org.apache.maven.surefire.booter.ForkedBooter.invokeProviderInSameClassLoader(ForkedBooter.java:384)
	at org.apache.maven.surefire.booter.ForkedBooter.runSuitesInProcess(ForkedBooter.java:345)
	at org.apache.maven.surefire.booter.ForkedBooter.execute(ForkedBooter.java:126)
	at org.apache.maven.surefire.booter.ForkedBooter.main(ForkedBooter.java:418)

[INFO] Tests run: 7, Failures: 0, Errors: 0, Skipped: 0, Time elapsed: 1.116 s - in io.github.pmckeown.dependencytrack.project.DeleteProjectMojoIntegrationTest
[INFO] Running io.github.pmckeown.dependencytrack.project.ProjectActionTest
[INFO] Tests run: 8, Failures: 0, Errors: 0, Skipped: 0, Time elapsed: 0.031 s - in io.github.pmckeown.dependencytrack.project.ProjectActionTest
[INFO] Running io.github.pmckeown.dependencytrack.project.DeleteProjectActionTest
[INFO] Tests run: 3, Failures: 0, Errors: 0, Skipped: 0, Time elapsed: 0.007 s - in io.github.pmckeown.dependencytrack.project.DeleteProjectActionTest
[INFO] Running io.github.pmckeown.dependencytrack.project.ProjectClientIntegrationTest
[INFO] Tests run: 4, Failures: 0, Errors: 0, Skipped: 0, Time elapsed: 0.503 s - in io.github.pmckeown.dependencytrack.project.ProjectClientIntegrationTest
[INFO] Running io.github.pmckeown.dependencytrack.ObjectMapperFactoryTest
[INFO] Tests run: 1, Failures: 0, Errors: 0, Skipped: 0, Time elapsed: 0.016 s - in io.github.pmckeown.dependencytrack.ObjectMapperFactoryTest
[INFO] Running io.github.pmckeown.dependencytrack.metrics.MetricsAnalyserTest
[INFO] Tests run: 6, Failures: 0, Errors: 0, Skipped: 0, Time elapsed: 0.008 s - in io.github.pmckeown.dependencytrack.metrics.MetricsAnalyserTest
[INFO] Running io.github.pmckeown.dependencytrack.metrics.MetricsMojoIntegrationTest
[info] SSL Verification enabled: true
[info] ========================================================================
[info]                             Metric | Value
[info] ========================================================================
[info]               Inherited Risk Score | 0
[info]                           Critical | 101
[info]                               High | 201
[info]                             Medium | 301
[info]                                Low | 401
[info]                         Unassigned | 501
[info]                    Vulnerabilities | 0
[info]              Vulnerable Components | 0
[info]                         Components | 0
[info]                         Suppressed | 0
[info]                     Findings Total | 0
[info]                   Findings Audited | 0
[info]                 Findings Unaudited | 0
[info]                   First Occurrence | 2025-10-01T12:59:45.058Z
[info]                    Last Occurrence | 2025-10-01T12:59:45.058Z
[info] ========================================================================
[info] Comparing project metrics against defined thresholds
[warn] Number of Critical issues [101] exceeds the maximum allowed [100]
[warn] Number of High issues [201] exceeds the maximum allowed [200]
[warn] Number of Medium issues [301] exceeds the maximum allowed [300]
[warn] Number of Low issues [401] exceeds the maximum allowed [400]
[warn] Number of Unassigned issues [501] exceeds the maximum allowed [500]
[info] SSL Verification enabled: true
[info] ========================================================================
[info]                             Metric | Value
[info] ========================================================================
[info]               Inherited Risk Score | 3
[info]                           Critical | 0
[info]                               High | 0
[info]                             Medium | 1
[info]                                Low | 0
[info]                         Unassigned | 0
[info]                    Vulnerabilities | 1
[info]              Vulnerable Components | 1
[info]                         Components | 151
[info]                         Suppressed | 0
[info]                     Findings Total | 1
[info]                   Findings Audited | 0
[info]                 Findings Unaudited | 1
[info]                   First Occurrence | 2019-07-04T06:57:56.643Z
[info]                    Last Occurrence | 2019-07-04T06:57:56.643Z
[info] ========================================================================
[info] SSL Verification enabled: true
[info] Polling for metrics from the Dependency-Track server
[info] ========================================================================
[info]                             Metric | Value
[info] ========================================================================
[info]               Inherited Risk Score | 3
[info]                           Critical | 0
[info]                               High | 0
[info]                             Medium | 1
[info]                                Low | 0
[info]                         Unassigned | 0
[info]                    Vulnerabilities | 1
[info]              Vulnerable Components | 1
[info]                         Components | 151
[info]                         Suppressed | 0
[info]                     Findings Total | 1
[info]                   Findings Audited | 0
[info]                 Findings Unaudited | 1
[info]                   First Occurrence | 2019-07-04T06:56:55.567Z
[info]                    Last Occurrence | 2019-07-04T06:56:55.567Z
[info] ========================================================================
[info] SSL Verification enabled: true
[info] dependency-track.skip = true: Skipping analysis.
[info] SSL Verification enabled: true
[info] Polling for metrics from the Dependency-Track server
[error] Call 'io.github.pmckeown.dependencytrack.metrics.MetricsAction$$Lambda$229/0x00000008006ad840@5416fca6' failed after 1 tries!
[debug] Failed to get Metrics for project: 8977c66f-b310-45b5-bb6a-e63e9eb7c4ce

io.github.pmckeown.dependencytrack.DependencyTrackException: Failed to get Metrics for project: 8977c66f-b310-45b5-bb6a-e63e9eb7c4ce
	at io.github.pmckeown.dependencytrack.metrics.MetricsAction.getMetrics(MetricsAction.java:43)
	at io.github.pmckeown.dependencytrack.metrics.MetricsMojo.getMetrics(MetricsMojo.java:96)
	at io.github.pmckeown.dependencytrack.metrics.MetricsMojo.performAction(MetricsMojo.java:81)
	at io.github.pmckeown.dependencytrack.AbstractDependencyTrackMojo.execute(AbstractDependencyTrackMojo.java:91)
	at io.github.pmckeown.dependencytrack.metrics.MetricsMojoIntegrationTest.thatExceptionIsThrownWhenMetricsCannotBeRetrievedForCurrentProject(MetricsMojoIntegrationTest.java:85)
	at java.base/jdk.internal.reflect.NativeMethodAccessorImpl.invoke0(Native Method)
	at java.base/jdk.internal.reflect.NativeMethodAccessorImpl.invoke(NativeMethodAccessorImpl.java:62)
	at java.base/jdk.internal.reflect.DelegatingMethodAccessorImpl.invoke(DelegatingMethodAccessorImpl.java:43)
	at java.base/java.lang.reflect.Method.invoke(Method.java:566)
	at org.junit.runners.model.FrameworkMethod$1.runReflectiveCall(FrameworkMethod.java:59)
	at org.junit.internal.runners.model.ReflectiveCallable.run(ReflectiveCallable.java:12)
	at org.junit.runners.model.FrameworkMethod.invokeExplosively(FrameworkMethod.java:56)
	at org.junit.internal.runners.statements.InvokeMethod.evaluate(InvokeMethod.java:17)
	at org.junit.internal.runners.statements.RunBefores.evaluate(RunBefores.java:26)
	at org.apache.maven.plugin.testing.MojoRule$2.evaluate(MojoRule.java:308)
	at com.github.tomakehurst.wiremock.junit.WireMockRule$1.evaluate(WireMockRule.java:79)
	at org.junit.runners.ParentRunner$3.evaluate(ParentRunner.java:306)
	at org.junit.runners.BlockJUnit4ClassRunner$1.evaluate(BlockJUnit4ClassRunner.java:100)
	at org.junit.runners.ParentRunner.runLeaf(ParentRunner.java:366)
	at org.junit.runners.BlockJUnit4ClassRunner.runChild(BlockJUnit4ClassRunner.java:103)
	at org.junit.runners.BlockJUnit4ClassRunner.runChild(BlockJUnit4ClassRunner.java:63)
	at org.junit.runners.ParentRunner$4.run(ParentRunner.java:331)
	at org.junit.runners.ParentRunner$1.schedule(ParentRunner.java:79)
	at org.junit.runners.ParentRunner.runChildren(ParentRunner.java:329)
	at org.junit.runners.ParentRunner.access$100(ParentRunner.java:66)
	at org.junit.runners.ParentRunner$2.evaluate(ParentRunner.java:293)
	at org.junit.runners.ParentRunner$3.evaluate(ParentRunner.java:306)
	at org.junit.runners.ParentRunner.run(ParentRunner.java:413)
	at org.apache.maven.surefire.junit4.JUnit4Provider.execute(JUnit4Provider.java:365)
	at org.apache.maven.surefire.junit4.JUnit4Provider.executeWithRerun(JUnit4Provider.java:273)
	at org.apache.maven.surefire.junit4.JUnit4Provider.executeTestSet(JUnit4Provider.java:238)
	at org.apache.maven.surefire.junit4.JUnit4Provider.invoke(JUnit4Provider.java:159)
	at org.apache.maven.surefire.booter.ForkedBooter.invokeProviderInSameClassLoader(ForkedBooter.java:384)
	at org.apache.maven.surefire.booter.ForkedBooter.runSuitesInProcess(ForkedBooter.java:345)
	at org.apache.maven.surefire.booter.ForkedBooter.execute(ForkedBooter.java:126)
	at org.apache.maven.surefire.booter.ForkedBooter.main(ForkedBooter.java:418)

[INFO] Tests run: 5, Failures: 0, Errors: 0, Skipped: 0, Time elapsed: 0.704 s - in io.github.pmckeown.dependencytrack.metrics.MetricsMojoIntegrationTest
[INFO] Running io.github.pmckeown.dependencytrack.metrics.MetricsActionTest
[INFO] Tests run: 6, Failures: 0, Errors: 0, Skipped: 0, Time elapsed: 0.056 s - in io.github.pmckeown.dependencytrack.metrics.MetricsActionTest
[INFO] Running io.github.pmckeown.dependencytrack.metrics.MetricsPrinterTest
[INFO] Tests run: 15, Failures: 0, Errors: 0, Skipped: 0, Time elapsed: 0.114 s - in io.github.pmckeown.dependencytrack.metrics.MetricsPrinterTest
[INFO] Running io.github.pmckeown.dependencytrack.metrics.MetricsClientTest
[INFO] Tests run: 2, Failures: 0, Errors: 0, Skipped: 0, Time elapsed: 0.089 s - in io.github.pmckeown.dependencytrack.metrics.MetricsClientTest
[INFO] Running io.github.pmckeown.dependencytrack.upload.UploadBomMojoIntegrationTest
[info] SSL Verification enabled: true
[info] Project Name: dependency-track-maven-plugin-test-project
[info] Project Version: 0.0.1-SNAPSHOT
[info] PollingConfig[attempts=20,enabled=true,pause=1,timeUnit=SECONDS]
[error] Failure integrating with Dependency Track: 200 OK
[debug] Error occurred during upload

io.github.pmckeown.dependencytrack.DependencyTrackException: Failure integrating with Dependency Track: 200 OK
	at io.github.pmckeown.dependencytrack.upload.UploadBomAction.doUpload(UploadBomAction.java:92)
	at io.github.pmckeown.dependencytrack.upload.UploadBomAction.upload(UploadBomAction.java:48)
	at io.github.pmckeown.dependencytrack.upload.UploadBomMojo.performAction(UploadBomMojo.java:64)
	at io.github.pmckeown.dependencytrack.AbstractDependencyTrackMojo.execute(AbstractDependencyTrackMojo.java:91)
	at io.github.pmckeown.dependencytrack.upload.UploadBomMojoIntegrationTest.thatProjectVersionDefaultsToPomVersion(UploadBomMojoIntegrationTest.java:190)
	at java.base/jdk.internal.reflect.NativeMethodAccessorImpl.invoke0(Native Method)
	at java.base/jdk.internal.reflect.NativeMethodAccessorImpl.invoke(NativeMethodAccessorImpl.java:62)
	at java.base/jdk.internal.reflect.DelegatingMethodAccessorImpl.invoke(DelegatingMethodAccessorImpl.java:43)
	at java.base/java.lang.reflect.Method.invoke(Method.java:566)
	at org.junit.runners.model.FrameworkMethod$1.runReflectiveCall(FrameworkMethod.java:59)
	at org.junit.internal.runners.model.ReflectiveCallable.run(ReflectiveCallable.java:12)
	at org.junit.runners.model.FrameworkMethod.invokeExplosively(FrameworkMethod.java:56)
	at org.junit.internal.runners.statements.InvokeMethod.evaluate(InvokeMethod.java:17)
	at org.junit.internal.runners.statements.RunBefores.evaluate(RunBefores.java:26)
	at org.apache.maven.plugin.testing.MojoRule$2.evaluate(MojoRule.java:308)
	at com.github.tomakehurst.wiremock.junit.WireMockRule$1.evaluate(WireMockRule.java:79)
	at org.junit.runners.ParentRunner$3.evaluate(ParentRunner.java:306)
	at org.junit.runners.BlockJUnit4ClassRunner$1.evaluate(BlockJUnit4ClassRunner.java:100)
	at org.junit.runners.ParentRunner.runLeaf(ParentRunner.java:366)
	at org.junit.runners.BlockJUnit4ClassRunner.runChild(BlockJUnit4ClassRunner.java:103)
	at org.junit.runners.BlockJUnit4ClassRunner.runChild(BlockJUnit4ClassRunner.java:63)
	at org.junit.runners.ParentRunner$4.run(ParentRunner.java:331)
	at org.junit.runners.ParentRunner$1.schedule(ParentRunner.java:79)
	at org.junit.runners.ParentRunner.runChildren(ParentRunner.java:329)
	at org.junit.runners.ParentRunner.access$100(ParentRunner.java:66)
	at org.junit.runners.ParentRunner$2.evaluate(ParentRunner.java:293)
	at org.junit.runners.ParentRunner$3.evaluate(ParentRunner.java:306)
	at org.junit.runners.ParentRunner.run(ParentRunner.java:413)
	at org.apache.maven.surefire.junit4.JUnit4Provider.execute(JUnit4Provider.java:365)
	at org.apache.maven.surefire.junit4.JUnit4Provider.executeWithRerun(JUnit4Provider.java:273)
	at org.apache.maven.surefire.junit4.JUnit4Provider.executeTestSet(JUnit4Provider.java:238)
	at org.apache.maven.surefire.junit4.JUnit4Provider.invoke(JUnit4Provider.java:159)
	at org.apache.maven.surefire.booter.ForkedBooter.invokeProviderInSameClassLoader(ForkedBooter.java:384)
	at org.apache.maven.surefire.booter.ForkedBooter.runSuitesInProcess(ForkedBooter.java:345)
	at org.apache.maven.surefire.booter.ForkedBooter.execute(ForkedBooter.java:126)
	at org.apache.maven.surefire.booter.ForkedBooter.main(ForkedBooter.java:418)
Caused by: io.github.pmckeown.dependencytrack.DependencyTrackException: Failure integrating with Dependency Track: 200 OK
	at io.github.pmckeown.dependencytrack.upload.UploadBomAction.doUpload(UploadBomAction.java:89)
	... 35 more

[info] SSL Verification enabled: true
[info] Project Name: dependency-track-maven-plugin-test-project
[info] Project Version: 0.0.1-SNAPSHOT
[info] PollingConfig[attempts=20,enabled=true,pause=1,timeUnit=SECONDS]
[debug] Error occurred during upload

io.github.pmckeown.dependencytrack.DependencyTrackException: java.net.UnknownHostException: localghost
	at io.github.pmckeown.dependencytrack.upload.UploadBomAction.doUpload(UploadBomAction.java:92)
	at io.github.pmckeown.dependencytrack.upload.UploadBomAction.upload(UploadBomAction.java:48)
	at io.github.pmckeown.dependencytrack.upload.UploadBomMojo.performAction(UploadBomMojo.java:64)
	at io.github.pmckeown.dependencytrack.AbstractDependencyTrackMojo.execute(AbstractDependencyTrackMojo.java:91)
	at io.github.pmckeown.dependencytrack.upload.UploadBomMojoIntegrationTest.thatWhenFailOnErrorIsTrueAFailureFromToDependencyTrackDoesFailTheBuild(UploadBomMojoIntegrationTest.java:95)
	at java.base/jdk.internal.reflect.NativeMethodAccessorImpl.invoke0(Native Method)
	at java.base/jdk.internal.reflect.NativeMethodAccessorImpl.invoke(NativeMethodAccessorImpl.java:62)
	at java.base/jdk.internal.reflect.DelegatingMethodAccessorImpl.invoke(DelegatingMethodAccessorImpl.java:43)
	at java.base/java.lang.reflect.Method.invoke(Method.java:566)
	at org.junit.runners.model.FrameworkMethod$1.runReflectiveCall(FrameworkMethod.java:59)
	at org.junit.internal.runners.model.ReflectiveCallable.run(ReflectiveCallable.java:12)
	at org.junit.runners.model.FrameworkMethod.invokeExplosively(FrameworkMethod.java:56)
	at org.junit.internal.runners.statements.InvokeMethod.evaluate(InvokeMethod.java:17)
	at org.junit.internal.runners.statements.RunBefores.evaluate(RunBefores.java:26)
	at org.apache.maven.plugin.testing.MojoRule$2.evaluate(MojoRule.java:308)
	at com.github.tomakehurst.wiremock.junit.WireMockRule$1.evaluate(WireMockRule.java:79)
	at org.junit.runners.ParentRunner$3.evaluate(ParentRunner.java:306)
	at org.junit.runners.BlockJUnit4ClassRunner$1.evaluate(BlockJUnit4ClassRunner.java:100)
	at org.junit.runners.ParentRunner.runLeaf(ParentRunner.java:366)
	at org.junit.runners.BlockJUnit4ClassRunner.runChild(BlockJUnit4ClassRunner.java:103)
	at org.junit.runners.BlockJUnit4ClassRunner.runChild(BlockJUnit4ClassRunner.java:63)
	at org.junit.runners.ParentRunner$4.run(ParentRunner.java:331)
	at org.junit.runners.ParentRunner$1.schedule(ParentRunner.java:79)
	at org.junit.runners.ParentRunner.runChildren(ParentRunner.java:329)
	at org.junit.runners.ParentRunner.access$100(ParentRunner.java:66)
	at org.junit.runners.ParentRunner$2.evaluate(ParentRunner.java:293)
	at org.junit.runners.ParentRunner$3.evaluate(ParentRunner.java:306)
	at org.junit.runners.ParentRunner.run(ParentRunner.java:413)
	at org.apache.maven.surefire.junit4.JUnit4Provider.execute(JUnit4Provider.java:365)
	at org.apache.maven.surefire.junit4.JUnit4Provider.executeWithRerun(JUnit4Provider.java:273)
	at org.apache.maven.surefire.junit4.JUnit4Provider.executeTestSet(JUnit4Provider.java:238)
	at org.apache.maven.surefire.junit4.JUnit4Provider.invoke(JUnit4Provider.java:159)
	at org.apache.maven.surefire.booter.ForkedBooter.invokeProviderInSameClassLoader(ForkedBooter.java:384)
	at org.apache.maven.surefire.booter.ForkedBooter.runSuitesInProcess(ForkedBooter.java:345)
	at org.apache.maven.surefire.booter.ForkedBooter.execute(ForkedBooter.java:126)
	at org.apache.maven.surefire.booter.ForkedBooter.main(ForkedBooter.java:418)
Caused by: kong.unirest.UnirestException: java.net.UnknownHostException: localghost
	at kong.unirest.DefaultInterceptor.onFail(DefaultInterceptor.java:43)
	at kong.unirest.CompoundInterceptor.lambda$onFail$2(CompoundInterceptor.java:54)
	at java.base/java.util.stream.ReferencePipeline$3$1.accept(ReferencePipeline.java:195)
	at java.base/java.util.Collections$2.tryAdvance(Collections.java:4747)
	at java.base/java.util.stream.ReferencePipeline.forEachWithCancel(ReferencePipeline.java:127)
	at java.base/java.util.stream.AbstractPipeline.copyIntoWithCancel(AbstractPipeline.java:502)
	at java.base/java.util.stream.AbstractPipeline.copyInto(AbstractPipeline.java:488)
	at java.base/java.util.stream.AbstractPipeline.wrapAndCopyInto(AbstractPipeline.java:474)
	at java.base/java.util.stream.FindOps$FindOp.evaluateSequential(FindOps.java:150)
	at java.base/java.util.stream.AbstractPipeline.evaluate(AbstractPipeline.java:234)
	at java.base/java.util.stream.ReferencePipeline.findFirst(ReferencePipeline.java:543)
	at kong.unirest.CompoundInterceptor.onFail(CompoundInterceptor.java:56)
	at kong.unirest.apache.ApacheClient.request(ApacheClient.java:138)
	at kong.unirest.Client.request(Client.java:57)
	at kong.unirest.BaseRequest.request(BaseRequest.java:365)
	at kong.unirest.BaseRequest.asObject(BaseRequest.java:271)
	at io.github.pmckeown.dependencytrack.upload.BomClient.uploadBom(BomClient.java:47)
	at io.github.pmckeown.dependencytrack.upload.UploadBomAction.doUpload(UploadBomAction.java:79)
	... 35 more
Caused by: java.net.UnknownHostException: localghost
	at java.base/java.net.InetAddress$CachedAddresses.get(InetAddress.java:797)
	at java.base/java.net.InetAddress.getAllByName0(InetAddress.java:1533)
	at java.base/java.net.InetAddress.getAllByName(InetAddress.java:1386)
	at java.base/java.net.InetAddress.getAllByName(InetAddress.java:1307)
	at unirest.shaded.org.apache.http.impl.conn.SystemDefaultDnsResolver.resolve(SystemDefaultDnsResolver.java:45)
	at unirest.shaded.org.apache.http.impl.conn.DefaultHttpClientConnectionOperator.connect(DefaultHttpClientConnectionOperator.java:112)
	at unirest.shaded.org.apache.http.impl.conn.PoolingHttpClientConnectionManager.connect(PoolingHttpClientConnectionManager.java:376)
	at unirest.shaded.org.apache.http.impl.execchain.MainClientExec.establishRoute(MainClientExec.java:393)
	at unirest.shaded.org.apache.http.impl.execchain.MainClientExec.execute(MainClientExec.java:236)
	at unirest.shaded.org.apache.http.impl.execchain.ProtocolExec.execute(ProtocolExec.java:186)
	at unirest.shaded.org.apache.http.impl.execchain.RetryExec.execute(RetryExec.java:89)
	at unirest.shaded.org.apache.http.impl.execchain.RedirectExec.execute(RedirectExec.java:110)
	at unirest.shaded.org.apache.http.impl.client.InternalHttpClient.doExecute(InternalHttpClient.java:185)
	at unirest.shaded.org.apache.http.impl.client.CloseableHttpClient.execute(CloseableHttpClient.java:118)
	at unirest.shaded.org.apache.http.impl.client.CloseableHttpClient.execute(CloseableHttpClient.java:56)
	at kong.unirest.apache.ApacheClient.request(ApacheClient.java:129)
	... 40 more

[info] SSL Verification enabled: true
[info] Project Name: dependency-track-maven-plugin-test-project
[info] Project Version: 99.99.99-RELEASE
[info] PollingConfig[attempts=20,enabled=true,pause=1,timeUnit=SECONDS]
[error] Failure integrating with Dependency Track: 200 OK
[debug] Error occurred during upload

io.github.pmckeown.dependencytrack.DependencyTrackException: Failure integrating with Dependency Track: 200 OK
	at io.github.pmckeown.dependencytrack.upload.UploadBomAction.doUpload(UploadBomAction.java:92)
	at io.github.pmckeown.dependencytrack.upload.UploadBomAction.upload(UploadBomAction.java:48)
	at io.github.pmckeown.dependencytrack.upload.UploadBomMojo.performAction(UploadBomMojo.java:64)
	at io.github.pmckeown.dependencytrack.AbstractDependencyTrackMojo.execute(AbstractDependencyTrackMojo.java:91)
	at io.github.pmckeown.dependencytrack.upload.UploadBomMojoIntegrationTest.thatProjectVersionCanBeProvided(UploadBomMojoIntegrationTest.java:176)
	at java.base/jdk.internal.reflect.NativeMethodAccessorImpl.invoke0(Native Method)
	at java.base/jdk.internal.reflect.NativeMethodAccessorImpl.invoke(NativeMethodAccessorImpl.java:62)
	at java.base/jdk.internal.reflect.DelegatingMethodAccessorImpl.invoke(DelegatingMethodAccessorImpl.java:43)
	at java.base/java.lang.reflect.Method.invoke(Method.java:566)
	at org.junit.runners.model.FrameworkMethod$1.runReflectiveCall(FrameworkMethod.java:59)
	at org.junit.internal.runners.model.ReflectiveCallable.run(ReflectiveCallable.java:12)
	at org.junit.runners.model.FrameworkMethod.invokeExplosively(FrameworkMethod.java:56)
	at org.junit.internal.runners.statements.InvokeMethod.evaluate(InvokeMethod.java:17)
	at org.junit.internal.runners.statements.RunBefores.evaluate(RunBefores.java:26)
	at org.apache.maven.plugin.testing.MojoRule$2.evaluate(MojoRule.java:308)
	at com.github.tomakehurst.wiremock.junit.WireMockRule$1.evaluate(WireMockRule.java:79)
	at org.junit.runners.ParentRunner$3.evaluate(ParentRunner.java:306)
	at org.junit.runners.BlockJUnit4ClassRunner$1.evaluate(BlockJUnit4ClassRunner.java:100)
	at org.junit.runners.ParentRunner.runLeaf(ParentRunner.java:366)
	at org.junit.runners.BlockJUnit4ClassRunner.runChild(BlockJUnit4ClassRunner.java:103)
	at org.junit.runners.BlockJUnit4ClassRunner.runChild(BlockJUnit4ClassRunner.java:63)
	at org.junit.runners.ParentRunner$4.run(ParentRunner.java:331)
	at org.junit.runners.ParentRunner$1.schedule(ParentRunner.java:79)
	at org.junit.runners.ParentRunner.runChildren(ParentRunner.java:329)
	at org.junit.runners.ParentRunner.access$100(ParentRunner.java:66)
	at org.junit.runners.ParentRunner$2.evaluate(ParentRunner.java:293)
	at org.junit.runners.ParentRunner$3.evaluate(ParentRunner.java:306)
	at org.junit.runners.ParentRunner.run(ParentRunner.java:413)
	at org.apache.maven.surefire.junit4.JUnit4Provider.execute(JUnit4Provider.java:365)
	at org.apache.maven.surefire.junit4.JUnit4Provider.executeWithRerun(JUnit4Provider.java:273)
	at org.apache.maven.surefire.junit4.JUnit4Provider.executeTestSet(JUnit4Provider.java:238)
	at org.apache.maven.surefire.junit4.JUnit4Provider.invoke(JUnit4Provider.java:159)
	at org.apache.maven.surefire.booter.ForkedBooter.invokeProviderInSameClassLoader(ForkedBooter.java:384)
	at org.apache.maven.surefire.booter.ForkedBooter.runSuitesInProcess(ForkedBooter.java:345)
	at org.apache.maven.surefire.booter.ForkedBooter.execute(ForkedBooter.java:126)
	at org.apache.maven.surefire.booter.ForkedBooter.main(ForkedBooter.java:418)
Caused by: io.github.pmckeown.dependencytrack.DependencyTrackException: Failure integrating with Dependency Track: 200 OK
	at io.github.pmckeown.dependencytrack.upload.UploadBomAction.doUpload(UploadBomAction.java:89)
	... 35 more

[info] SSL Verification enabled: true
[info] Project Name: dependency-track-maven-plugin-test-project
[info] Project Version: 0.0.1-SNAPSHOT
[info] PollingConfig[attempts=20,enabled=true,pause=1,timeUnit=SECONDS]
[error] Failure integrating with Dependency Track: 404 Not Found
[debug] Error occurred during upload

io.github.pmckeown.dependencytrack.DependencyTrackException: Failure integrating with Dependency Track: 404 Not Found
	at io.github.pmckeown.dependencytrack.upload.UploadBomAction.doUpload(UploadBomAction.java:92)
	at io.github.pmckeown.dependencytrack.upload.UploadBomAction.upload(UploadBomAction.java:48)
	at io.github.pmckeown.dependencytrack.upload.UploadBomMojo.performAction(UploadBomMojo.java:64)
	at io.github.pmckeown.dependencytrack.AbstractDependencyTrackMojo.execute(AbstractDependencyTrackMojo.java:91)
	at io.github.pmckeown.dependencytrack.upload.UploadBomMojoIntegrationTest.thatWhenFailOnErrorIsFalseAFailureFromToDependencyTrackDoesNotFailTheBuild(UploadBomMojoIntegrationTest.java:73)
	at java.base/jdk.internal.reflect.NativeMethodAccessorImpl.invoke0(Native Method)
	at java.base/jdk.internal.reflect.NativeMethodAccessorImpl.invoke(NativeMethodAccessorImpl.java:62)
	at java.base/jdk.internal.reflect.DelegatingMethodAccessorImpl.invoke(DelegatingMethodAccessorImpl.java:43)
	at java.base/java.lang.reflect.Method.invoke(Method.java:566)
	at org.junit.runners.model.FrameworkMethod$1.runReflectiveCall(FrameworkMethod.java:59)
	at org.junit.internal.runners.model.ReflectiveCallable.run(ReflectiveCallable.java:12)
	at org.junit.runners.model.FrameworkMethod.invokeExplosively(FrameworkMethod.java:56)
	at org.junit.internal.runners.statements.InvokeMethod.evaluate(InvokeMethod.java:17)
	at org.junit.internal.runners.statements.RunBefores.evaluate(RunBefores.java:26)
	at org.apache.maven.plugin.testing.MojoRule$2.evaluate(MojoRule.java:308)
	at com.github.tomakehurst.wiremock.junit.WireMockRule$1.evaluate(WireMockRule.java:79)
	at org.junit.runners.ParentRunner$3.evaluate(ParentRunner.java:306)
	at org.junit.runners.BlockJUnit4ClassRunner$1.evaluate(BlockJUnit4ClassRunner.java:100)
	at org.junit.runners.ParentRunner.runLeaf(ParentRunner.java:366)
	at org.junit.runners.BlockJUnit4ClassRunner.runChild(BlockJUnit4ClassRunner.java:103)
	at org.junit.runners.BlockJUnit4ClassRunner.runChild(BlockJUnit4ClassRunner.java:63)
	at org.junit.runners.ParentRunner$4.run(ParentRunner.java:331)
	at org.junit.runners.ParentRunner$1.schedule(ParentRunner.java:79)
	at org.junit.runners.ParentRunner.runChildren(ParentRunner.java:329)
	at org.junit.runners.ParentRunner.access$100(ParentRunner.java:66)
	at org.junit.runners.ParentRunner$2.evaluate(ParentRunner.java:293)
	at org.junit.runners.ParentRunner$3.evaluate(ParentRunner.java:306)
	at org.junit.runners.ParentRunner.run(ParentRunner.java:413)
	at org.apache.maven.surefire.junit4.JUnit4Provider.execute(JUnit4Provider.java:365)
	at org.apache.maven.surefire.junit4.JUnit4Provider.executeWithRerun(JUnit4Provider.java:273)
	at org.apache.maven.surefire.junit4.JUnit4Provider.executeTestSet(JUnit4Provider.java:238)
	at org.apache.maven.surefire.junit4.JUnit4Provider.invoke(JUnit4Provider.java:159)
	at org.apache.maven.surefire.booter.ForkedBooter.invokeProviderInSameClassLoader(ForkedBooter.java:384)
	at org.apache.maven.surefire.booter.ForkedBooter.runSuitesInProcess(ForkedBooter.java:345)
	at org.apache.maven.surefire.booter.ForkedBooter.execute(ForkedBooter.java:126)
	at org.apache.maven.surefire.booter.ForkedBooter.main(ForkedBooter.java:418)
Caused by: io.github.pmckeown.dependencytrack.DependencyTrackException: Failure integrating with Dependency Track: 404 Not Found
	at io.github.pmckeown.dependencytrack.upload.UploadBomAction.doUpload(UploadBomAction.java:89)
	... 35 more

[info] SSL Verification enabled: true
[info] dependency-track.skip = true: Skipping analysis.
[info] SSL Verification enabled: true
[info] Project Name: dependency-track-maven-plugin-test-project
[info] Project Version: 0.0.1-SNAPSHOT
[info] PollingConfig[attempts=20,enabled=true,pause=1,timeUnit=SECONDS]
[debug] Error occurred during upload

io.github.pmckeown.dependencytrack.DependencyTrackException: java.net.UnknownHostException: localghost
	at io.github.pmckeown.dependencytrack.upload.UploadBomAction.doUpload(UploadBomAction.java:92)
	at io.github.pmckeown.dependencytrack.upload.UploadBomAction.upload(UploadBomAction.java:48)
	at io.github.pmckeown.dependencytrack.upload.UploadBomMojo.performAction(UploadBomMojo.java:64)
	at io.github.pmckeown.dependencytrack.AbstractDependencyTrackMojo.execute(AbstractDependencyTrackMojo.java:91)
	at io.github.pmckeown.dependencytrack.upload.UploadBomMojoIntegrationTest.thatWhenFailOnErrorIsFalseAFailureToConnectToDependencyTrackDoesNotFailTheBuild(UploadBomMojoIntegrationTest.java:110)
	at java.base/jdk.internal.reflect.NativeMethodAccessorImpl.invoke0(Native Method)
	at java.base/jdk.internal.reflect.NativeMethodAccessorImpl.invoke(NativeMethodAccessorImpl.java:62)
	at java.base/jdk.internal.reflect.DelegatingMethodAccessorImpl.invoke(DelegatingMethodAccessorImpl.java:43)
	at java.base/java.lang.reflect.Method.invoke(Method.java:566)
	at org.junit.runners.model.FrameworkMethod$1.runReflectiveCall(FrameworkMethod.java:59)
	at org.junit.internal.runners.model.ReflectiveCallable.run(ReflectiveCallable.java:12)
	at org.junit.runners.model.FrameworkMethod.invokeExplosively(FrameworkMethod.java:56)
	at org.junit.internal.runners.statements.InvokeMethod.evaluate(InvokeMethod.java:17)
	at org.junit.internal.runners.statements.RunBefores.evaluate(RunBefores.java:26)
	at org.apache.maven.plugin.testing.MojoRule$2.evaluate(MojoRule.java:308)
	at com.github.tomakehurst.wiremock.junit.WireMockRule$1.evaluate(WireMockRule.java:79)
	at org.junit.runners.ParentRunner$3.evaluate(ParentRunner.java:306)
	at org.junit.runners.BlockJUnit4ClassRunner$1.evaluate(BlockJUnit4ClassRunner.java:100)
	at org.junit.runners.ParentRunner.runLeaf(ParentRunner.java:366)
	at org.junit.runners.BlockJUnit4ClassRunner.runChild(BlockJUnit4ClassRunner.java:103)
	at org.junit.runners.BlockJUnit4ClassRunner.runChild(BlockJUnit4ClassRunner.java:63)
	at org.junit.runners.ParentRunner$4.run(ParentRunner.java:331)
	at org.junit.runners.ParentRunner$1.schedule(ParentRunner.java:79)
	at org.junit.runners.ParentRunner.runChildren(ParentRunner.java:329)
	at org.junit.runners.ParentRunner.access$100(ParentRunner.java:66)
	at org.junit.runners.ParentRunner$2.evaluate(ParentRunner.java:293)
	at org.junit.runners.ParentRunner$3.evaluate(ParentRunner.java:306)
	at org.junit.runners.ParentRunner.run(ParentRunner.java:413)
	at org.apache.maven.surefire.junit4.JUnit4Provider.execute(JUnit4Provider.java:365)
	at org.apache.maven.surefire.junit4.JUnit4Provider.executeWithRerun(JUnit4Provider.java:273)
	at org.apache.maven.surefire.junit4.JUnit4Provider.executeTestSet(JUnit4Provider.java:238)
	at org.apache.maven.surefire.junit4.JUnit4Provider.invoke(JUnit4Provider.java:159)
	at org.apache.maven.surefire.booter.ForkedBooter.invokeProviderInSameClassLoader(ForkedBooter.java:384)
	at org.apache.maven.surefire.booter.ForkedBooter.runSuitesInProcess(ForkedBooter.java:345)
	at org.apache.maven.surefire.booter.ForkedBooter.execute(ForkedBooter.java:126)
	at org.apache.maven.surefire.booter.ForkedBooter.main(ForkedBooter.java:418)
Caused by: kong.unirest.UnirestException: java.net.UnknownHostException: localghost
	at kong.unirest.DefaultInterceptor.onFail(DefaultInterceptor.java:43)
	at kong.unirest.CompoundInterceptor.lambda$onFail$2(CompoundInterceptor.java:54)
	at java.base/java.util.stream.ReferencePipeline$3$1.accept(ReferencePipeline.java:195)
	at java.base/java.util.Collections$2.tryAdvance(Collections.java:4747)
	at java.base/java.util.stream.ReferencePipeline.forEachWithCancel(ReferencePipeline.java:127)
	at java.base/java.util.stream.AbstractPipeline.copyIntoWithCancel(AbstractPipeline.java:502)
	at java.base/java.util.stream.AbstractPipeline.copyInto(AbstractPipeline.java:488)
	at java.base/java.util.stream.AbstractPipeline.wrapAndCopyInto(AbstractPipeline.java:474)
	at java.base/java.util.stream.FindOps$FindOp.evaluateSequential(FindOps.java:150)
	at java.base/java.util.stream.AbstractPipeline.evaluate(AbstractPipeline.java:234)
	at java.base/java.util.stream.ReferencePipeline.findFirst(ReferencePipeline.java:543)
	at kong.unirest.CompoundInterceptor.onFail(CompoundInterceptor.java:56)
	at kong.unirest.apache.ApacheClient.request(ApacheClient.java:138)
	at kong.unirest.Client.request(Client.java:57)
	at kong.unirest.BaseRequest.request(BaseRequest.java:365)
	at kong.unirest.BaseRequest.asObject(BaseRequest.java:271)
	at io.github.pmckeown.dependencytrack.upload.BomClient.uploadBom(BomClient.java:47)
	at io.github.pmckeown.dependencytrack.upload.UploadBomAction.doUpload(UploadBomAction.java:79)
	... 35 more
Caused by: java.net.UnknownHostException: localghost
	at java.base/java.net.InetAddress$CachedAddresses.get(InetAddress.java:797)
	at java.base/java.net.InetAddress.getAllByName0(InetAddress.java:1533)
	at java.base/java.net.InetAddress.getAllByName(InetAddress.java:1386)
	at java.base/java.net.InetAddress.getAllByName(InetAddress.java:1307)
	at unirest.shaded.org.apache.http.impl.conn.SystemDefaultDnsResolver.resolve(SystemDefaultDnsResolver.java:45)
	at unirest.shaded.org.apache.http.impl.conn.DefaultHttpClientConnectionOperator.connect(DefaultHttpClientConnectionOperator.java:112)
	at unirest.shaded.org.apache.http.impl.conn.PoolingHttpClientConnectionManager.connect(PoolingHttpClientConnectionManager.java:376)
	at unirest.shaded.org.apache.http.impl.execchain.MainClientExec.establishRoute(MainClientExec.java:393)
	at unirest.shaded.org.apache.http.impl.execchain.MainClientExec.execute(MainClientExec.java:236)
	at unirest.shaded.org.apache.http.impl.execchain.ProtocolExec.execute(ProtocolExec.java:186)
	at unirest.shaded.org.apache.http.impl.execchain.RetryExec.execute(RetryExec.java:89)
	at unirest.shaded.org.apache.http.impl.execchain.RedirectExec.execute(RedirectExec.java:110)
	at unirest.shaded.org.apache.http.impl.client.InternalHttpClient.doExecute(InternalHttpClient.java:185)
	at unirest.shaded.org.apache.http.impl.client.CloseableHttpClient.execute(CloseableHttpClient.java:118)
	at unirest.shaded.org.apache.http.impl.client.CloseableHttpClient.execute(CloseableHttpClient.java:56)
	at kong.unirest.apache.ApacheClient.request(ApacheClient.java:129)
	... 40 more

[info] SSL Verification enabled: true
[info] dependency-track.skip = true: Skipping analysis.
[info] SSL Verification enabled: true
[info] Project Name: dependency-track-maven-plugin-test-project
[info] Project Version: 0.0.1-SNAPSHOT
[info] PollingConfig[attempts=20,enabled=true,pause=1,timeUnit=SECONDS]
[error] Failure integrating with Dependency Track: 200 OK
[debug] Error occurred during upload

io.github.pmckeown.dependencytrack.DependencyTrackException: Failure integrating with Dependency Track: 200 OK
	at io.github.pmckeown.dependencytrack.upload.UploadBomAction.doUpload(UploadBomAction.java:92)
	at io.github.pmckeown.dependencytrack.upload.UploadBomAction.upload(UploadBomAction.java:48)
	at io.github.pmckeown.dependencytrack.upload.UploadBomMojo.performAction(UploadBomMojo.java:64)
	at io.github.pmckeown.dependencytrack.AbstractDependencyTrackMojo.execute(AbstractDependencyTrackMojo.java:91)
	at io.github.pmckeown.dependencytrack.upload.UploadBomMojoIntegrationTest.thatBomCanBeUploadedSuccessfully(UploadBomMojoIntegrationTest.java:59)
	at java.base/jdk.internal.reflect.NativeMethodAccessorImpl.invoke0(Native Method)
	at java.base/jdk.internal.reflect.NativeMethodAccessorImpl.invoke(NativeMethodAccessorImpl.java:62)
	at java.base/jdk.internal.reflect.DelegatingMethodAccessorImpl.invoke(DelegatingMethodAccessorImpl.java:43)
	at java.base/java.lang.reflect.Method.invoke(Method.java:566)
	at org.junit.runners.model.FrameworkMethod$1.runReflectiveCall(FrameworkMethod.java:59)
	at org.junit.internal.runners.model.ReflectiveCallable.run(ReflectiveCallable.java:12)
	at org.junit.runners.model.FrameworkMethod.invokeExplosively(FrameworkMethod.java:56)
	at org.junit.internal.runners.statements.InvokeMethod.evaluate(InvokeMethod.java:17)
	at org.junit.internal.runners.statements.RunBefores.evaluate(RunBefores.java:26)
	at org.apache.maven.plugin.testing.MojoRule$2.evaluate(MojoRule.java:308)
	at com.github.tomakehurst.wiremock.junit.WireMockRule$1.evaluate(WireMockRule.java:79)
	at org.junit.runners.ParentRunner$3.evaluate(ParentRunner.java:306)
	at org.junit.runners.BlockJUnit4ClassRunner$1.evaluate(BlockJUnit4ClassRunner.java:100)
	at org.junit.runners.ParentRunner.runLeaf(ParentRunner.java:366)
	at org.junit.runners.BlockJUnit4ClassRunner.runChild(BlockJUnit4ClassRunner.java:103)
	at org.junit.runners.BlockJUnit4ClassRunner.runChild(BlockJUnit4ClassRunner.java:63)
	at org.junit.runners.ParentRunner$4.run(ParentRunner.java:331)
	at org.junit.runners.ParentRunner$1.schedule(ParentRunner.java:79)
	at org.junit.runners.ParentRunner.runChildren(ParentRunner.java:329)
	at org.junit.runners.ParentRunner.access$100(ParentRunner.java:66)
	at org.junit.runners.ParentRunner$2.evaluate(ParentRunner.java:293)
	at org.junit.runners.ParentRunner$3.evaluate(ParentRunner.java:306)
	at org.junit.runners.ParentRunner.run(ParentRunner.java:413)
	at org.apache.maven.surefire.junit4.JUnit4Provider.execute(JUnit4Provider.java:365)
	at org.apache.maven.surefire.junit4.JUnit4Provider.executeWithRerun(JUnit4Provider.java:273)
	at org.apache.maven.surefire.junit4.JUnit4Provider.executeTestSet(JUnit4Provider.java:238)
	at org.apache.maven.surefire.junit4.JUnit4Provider.invoke(JUnit4Provider.java:159)
	at org.apache.maven.surefire.booter.ForkedBooter.invokeProviderInSameClassLoader(ForkedBooter.java:384)
	at org.apache.maven.surefire.booter.ForkedBooter.runSuitesInProcess(ForkedBooter.java:345)
	at org.apache.maven.surefire.booter.ForkedBooter.execute(ForkedBooter.java:126)
	at org.apache.maven.surefire.booter.ForkedBooter.main(ForkedBooter.java:418)
Caused by: io.github.pmckeown.dependencytrack.DependencyTrackException: Failure integrating with Dependency Track: 200 OK
	at io.github.pmckeown.dependencytrack.upload.UploadBomAction.doUpload(UploadBomAction.java:89)
	... 35 more

[info] SSL Verification enabled: true
[info] Project Name: dependency-track-maven-plugin-test-project
[info] Project Version: 0.0.1-SNAPSHOT
[info] PollingConfig[attempts=20,enabled=true,pause=1,timeUnit=SECONDS]
[debug] Error occurred during upload

io.github.pmckeown.dependencytrack.DependencyTrackException: java.net.UnknownHostException: localghost
	at io.github.pmckeown.dependencytrack.upload.UploadBomAction.doUpload(UploadBomAction.java:92)
	at io.github.pmckeown.dependencytrack.upload.UploadBomAction.upload(UploadBomAction.java:48)
	at io.github.pmckeown.dependencytrack.upload.UploadBomMojo.performAction(UploadBomMojo.java:64)
	at io.github.pmckeown.dependencytrack.AbstractDependencyTrackMojo.execute(AbstractDependencyTrackMojo.java:91)
	at io.github.pmckeown.dependencytrack.upload.UploadBomMojoIntegrationTest.thatWhenFailOnErrorIsTrueAFailureToConnectToDependencyTrackDoesFailTheBuild(UploadBomMojoIntegrationTest.java:131)
	at java.base/jdk.internal.reflect.NativeMethodAccessorImpl.invoke0(Native Method)
	at java.base/jdk.internal.reflect.NativeMethodAccessorImpl.invoke(NativeMethodAccessorImpl.java:62)
	at java.base/jdk.internal.reflect.DelegatingMethodAccessorImpl.invoke(DelegatingMethodAccessorImpl.java:43)
	at java.base/java.lang.reflect.Method.invoke(Method.java:566)
	at org.junit.runners.model.FrameworkMethod$1.runReflectiveCall(FrameworkMethod.java:59)
	at org.junit.internal.runners.model.ReflectiveCallable.run(ReflectiveCallable.java:12)
	at org.junit.runners.model.FrameworkMethod.invokeExplosively(FrameworkMethod.java:56)
	at org.junit.internal.runners.statements.InvokeMethod.evaluate(InvokeMethod.java:17)
	at org.junit.internal.runners.statements.RunBefores.evaluate(RunBefores.java:26)
	at org.apache.maven.plugin.testing.MojoRule$2.evaluate(MojoRule.java:308)
	at com.github.tomakehurst.wiremock.junit.WireMockRule$1.evaluate(WireMockRule.java:79)
	at org.junit.runners.ParentRunner$3.evaluate(ParentRunner.java:306)
	at org.junit.runners.BlockJUnit4ClassRunner$1.evaluate(BlockJUnit4ClassRunner.java:100)
	at org.junit.runners.ParentRunner.runLeaf(ParentRunner.java:366)
	at org.junit.runners.BlockJUnit4ClassRunner.runChild(BlockJUnit4ClassRunner.java:103)
	at org.junit.runners.BlockJUnit4ClassRunner.runChild(BlockJUnit4ClassRunner.java:63)
	at org.junit.runners.ParentRunner$4.run(ParentRunner.java:331)
	at org.junit.runners.ParentRunner$1.schedule(ParentRunner.java:79)
	at org.junit.runners.ParentRunner.runChildren(ParentRunner.java:329)
	at org.junit.runners.ParentRunner.access$100(ParentRunner.java:66)
	at org.junit.runners.ParentRunner$2.evaluate(ParentRunner.java:293)
	at org.junit.runners.ParentRunner$3.evaluate(ParentRunner.java:306)
	at org.junit.runners.ParentRunner.run(ParentRunner.java:413)
	at org.apache.maven.surefire.junit4.JUnit4Provider.execute(JUnit4Provider.java:365)
	at org.apache.maven.surefire.junit4.JUnit4Provider.executeWithRerun(JUnit4Provider.java:273)
	at org.apache.maven.surefire.junit4.JUnit4Provider.executeTestSet(JUnit4Provider.java:238)
	at org.apache.maven.surefire.junit4.JUnit4Provider.invoke(JUnit4Provider.java:159)
	at org.apache.maven.surefire.booter.ForkedBooter.invokeProviderInSameClassLoader(ForkedBooter.java:384)
	at org.apache.maven.surefire.booter.ForkedBooter.runSuitesInProcess(ForkedBooter.java:345)
	at org.apache.maven.surefire.booter.ForkedBooter.execute(ForkedBooter.java:126)
	at org.apache.maven.surefire.booter.ForkedBooter.main(ForkedBooter.java:418)
Caused by: kong.unirest.UnirestException: java.net.UnknownHostException: localghost
	at kong.unirest.DefaultInterceptor.onFail(DefaultInterceptor.java:43)
	at kong.unirest.CompoundInterceptor.lambda$onFail$2(CompoundInterceptor.java:54)
	at java.base/java.util.stream.ReferencePipeline$3$1.accept(ReferencePipeline.java:195)
	at java.base/java.util.Collections$2.tryAdvance(Collections.java:4747)
	at java.base/java.util.stream.ReferencePipeline.forEachWithCancel(ReferencePipeline.java:127)
	at java.base/java.util.stream.AbstractPipeline.copyIntoWithCancel(AbstractPipeline.java:502)
	at java.base/java.util.stream.AbstractPipeline.copyInto(AbstractPipeline.java:488)
	at java.base/java.util.stream.AbstractPipeline.wrapAndCopyInto(AbstractPipeline.java:474)
	at java.base/java.util.stream.FindOps$FindOp.evaluateSequential(FindOps.java:150)
	at java.base/java.util.stream.AbstractPipeline.evaluate(AbstractPipeline.java:234)
	at java.base/java.util.stream.ReferencePipeline.findFirst(ReferencePipeline.java:543)
	at kong.unirest.CompoundInterceptor.onFail(CompoundInterceptor.java:56)
	at kong.unirest.apache.ApacheClient.request(ApacheClient.java:138)
	at kong.unirest.Client.request(Client.java:57)
	at kong.unirest.BaseRequest.request(BaseRequest.java:365)
	at kong.unirest.BaseRequest.asObject(BaseRequest.java:271)
	at io.github.pmckeown.dependencytrack.upload.BomClient.uploadBom(BomClient.java:47)
	at io.github.pmckeown.dependencytrack.upload.UploadBomAction.doUpload(UploadBomAction.java:79)
	... 35 more
Caused by: java.net.UnknownHostException: localghost
	at java.base/java.net.InetAddress$CachedAddresses.get(InetAddress.java:797)
	at java.base/java.net.InetAddress.getAllByName0(InetAddress.java:1533)
	at java.base/java.net.InetAddress.getAllByName(InetAddress.java:1386)
	at java.base/java.net.InetAddress.getAllByName(InetAddress.java:1307)
	at unirest.shaded.org.apache.http.impl.conn.SystemDefaultDnsResolver.resolve(SystemDefaultDnsResolver.java:45)
	at unirest.shaded.org.apache.http.impl.conn.DefaultHttpClientConnectionOperator.connect(DefaultHttpClientConnectionOperator.java:112)
	at unirest.shaded.org.apache.http.impl.conn.PoolingHttpClientConnectionManager.connect(PoolingHttpClientConnectionManager.java:376)
	at unirest.shaded.org.apache.http.impl.execchain.MainClientExec.establishRoute(MainClientExec.java:393)
	at unirest.shaded.org.apache.http.impl.execchain.MainClientExec.execute(MainClientExec.java:236)
	at unirest.shaded.org.apache.http.impl.execchain.ProtocolExec.execute(ProtocolExec.java:186)
	at unirest.shaded.org.apache.http.impl.execchain.RetryExec.execute(RetryExec.java:89)
	at unirest.shaded.org.apache.http.impl.execchain.RedirectExec.execute(RedirectExec.java:110)
	at unirest.shaded.org.apache.http.impl.client.InternalHttpClient.doExecute(InternalHttpClient.java:185)
	at unirest.shaded.org.apache.http.impl.client.CloseableHttpClient.execute(CloseableHttpClient.java:118)
	at unirest.shaded.org.apache.http.impl.client.CloseableHttpClient.execute(CloseableHttpClient.java:56)
	at kong.unirest.apache.ApacheClient.request(ApacheClient.java:129)
	... 40 more

[info] SSL Verification enabled: true
[info] Project Name: dependency-track-maven-plugin-test-project
[info] Project Version: 0.0.1-SNAPSHOT
[info] PollingConfig[attempts=20,enabled=true,pause=1,timeUnit=SECONDS]
[error] Failure integrating with Dependency Track: 200 OK
[debug] Error occurred during upload

io.github.pmckeown.dependencytrack.DependencyTrackException: Failure integrating with Dependency Track: 200 OK
	at io.github.pmckeown.dependencytrack.upload.UploadBomAction.doUpload(UploadBomAction.java:92)
	at io.github.pmckeown.dependencytrack.upload.UploadBomAction.upload(UploadBomAction.java:48)
	at io.github.pmckeown.dependencytrack.upload.UploadBomMojo.performAction(UploadBomMojo.java:64)
	at io.github.pmckeown.dependencytrack.AbstractDependencyTrackMojo.execute(AbstractDependencyTrackMojo.java:91)
	at io.github.pmckeown.dependencytrack.upload.UploadBomMojoIntegrationTest.thatProjectNameDefaultsToArtifactId(UploadBomMojoIntegrationTest.java:160)
	at java.base/jdk.internal.reflect.NativeMethodAccessorImpl.invoke0(Native Method)
	at java.base/jdk.internal.reflect.NativeMethodAccessorImpl.invoke(NativeMethodAccessorImpl.java:62)
	at java.base/jdk.internal.reflect.DelegatingMethodAccessorImpl.invoke(DelegatingMethodAccessorImpl.java:43)
	at java.base/java.lang.reflect.Method.invoke(Method.java:566)
	at org.junit.runners.model.FrameworkMethod$1.runReflectiveCall(FrameworkMethod.java:59)
	at org.junit.internal.runners.model.ReflectiveCallable.run(ReflectiveCallable.java:12)
	at org.junit.runners.model.FrameworkMethod.invokeExplosively(FrameworkMethod.java:56)
	at org.junit.internal.runners.statements.InvokeMethod.evaluate(InvokeMethod.java:17)
	at org.junit.internal.runners.statements.RunBefores.evaluate(RunBefores.java:26)
	at org.apache.maven.plugin.testing.MojoRule$2.evaluate(MojoRule.java:308)
	at com.github.tomakehurst.wiremock.junit.WireMockRule$1.evaluate(WireMockRule.java:79)
	at org.junit.runners.ParentRunner$3.evaluate(ParentRunner.java:306)
	at org.junit.runners.BlockJUnit4ClassRunner$1.evaluate(BlockJUnit4ClassRunner.java:100)
	at org.junit.runners.ParentRunner.runLeaf(ParentRunner.java:366)
	at org.junit.runners.BlockJUnit4ClassRunner.runChild(BlockJUnit4ClassRunner.java:103)
	at org.junit.runners.BlockJUnit4ClassRunner.runChild(BlockJUnit4ClassRunner.java:63)
	at org.junit.runners.ParentRunner$4.run(ParentRunner.java:331)
	at org.junit.runners.ParentRunner$1.schedule(ParentRunner.java:79)
	at org.junit.runners.ParentRunner.runChildren(ParentRunner.java:329)
	at org.junit.runners.ParentRunner.access$100(ParentRunner.java:66)
	at org.junit.runners.ParentRunner$2.evaluate(ParentRunner.java:293)
	at org.junit.runners.ParentRunner$3.evaluate(ParentRunner.java:306)
	at org.junit.runners.ParentRunner.run(ParentRunner.java:413)
	at org.apache.maven.surefire.junit4.JUnit4Provider.execute(JUnit4Provider.java:365)
	at org.apache.maven.surefire.junit4.JUnit4Provider.executeWithRerun(JUnit4Provider.java:273)
	at org.apache.maven.surefire.junit4.JUnit4Provider.executeTestSet(JUnit4Provider.java:238)
	at org.apache.maven.surefire.junit4.JUnit4Provider.invoke(JUnit4Provider.java:159)
	at org.apache.maven.surefire.booter.ForkedBooter.invokeProviderInSameClassLoader(ForkedBooter.java:384)
	at org.apache.maven.surefire.booter.ForkedBooter.runSuitesInProcess(ForkedBooter.java:345)
	at org.apache.maven.surefire.booter.ForkedBooter.execute(ForkedBooter.java:126)
	at org.apache.maven.surefire.booter.ForkedBooter.main(ForkedBooter.java:418)
Caused by: io.github.pmckeown.dependencytrack.DependencyTrackException: Failure integrating with Dependency Track: 200 OK
	at io.github.pmckeown.dependencytrack.upload.UploadBomAction.doUpload(UploadBomAction.java:89)
	... 35 more

[info] SSL Verification enabled: true
[info] Project Name: test-project
[info] Project Version: 0.0.1-SNAPSHOT
[info] PollingConfig[attempts=20,enabled=true,pause=1,timeUnit=SECONDS]
[error] Failure integrating with Dependency Track: 200 OK
[debug] Error occurred during upload

io.github.pmckeown.dependencytrack.DependencyTrackException: Failure integrating with Dependency Track: 200 OK
	at io.github.pmckeown.dependencytrack.upload.UploadBomAction.doUpload(UploadBomAction.java:92)
	at io.github.pmckeown.dependencytrack.upload.UploadBomAction.upload(UploadBomAction.java:48)
	at io.github.pmckeown.dependencytrack.upload.UploadBomMojo.performAction(UploadBomMojo.java:64)
	at io.github.pmckeown.dependencytrack.AbstractDependencyTrackMojo.execute(AbstractDependencyTrackMojo.java:91)
	at io.github.pmckeown.dependencytrack.upload.UploadBomMojoIntegrationTest.thatProjectNameCanBeProvided(UploadBomMojoIntegrationTest.java:146)
	at java.base/jdk.internal.reflect.NativeMethodAccessorImpl.invoke0(Native Method)
	at java.base/jdk.internal.reflect.NativeMethodAccessorImpl.invoke(NativeMethodAccessorImpl.java:62)
	at java.base/jdk.internal.reflect.DelegatingMethodAccessorImpl.invoke(DelegatingMethodAccessorImpl.java:43)
	at java.base/java.lang.reflect.Method.invoke(Method.java:566)
	at org.junit.runners.model.FrameworkMethod$1.runReflectiveCall(FrameworkMethod.java:59)
	at org.junit.internal.runners.model.ReflectiveCallable.run(ReflectiveCallable.java:12)
	at org.junit.runners.model.FrameworkMethod.invokeExplosively(FrameworkMethod.java:56)
	at org.junit.internal.runners.statements.InvokeMethod.evaluate(InvokeMethod.java:17)
	at org.junit.internal.runners.statements.RunBefores.evaluate(RunBefores.java:26)
	at org.apache.maven.plugin.testing.MojoRule$2.evaluate(MojoRule.java:308)
	at com.github.tomakehurst.wiremock.junit.WireMockRule$1.evaluate(WireMockRule.java:79)
	at org.junit.runners.ParentRunner$3.evaluate(ParentRunner.java:306)
	at org.junit.runners.BlockJUnit4ClassRunner$1.evaluate(BlockJUnit4ClassRunner.java:100)
	at org.junit.runners.ParentRunner.runLeaf(ParentRunner.java:366)
	at org.junit.runners.BlockJUnit4ClassRunner.runChild(BlockJUnit4ClassRunner.java:103)
	at org.junit.runners.BlockJUnit4ClassRunner.runChild(BlockJUnit4ClassRunner.java:63)
	at org.junit.runners.ParentRunner$4.run(ParentRunner.java:331)
	at org.junit.runners.ParentRunner$1.schedule(ParentRunner.java:79)
	at org.junit.runners.ParentRunner.runChildren(ParentRunner.java:329)
	at org.junit.runners.ParentRunner.access$100(ParentRunner.java:66)
	at org.junit.runners.ParentRunner$2.evaluate(ParentRunner.java:293)
	at org.junit.runners.ParentRunner$3.evaluate(ParentRunner.java:306)
	at org.junit.runners.ParentRunner.run(ParentRunner.java:413)
	at org.apache.maven.surefire.junit4.JUnit4Provider.execute(JUnit4Provider.java:365)
	at org.apache.maven.surefire.junit4.JUnit4Provider.executeWithRerun(JUnit4Provider.java:273)
	at org.apache.maven.surefire.junit4.JUnit4Provider.executeTestSet(JUnit4Provider.java:238)
	at org.apache.maven.surefire.junit4.JUnit4Provider.invoke(JUnit4Provider.java:159)
	at org.apache.maven.surefire.booter.ForkedBooter.invokeProviderInSameClassLoader(ForkedBooter.java:384)
	at org.apache.maven.surefire.booter.ForkedBooter.runSuitesInProcess(ForkedBooter.java:345)
	at org.apache.maven.surefire.booter.ForkedBooter.execute(ForkedBooter.java:126)
	at org.apache.maven.surefire.booter.ForkedBooter.main(ForkedBooter.java:418)
Caused by: io.github.pmckeown.dependencytrack.DependencyTrackException: Failure integrating with Dependency Track: 200 OK
	at io.github.pmckeown.dependencytrack.upload.UploadBomAction.doUpload(UploadBomAction.java:89)
	... 35 more

[INFO] Tests run: 11, Failures: 0, Errors: 0, Skipped: 0, Time elapsed: 1.648 s - in io.github.pmckeown.dependencytrack.upload.UploadBomMojoIntegrationTest
[INFO] Running io.github.pmckeown.dependencytrack.upload.UploadBomActionTest
[INFO] Tests run: 5, Failures: 0, Errors: 0, Skipped: 0, Time elapsed: 0.037 s - in io.github.pmckeown.dependencytrack.upload.UploadBomActionTest
[INFO] Running io.github.pmckeown.dependencytrack.upload.UploadBomMojoTest
[error] Bom upload failed
[error] Bom upload failed
[INFO] Tests run: 4, Failures: 0, Errors: 0, Skipped: 0, Time elapsed: 0.424 s - in io.github.pmckeown.dependencytrack.upload.UploadBomMojoTest
[INFO] Running io.github.pmckeown.dependencytrack.upload.BomClientIntegrationTest
[INFO] Tests run: 6, Failures: 0, Errors: 0, Skipped: 0, Time elapsed: 0.209 s - in io.github.pmckeown.dependencytrack.upload.BomClientIntegrationTest
[INFO] Running io.github.pmckeown.dependencytrack.PollingConfigTest
[INFO] Tests run: 2, Failures: 0, Errors: 0, Skipped: 0, Time elapsed: 0.001 s - in io.github.pmckeown.dependencytrack.PollingConfigTest
[INFO] Running io.github.pmckeown.dependencytrack.PollerTest
[INFO] Tests run: 4, Failures: 0, Errors: 0, Skipped: 0, Time elapsed: 0.008 s - in io.github.pmckeown.dependencytrack.PollerTest
[INFO] Running io.github.pmckeown.dependencytrack.ThresholdsTest
[INFO] Tests run: 6, Failures: 0, Errors: 0, Skipped: 0, Time elapsed: 0.001 s - in io.github.pmckeown.dependencytrack.ThresholdsTest
[INFO] Running io.github.pmckeown.dependencytrack.policyviolation.PolicyViolationsPrinterTest
[INFO] Tests run: 3, Failures: 0, Errors: 0, Skipped: 0, Time elapsed: 0.009 s - in io.github.pmckeown.dependencytrack.policyviolation.PolicyViolationsPrinterTest
[INFO] Running io.github.pmckeown.dependencytrack.policyviolation.PolicyViolationsMojoIntegrationTest
[info] SSL Verification enabled: true
[info] Getting policy violations for project testName-99.99
[info] ========================================================================
[info] 5 policy violation(s) were retrieved for project: testName
[info] Printing policy violations for project testName-99.99
[info] ========================================================================
[info] Policy name: Warn Coordinates Policy (WARN)
[info] Policy condition: "subject == COORDINATES && value MATCHES {"group":"joda-time","name":"joda-time","version":"2.9.2"}"
[info] Risk type: OPERATIONAL, Component: joda-time 2.9.2
[info] 
[info] ========================================================================
[info] Policy name: Info Severity Policy (INFO)
[info] Policy condition: "subject == SEVERITY && value IS CRITICAL"
[info] Risk type: SECURITY, Component: log4j-core 2.10.0
[info] 
[info] ========================================================================
[info] Policy name: Fail License Policy (FAIL)
[info] Policy condition: "subject == LICENSE && value IS 42146840-b9c5-4678-b65a-0b39c33249a6"
[info] Risk type: LICENSE, Component: joda-time 2.9.2
[info] 
[info] ========================================================================
[info] Policy name: Fail License Policy (FAIL)
[info] Policy condition: "subject == LICENSE && value IS 42146840-b9c5-4678-b65a-0b39c33249a6"
[info] Risk type: LICENSE, Component: log4j-api 2.10.0
[info] 
[info] ========================================================================
[info] Policy name: Fail License Policy (FAIL)
[info] Policy condition: "subject == LICENSE && value IS 42146840-b9c5-4678-b65a-0b39c33249a6"
[info] Risk type: LICENSE, Component: log4j-core 2.10.0
[info] 
[info] Comparing policy violations against defined policy configuration
[warn] Policy [Fail License Policy] is violated under component [joda-time] [2.9.2]
[warn] Policy [Fail License Policy] is violated under component [log4j-api] [2.10.0]
[warn] Policy [Fail License Policy] is violated under component [log4j-core] [2.10.0]
[debug] Error occurred when getting policy violations

io.github.pmckeown.dependencytrack.DependencyTrackException: Error occurred while generating XML report
	at io.github.pmckeown.dependencytrack.report.AbstractXmlReportWriter.write(AbstractXmlReportWriter.java:16)
	at io.github.pmckeown.dependencytrack.policyviolation.report.PolicyViolationsReportGenerator.generate(PolicyViolationsReportGenerator.java:26)
	at io.github.pmckeown.dependencytrack.policyviolation.PolicyViolationsMojo.performAction(PolicyViolationsMojo.java:76)
	at io.github.pmckeown.dependencytrack.AbstractDependencyTrackMojo.execute(AbstractDependencyTrackMojo.java:91)
	at io.github.pmckeown.dependencytrack.policyviolation.PolicyViolationsMojoIntegrationTest.thatPolicyMojoCanRetrievePolicyViolationFailuresAndFailIfFailOnWarnFalse(PolicyViolationsMojoIntegrationTest.java:79)
	at java.base/jdk.internal.reflect.NativeMethodAccessorImpl.invoke0(Native Method)
	at java.base/jdk.internal.reflect.NativeMethodAccessorImpl.invoke(NativeMethodAccessorImpl.java:62)
	at java.base/jdk.internal.reflect.DelegatingMethodAccessorImpl.invoke(DelegatingMethodAccessorImpl.java:43)
	at java.base/java.lang.reflect.Method.invoke(Method.java:566)
	at org.junit.runners.model.FrameworkMethod$1.runReflectiveCall(FrameworkMethod.java:59)
	at org.junit.internal.runners.model.ReflectiveCallable.run(ReflectiveCallable.java:12)
	at org.junit.runners.model.FrameworkMethod.invokeExplosively(FrameworkMethod.java:56)
	at org.junit.internal.runners.statements.InvokeMethod.evaluate(InvokeMethod.java:17)
	at org.junit.internal.runners.statements.RunBefores.evaluate(RunBefores.java:26)
	at org.apache.maven.plugin.testing.MojoRule$2.evaluate(MojoRule.java:308)
	at com.github.tomakehurst.wiremock.junit.WireMockRule$1.evaluate(WireMockRule.java:79)
	at org.junit.runners.ParentRunner$3.evaluate(ParentRunner.java:306)
	at org.junit.runners.BlockJUnit4ClassRunner$1.evaluate(BlockJUnit4ClassRunner.java:100)
	at org.junit.runners.ParentRunner.runLeaf(ParentRunner.java:366)
	at org.junit.runners.BlockJUnit4ClassRunner.runChild(BlockJUnit4ClassRunner.java:103)
	at org.junit.runners.BlockJUnit4ClassRunner.runChild(BlockJUnit4ClassRunner.java:63)
	at org.junit.runners.ParentRunner$4.run(ParentRunner.java:331)
	at org.junit.runners.ParentRunner$1.schedule(ParentRunner.java:79)
	at org.junit.runners.ParentRunner.runChildren(ParentRunner.java:329)
	at org.junit.runners.ParentRunner.access$100(ParentRunner.java:66)
	at org.junit.runners.ParentRunner$2.evaluate(ParentRunner.java:293)
	at org.junit.runners.ParentRunner$3.evaluate(ParentRunner.java:306)
	at org.junit.runners.ParentRunner.run(ParentRunner.java:413)
	at org.apache.maven.surefire.junit4.JUnit4Provider.execute(JUnit4Provider.java:365)
	at org.apache.maven.surefire.junit4.JUnit4Provider.executeWithRerun(JUnit4Provider.java:273)
	at org.apache.maven.surefire.junit4.JUnit4Provider.executeTestSet(JUnit4Provider.java:238)
	at org.apache.maven.surefire.junit4.JUnit4Provider.invoke(JUnit4Provider.java:159)
	at org.apache.maven.surefire.booter.ForkedBooter.invokeProviderInSameClassLoader(ForkedBooter.java:384)
	at org.apache.maven.surefire.booter.ForkedBooter.runSuitesInProcess(ForkedBooter.java:345)
	at org.apache.maven.surefire.booter.ForkedBooter.execute(ForkedBooter.java:126)
	at org.apache.maven.surefire.booter.ForkedBooter.main(ForkedBooter.java:418)
Caused by: javax.xml.bind.JAXBException: Implementation of JAXB-API has not been found on module path or classpath.
 - with linked exception:
[java.lang.ClassNotFoundException: com.sun.xml.internal.bind.v2.ContextFactory]
	at javax.xml.bind.ContextFinder.newInstance(ContextFinder.java:278)
	at javax.xml.bind.ContextFinder.find(ContextFinder.java:421)
	at javax.xml.bind.JAXBContext.newInstance(JAXBContext.java:721)
	at javax.xml.bind.JAXBContext.newInstance(JAXBContext.java:662)
	at io.github.pmckeown.dependencytrack.policyviolation.report.PolicyViolationsReportMarshallerService.getMarshaller(PolicyViolationsReportMarshallerService.java:12)
	at io.github.pmckeown.dependencytrack.policyviolation.report.PolicyViolationsXmlReportWriter.getMarshaller(PolicyViolationsXmlReportWriter.java:25)
	at io.github.pmckeown.dependencytrack.report.AbstractXmlReportWriter.write(AbstractXmlReportWriter.java:14)
	... 35 more
Caused by: java.lang.ClassNotFoundException: com.sun.xml.internal.bind.v2.ContextFactory
	at java.base/jdk.internal.loader.BuiltinClassLoader.loadClass(BuiltinClassLoader.java:581)
	at java.base/jdk.internal.loader.ClassLoaders$AppClassLoader.loadClass(ClassLoaders.java:178)
	at java.base/java.lang.ClassLoader.loadClass(ClassLoader.java:522)
	at javax.xml.bind.ServiceLoaderUtil.nullSafeLoadClass(ServiceLoaderUtil.java:122)
	at javax.xml.bind.ServiceLoaderUtil.safeLoadClass(ServiceLoaderUtil.java:155)
	at javax.xml.bind.ContextFinder.newInstance(ContextFinder.java:276)
	... 41 more

[info] SSL Verification enabled: true
[info] Getting policy violations for project testName-99.99
[error] unirest.shaded.org.apache.http.client.ClientProtocolException
[debug] Error occurred when getting policy violations

io.github.pmckeown.dependencytrack.DependencyTrackException: unirest.shaded.org.apache.http.client.ClientProtocolException
	at io.github.pmckeown.dependencytrack.policyviolation.PolicyViolationsAction.getPolicyViolations(PolicyViolationsAction.java:47)
	at io.github.pmckeown.dependencytrack.policyviolation.PolicyViolationsMojo.performAction(PolicyViolationsMojo.java:72)
	at io.github.pmckeown.dependencytrack.AbstractDependencyTrackMojo.execute(AbstractDependencyTrackMojo.java:91)
	at io.github.pmckeown.dependencytrack.policyviolation.PolicyViolationsMojoIntegrationTest.thatWhenExceptionOccursWhileGettingFindingsAndFailOnErrorIsTrueTheMojoErrors(PolicyViolationsMojoIntegrationTest.java:116)
	at java.base/jdk.internal.reflect.NativeMethodAccessorImpl.invoke0(Native Method)
	at java.base/jdk.internal.reflect.NativeMethodAccessorImpl.invoke(NativeMethodAccessorImpl.java:62)
	at java.base/jdk.internal.reflect.DelegatingMethodAccessorImpl.invoke(DelegatingMethodAccessorImpl.java:43)
	at java.base/java.lang.reflect.Method.invoke(Method.java:566)
	at org.junit.runners.model.FrameworkMethod$1.runReflectiveCall(FrameworkMethod.java:59)
	at org.junit.internal.runners.model.ReflectiveCallable.run(ReflectiveCallable.java:12)
	at org.junit.runners.model.FrameworkMethod.invokeExplosively(FrameworkMethod.java:56)
	at org.junit.internal.runners.statements.InvokeMethod.evaluate(InvokeMethod.java:17)
	at org.junit.internal.runners.statements.RunBefores.evaluate(RunBefores.java:26)
	at org.apache.maven.plugin.testing.MojoRule$2.evaluate(MojoRule.java:308)
	at com.github.tomakehurst.wiremock.junit.WireMockRule$1.evaluate(WireMockRule.java:79)
	at org.junit.runners.ParentRunner$3.evaluate(ParentRunner.java:306)
	at org.junit.runners.BlockJUnit4ClassRunner$1.evaluate(BlockJUnit4ClassRunner.java:100)
	at org.junit.runners.ParentRunner.runLeaf(ParentRunner.java:366)
	at org.junit.runners.BlockJUnit4ClassRunner.runChild(BlockJUnit4ClassRunner.java:103)
	at org.junit.runners.BlockJUnit4ClassRunner.runChild(BlockJUnit4ClassRunner.java:63)
	at org.junit.runners.ParentRunner$4.run(ParentRunner.java:331)
	at org.junit.runners.ParentRunner$1.schedule(ParentRunner.java:79)
	at org.junit.runners.ParentRunner.runChildren(ParentRunner.java:329)
	at org.junit.runners.ParentRunner.access$100(ParentRunner.java:66)
	at org.junit.runners.ParentRunner$2.evaluate(ParentRunner.java:293)
	at org.junit.runners.ParentRunner$3.evaluate(ParentRunner.java:306)
	at org.junit.runners.ParentRunner.run(ParentRunner.java:413)
	at org.apache.maven.surefire.junit4.JUnit4Provider.execute(JUnit4Provider.java:365)
	at org.apache.maven.surefire.junit4.JUnit4Provider.executeWithRerun(JUnit4Provider.java:273)
	at org.apache.maven.surefire.junit4.JUnit4Provider.executeTestSet(JUnit4Provider.java:238)
	at org.apache.maven.surefire.junit4.JUnit4Provider.invoke(JUnit4Provider.java:159)
	at org.apache.maven.surefire.booter.ForkedBooter.invokeProviderInSameClassLoader(ForkedBooter.java:384)
	at org.apache.maven.surefire.booter.ForkedBooter.runSuitesInProcess(ForkedBooter.java:345)
	at org.apache.maven.surefire.booter.ForkedBooter.execute(ForkedBooter.java:126)
	at org.apache.maven.surefire.booter.ForkedBooter.main(ForkedBooter.java:418)

[info] SSL Verification enabled: true
[info] Getting policy violations for project testName-99.99
[info] ========================================================================
[info] 5 policy violation(s) were retrieved for project: testName
[info] Printing policy violations for project testName-99.99
[info] ========================================================================
[info] Policy name: Warn Coordinates Policy (WARN)
[info] Policy condition: "subject == COORDINATES && value MATCHES {"group":"joda-time","name":"joda-time","version":"2.9.2"}"
[info] Risk type: OPERATIONAL, Component: joda-time 2.9.2
[info] 
[info] ========================================================================
[info] Policy name: Info Severity Policy (INFO)
[info] Policy condition: "subject == SEVERITY && value IS CRITICAL"
[info] Risk type: SECURITY, Component: log4j-core 2.10.0
[info] 
[info] ========================================================================
[info] Policy name: Fail License Policy (FAIL)
[info] Policy condition: "subject == LICENSE && value IS 42146840-b9c5-4678-b65a-0b39c33249a6"
[info] Risk type: LICENSE, Component: joda-time 2.9.2
[info] 
[info] ========================================================================
[info] Policy name: Fail License Policy (FAIL)
[info] Policy condition: "subject == LICENSE && value IS 42146840-b9c5-4678-b65a-0b39c33249a6"
[info] Risk type: LICENSE, Component: log4j-api 2.10.0
[info] 
[info] ========================================================================
[info] Policy name: Fail License Policy (FAIL)
[info] Policy condition: "subject == LICENSE && value IS 42146840-b9c5-4678-b65a-0b39c33249a6"
[info] Risk type: LICENSE, Component: log4j-core 2.10.0
[info] 
[info] Comparing policy violations against defined policy configuration
[warn] Policy [Fail License Policy] is violated under component [joda-time] [2.9.2]
[warn] Policy [Fail License Policy] is violated under component [log4j-api] [2.10.0]
[warn] Policy [Fail License Policy] is violated under component [log4j-core] [2.10.0]
[warn] Policy [Warn Coordinates Policy] is violated under component [joda-time] [2.9.2]
[debug] Error occurred when getting policy violations

io.github.pmckeown.dependencytrack.DependencyTrackException: Error occurred while generating XML report
	at io.github.pmckeown.dependencytrack.report.AbstractXmlReportWriter.write(AbstractXmlReportWriter.java:16)
	at io.github.pmckeown.dependencytrack.policyviolation.report.PolicyViolationsReportGenerator.generate(PolicyViolationsReportGenerator.java:26)
	at io.github.pmckeown.dependencytrack.policyviolation.PolicyViolationsMojo.performAction(PolicyViolationsMojo.java:76)
	at io.github.pmckeown.dependencytrack.AbstractDependencyTrackMojo.execute(AbstractDependencyTrackMojo.java:91)
	at io.github.pmckeown.dependencytrack.policyviolation.PolicyViolationsMojoIntegrationTest.thatPolicyMojoCanRetrievePolicyViolationFailuresAndFailIfFailOnWarnTrue(PolicyViolationsMojoIntegrationTest.java:97)
	at java.base/jdk.internal.reflect.NativeMethodAccessorImpl.invoke0(Native Method)
	at java.base/jdk.internal.reflect.NativeMethodAccessorImpl.invoke(NativeMethodAccessorImpl.java:62)
	at java.base/jdk.internal.reflect.DelegatingMethodAccessorImpl.invoke(DelegatingMethodAccessorImpl.java:43)
	at java.base/java.lang.reflect.Method.invoke(Method.java:566)
	at org.junit.runners.model.FrameworkMethod$1.runReflectiveCall(FrameworkMethod.java:59)
	at org.junit.internal.runners.model.ReflectiveCallable.run(ReflectiveCallable.java:12)
	at org.junit.runners.model.FrameworkMethod.invokeExplosively(FrameworkMethod.java:56)
	at org.junit.internal.runners.statements.InvokeMethod.evaluate(InvokeMethod.java:17)
	at org.junit.internal.runners.statements.RunBefores.evaluate(RunBefores.java:26)
	at org.apache.maven.plugin.testing.MojoRule$2.evaluate(MojoRule.java:308)
	at com.github.tomakehurst.wiremock.junit.WireMockRule$1.evaluate(WireMockRule.java:79)
	at org.junit.runners.ParentRunner$3.evaluate(ParentRunner.java:306)
	at org.junit.runners.BlockJUnit4ClassRunner$1.evaluate(BlockJUnit4ClassRunner.java:100)
	at org.junit.runners.ParentRunner.runLeaf(ParentRunner.java:366)
	at org.junit.runners.BlockJUnit4ClassRunner.runChild(BlockJUnit4ClassRunner.java:103)
	at org.junit.runners.BlockJUnit4ClassRunner.runChild(BlockJUnit4ClassRunner.java:63)
	at org.junit.runners.ParentRunner$4.run(ParentRunner.java:331)
	at org.junit.runners.ParentRunner$1.schedule(ParentRunner.java:79)
	at org.junit.runners.ParentRunner.runChildren(ParentRunner.java:329)
	at org.junit.runners.ParentRunner.access$100(ParentRunner.java:66)
	at org.junit.runners.ParentRunner$2.evaluate(ParentRunner.java:293)
	at org.junit.runners.ParentRunner$3.evaluate(ParentRunner.java:306)
	at org.junit.runners.ParentRunner.run(ParentRunner.java:413)
	at org.apache.maven.surefire.junit4.JUnit4Provider.execute(JUnit4Provider.java:365)
	at org.apache.maven.surefire.junit4.JUnit4Provider.executeWithRerun(JUnit4Provider.java:273)
	at org.apache.maven.surefire.junit4.JUnit4Provider.executeTestSet(JUnit4Provider.java:238)
	at org.apache.maven.surefire.junit4.JUnit4Provider.invoke(JUnit4Provider.java:159)
	at org.apache.maven.surefire.booter.ForkedBooter.invokeProviderInSameClassLoader(ForkedBooter.java:384)
	at org.apache.maven.surefire.booter.ForkedBooter.runSuitesInProcess(ForkedBooter.java:345)
	at org.apache.maven.surefire.booter.ForkedBooter.execute(ForkedBooter.java:126)
	at org.apache.maven.surefire.booter.ForkedBooter.main(ForkedBooter.java:418)
Caused by: javax.xml.bind.JAXBException: Implementation of JAXB-API has not been found on module path or classpath.
 - with linked exception:
[java.lang.ClassNotFoundException: com.sun.xml.internal.bind.v2.ContextFactory]
	at javax.xml.bind.ContextFinder.newInstance(ContextFinder.java:278)
	at javax.xml.bind.ContextFinder.find(ContextFinder.java:421)
	at javax.xml.bind.JAXBContext.newInstance(JAXBContext.java:721)
	at javax.xml.bind.JAXBContext.newInstance(JAXBContext.java:662)
	at io.github.pmckeown.dependencytrack.policyviolation.report.PolicyViolationsReportMarshallerService.getMarshaller(PolicyViolationsReportMarshallerService.java:12)
	at io.github.pmckeown.dependencytrack.policyviolation.report.PolicyViolationsXmlReportWriter.getMarshaller(PolicyViolationsXmlReportWriter.java:25)
	at io.github.pmckeown.dependencytrack.report.AbstractXmlReportWriter.write(AbstractXmlReportWriter.java:14)
	... 35 more
Caused by: java.lang.ClassNotFoundException: com.sun.xml.internal.bind.v2.ContextFactory
	at java.base/jdk.internal.loader.BuiltinClassLoader.loadClass(BuiltinClassLoader.java:581)
	at java.base/jdk.internal.loader.ClassLoaders$AppClassLoader.loadClass(ClassLoaders.java:178)
	at java.base/java.lang.ClassLoader.loadClass(ClassLoader.java:522)
	at javax.xml.bind.ServiceLoaderUtil.nullSafeLoadClass(ServiceLoaderUtil.java:122)
	at javax.xml.bind.ServiceLoaderUtil.safeLoadClass(ServiceLoaderUtil.java:155)
	at javax.xml.bind.ContextFinder.newInstance(ContextFinder.java:276)
	... 41 more

[info] SSL Verification enabled: true
[info] Getting policy violations for project testName-99.99
[info] ========================================================================
[info] 5 policy violation(s) were retrieved for project: testName
[info] Printing policy violations for project testName-99.99
[info] ========================================================================
[info] Policy name: Warn Coordinates Policy (WARN)
[info] Policy condition: "subject == COORDINATES && value MATCHES {"group":"joda-time","name":"joda-time","version":"2.9.2"}"
[info] Risk type: OPERATIONAL, Component: joda-time 2.9.2
[info] 
[info] ========================================================================
[info] Policy name: Info Severity Policy (INFO)
[info] Policy condition: "subject == SEVERITY && value IS CRITICAL"
[info] Risk type: SECURITY, Component: log4j-core 2.10.0
[info] 
[info] ========================================================================
[info] Policy name: Warn License Policy (WARN)
[info] Policy condition: "subject == LICENSE && value IS 42146840-b9c5-4678-b65a-0b39c33249a6"
[info] Risk type: LICENSE, Component: joda-time 2.9.2
[info] 
[info] ========================================================================
[info] Policy name: Warn License Policy (WARN)
[info] Policy condition: "subject == LICENSE && value IS 42146840-b9c5-4678-b65a-0b39c33249a6"
[info] Risk type: LICENSE, Component: log4j-api 2.10.0
[info] 
[info] ========================================================================
[info] Policy name: Warn License Policy (WARN)
[info] Policy condition: "subject == LICENSE && value IS 42146840-b9c5-4678-b65a-0b39c33249a6"
[info] Risk type: LICENSE, Component: log4j-core 2.10.0
[info] 
[info] Comparing policy violations against defined policy configuration
[warn] Policy [Warn Coordinates Policy] is violated under component [joda-time] [2.9.2]
[warn] Policy [Warn License Policy] is violated under component [joda-time] [2.9.2]
[warn] Policy [Warn License Policy] is violated under component [log4j-api] [2.10.0]
[warn] Policy [Warn License Policy] is violated under component [log4j-core] [2.10.0]
[debug] Error occurred when getting policy violations

io.github.pmckeown.dependencytrack.DependencyTrackException: Error occurred while generating XML report
	at io.github.pmckeown.dependencytrack.report.AbstractXmlReportWriter.write(AbstractXmlReportWriter.java:16)
	at io.github.pmckeown.dependencytrack.policyviolation.report.PolicyViolationsReportGenerator.generate(PolicyViolationsReportGenerator.java:26)
	at io.github.pmckeown.dependencytrack.policyviolation.PolicyViolationsMojo.performAction(PolicyViolationsMojo.java:76)
	at io.github.pmckeown.dependencytrack.AbstractDependencyTrackMojo.execute(AbstractDependencyTrackMojo.java:91)
	at io.github.pmckeown.dependencytrack.policyviolation.PolicyViolationsMojoIntegrationTest.thatPolicyMojoCanRetrievePolicyViolationWarningsAndFailIfFailOnWarnTrue(PolicyViolationsMojoIntegrationTest.java:61)
	at java.base/jdk.internal.reflect.NativeMethodAccessorImpl.invoke0(Native Method)
	at java.base/jdk.internal.reflect.NativeMethodAccessorImpl.invoke(NativeMethodAccessorImpl.java:62)
	at java.base/jdk.internal.reflect.DelegatingMethodAccessorImpl.invoke(DelegatingMethodAccessorImpl.java:43)
	at java.base/java.lang.reflect.Method.invoke(Method.java:566)
	at org.junit.runners.model.FrameworkMethod$1.runReflectiveCall(FrameworkMethod.java:59)
	at org.junit.internal.runners.model.ReflectiveCallable.run(ReflectiveCallable.java:12)
	at org.junit.runners.model.FrameworkMethod.invokeExplosively(FrameworkMethod.java:56)
	at org.junit.internal.runners.statements.InvokeMethod.evaluate(InvokeMethod.java:17)
	at org.junit.internal.runners.statements.RunBefores.evaluate(RunBefores.java:26)
	at org.apache.maven.plugin.testing.MojoRule$2.evaluate(MojoRule.java:308)
	at com.github.tomakehurst.wiremock.junit.WireMockRule$1.evaluate(WireMockRule.java:79)
	at org.junit.runners.ParentRunner$3.evaluate(ParentRunner.java:306)
	at org.junit.runners.BlockJUnit4ClassRunner$1.evaluate(BlockJUnit4ClassRunner.java:100)
	at org.junit.runners.ParentRunner.runLeaf(ParentRunner.java:366)
	at org.junit.runners.BlockJUnit4ClassRunner.runChild(BlockJUnit4ClassRunner.java:103)
	at org.junit.runners.BlockJUnit4ClassRunner.runChild(BlockJUnit4ClassRunner.java:63)
	at org.junit.runners.ParentRunner$4.run(ParentRunner.java:331)
	at org.junit.runners.ParentRunner$1.schedule(ParentRunner.java:79)
	at org.junit.runners.ParentRunner.runChildren(ParentRunner.java:329)
	at org.junit.runners.ParentRunner.access$100(ParentRunner.java:66)
	at org.junit.runners.ParentRunner$2.evaluate(ParentRunner.java:293)
	at org.junit.runners.ParentRunner$3.evaluate(ParentRunner.java:306)
	at org.junit.runners.ParentRunner.run(ParentRunner.java:413)
	at org.apache.maven.surefire.junit4.JUnit4Provider.execute(JUnit4Provider.java:365)
	at org.apache.maven.surefire.junit4.JUnit4Provider.executeWithRerun(JUnit4Provider.java:273)
	at org.apache.maven.surefire.junit4.JUnit4Provider.executeTestSet(JUnit4Provider.java:238)
	at org.apache.maven.surefire.junit4.JUnit4Provider.invoke(JUnit4Provider.java:159)
	at org.apache.maven.surefire.booter.ForkedBooter.invokeProviderInSameClassLoader(ForkedBooter.java:384)
	at org.apache.maven.surefire.booter.ForkedBooter.runSuitesInProcess(ForkedBooter.java:345)
	at org.apache.maven.surefire.booter.ForkedBooter.execute(ForkedBooter.java:126)
	at org.apache.maven.surefire.booter.ForkedBooter.main(ForkedBooter.java:418)
Caused by: javax.xml.bind.JAXBException: Implementation of JAXB-API has not been found on module path or classpath.
 - with linked exception:
[java.lang.ClassNotFoundException: com.sun.xml.internal.bind.v2.ContextFactory]
	at javax.xml.bind.ContextFinder.newInstance(ContextFinder.java:278)
	at javax.xml.bind.ContextFinder.find(ContextFinder.java:421)
	at javax.xml.bind.JAXBContext.newInstance(JAXBContext.java:721)
	at javax.xml.bind.JAXBContext.newInstance(JAXBContext.java:662)
	at io.github.pmckeown.dependencytrack.policyviolation.report.PolicyViolationsReportMarshallerService.getMarshaller(PolicyViolationsReportMarshallerService.java:12)
	at io.github.pmckeown.dependencytrack.policyviolation.report.PolicyViolationsXmlReportWriter.getMarshaller(PolicyViolationsXmlReportWriter.java:25)
	at io.github.pmckeown.dependencytrack.report.AbstractXmlReportWriter.write(AbstractXmlReportWriter.java:14)
	... 35 more
Caused by: java.lang.ClassNotFoundException: com.sun.xml.internal.bind.v2.ContextFactory
	at java.base/jdk.internal.loader.BuiltinClassLoader.loadClass(BuiltinClassLoader.java:581)
	at java.base/jdk.internal.loader.ClassLoaders$AppClassLoader.loadClass(ClassLoaders.java:178)
	at java.base/java.lang.ClassLoader.loadClass(ClassLoader.java:522)
	at javax.xml.bind.ServiceLoaderUtil.nullSafeLoadClass(ServiceLoaderUtil.java:122)
	at javax.xml.bind.ServiceLoaderUtil.safeLoadClass(ServiceLoaderUtil.java:155)
	at javax.xml.bind.ContextFinder.newInstance(ContextFinder.java:276)
	... 41 more

[info] SSL Verification enabled: true
[info] Getting policy violations for project testName-99.99
[info] ========================================================================
[info] 5 policy violation(s) were retrieved for project: testName
[info] Printing policy violations for project testName-99.99
[info] ========================================================================
[info] Policy name: Warn Coordinates Policy (WARN)
[info] Policy condition: "subject == COORDINATES && value MATCHES {"group":"joda-time","name":"joda-time","version":"2.9.2"}"
[info] Risk type: OPERATIONAL, Component: joda-time 2.9.2
[info] 
[info] ========================================================================
[info] Policy name: Info Severity Policy (INFO)
[info] Policy condition: "subject == SEVERITY && value IS CRITICAL"
[info] Risk type: SECURITY, Component: log4j-core 2.10.0
[info] 
[info] ========================================================================
[info] Policy name: Warn License Policy (WARN)
[info] Policy condition: "subject == LICENSE && value IS 42146840-b9c5-4678-b65a-0b39c33249a6"
[info] Risk type: LICENSE, Component: joda-time 2.9.2
[info] 
[info] ========================================================================
[info] Policy name: Warn License Policy (WARN)
[info] Policy condition: "subject == LICENSE && value IS 42146840-b9c5-4678-b65a-0b39c33249a6"
[info] Risk type: LICENSE, Component: log4j-api 2.10.0
[info] 
[info] ========================================================================
[info] Policy name: Warn License Policy (WARN)
[info] Policy condition: "subject == LICENSE && value IS 42146840-b9c5-4678-b65a-0b39c33249a6"
[info] Risk type: LICENSE, Component: log4j-core 2.10.0
[info] 
[info] Comparing policy violations against defined policy configuration
[debug] Error occurred when getting policy violations

io.github.pmckeown.dependencytrack.DependencyTrackException: Error occurred while generating XML report
	at io.github.pmckeown.dependencytrack.report.AbstractXmlReportWriter.write(AbstractXmlReportWriter.java:16)
	at io.github.pmckeown.dependencytrack.policyviolation.report.PolicyViolationsReportGenerator.generate(PolicyViolationsReportGenerator.java:26)
	at io.github.pmckeown.dependencytrack.policyviolation.PolicyViolationsMojo.performAction(PolicyViolationsMojo.java:76)
	at io.github.pmckeown.dependencytrack.AbstractDependencyTrackMojo.execute(AbstractDependencyTrackMojo.java:91)
	at io.github.pmckeown.dependencytrack.policyviolation.PolicyViolationsMojoIntegrationTest.thatPolicyMojoCanRetrievePolicyViolationWarningsAndNotFailIfFailOnWarnFalse(PolicyViolationsMojoIntegrationTest.java:47)
	at java.base/jdk.internal.reflect.NativeMethodAccessorImpl.invoke0(Native Method)
	at java.base/jdk.internal.reflect.NativeMethodAccessorImpl.invoke(NativeMethodAccessorImpl.java:62)
	at java.base/jdk.internal.reflect.DelegatingMethodAccessorImpl.invoke(DelegatingMethodAccessorImpl.java:43)
	at java.base/java.lang.reflect.Method.invoke(Method.java:566)
	at org.junit.runners.model.FrameworkMethod$1.runReflectiveCall(FrameworkMethod.java:59)
	at org.junit.internal.runners.model.ReflectiveCallable.run(ReflectiveCallable.java:12)
	at org.junit.runners.model.FrameworkMethod.invokeExplosively(FrameworkMethod.java:56)
	at org.junit.internal.runners.statements.InvokeMethod.evaluate(InvokeMethod.java:17)
	at org.junit.internal.runners.statements.RunBefores.evaluate(RunBefores.java:26)
	at org.apache.maven.plugin.testing.MojoRule$2.evaluate(MojoRule.java:308)
	at com.github.tomakehurst.wiremock.junit.WireMockRule$1.evaluate(WireMockRule.java:79)
	at org.junit.runners.ParentRunner$3.evaluate(ParentRunner.java:306)
	at org.junit.runners.BlockJUnit4ClassRunner$1.evaluate(BlockJUnit4ClassRunner.java:100)
	at org.junit.runners.ParentRunner.runLeaf(ParentRunner.java:366)
	at org.junit.runners.BlockJUnit4ClassRunner.runChild(BlockJUnit4ClassRunner.java:103)
	at org.junit.runners.BlockJUnit4ClassRunner.runChild(BlockJUnit4ClassRunner.java:63)
	at org.junit.runners.ParentRunner$4.run(ParentRunner.java:331)
	at org.junit.runners.ParentRunner$1.schedule(ParentRunner.java:79)
	at org.junit.runners.ParentRunner.runChildren(ParentRunner.java:329)
	at org.junit.runners.ParentRunner.access$100(ParentRunner.java:66)
	at org.junit.runners.ParentRunner$2.evaluate(ParentRunner.java:293)
	at org.junit.runners.ParentRunner$3.evaluate(ParentRunner.java:306)
	at org.junit.runners.ParentRunner.run(ParentRunner.java:413)
	at org.apache.maven.surefire.junit4.JUnit4Provider.execute(JUnit4Provider.java:365)
	at org.apache.maven.surefire.junit4.JUnit4Provider.executeWithRerun(JUnit4Provider.java:273)
	at org.apache.maven.surefire.junit4.JUnit4Provider.executeTestSet(JUnit4Provider.java:238)
	at org.apache.maven.surefire.junit4.JUnit4Provider.invoke(JUnit4Provider.java:159)
	at org.apache.maven.surefire.booter.ForkedBooter.invokeProviderInSameClassLoader(ForkedBooter.java:384)
	at org.apache.maven.surefire.booter.ForkedBooter.runSuitesInProcess(ForkedBooter.java:345)
	at org.apache.maven.surefire.booter.ForkedBooter.execute(ForkedBooter.java:126)
	at org.apache.maven.surefire.booter.ForkedBooter.main(ForkedBooter.java:418)
Caused by: javax.xml.bind.JAXBException: Implementation of JAXB-API has not been found on module path or classpath.
 - with linked exception:
[java.lang.ClassNotFoundException: com.sun.xml.internal.bind.v2.ContextFactory]
	at javax.xml.bind.ContextFinder.newInstance(ContextFinder.java:278)
	at javax.xml.bind.ContextFinder.find(ContextFinder.java:421)
	at javax.xml.bind.JAXBContext.newInstance(JAXBContext.java:721)
	at javax.xml.bind.JAXBContext.newInstance(JAXBContext.java:662)
	at io.github.pmckeown.dependencytrack.policyviolation.report.PolicyViolationsReportMarshallerService.getMarshaller(PolicyViolationsReportMarshallerService.java:12)
	at io.github.pmckeown.dependencytrack.policyviolation.report.PolicyViolationsXmlReportWriter.getMarshaller(PolicyViolationsXmlReportWriter.java:25)
	at io.github.pmckeown.dependencytrack.report.AbstractXmlReportWriter.write(AbstractXmlReportWriter.java:14)
	... 35 more
Caused by: java.lang.ClassNotFoundException: com.sun.xml.internal.bind.v2.ContextFactory
	at java.base/jdk.internal.loader.BuiltinClassLoader.loadClass(BuiltinClassLoader.java:581)
	at java.base/jdk.internal.loader.ClassLoaders$AppClassLoader.loadClass(ClassLoaders.java:178)
	at java.base/java.lang.ClassLoader.loadClass(ClassLoader.java:522)
	at javax.xml.bind.ServiceLoaderUtil.nullSafeLoadClass(ServiceLoaderUtil.java:122)
	at javax.xml.bind.ServiceLoaderUtil.safeLoadClass(ServiceLoaderUtil.java:155)
	at javax.xml.bind.ContextFinder.newInstance(ContextFinder.java:276)
	... 41 more

[info] SSL Verification enabled: true
[info] dependency-track.skip = true: Skipping analysis.
[info] SSL Verification enabled: true
[info] Getting policy violations for project testName-99.99
[error] unirest.shaded.org.apache.http.client.ClientProtocolException
[debug] Error occurred when getting policy violations

io.github.pmckeown.dependencytrack.DependencyTrackException: unirest.shaded.org.apache.http.client.ClientProtocolException
	at io.github.pmckeown.dependencytrack.policyviolation.PolicyViolationsAction.getPolicyViolations(PolicyViolationsAction.java:47)
	at io.github.pmckeown.dependencytrack.policyviolation.PolicyViolationsMojo.performAction(PolicyViolationsMojo.java:72)
	at io.github.pmckeown.dependencytrack.AbstractDependencyTrackMojo.execute(AbstractDependencyTrackMojo.java:91)
	at io.github.pmckeown.dependencytrack.policyviolation.PolicyViolationsMojoIntegrationTest.thatWhenExceptionOccursWhileGettingFindingsAndFailOnErrorIsFalseTheMojoSucceeds(PolicyViolationsMojoIntegrationTest.java:133)
	at java.base/jdk.internal.reflect.NativeMethodAccessorImpl.invoke0(Native Method)
	at java.base/jdk.internal.reflect.NativeMethodAccessorImpl.invoke(NativeMethodAccessorImpl.java:62)
	at java.base/jdk.internal.reflect.DelegatingMethodAccessorImpl.invoke(DelegatingMethodAccessorImpl.java:43)
	at java.base/java.lang.reflect.Method.invoke(Method.java:566)
	at org.junit.runners.model.FrameworkMethod$1.runReflectiveCall(FrameworkMethod.java:59)
	at org.junit.internal.runners.model.ReflectiveCallable.run(ReflectiveCallable.java:12)
	at org.junit.runners.model.FrameworkMethod.invokeExplosively(FrameworkMethod.java:56)
	at org.junit.internal.runners.statements.InvokeMethod.evaluate(InvokeMethod.java:17)
	at org.junit.internal.runners.statements.RunBefores.evaluate(RunBefores.java:26)
	at org.apache.maven.plugin.testing.MojoRule$2.evaluate(MojoRule.java:308)
	at com.github.tomakehurst.wiremock.junit.WireMockRule$1.evaluate(WireMockRule.java:79)
	at org.junit.runners.ParentRunner$3.evaluate(ParentRunner.java:306)
	at org.junit.runners.BlockJUnit4ClassRunner$1.evaluate(BlockJUnit4ClassRunner.java:100)
	at org.junit.runners.ParentRunner.runLeaf(ParentRunner.java:366)
	at org.junit.runners.BlockJUnit4ClassRunner.runChild(BlockJUnit4ClassRunner.java:103)
	at org.junit.runners.BlockJUnit4ClassRunner.runChild(BlockJUnit4ClassRunner.java:63)
	at org.junit.runners.ParentRunner$4.run(ParentRunner.java:331)
	at org.junit.runners.ParentRunner$1.schedule(ParentRunner.java:79)
	at org.junit.runners.ParentRunner.runChildren(ParentRunner.java:329)
	at org.junit.runners.ParentRunner.access$100(ParentRunner.java:66)
	at org.junit.runners.ParentRunner$2.evaluate(ParentRunner.java:293)
	at org.junit.runners.ParentRunner$3.evaluate(ParentRunner.java:306)
	at org.junit.runners.ParentRunner.run(ParentRunner.java:413)
	at org.apache.maven.surefire.junit4.JUnit4Provider.execute(JUnit4Provider.java:365)
	at org.apache.maven.surefire.junit4.JUnit4Provider.executeWithRerun(JUnit4Provider.java:273)
	at org.apache.maven.surefire.junit4.JUnit4Provider.executeTestSet(JUnit4Provider.java:238)
	at org.apache.maven.surefire.junit4.JUnit4Provider.invoke(JUnit4Provider.java:159)
	at org.apache.maven.surefire.booter.ForkedBooter.invokeProviderInSameClassLoader(ForkedBooter.java:384)
	at org.apache.maven.surefire.booter.ForkedBooter.runSuitesInProcess(ForkedBooter.java:345)
	at org.apache.maven.surefire.booter.ForkedBooter.execute(ForkedBooter.java:126)
	at org.apache.maven.surefire.booter.ForkedBooter.main(ForkedBooter.java:418)

[ERROR] Tests run: 7, Failures: 3, Errors: 0, Skipped: 0, Time elapsed: 0.951 s <<< FAILURE! - in io.github.pmckeown.dependencytrack.policyviolation.PolicyViolationsMojoIntegrationTest
[ERROR] thatPolicyMojoCanRetrievePolicyViolationFailuresAndFailIfFailOnWarnFalse(io.github.pmckeown.dependencytrack.policyviolation.PolicyViolationsMojoIntegrationTest)  Time elapsed: 0.163 s  <<< FAILURE!
java.lang.AssertionError: Exception expected
	at io.github.pmckeown.dependencytrack.policyviolation.PolicyViolationsMojoIntegrationTest.thatPolicyMojoCanRetrievePolicyViolationFailuresAndFailIfFailOnWarnFalse(PolicyViolationsMojoIntegrationTest.java:80)

[ERROR] thatPolicyMojoCanRetrievePolicyViolationFailuresAndFailIfFailOnWarnTrue(io.github.pmckeown.dependencytrack.policyviolation.PolicyViolationsMojoIntegrationTest)  Time elapsed: 0.126 s  <<< FAILURE!
java.lang.AssertionError: Exception expected
	at io.github.pmckeown.dependencytrack.policyviolation.PolicyViolationsMojoIntegrationTest.thatPolicyMojoCanRetrievePolicyViolationFailuresAndFailIfFailOnWarnTrue(PolicyViolationsMojoIntegrationTest.java:98)

[ERROR] thatPolicyMojoCanRetrievePolicyViolationWarningsAndFailIfFailOnWarnTrue(io.github.pmckeown.dependencytrack.policyviolation.PolicyViolationsMojoIntegrationTest)  Time elapsed: 0.135 s  <<< FAILURE!
java.lang.AssertionError: Exception expected
	at io.github.pmckeown.dependencytrack.policyviolation.PolicyViolationsMojoIntegrationTest.thatPolicyMojoCanRetrievePolicyViolationWarningsAndFailIfFailOnWarnTrue(PolicyViolationsMojoIntegrationTest.java:62)

[INFO] Running io.github.pmckeown.dependencytrack.policyviolation.PolicyViolationsActionTest
[INFO] Tests run: 4, Failures: 0, Errors: 0, Skipped: 0, Time elapsed: 0.014 s - in io.github.pmckeown.dependencytrack.policyviolation.PolicyViolationsActionTest
[INFO] Running io.github.pmckeown.dependencytrack.policyviolation.report.PolicyViolationsReportTest
[INFO] Tests run: 1, Failures: 0, Errors: 0, Skipped: 0, Time elapsed: 0.001 s - in io.github.pmckeown.dependencytrack.policyviolation.report.PolicyViolationsReportTest
[INFO] Running io.github.pmckeown.dependencytrack.policyviolation.report.PolicyViolationsReportGeneratorTest
[WARNING] Tests run: 3, Failures: 0, Errors: 0, Skipped: 2, Time elapsed: 0.032 s - in io.github.pmckeown.dependencytrack.policyviolation.report.PolicyViolationsReportGeneratorTest
[INFO] Running io.github.pmckeown.dependencytrack.policyviolation.report.PolicyViolationsReportIntegrationTest
[ERROR] Tests run: 2, Failures: 1, Errors: 0, Skipped: 1, Time elapsed: 0.001 s <<< FAILURE! - in io.github.pmckeown.dependencytrack.policyviolation.report.PolicyViolationsReportIntegrationTest
[ERROR] thatXmlFileCanBeGenerated(io.github.pmckeown.dependencytrack.policyviolation.report.PolicyViolationsReportIntegrationTest)  Time elapsed: 0 s  <<< FAILURE!
java.lang.AssertionError: Exception not expected
	at io.github.pmckeown.dependencytrack.policyviolation.report.PolicyViolationsReportIntegrationTest.thatXmlFileCanBeGenerated(PolicyViolationsReportIntegrationTest.java:43)

[INFO] Running io.github.pmckeown.dependencytrack.policyviolation.PolicyViolationsAnalyserTest
[INFO] Tests run: 6, Failures: 0, Errors: 0, Skipped: 0, Time elapsed: 0.008 s - in io.github.pmckeown.dependencytrack.policyviolation.PolicyViolationsAnalyserTest
[INFO] Running io.github.pmckeown.dependencytrack.policyviolation.PolicyViolationsMojoTest
[INFO] Tests run: 2, Failures: 0, Errors: 0, Skipped: 0, Time elapsed: 0.044 s - in io.github.pmckeown.dependencytrack.policyviolation.PolicyViolationsMojoTest
[INFO] Running io.github.pmckeown.dependencytrack.policyviolation.PolicyViolationsClientTest
[INFO] Tests run: 3, Failures: 0, Errors: 0, Skipped: 0, Time elapsed: 0.106 s - in io.github.pmckeown.dependencytrack.policyviolation.PolicyViolationsClientTest
[INFO] Running io.github.pmckeown.dependencytrack.bom.BomParserTest
[INFO] Tests run: 6, Failures: 0, Errors: 0, Skipped: 0, Time elapsed: 0.65 s - in io.github.pmckeown.dependencytrack.bom.BomParserTest
[INFO] Running io.github.pmckeown.util.LoggerTest
[INFO] Tests run: 9, Failures: 0, Errors: 0, Skipped: 0, Time elapsed: 0.02 s - in io.github.pmckeown.util.LoggerTest
[INFO] Running io.github.pmckeown.util.BomEncoderTest
[INFO] Tests run: 2, Failures: 0, Errors: 0, Skipped: 0, Time elapsed: 0.006 s - in io.github.pmckeown.util.BomEncoderTest
[INFO] 
[INFO] Results:
[INFO] 
[ERROR] Failures: 
[ERROR]   FindingsMojoIntegrationTest.thatBuildFailsWhenFindingsNumberBreachesDefinedThresholds:115 Exception expected
[ERROR]   FindingsReportIntegrationTest.thatXmlFileCanBeGenerated:42 Exception not expected
[ERROR]   FindingsReportIntegrationTest.thatXmlFileCanBeTransformed:55 Exception not expected
[ERROR]   PolicyViolationsMojoIntegrationTest.thatPolicyMojoCanRetrievePolicyViolationFailuresAndFailIfFailOnWarnFalse:80 Exception expected
[ERROR]   PolicyViolationsMojoIntegrationTest.thatPolicyMojoCanRetrievePolicyViolationFailuresAndFailIfFailOnWarnTrue:98 Exception expected
[ERROR]   PolicyViolationsMojoIntegrationTest.thatPolicyMojoCanRetrievePolicyViolationWarningsAndFailIfFailOnWarnTrue:62 Exception expected
[ERROR]   PolicyViolationsReportIntegrationTest.thatXmlFileCanBeGenerated:43 Exception not expected
[INFO] 
[ERROR] Tests run: 209, Failures: 7, Errors: 0, Skipped: 3
[INFO] 
[INFO] ------------------------------------------------------------------------
[INFO] BUILD FAILURE
[INFO] ------------------------------------------------------------------------
[INFO] Total time:  35.803 s
[INFO] Finished at: 2025-10-01T12:59:50Z
[INFO] ------------------------------------------------------------------------
[WARNING] 
[WARNING] Plugin validation issues were detected in 5 plugin(s)
[WARNING] 
[WARNING]  * org.jacoco:jacoco-maven-plugin:0.8.8
[WARNING]  * org.apache.maven.plugins:maven-compiler-plugin:3.10.1
[WARNING]  * org.apache.maven.plugins:maven-plugin-plugin:3.6.4
[WARNING]  * org.apache.maven.plugins:maven-surefire-plugin:2.22.2
[WARNING]  * org.apache.maven.plugins:maven-resources-plugin:3.3.0
[WARNING] 
[WARNING] For more or less details, use 'maven.plugin.validation' property with one of the values (case insensitive): [BRIEF, DEFAULT, VERBOSE]
[WARNING] 
[ERROR] Failed to execute goal org.apache.maven.plugins:maven-surefire-plugin:2.22.2:test (default-test) on project dependency-track-maven-plugin: There are test failures.
[ERROR] 
[ERROR] Please refer to /dependency-track-maven-plugin/target/surefire-reports for the individual test results.
[ERROR] Please refer to dump files (if any exist) [date].dump, [date]-jvmRun[N].dump and [date].dumpstream.
[ERROR] -> [Help 1]
[ERROR] 
[ERROR] To see the full stack trace of the errors, re-run Maven with the -e switch.
[ERROR] Re-run Maven using the -X switch to enable full debug logging.
[ERROR] 
[ERROR] For more information about the errors and possible solutions, please read the following articles:
[ERROR] [Help 1] http://cwiki.apache.org/confluence/display/MAVEN/MojoFailureException
