[INFO] Scanning for projects...
[INFO] 
[INFO] ----------------< io.simplelocalize:simplelocalize-cli >----------------
[INFO] Building simplelocalize-cli 2.0.2
[INFO]   from pom.xml
[INFO] --------------------------------[ jar ]---------------------------------
[INFO] 
[INFO] --- clean:3.2.0:clean (default-clean) @ simplelocalize-cli ---
[INFO] Deleting /simplelocalize-cli/target
[INFO] 
[INFO] --- jacoco:0.8.7:prepare-agent (default-prepare-agent) @ simplelocalize-cli ---
[INFO] argLine set to -javaagent:/root/.m2/repository/org/jacoco/org.jacoco.agent/0.8.7/org.jacoco.agent-0.8.7-runtime.jar=destfile=/simplelocalize-cli/target/jacoco.exec
[INFO] 
[INFO] --- resources:3.1.0:resources (default-resources) @ simplelocalize-cli ---
[INFO] Using 'UTF-8' encoding to copy filtered resources.
[INFO] Copying 1 resource
[INFO] 
[INFO] --- compiler:3.8.1:compile (default-compile) @ simplelocalize-cli ---
[INFO] Changes detected - recompiling the module!
[INFO] Compiling 46 source files to /simplelocalize-cli/target/classes
[INFO] 
[INFO] --- resources:3.1.0:testResources (default-testResources) @ simplelocalize-cli ---
[INFO] Using 'UTF-8' encoding to copy filtered resources.
[INFO] Copying 21 resources
[INFO] 
[INFO] --- compiler:3.8.1:testCompile (default-testCompile) @ simplelocalize-cli ---
[INFO] Changes detected - recompiling the module!
[INFO] Compiling 23 source files to /simplelocalize-cli/target/test-classes
[INFO] 
[INFO] --- compiler:3.8.1:testCompile (test-compile) @ simplelocalize-cli ---
[INFO] Changes detected - recompiling the module!
[INFO] Compiling 23 source files to /simplelocalize-cli/target/test-classes
[INFO] 
[INFO] --- surefire:2.22.2:test (default-test) @ simplelocalize-cli ---
[INFO] 
[INFO] -------------------------------------------------------
[INFO]  T E S T S
[INFO] -------------------------------------------------------

 +-------------------------------------------------------------------------------+
 | WARNING:                                                                      |
 | The junit-platform-surefire-provider has been deprecated and is scheduled to  |
 | be removed in JUnit Platform 1.4. Please use the built-in support in Maven    |
 | Surefire >= 2.22.0 instead.                                                   |
 | ¬ª https://junit.org/junit5/docs/current/user-guide/#running-tests-build-maven |
 +-------------------------------------------------------------------------------+

[INFO] Running io.simplelocalize.cli.configuration.ConfigurationLoaderTest
SLF4J: Class path contains multiple SLF4J bindings.
SLF4J: Found binding in [jar:file:/root/.m2/repository/ch/qos/logback/logback-classic/1.2.3/logback-classic-1.2.3.jar!/org/slf4j/impl/StaticLoggerBinder.class]
SLF4J: Found binding in [jar:file:/root/.m2/repository/org/slf4j/slf4j-nop/1.5.3/slf4j-nop-1.5.3.jar!/org/slf4j/impl/StaticLoggerBinder.class]
SLF4J: Found binding in [jar:file:/root/.m2/repository/org/slf4j/slf4j-jdk14/1.5.6/slf4j-jdk14-1.5.6.jar!/org/slf4j/impl/StaticLoggerBinder.class]
SLF4J: See http://www.slf4j.org/codes.html#multiple_bindings for an explanation.
SLF4J: Actual binding is of type [ch.qos.logback.classic.util.ContextSelectorStaticBinder]
 üóÑ  Loaded configuration file from: /simplelocalize-cli/target/test-classes/simplelocalize.yml
 üòù Unable to load configuration: mapping values are not allowed here
 in 'reader', line 3, column 7:
    ientId: 123456
          ^

 üóÑ  No default configuration file at ./simplelocalize.yml
 üóÑ  No default configuration file at ./simplelocalize.yml
[INFO] Tests run: 4, Failures: 0, Errors: 0, Skipped: 0, Time elapsed: 0.943 s - in io.simplelocalize.cli.configuration.ConfigurationLoaderTest
[INFO] Running io.simplelocalize.cli.configuration.ConfigurationValidatorTest
Missing 'apiKey' value
[INFO] Tests run: 3, Failures: 0, Errors: 0, Skipped: 0, Time elapsed: 0.002 s - in io.simplelocalize.cli.configuration.ConfigurationValidatorTest
[INFO] Running io.simplelocalize.cli.util.FileContentReaderTest
Cannot read file from path some path
java.nio.file.NoSuchFileException: some path
	at java.base/sun.nio.fs.UnixException.translateToIOException(UnixException.java:92)
	at java.base/sun.nio.fs.UnixException.rethrowAsIOException(UnixException.java:111)
	at java.base/sun.nio.fs.UnixException.rethrowAsIOException(UnixException.java:116)
	at java.base/sun.nio.fs.UnixFileSystemProvider.newByteChannel(UnixFileSystemProvider.java:219)
	at java.base/java.nio.file.Files.newByteChannel(Files.java:371)
	at java.base/java.nio.file.Files.newByteChannel(Files.java:422)
	at java.base/java.nio.file.Files.readAllBytes(Files.java:3206)
	at java.base/java.nio.file.Files.readString(Files.java:3284)
	at io.simplelocalize.cli.io.FileContentReader.tryReadContent(FileContentReader.java:29)
	at io.simplelocalize.cli.util.FileContentReaderTest.shouldReturnEmptyStringWhenFileNotFound(FileContentReaderTest.java:20)
	at java.base/jdk.internal.reflect.NativeMethodAccessorImpl.invoke0(Native Method)
	at java.base/jdk.internal.reflect.NativeMethodAccessorImpl.invoke(NativeMethodAccessorImpl.java:62)
	at java.base/jdk.internal.reflect.DelegatingMethodAccessorImpl.invoke(DelegatingMethodAccessorImpl.java:43)
	at java.base/java.lang.reflect.Method.invoke(Method.java:566)
	at org.junit.platform.commons.util.ReflectionUtils.invokeMethod(ReflectionUtils.java:686)
	at org.junit.jupiter.engine.execution.MethodInvocation.proceed(MethodInvocation.java:60)
	at org.junit.jupiter.engine.execution.InvocationInterceptorChain$ValidatingInvocation.proceed(InvocationInterceptorChain.java:131)
	at org.junit.jupiter.engine.extension.TimeoutExtension.intercept(TimeoutExtension.java:149)
	at org.junit.jupiter.engine.extension.TimeoutExtension.interceptTestableMethod(TimeoutExtension.java:140)
	at org.junit.jupiter.engine.extension.TimeoutExtension.interceptTestMethod(TimeoutExtension.java:84)
	at org.junit.jupiter.engine.execution.ExecutableInvoker$ReflectiveInterceptorCall.lambda$ofVoidMethod$0(ExecutableInvoker.java:115)
	at org.junit.jupiter.engine.execution.ExecutableInvoker.lambda$invoke$0(ExecutableInvoker.java:105)
	at org.junit.jupiter.engine.execution.InvocationInterceptorChain$InterceptedInvocation.proceed(InvocationInterceptorChain.java:106)
	at org.junit.jupiter.engine.execution.InvocationInterceptorChain.proceed(InvocationInterceptorChain.java:64)
	at org.junit.jupiter.engine.execution.InvocationInterceptorChain.chainAndInvoke(InvocationInterceptorChain.java:45)
	at org.junit.jupiter.engine.execution.InvocationInterceptorChain.invoke(InvocationInterceptorChain.java:37)
	at org.junit.jupiter.engine.execution.ExecutableInvoker.invoke(ExecutableInvoker.java:104)
	at org.junit.jupiter.engine.execution.ExecutableInvoker.invoke(ExecutableInvoker.java:98)
	at org.junit.jupiter.engine.descriptor.TestMethodTestDescriptor.lambda$invokeTestMethod$6(TestMethodTestDescriptor.java:212)
	at org.junit.platform.engine.support.hierarchical.ThrowableCollector.execute(ThrowableCollector.java:73)
	at org.junit.jupiter.engine.descriptor.TestMethodTestDescriptor.invokeTestMethod(TestMethodTestDescriptor.java:208)
	at org.junit.jupiter.engine.descriptor.TestMethodTestDescriptor.execute(TestMethodTestDescriptor.java:137)
	at org.junit.jupiter.engine.descriptor.TestMethodTestDescriptor.execute(TestMethodTestDescriptor.java:71)
	at org.junit.platform.engine.support.hierarchical.NodeTestTask.lambda$executeRecursively$5(NodeTestTask.java:135)
	at org.junit.platform.engine.support.hierarchical.ThrowableCollector.execute(ThrowableCollector.java:73)
	at org.junit.platform.engine.support.hierarchical.NodeTestTask.lambda$executeRecursively$7(NodeTestTask.java:125)
	at org.junit.platform.engine.support.hierarchical.Node.around(Node.java:135)
	at org.junit.platform.engine.support.hierarchical.NodeTestTask.lambda$executeRecursively$8(NodeTestTask.java:123)
	at org.junit.platform.engine.support.hierarchical.ThrowableCollector.execute(ThrowableCollector.java:73)
	at org.junit.platform.engine.support.hierarchical.NodeTestTask.executeRecursively(NodeTestTask.java:122)
	at org.junit.platform.engine.support.hierarchical.NodeTestTask.execute(NodeTestTask.java:80)
	at java.base/java.util.ArrayList.forEach(ArrayList.java:1541)
	at org.junit.platform.engine.support.hierarchical.SameThreadHierarchicalTestExecutorService.invokeAll(SameThreadHierarchicalTestExecutorService.java:38)
	at org.junit.platform.engine.support.hierarchical.NodeTestTask.lambda$executeRecursively$5(NodeTestTask.java:139)
	at org.junit.platform.engine.support.hierarchical.ThrowableCollector.execute(ThrowableCollector.java:73)
	at org.junit.platform.engine.support.hierarchical.NodeTestTask.lambda$executeRecursively$7(NodeTestTask.java:125)
	at org.junit.platform.engine.support.hierarchical.Node.around(Node.java:135)
	at org.junit.platform.engine.support.hierarchical.NodeTestTask.lambda$executeRecursively$8(NodeTestTask.java:123)
	at org.junit.platform.engine.support.hierarchical.ThrowableCollector.execute(ThrowableCollector.java:73)
	at org.junit.platform.engine.support.hierarchical.NodeTestTask.executeRecursively(NodeTestTask.java:122)
	at org.junit.platform.engine.support.hierarchical.NodeTestTask.execute(NodeTestTask.java:80)
	at java.base/java.util.ArrayList.forEach(ArrayList.java:1541)
	at org.junit.platform.engine.support.hierarchical.SameThreadHierarchicalTestExecutorService.invokeAll(SameThreadHierarchicalTestExecutorService.java:38)
	at org.junit.platform.engine.support.hierarchical.NodeTestTask.lambda$executeRecursively$5(NodeTestTask.java:139)
	at org.junit.platform.engine.support.hierarchical.ThrowableCollector.execute(ThrowableCollector.java:73)
	at org.junit.platform.engine.support.hierarchical.NodeTestTask.lambda$executeRecursively$7(NodeTestTask.java:125)
	at org.junit.platform.engine.support.hierarchical.Node.around(Node.java:135)
	at org.junit.platform.engine.support.hierarchical.NodeTestTask.lambda$executeRecursively$8(NodeTestTask.java:123)
	at org.junit.platform.engine.support.hierarchical.ThrowableCollector.execute(ThrowableCollector.java:73)
	at org.junit.platform.engine.support.hierarchical.NodeTestTask.executeRecursively(NodeTestTask.java:122)
	at org.junit.platform.engine.support.hierarchical.NodeTestTask.execute(NodeTestTask.java:80)
	at org.junit.platform.engine.support.hierarchical.SameThreadHierarchicalTestExecutorService.submit(SameThreadHierarchicalTestExecutorService.java:32)
	at org.junit.platform.engine.support.hierarchical.HierarchicalTestExecutor.execute(HierarchicalTestExecutor.java:57)
	at org.junit.platform.engine.support.hierarchical.HierarchicalTestEngine.execute(HierarchicalTestEngine.java:51)
	at org.junit.platform.launcher.core.DefaultLauncher.execute(DefaultLauncher.java:248)
	at org.junit.platform.launcher.core.DefaultLauncher.lambda$execute$5(DefaultLauncher.java:211)
	at org.junit.platform.launcher.core.DefaultLauncher.withInterceptedStreams(DefaultLauncher.java:226)
	at org.junit.platform.launcher.core.DefaultLauncher.execute(DefaultLauncher.java:199)
	at org.junit.platform.launcher.core.DefaultLauncher.execute(DefaultLauncher.java:132)
	at org.junit.platform.surefire.provider.JUnitPlatformProvider.invokeAllTests(JUnitPlatformProvider.java:155)
	at org.junit.platform.surefire.provider.JUnitPlatformProvider.invoke(JUnitPlatformProvider.java:134)
	at org.apache.maven.surefire.booter.ForkedBooter.invokeProviderInSameClassLoader(ForkedBooter.java:384)
	at org.apache.maven.surefire.booter.ForkedBooter.runSuitesInProcess(ForkedBooter.java:345)
	at org.apache.maven.surefire.booter.ForkedBooter.execute(ForkedBooter.java:126)
	at org.apache.maven.surefire.booter.ForkedBooter.main(ForkedBooter.java:418)
[INFO] Tests run: 2, Failures: 0, Errors: 0, Skipped: 0, Time elapsed: 0.015 s - in io.simplelocalize.cli.util.FileContentReaderTest
[INFO] Running io.simplelocalize.cli.util.ListsUtilTest
[INFO] Tests run: 1, Failures: 0, Errors: 0, Skipped: 0, Time elapsed: 0 s - in io.simplelocalize.cli.util.ListsUtilTest
[INFO] Running io.simplelocalize.cli.util.FileListReaderTest
[INFO] Tests run: 7, Failures: 0, Errors: 0, Skipped: 0, Time elapsed: 0.031 s - in io.simplelocalize.cli.util.FileListReaderTest
[INFO] Running io.simplelocalize.cli.command.ExtractCommandTest
[ERROR] Tests run: 1, Failures: 0, Errors: 1, Skipped: 0, Time elapsed: 0.328 s <<< FAILURE! - in io.simplelocalize.cli.command.ExtractCommandTest
[ERROR] invoke  Time elapsed: 0.013 s  <<< ERROR!
java.lang.NoClassDefFoundError: com/fasterxml/jackson/core/util/JacksonFeature
	at io.simplelocalize.cli.command.ExtractCommandTest.<init>(ExtractCommandTest.java:21)
Caused by: java.lang.ClassNotFoundException: com.fasterxml.jackson.core.util.JacksonFeature
	at io.simplelocalize.cli.command.ExtractCommandTest.<init>(ExtractCommandTest.java:21)

[INFO] Running io.simplelocalize.cli.command.DownloadCommandTest
[ERROR] Tests run: 1, Failures: 0, Errors: 1, Skipped: 0, Time elapsed: 0.002 s <<< FAILURE! - in io.simplelocalize.cli.command.DownloadCommandTest
[ERROR] shouldDownloadMultipleFiles  Time elapsed: 0 s  <<< ERROR!
java.lang.NoClassDefFoundError: com/fasterxml/jackson/core/util/JacksonFeature
	at io.simplelocalize.cli.command.DownloadCommandTest.<init>(DownloadCommandTest.java:20)
Caused by: java.lang.ClassNotFoundException: com.fasterxml.jackson.core.util.JacksonFeature
	at io.simplelocalize.cli.command.DownloadCommandTest.<init>(DownloadCommandTest.java:20)

[INFO] Running io.simplelocalize.cli.command.UploadCommandTest
[ERROR] Tests run: 2, Failures: 0, Errors: 2, Skipped: 0, Time elapsed: 0 s <<< FAILURE! - in io.simplelocalize.cli.command.UploadCommandTest
[ERROR] shouldUploadZeroFiles  Time elapsed: 0 s  <<< ERROR!
java.lang.NoClassDefFoundError: com/fasterxml/jackson/core/util/JacksonFeature
	at io.simplelocalize.cli.command.UploadCommandTest.<init>(UploadCommandTest.java:19)
Caused by: java.lang.ClassNotFoundException: com.fasterxml.jackson.core.util.JacksonFeature
	at io.simplelocalize.cli.command.UploadCommandTest.<init>(UploadCommandTest.java:19)

[ERROR] shouldUploadTwelveFiles  Time elapsed: 0 s  <<< ERROR!
java.lang.NoClassDefFoundError: com/fasterxml/jackson/core/util/JacksonFeature
	at io.simplelocalize.cli.command.UploadCommandTest.<init>(UploadCommandTest.java:19)
Caused by: java.lang.ClassNotFoundException: com.fasterxml.jackson.core.util.JacksonFeature
	at io.simplelocalize.cli.command.UploadCommandTest.<init>(UploadCommandTest.java:19)

[INFO] Running io.simplelocalize.cli.client.ClientBodyBuildersTest
[ERROR] Tests run: 2, Failures: 0, Errors: 2, Skipped: 0, Time elapsed: 0 s <<< FAILURE! - in io.simplelocalize.cli.client.ClientBodyBuildersTest
[ERROR] ofMimeMultipartData  Time elapsed: 0 s  <<< ERROR!
java.lang.NoClassDefFoundError: com/fasterxml/jackson/core/util/JacksonFeature
	at io.simplelocalize.cli.client.ClientBodyBuildersTest.ofMimeMultipartData(ClientBodyBuildersTest.java:40)
Caused by: java.lang.ClassNotFoundException: com.fasterxml.jackson.core.util.JacksonFeature
	at io.simplelocalize.cli.client.ClientBodyBuildersTest.ofMimeMultipartData(ClientBodyBuildersTest.java:40)

[ERROR] ofKeysBody  Time elapsed: 0 s  <<< ERROR!
java.lang.NoClassDefFoundError: Could not initialize class io.simplelocalize.cli.client.ClientBodyBuilders
	at io.simplelocalize.cli.client.ClientBodyBuildersTest.ofKeysBody(ClientBodyBuildersTest.java:23)

[INFO] Running io.simplelocalize.cli.client.dto.UploadRequestTest
[INFO] Tests run: 3, Failures: 0, Errors: 0, Skipped: 0, Time elapsed: 0.01 s - in io.simplelocalize.cli.client.dto.UploadRequestTest
[INFO] Running io.simplelocalize.cli.client.SimpleLocalizeClientTest
[ERROR] Tests run: 1, Failures: 0, Errors: 1, Skipped: 0, Time elapsed: 0.243 s <<< FAILURE! - in io.simplelocalize.cli.client.SimpleLocalizeClientTest
[ERROR] io.simplelocalize.cli.client.SimpleLocalizeClientTest  Time elapsed: 0.243 s  <<< ERROR!
java.lang.NoClassDefFoundError: com/fasterxml/jackson/core/util/JacksonFeature
	at io.simplelocalize.cli.client.SimpleLocalizeClientTest.startServer(SimpleLocalizeClientTest.java:39)
Caused by: java.lang.ClassNotFoundException: com.fasterxml.jackson.core.util.JacksonFeature
	at io.simplelocalize.cli.client.SimpleLocalizeClientTest.startServer(SimpleLocalizeClientTest.java:39)

[INFO] Running io.simplelocalize.cli.extraction.ExtractionProcessorFactoryTest
[INFO] Tests run: 2, Failures: 0, Errors: 0, Skipped: 0, Time elapsed: 0.012 s - in io.simplelocalize.cli.extraction.ExtractionProcessorFactoryTest
[INFO] Running io.simplelocalize.cli.extraction.files.JavaScriptAndTypeScriptFilesFinderTest
[INFO] Tests run: 2, Failures: 0, Errors: 0, Skipped: 0, Time elapsed: 0.009 s - in io.simplelocalize.cli.extraction.files.JavaScriptAndTypeScriptFilesFinderTest
[INFO] Running io.simplelocalize.cli.extraction.keys.IEighteenNextKeyExtractorTest
[INFO] Tests run: 1, Failures: 0, Errors: 0, Skipped: 0, Time elapsed: 0.014 s - in io.simplelocalize.cli.extraction.keys.IEighteenNextKeyExtractorTest
[INFO] Running io.simplelocalize.cli.extraction.keys.ReactIntlKeyExtractorTest
[INFO] Tests run: 3, Failures: 0, Errors: 0, Skipped: 0, Time elapsed: 0.014 s - in io.simplelocalize.cli.extraction.keys.ReactIntlKeyExtractorTest
[INFO] Running io.simplelocalize.cli.extraction.keys.EjsKeyExtractorTest
[INFO] Tests run: 1, Failures: 0, Errors: 0, Skipped: 0, Time elapsed: 0.002 s - in io.simplelocalize.cli.extraction.keys.EjsKeyExtractorTest
[INFO] Running io.simplelocalize.cli.extraction.AndroidProcessorTest
[INFO] Tests run: 1, Failures: 0, Errors: 0, Skipped: 0, Time elapsed: 0.017 s - in io.simplelocalize.cli.extraction.AndroidProcessorTest
[INFO] Running io.simplelocalize.cli.extraction.YahooReactIntlProcessorTest
[INFO] Tests run: 2, Failures: 0, Errors: 0, Skipped: 0, Time elapsed: 0.824 s - in io.simplelocalize.cli.extraction.YahooReactIntlProcessorTest
[INFO] Running io.simplelocalize.cli.extraction.processor.iOSProcessorTest
[INFO] Tests run: 1, Failures: 0, Errors: 0, Skipped: 0, Time elapsed: 0.004 s - in io.simplelocalize.cli.extraction.processor.iOSProcessorTest
[INFO] 
[INFO] Results:
[INFO] 
[ERROR] Errors: 
[ERROR]   ClientBodyBuildersTest.ofKeysBody:23 NoClassDefFound Could not initialize clas...
[ERROR]   ClientBodyBuildersTest.ofMimeMultipartData:40 ¬ª NoClassDefFound com/fasterxml/...
[ERROR]   SimpleLocalizeClientTest.startServer:39 ¬ª NoClassDefFound com/fasterxml/jackso...
[ERROR]   DownloadCommandTest.<init>:20 ¬ª NoClassDefFound com/fasterxml/jackson/core/uti...
[ERROR]   ExtractCommandTest.<init>:21 ¬ª NoClassDefFound com/fasterxml/jackson/core/util...
[ERROR]   UploadCommandTest.<init>:19 ¬ª NoClassDefFound com/fasterxml/jackson/core/util/...
[ERROR]   UploadCommandTest.<init>:19 ¬ª NoClassDefFound com/fasterxml/jackson/core/util/...
[INFO] 
[ERROR] Tests run: 40, Failures: 0, Errors: 7, Skipped: 0
[INFO] 
[INFO] ------------------------------------------------------------------------
[INFO] BUILD FAILURE
[INFO] ------------------------------------------------------------------------
[INFO] Total time:  20.823 s
[INFO] Finished at: 2025-10-01T14:33:07Z
[INFO] ------------------------------------------------------------------------
[WARNING] 
[WARNING] Plugin validation issues were detected in 4 plugin(s)
[WARNING] 
[WARNING]  * org.jacoco:jacoco-maven-plugin:0.8.7
[WARNING]  * org.apache.maven.plugins:maven-resources-plugin:3.1.0
[WARNING]  * org.apache.maven.plugins:maven-compiler-plugin:3.8.1
[WARNING]  * org.apache.maven.plugins:maven-surefire-plugin:2.22.2
[WARNING] 
[WARNING] For more or less details, use 'maven.plugin.validation' property with one of the values (case insensitive): [BRIEF, DEFAULT, VERBOSE]
[WARNING] 
[ERROR] Failed to execute goal org.apache.maven.plugins:maven-surefire-plugin:2.22.2:test (default-test) on project simplelocalize-cli: There are test failures.
[ERROR] 
[ERROR] Please refer to /simplelocalize-cli/target/surefire-reports for the individual test results.
[ERROR] Please refer to dump files (if any exist) [date].dump, [date]-jvmRun[N].dump and [date].dumpstream.
[ERROR] -> [Help 1]
[ERROR] 
[ERROR] To see the full stack trace of the errors, re-run Maven with the -e switch.
[ERROR] Re-run Maven using the -X switch to enable full debug logging.
[ERROR] 
[ERROR] For more information about the errors and possible solutions, please read the following articles:
[ERROR] [Help 1] http://cwiki.apache.org/confluence/display/MAVEN/MojoFailureException
