[INFO] Scanning for projects...
[INFO] 
[INFO] ------------------------< com.jcabi:jcabi-http >------------------------
[INFO] Building jcabi-http 2.0-SNAPSHOT
[INFO]   from pom.xml
[INFO] --------------------------------[ jar ]---------------------------------
[INFO] 
[INFO] --- clean:3.2.0:clean (default-clean) @ jcabi-http ---
[INFO] Deleting /jcabi-http/target
[INFO] 
[INFO] --- enforcer:3.1.0:enforce (enforce-maven) @ jcabi-http ---
[INFO] 
[INFO] --- buildnumber:3.0.0:create (jcabi-build-number) @ jcabi-http ---
[INFO] ShortRevision tag detected. The value is '7'.
[INFO] Executing: /bin/sh -c cd '/jcabi-http' && 'git' 'rev-parse' '--verify' '--short=7' 'HEAD'
[INFO] Working directory: /jcabi-http
[INFO] Storing buildNumber: null at timestamp: 2025-10-01T14:59:01
[WARNING] Cannot get the branch information from the git repository: 
Detecting the current branch failed: fatal: not a git repository (or any of the parent directories): .git

[INFO] ShortRevision tag detected. The value is '7'.
[INFO] Executing: /bin/sh -c cd '/jcabi-http' && 'git' 'rev-parse' '--verify' '--short=7' 'HEAD'
[INFO] Working directory: /jcabi-http
[INFO] Storing buildScmBranch: UNKNOWN_BRANCH
[INFO] 
[INFO] --- buildnumber:3.0.0:create-timestamp (jcabi-build-number) @ jcabi-http ---
[INFO] Skipping because we are not in root module.
[INFO] 
[INFO] --- resources:3.3.0:resources (default-resources) @ jcabi-http ---
[INFO] skip non existing resourceDirectory /jcabi-http/src/main/resources
[INFO] 
[INFO] --- compiler:3.10.1:compile (default-compile) @ jcabi-http ---
[INFO] Changes detected - recompiling the module!
[INFO] Compiling 53 source files to /jcabi-http/target/classes
[INFO] 
[INFO] --- resources:3.3.0:testResources (default-testResources) @ jcabi-http ---
[INFO] Copying 1 resource
[INFO] The encoding used to copy filtered properties files have not been set. This means that the same encoding will be used to copy filtered properties files as when copying other filtered resources. This might not be what you want! Run your build with --debug to see which files might be affected. Read more at https://maven.apache.org/plugins/maven-resources-plugin/examples/filtering-properties-files.html
[INFO] 
[INFO] --- compiler:3.10.1:testCompile (default-testCompile) @ jcabi-http ---
[INFO] Changes detected - recompiling the module!
[INFO] Compiling 37 source files to /jcabi-http/target/test-classes
[INFO] 
[INFO] --- surefire:3.0.0-M7:test (default-test) @ jcabi-http ---
[INFO] Tests will run in random order. To reproduce ordering use flag -Dsurefire.runOrder.random.seed=22125581201837
[INFO] Using auto detected provider org.apache.maven.surefire.junitplatform.JUnitPlatformProvider
[INFO] 
[INFO] -------------------------------------------------------
[INFO]  T E S T S
[INFO] -------------------------------------------------------
[INFO] Running com.jcabi.http.request.BaseRequestTest
Oct 01, 2025 2:59:08 PM org.glassfish.grizzly.http.server.NetworkListener start
INFO: Started listener bound to [0.0.0.0:37555]
Oct 01, 2025 2:59:08 PM org.glassfish.grizzly.http.server.HttpServer start
INFO: [HttpServer] Started.
SLF4J: Class path contains multiple SLF4J providers.
SLF4J: Found provider [org.slf4j.log4j12.Log4j12ServiceProvider@130dca52]
SLF4J: Found provider [org.slf4j.reload4j.Reload4jServiceProvider@2654635]
SLF4J: See http://www.slf4j.org/codes.html#multiple_bindings for an explanation.
[INFO] main com.jcabi.http.mock.MkGrizzlyContainer: started on port #37555
SLF4J: Actual provider is of type [org.slf4j.log4j12.Log4j12ServiceProvider@130dca52]
[INFO] main com.jcabi.http.request.BaseRequest: #fetch(POST localhost:37555 /): [200 OK] in 151ms
[INFO] Tests run: 7, Failures: 0, Errors: 0, Skipped: 0, Time elapsed: 1.263 s - in com.jcabi.http.request.BaseRequestTest
[INFO] Running com.jcabi.http.mock.MkContainerTest
Oct 01, 2025 2:59:09 PM org.glassfish.grizzly.http.server.NetworkListener start
INFO: Started listener bound to [0.0.0.0:44245]
Oct 01, 2025 2:59:09 PM org.glassfish.grizzly.http.server.HttpServer start
INFO: [HttpServer-1] Started.
[INFO] main com.jcabi.http.mock.MkGrizzlyContainer: started on port #44245
[INFO] main com.jcabi.http.wire.VerboseWire: #send(POST http://localhost:44245/):
HTTP Request (com.jcabi.http.request.BaseRequest):
  
  reqBodyMatches
HTTP Response (com.jcabi.http.request.DefaultResponse):
  200 OK [http://localhost:44245/]
  Server: com.jcabi.http.mock.MkGrizzlyAdapter query #1, 2 answer(s) left
  Content-Length: 15
  
  respBodyMatches
[INFO] main com.jcabi.http.request.BaseRequest: #fetch(POST localhost:44245 /): [200 OK] in 18ms
[INFO] main com.jcabi.http.wire.VerboseWire: #send(POST http://localhost:44245/):
HTTP Request (com.jcabi.http.request.BaseRequest):
  
  reqBodyMismatches
HTTP Response (com.jcabi.http.request.DefaultResponse):
  200 OK [http://localhost:44245/]
  Server: com.jcabi.http.mock.MkGrizzlyAdapter query #2, 1 answer(s) left
  Content-Length: 4
  
  bleh
[INFO] main com.jcabi.http.request.BaseRequest: #fetch(POST localhost:44245 /): [200 OK] in 28ms
[INFO] main com.jcabi.http.mock.MkGrizzlyContainer: stopped on port #44245
[INFO] main com.jcabi.http.mock.MkGrizzlyContainer: started on port #33155
[INFO] main com.jcabi.http.wire.VerboseWire: #send(GET http://localhost:33155/):
HTTP Request (com.jcabi.http.request.BaseRequest):
  
  <<empty>>
Oct 01, 2025 2:59:09 PM org.glassfish.grizzly.http.server.NetworkListener start
INFO: Started listener bound to [0.0.0.0:33155]
Oct 01, 2025 2:59:09 PM org.glassfish.grizzly.http.server.HttpServer start
INFO: [HttpServer-2] Started.
HTTP Response (com.jcabi.http.request.DefaultResponse):
  500 Internal Server Error [http://localhost:33155/]
  Connection: close
  Content-Length: 462
  
  java.util.NoSuchElementException: No matching answers found.
  	at com.jcabi.http.mock.MkGrizzlyAdapter.service(MkGrizzlyAdapter.java:127)
  	at org.glassfish.grizzly.http.server.HttpHandler$1.run(HttpHandler.java:200)
  	at org.glassfish.grizzly.threadpool.AbstractThreadPool$Worker.doWork(AbstractThreadPool.java:569)
  	at org.glassfish.grizzly.threadpool.AbstractThreadPool$Worker.run(AbstractThreadPool.java:549)
  	at java.base/java.lang.Thread.run(Thread.java:829)
  
[INFO] main com.jcabi.http.request.BaseRequest: #fetch(GET localhost:33155 /): [500 Internal Server Error] in 6ms
[INFO] main com.jcabi.http.mock.MkGrizzlyContainer: stopped on port #33155
Oct 01, 2025 2:59:10 PM org.glassfish.grizzly.http.server.NetworkListener start
INFO: Started listener bound to [0.0.0.0:34105]
Oct 01, 2025 2:59:10 PM org.glassfish.grizzly.http.server.HttpServer start
INFO: [HttpServer-3] Started.
[INFO] main com.jcabi.http.mock.MkGrizzlyContainer: started on port #34105
[INFO] main com.jcabi.http.wire.VerboseWire: #send(GET http://localhost:34105/):
HTTP Request (com.jcabi.http.request.BaseRequest):
  X-Something: text/html
  X-Something: text/xml
  
  <<empty>>
HTTP Response (com.jcabi.http.request.DefaultResponse):
  200 OK [http://localhost:34105/]
  Server: com.jcabi.http.mock.MkGrizzlyAdapter query #1, 1 answer(s) left
  Content-Length: 0
  
  <<empty>>
[INFO] main com.jcabi.http.request.BaseRequest: #fetch(GET localhost:34105 /): [200 OK] in 9ms
[INFO] main com.jcabi.http.mock.MkGrizzlyContainer: stopped on port #34105
Oct 01, 2025 2:59:10 PM org.glassfish.grizzly.http.server.NetworkListener start
INFO: Started listener bound to [0.0.0.0:44089]
Oct 01, 2025 2:59:10 PM org.glassfish.grizzly.http.server.HttpServer start
INFO: [HttpServer-4] Started.
[INFO] main com.jcabi.http.mock.MkGrizzlyContainer: started on port #44089
[INFO] main com.jcabi.http.wire.VerboseWire: #send(GET http://localhost:44089/):
HTTP Request (com.jcabi.http.request.BaseRequest):
  
  <<empty>>
HTTP Response (com.jcabi.http.request.DefaultResponse):
  200 OK [http://localhost:44089/]
  Server: com.jcabi.http.mock.MkGrizzlyAdapter query #1, 2 answer(s) left
  Content-Length: 8
  
  matching
[INFO] main com.jcabi.http.request.BaseRequest: #fetch(GET localhost:44089 /): [200 OK] in 7ms
[INFO] main com.jcabi.http.mock.MkGrizzlyContainer: stopped on port #44089
[INFO] main com.jcabi.http.mock.MkGrizzlyContainer: started on port #37689
[INFO] main com.jcabi.http.request.BaseRequest: #fetch(GET localhost:37689 /): [200 OK] in 4ms
[INFO] main com.jcabi.http.mock.MkGrizzlyContainer: stopped on port #37689
Oct 01, 2025 2:59:10 PM org.glassfish.grizzly.http.server.NetworkListener start
INFO: Started listener bound to [0.0.0.0:37689]
Oct 01, 2025 2:59:10 PM org.glassfish.grizzly.http.server.HttpServer start
INFO: [HttpServer-5] Started.
Oct 01, 2025 2:59:10 PM org.glassfish.grizzly.http.server.NetworkListener start
INFO: Started listener bound to [0.0.0.0:38257]
Oct 01, 2025 2:59:10 PM org.glassfish.grizzly.http.server.HttpServer start
INFO: [HttpServer-6] Started.
[INFO] main com.jcabi.http.mock.MkGrizzlyContainer: started on port #38257
[INFO] main com.jcabi.http.wire.VerboseWire: #send(GET http://localhost:38257/):
HTTP Request (com.jcabi.http.request.BaseRequest):
  
  <<empty>>
HTTP Response (com.jcabi.http.request.DefaultResponse):
  200 OK [http://localhost:38257/]
  Server: com.jcabi.http.mock.MkGrizzlyAdapter query #1, 1 answer(s) left
  Content-Length: 5
  
   E!\ufffd
[INFO] main com.jcabi.http.request.BaseRequest: #fetch(GET localhost:38257 /): [200 OK] in 3ms
[INFO] main com.jcabi.http.mock.MkGrizzlyContainer: stopped on port #38257
Oct 01, 2025 2:59:10 PM org.glassfish.grizzly.http.server.NetworkListener start
INFO: Started listener bound to [0.0.0.0:43595]
Oct 01, 2025 2:59:10 PM org.glassfish.grizzly.http.server.HttpServer start
INFO: [HttpServer-7] Started.
[INFO] main com.jcabi.http.mock.MkGrizzlyContainer: started on port #43595
[INFO] main com.jcabi.http.wire.VerboseWire: #send(POST http://localhost:43595/):
HTTP Request (com.jcabi.http.request.BaseRequest):
  
  multipleRequestMatches
HTTP Response (com.jcabi.http.request.DefaultResponse):
  200 OK [http://localhost:43595/]
  Server: com.jcabi.http.mock.MkGrizzlyAdapter query #1, 2 answer(s) left
  Content-Length: 23
  
  multipleResponseMatches
[INFO] main com.jcabi.http.request.BaseRequest: #fetch(POST localhost:43595 /): [200 OK] in 3ms
[INFO] main com.jcabi.http.wire.VerboseWire: #send(POST http://localhost:43595/):
HTTP Request (com.jcabi.http.request.BaseRequest):
  
  multipleRequestMatches
HTTP Response (com.jcabi.http.request.DefaultResponse):
  200 OK [http://localhost:43595/]
  Server: com.jcabi.http.mock.MkGrizzlyAdapter query #2, 2 answer(s) left
  Content-Length: 23
  
  multipleResponseMatches
[INFO] main com.jcabi.http.request.BaseRequest: #fetch(POST localhost:43595 /): [200 OK] in 2ms
[INFO] main com.jcabi.http.wire.VerboseWire: #send(POST http://localhost:43595/):
HTTP Request (com.jcabi.http.request.BaseRequest):
  
  multipleRequestNotMatching
HTTP Response (com.jcabi.http.request.DefaultResponse):
  200 OK [http://localhost:43595/]
  Server: com.jcabi.http.mock.MkGrizzlyAdapter query #3, 1 answer(s) left
  Content-Length: 4
  
  blaa
[INFO] main com.jcabi.http.request.BaseRequest: #fetch(POST localhost:43595 /): [200 OK] in 3ms
[INFO] main com.jcabi.http.mock.MkGrizzlyContainer: stopped on port #43595
Oct 01, 2025 2:59:10 PM org.glassfish.grizzly.http.server.NetworkListener start
INFO: Started listener bound to [0.0.0.0:43405]
Oct 01, 2025 2:59:10 PM org.glassfish.grizzly.http.server.HttpServer start
INFO: [HttpServer-8] Started.
[INFO] main com.jcabi.http.mock.MkGrizzlyContainer: started on port #43405
[INFO] main com.jcabi.http.wire.VerboseWire: #send(GET http://localhost:43405/):
HTTP Request (com.jcabi.http.request.BaseRequest):
  
  <<empty>>
HTTP Response (com.jcabi.http.request.DefaultResponse):
  200 OK [http://localhost:43405/]
  Server: com.jcabi.http.mock.MkGrizzlyAdapter query #1, 1 answer(s) left
  Content-Length: 8
  
  multiple
[INFO] main com.jcabi.http.request.BaseRequest: #fetch(GET localhost:43405 /): [200 OK] in 4ms
[INFO] main com.jcabi.http.wire.VerboseWire: #send(GET http://localhost:43405/):
HTTP Request (com.jcabi.http.request.BaseRequest):
  
  <<empty>>
HTTP Response (com.jcabi.http.request.DefaultResponse):
  200 OK [http://localhost:43405/]
  Server: com.jcabi.http.mock.MkGrizzlyAdapter query #2, 1 answer(s) left
  Content-Length: 8
  
  multiple
[INFO] main com.jcabi.http.request.BaseRequest: #fetch(GET localhost:43405 /): [200 OK] in 4ms
[INFO] main com.jcabi.http.wire.VerboseWire: #send(GET http://localhost:43405/):
HTTP Request (com.jcabi.http.request.BaseRequest):
  
  <<empty>>
HTTP Response (com.jcabi.http.request.DefaultResponse):
  200 OK [http://localhost:43405/]
  Server: com.jcabi.http.mock.MkGrizzlyAdapter query #3, 1 answer(s) left
  Content-Length: 8
  
  multiple
[INFO] main com.jcabi.http.request.BaseRequest: #fetch(GET localhost:43405 /): [200 OK] in 2ms
[INFO] main com.jcabi.http.wire.VerboseWire: #send(GET http://localhost:43405/):
HTTP Request (com.jcabi.http.request.BaseRequest):
  
  <<empty>>
HTTP Response (com.jcabi.http.request.DefaultResponse):
  200 OK [http://localhost:43405/]
  Server: com.jcabi.http.mock.MkGrizzlyAdapter query #4, 1 answer(s) left
  Content-Length: 8
  
  multiple
[INFO] main com.jcabi.http.request.BaseRequest: #fetch(GET localhost:43405 /): [200 OK] in 2ms
[INFO] main com.jcabi.http.wire.VerboseWire: #send(GET http://localhost:43405/):
HTTP Request (com.jcabi.http.request.BaseRequest):
  
  <<empty>>
HTTP Response (com.jcabi.http.request.DefaultResponse):
  200 OK [http://localhost:43405/]
  Server: com.jcabi.http.mock.MkGrizzlyAdapter query #5, 1 answer(s) left
  Content-Length: 8
  
  multiple
[INFO] main com.jcabi.http.request.BaseRequest: #fetch(GET localhost:43405 /): [200 OK] in 2ms
[INFO] main com.jcabi.http.mock.MkGrizzlyContainer: stopped on port #43405
Oct 01, 2025 2:59:10 PM org.glassfish.grizzly.http.server.NetworkListener start
[INFO] main com.jcabi.http.mock.MkGrizzlyContainer: started on port #40909
[INFO] main com.jcabi.http.wire.VerboseWire: #send(GET http://localhost:40909/):
HTTP Request (com.jcabi.http.request.BaseRequest):
  
  <<empty>>
HTTP Response (com.jcabi.http.request.DefaultResponse):
  200 OK [http://localhost:40909/]
  Server: com.jcabi.http.mock.MkGrizzlyAdapter query #1, 2 answer(s) left
  Content-Length: 5
  
  first
[INFO] main com.jcabi.http.request.BaseRequest: #fetch(GET localhost:40909 /): [200 OK] in 4ms
[INFO] main com.jcabi.http.mock.MkGrizzlyContainer: stopped on port #40909
INFO: Started listener bound to [0.0.0.0:40909]
Oct 01, 2025 2:59:10 PM org.glassfish.grizzly.http.server.HttpServer start
INFO: [HttpServer-9] Started.
[INFO] Tests run: 9, Failures: 0, Errors: 0, Skipped: 0, Time elapsed: 0.454 s - in com.jcabi.http.mock.MkContainerTest
[INFO] Running com.jcabi.http.wire.AutoRedirectingWireTest
Oct 01, 2025 2:59:10 PM org.glassfish.grizzly.http.server.NetworkListener start
INFO: Started listener bound to [0.0.0.0:41855]
Oct 01, 2025 2:59:10 PM org.glassfish.grizzly.http.server.HttpServer start
INFO: [HttpServer-10] Started.
[INFO] main com.jcabi.http.mock.MkGrizzlyContainer: started on port #41855
[INFO] main com.jcabi.http.request.BaseRequest: #fetch(GET localhost:41855 /): [302 Found] in 3s
[INFO] main com.jcabi.http.mock.MkGrizzlyContainer: stopped on port #41855
Oct 01, 2025 2:59:13 PM org.glassfish.grizzly.http.server.NetworkListener start
INFO: Started listener bound to [0.0.0.0:42961]
Oct 01, 2025 2:59:13 PM org.glassfish.grizzly.http.server.HttpServer start
INFO: [HttpServer-11] Started.
[INFO] main com.jcabi.http.mock.MkGrizzlyContainer: started on port #42961
[INFO] main com.jcabi.http.request.BaseRequest: #fetch(GET localhost:42961 /): [200 OK] in 3s
[INFO] main com.jcabi.http.mock.MkGrizzlyContainer: stopped on port #42961
[INFO] Tests run: 2, Failures: 0, Errors: 0, Skipped: 0, Time elapsed: 6.161 s - in com.jcabi.http.wire.AutoRedirectingWireTest
[INFO] Running com.jcabi.http.wire.CookieOptimizingWireTest
Oct 01, 2025 2:59:16 PM org.glassfish.grizzly.http.server.NetworkListener start
INFO: Started listener bound to [0.0.0.0:38275]
Oct 01, 2025 2:59:16 PM org.glassfish.grizzly.http.server.HttpServer start
INFO: [HttpServer-12] Started.
[INFO] main com.jcabi.http.mock.MkGrizzlyContainer: started on port #38275
[INFO] main com.jcabi.http.wire.VerboseWire: #send(GET http://localhost:38275/):
HTTP Request (com.jcabi.http.request.BaseRequest):
  Cookie: second=initial-value
  
  <<empty>>
HTTP Response (com.jcabi.http.request.DefaultResponse):
  200 OK [http://localhost:38275/]
  Server: com.jcabi.http.mock.MkGrizzlyAdapter query #1, 2 answer(s) left
  Set-Cookie: third=B; path=/
  Set-Cookie: second=; path=/
  Set-Cookie: first=A; path=/
  Content-Length: 0
  Location: /a
  
  <<empty>>
[INFO] main com.jcabi.http.request.BaseRequest: #fetch(GET localhost:38275 /): [200 OK] in 2ms
[INFO] main com.jcabi.http.wire.VerboseWire: #send(GET http://localhost:38275/a):
HTTP Request (com.jcabi.http.request.BaseRequest):
  Cookie: third=B; first=A
  
  <<empty>>
HTTP Response (com.jcabi.http.request.DefaultResponse):
  200 OK [http://localhost:38275/a]
  Server: com.jcabi.http.mock.MkGrizzlyAdapter query #2, 1 answer(s) left
  Content-Length: 0
  
  <<empty>>
[INFO] main com.jcabi.http.request.BaseRequest: #fetch(GET localhost:38275 /a): [200 OK] in 1ms
[INFO] main com.jcabi.http.mock.MkGrizzlyContainer: stopped on port #38275
Oct 01, 2025 2:59:16 PM org.glassfish.grizzly.http.server.NetworkListener start
INFO: Started listener bound to [0.0.0.0:35353]
Oct 01, 2025 2:59:16 PM org.glassfish.grizzly.http.server.HttpServer start
INFO: [HttpServer-13] Started.
[INFO] main com.jcabi.http.mock.MkGrizzlyContainer: started on port #35353
[INFO] main com.jcabi.http.wire.VerboseWire: #send(GET http://localhost:35353/):
HTTP Request (com.jcabi.http.request.BaseRequest):
  Cookie: alpha=boom5
  
  <<empty>>
HTTP Response (com.jcabi.http.request.DefaultResponse):
  200 OK [http://localhost:35353/]
  Server: com.jcabi.http.mock.MkGrizzlyAdapter query #1, 2 answer(s) left
  Set-Cookie: gamma=something; path=/
  Set-Cookie: alpha=boom1; path=/
  Set-Cookie: beta=something; path=/
  Content-Length: 0
  Location: /
  
  <<empty>>
[INFO] main com.jcabi.http.request.BaseRequest: #fetch(GET localhost:35353 /): [200 OK] in 4ms
[INFO] main com.jcabi.http.wire.VerboseWire: #send(GET http://localhost:35353/):
HTTP Request (com.jcabi.http.request.BaseRequest):
  Cookie: gamma=something; beta=something; alpha=boom1
  
  <<empty>>
HTTP Response (com.jcabi.http.request.DefaultResponse):
  200 OK [http://localhost:35353/]
  Server: com.jcabi.http.mock.MkGrizzlyAdapter query #2, 1 answer(s) left
  Content-Length: 0
  
  <<empty>>
[INFO] main com.jcabi.http.request.BaseRequest: #fetch(GET localhost:35353 /): [200 OK] in 2ms
[INFO] main com.jcabi.http.mock.MkGrizzlyContainer: stopped on port #35353
[INFO] Tests run: 2, Failures: 0, Errors: 0, Skipped: 0, Time elapsed: 0.047 s - in com.jcabi.http.wire.CookieOptimizingWireTest
[INFO] Running com.jcabi.http.wire.RetryWireTest
Oct 01, 2025 2:59:16 PM org.glassfish.grizzly.http.server.NetworkListener start
INFO: Started listener bound to [0.0.0.0:41515]
Oct 01, 2025 2:59:16 PM org.glassfish.grizzly.http.server.HttpServer start
INFO: [HttpServer-14] Started.
[INFO] main com.jcabi.http.mock.MkGrizzlyContainer: started on port #41515
[WARN] main com.jcabi.http.wire.RetryWire: GET http://localhost:41515/ (auth: j***j) returns 500 status (attempt #1)
[INFO] main com.jcabi.http.request.BaseRequest: #fetch(GET localhost:41515 /): [200 OK] in 10ms
[INFO] main com.jcabi.http.mock.MkGrizzlyContainer: stopped on port #41515
Oct 01, 2025 2:59:16 PM org.glassfish.grizzly.http.server.NetworkListener start
INFO: Started listener bound to [0.0.0.0:39061]
Oct 01, 2025 2:59:16 PM org.glassfish.grizzly.http.server.HttpServer start
INFO: [HttpServer-15] Started.
[INFO] main com.jcabi.http.mock.MkGrizzlyContainer: started on port #39061
[WARN] main com.jcabi.http.wire.RetryWire: GET http://localhost:39061/ returns 500 status (attempt #1)
[WARN] main com.jcabi.http.wire.RetryWire: GET http://localhost:39061/ returns 500 status (attempt #2)
[INFO] main com.jcabi.http.request.BaseRequest: #fetch(GET localhost:39061 /): [200 OK] in 11ms
[INFO] main com.jcabi.http.mock.MkGrizzlyContainer: stopped on port #39061
[INFO] Tests run: 2, Failures: 0, Errors: 0, Skipped: 0, Time elapsed: 0.077 s - in com.jcabi.http.wire.RetryWireTest
[INFO] Running com.jcabi.http.wire.UserAgentWireTest
Oct 01, 2025 2:59:16 PM org.glassfish.grizzly.http.server.NetworkListener start
INFO: Started listener bound to [0.0.0.0:39569]
Oct 01, 2025 2:59:16 PM org.glassfish.grizzly.http.server.HttpServer start
INFO: [HttpServer-16] Started.
[INFO] main com.jcabi.http.mock.MkGrizzlyContainer: started on port #39569
[INFO] main com.jcabi.http.request.BaseRequest: #fetch(GET localhost:39569 /): [200 OK] in 5ms
[INFO] main com.jcabi.http.mock.MkGrizzlyContainer: stopped on port #39569
Oct 01, 2025 2:59:16 PM org.glassfish.grizzly.http.server.NetworkListener start
INFO: Started listener bound to [0.0.0.0:35327]
[INFO] main com.jcabi.http.mock.MkGrizzlyContainer: started on port #35327
[INFO] main com.jcabi.http.request.BaseRequest: #fetch(GET localhost:35327 /): [200 OK] in 3ms
[INFO] main com.jcabi.http.mock.MkGrizzlyContainer: stopped on port #35327
Oct 01, 2025 2:59:16 PM org.glassfish.grizzly.http.server.HttpServer start
INFO: [HttpServer-17] Started.
[INFO] Tests run: 2, Failures: 0, Errors: 0, Skipped: 0, Time elapsed: 0.115 s - in com.jcabi.http.wire.UserAgentWireTest
[INFO] Running com.jcabi.http.wire.TrustedWireTest
Oct 01, 2025 2:59:16 PM org.glassfish.grizzly.http.server.NetworkListener start
INFO: Started listener bound to [0.0.0.0:44797]
Oct 01, 2025 2:59:16 PM org.glassfish.grizzly.http.server.HttpServer start
INFO: [HttpServer-18] Started.
[INFO] main com.jcabi.http.mock.MkGrizzlyContainer: started on port #44797
[INFO] main com.jcabi.http.request.BaseRequest: #fetch(GET localhost:44797 /): [200 OK] in 173ms
[INFO] main com.jcabi.http.mock.MkGrizzlyContainer: stopped on port #44797
[INFO] Tests run: 1, Failures: 0, Errors: 0, Skipped: 0, Time elapsed: 0.196 s - in com.jcabi.http.wire.TrustedWireTest
[INFO] Running com.jcabi.http.wire.ETagCachingWireTest
Oct 01, 2025 2:59:16 PM org.glassfish.grizzly.http.server.NetworkListener start
INFO: Started listener bound to [0.0.0.0:37163]
Oct 01, 2025 2:59:16 PM org.glassfish.grizzly.http.server.HttpServer start
INFO: [HttpServer-19] Started.
[INFO] main com.jcabi.http.mock.MkGrizzlyContainer: started on port #37163
[INFO] main com.jcabi.http.request.BaseRequest: #fetch(GET localhost:37163 /): [200 OK] in 3ms
[INFO] main com.jcabi.http.request.BaseRequest: #fetch(GET localhost:37163 /): [200 OK] in 2ms
[INFO] main com.jcabi.http.mock.MkGrizzlyContainer: stopped on port #37163
Oct 01, 2025 2:59:16 PM org.glassfish.grizzly.http.server.NetworkListener start
INFO: Started listener bound to [0.0.0.0:37947]
Oct 01, 2025 2:59:16 PM org.glassfish.grizzly.http.server.HttpServer start
INFO: [HttpServer-20] Started.
[INFO] main com.jcabi.http.mock.MkGrizzlyContainer: started on port #37947
[INFO] main com.jcabi.http.request.BaseRequest: #fetch(GET localhost:37947 /): [200 OK] in 2ms
[INFO] main com.jcabi.http.request.BaseRequest: #fetch(GET localhost:37947 /): [200 OK] in 2ms
[INFO] main com.jcabi.http.mock.MkGrizzlyContainer: stopped on port #37947
[INFO] Tests run: 2, Failures: 0, Errors: 0, Skipped: 0, Time elapsed: 0.052 s - in com.jcabi.http.wire.ETagCachingWireTest
[INFO] Running com.jcabi.http.request.BoundaryTest
[INFO] Tests run: 1, Failures: 0, Errors: 0, Skipped: 0, Time elapsed: 0.002 s - in com.jcabi.http.request.BoundaryTest
[INFO] Running com.jcabi.http.wire.CachingWireTest
Oct 01, 2025 2:59:16 PM org.glassfish.grizzly.http.server.NetworkListener start
INFO: Started listener bound to [0.0.0.0:33903]
Oct 01, 2025 2:59:16 PM org.glassfish.grizzly.http.server.HttpServer start
INFO: [HttpServer-21] Started.
[INFO] main com.jcabi.http.mock.MkGrizzlyContainer: started on port #33903
[INFO] main com.jcabi.http.request.BaseRequest: #fetch(GET localhost:33903 /): [200 OK] in 16ms
[INFO] main com.jcabi.http.request.BaseRequest: #fetch(GET localhost:33903 /): [200 OK] in 0ms
[INFO] main com.jcabi.http.request.BaseRequest: #fetch(GET localhost:33903 /): [200 OK] in 0ms
[INFO] main com.jcabi.http.request.BaseRequest: #fetch(GET localhost:33903 /): [200 OK] in 0ms
[INFO] main com.jcabi.http.request.BaseRequest: #fetch(GET localhost:33903 /): [200 OK] in 0ms
[INFO] main com.jcabi.http.request.BaseRequest: #fetch(GET localhost:33903 /): [200 OK] in 0ms
[INFO] main com.jcabi.http.request.BaseRequest: #fetch(GET localhost:33903 /): [200 OK] in 0ms
[INFO] main com.jcabi.http.request.BaseRequest: #fetch(GET localhost:33903 /): [200 OK] in 0ms
[INFO] main com.jcabi.http.request.BaseRequest: #fetch(GET localhost:33903 /): [200 OK] in 0ms
[INFO] main com.jcabi.http.request.BaseRequest: #fetch(GET localhost:33903 /): [200 OK] in 0ms
[INFO] main com.jcabi.http.mock.MkGrizzlyContainer: stopped on port #33903
Oct 01, 2025 2:59:17 PM org.glassfish.grizzly.http.server.NetworkListener start
INFO: Started listener bound to [0.0.0.0:44577]
Oct 01, 2025 2:59:17 PM org.glassfish.grizzly.http.server.HttpServer start
INFO: [HttpServer-22] Started.
[INFO] main com.jcabi.http.mock.MkGrizzlyContainer: started on port #44577
[INFO] main com.jcabi.http.request.BaseRequest: #fetch(GET localhost:44577 /): [200 OK] in 4ms
[INFO] main com.jcabi.http.request.BaseRequest: #fetch(GET localhost:44577 /): [200 OK] in 0ms
[INFO] main com.jcabi.http.request.BaseRequest: #fetch(POST localhost:44577 /flush): [200 OK] in 5ms
[INFO] main com.jcabi.http.request.BaseRequest: #fetch(GET localhost:44577 /): [200 OK] in 2ms
[INFO] main com.jcabi.http.mock.MkGrizzlyContainer: stopped on port #44577
Oct 01, 2025 2:59:17 PM org.glassfish.grizzly.http.server.NetworkListener start
INFO: Started listener bound to [0.0.0.0:39197]
Oct 01, 2025 2:59:17 PM org.glassfish.grizzly.http.server.HttpServer start
INFO: [HttpServer-23] Started.
[INFO] main com.jcabi.http.mock.MkGrizzlyContainer: started on port #39197
[INFO] main com.jcabi.http.request.BaseRequest: #fetch(PUT localhost:39197 /): [200 OK] in 2ms
[INFO] main com.jcabi.http.request.BaseRequest: #fetch(PUT localhost:39197 /): [200 OK] in 2ms
[INFO] main com.jcabi.http.mock.MkGrizzlyContainer: stopped on port #39197
Oct 01, 2025 2:59:17 PM org.glassfish.grizzly.http.server.NetworkListener start
INFO: Started listener bound to [0.0.0.0:46001]
Oct 01, 2025 2:59:17 PM org.glassfish.grizzly.http.server.HttpServer start
INFO: [HttpServer-24] Started.
[INFO] main com.jcabi.http.mock.MkGrizzlyContainer: started on port #46001
[INFO] main com.jcabi.http.request.BaseRequest: #fetch(GET localhost:46001 /): [200 OK] in 3ms
[INFO] main com.jcabi.http.request.BaseRequest: #fetch(GET localhost:46001 /): [200 OK] in 0ms
[INFO] main com.jcabi.http.request.BaseRequest: #fetch(GET localhost:46001 /): [200 OK] in 0ms
[INFO] main com.jcabi.http.request.BaseRequest: #fetch(GET localhost:46001 /): [200 OK] in 0ms
[INFO] main com.jcabi.http.request.BaseRequest: #fetch(GET localhost:46001 /): [200 OK] in 0ms
[INFO] main com.jcabi.http.request.BaseRequest: #fetch(GET localhost:46001 /): [200 OK] in 0ms
[INFO] main com.jcabi.http.request.BaseRequest: #fetch(GET localhost:46001 /): [200 OK] in 0ms
[INFO] main com.jcabi.http.request.BaseRequest: #fetch(GET localhost:46001 /): [200 OK] in 0ms
[INFO] main com.jcabi.http.request.BaseRequest: #fetch(GET localhost:46001 /): [200 OK] in 0ms
[INFO] main com.jcabi.http.request.BaseRequest: #fetch(GET localhost:46001 /): [200 OK] in 0ms
[INFO] main com.jcabi.http.mock.MkGrizzlyContainer: stopped on port #46001
[INFO] Tests run: 4, Failures: 0, Errors: 0, Skipped: 0, Time elapsed: 0.177 s - in com.jcabi.http.wire.CachingWireTest
[INFO] Running com.jcabi.http.request.DefaultResponseTest
[INFO] Tests run: 1, Failures: 0, Errors: 0, Skipped: 0, Time elapsed: 0.054 s - in com.jcabi.http.request.DefaultResponseTest
[INFO] Running com.jcabi.http.response.JsoupResponseTest
[INFO] main com.jcabi.http.request.BaseRequest: #fetch(GET localhost:12345 /see-FakeRequest-class): [200 OK] in 1ms
[INFO] Tests run: 1, Failures: 0, Errors: 0, Skipped: 0, Time elapsed: 0.417 s - in com.jcabi.http.response.JsoupResponseTest
[INFO] Running com.jcabi.http.wire.LastModifiedCachingWireTest
Oct 01, 2025 2:59:17 PM org.glassfish.grizzly.http.server.NetworkListener start
INFO: Started listener bound to [0.0.0.0:36283]
Oct 01, 2025 2:59:17 PM org.glassfish.grizzly.http.server.HttpServer start
INFO: [HttpServer-25] Started.
[INFO] main com.jcabi.http.mock.MkGrizzlyContainer: started on port #36283
[INFO] main com.jcabi.http.request.BaseRequest: #fetch(GET localhost:36283 /): [200 OK] in 5ms
[INFO] main com.jcabi.http.request.BaseRequest: #fetch(GET localhost:36283 /): [200 OK] in 2ms
[INFO] main com.jcabi.http.mock.MkGrizzlyContainer: stopped on port #36283
Oct 01, 2025 2:59:17 PM org.glassfish.grizzly.http.server.NetworkListener start
INFO: Started listener bound to [0.0.0.0:43717]
Oct 01, 2025 2:59:17 PM org.glassfish.grizzly.http.server.HttpServer start
INFO: [HttpServer-26] Started.
[INFO] main com.jcabi.http.mock.MkGrizzlyContainer: started on port #43717
[INFO] main com.jcabi.http.request.BaseRequest: #fetch(GET localhost:43717 /): [200 OK] in 3ms
[INFO] main com.jcabi.http.request.BaseRequest: #fetch(GET localhost:43717 /): [200 OK] in 2ms
[INFO] main com.jcabi.http.request.BaseRequest: #fetch(GET localhost:43717 /): [200 OK] in 8ms
[INFO] main com.jcabi.http.mock.MkGrizzlyContainer: stopped on port #43717
Oct 01, 2025 2:59:17 PM org.glassfish.grizzly.http.server.NetworkListener start
[INFO] main com.jcabi.http.mock.MkGrizzlyContainer: started on port #42135
INFO: Started listener bound to [0.0.0.0:42135]
[INFO] main com.jcabi.http.request.BaseRequest: #fetch(GET localhost:42135 /): [200 OK] in 5ms
Oct 01, 2025 2:59:17 PM org.glassfish.grizzly.http.server.HttpServer start
[INFO] main com.jcabi.http.mock.MkGrizzlyContainer: stopped on port #42135
INFO: [HttpServer-27] Started.
Oct 01, 2025 2:59:17 PM org.glassfish.grizzly.http.server.NetworkListener start
INFO: Started listener bound to [0.0.0.0:38537]
Oct 01, 2025 2:59:17 PM org.glassfish.grizzly.http.server.HttpServer start
INFO: [HttpServer-28] Started.
[INFO] main com.jcabi.http.mock.MkGrizzlyContainer: started on port #38537
[INFO] main com.jcabi.http.request.BaseRequest: #fetch(GET localhost:38537 /): [200 OK] in 3ms
[INFO] main com.jcabi.http.request.BaseRequest: #fetch(GET localhost:38537 /): [404 Not Found] in 3ms
[INFO] main com.jcabi.http.request.BaseRequest: #fetch(GET localhost:38537 /): [200 OK] in 1ms
[INFO] main com.jcabi.http.mock.MkGrizzlyContainer: stopped on port #38537
Oct 01, 2025 2:59:17 PM org.glassfish.grizzly.http.server.NetworkListener start
INFO: Started listener bound to [0.0.0.0:42175]
Oct 01, 2025 2:59:17 PM org.glassfish.grizzly.http.server.HttpServer start
INFO: [HttpServer-29] Started.
[INFO] main com.jcabi.http.mock.MkGrizzlyContainer: started on port #42175
[INFO] main com.jcabi.http.request.BaseRequest: #fetch(GET localhost:42175 /): [200 OK] in 4ms
[INFO] main com.jcabi.http.request.BaseRequest: #fetch(GET localhost:42175 /): [200 OK] in 2ms
[INFO] main com.jcabi.http.request.BaseRequest: #fetch(GET localhost:42175 /): [200 OK] in 2ms
[INFO] main com.jcabi.http.request.BaseRequest: #fetch(GET localhost:42175 /): [200 OK] in 2ms
[INFO] main com.jcabi.http.request.BaseRequest: #fetch(GET localhost:42175 /): [200 OK] in 1ms
[INFO] main com.jcabi.http.request.BaseRequest: #fetch(GET localhost:42175 /): [200 OK] in 5ms
[INFO] main com.jcabi.http.request.BaseRequest: #fetch(GET localhost:42175 /): [200 OK] in 2ms
[INFO] main com.jcabi.http.request.BaseRequest: #fetch(GET localhost:42175 /): [200 OK] in 2ms
[INFO] main com.jcabi.http.request.BaseRequest: #fetch(GET localhost:42175 /): [200 OK] in 3ms
[INFO] main com.jcabi.http.request.BaseRequest: #fetch(GET localhost:42175 /): [200 OK] in 2ms
[INFO] main com.jcabi.http.mock.MkGrizzlyContainer: stopped on port #42175
Oct 01, 2025 2:59:17 PM org.glassfish.grizzly.http.server.NetworkListener start
INFO: Started listener bound to [0.0.0.0:35747]
[INFO] main com.jcabi.http.mock.MkGrizzlyContainer: started on port #35747
[INFO] main com.jcabi.http.request.BaseRequest: #fetch(GET localhost:35747 /): [200 OK] in 7ms
[INFO] main com.jcabi.http.request.BaseRequest: #fetch(GET localhost:35747 /): [200 OK] in 1ms
[INFO] main com.jcabi.http.request.BaseRequest: #fetch(GET localhost:35747 /): [200 OK] in 2ms
[INFO] main com.jcabi.http.request.BaseRequest: #fetch(GET localhost:35747 /): [200 OK] in 2ms
[INFO] main com.jcabi.http.mock.MkGrizzlyContainer: stopped on port #35747
Oct 01, 2025 2:59:17 PM org.glassfish.grizzly.http.server.HttpServer start
INFO: [HttpServer-30] Started.
[INFO] Tests run: 6, Failures: 0, Errors: 0, Skipped: 0, Time elapsed: 0.25 s - in com.jcabi.http.wire.LastModifiedCachingWireTest
[INFO] Running com.jcabi.http.ImmutableHeaderTest
[INFO] Tests run: 1, Failures: 0, Errors: 0, Skipped: 0, Time elapsed: 0.001 s - in com.jcabi.http.ImmutableHeaderTest
[INFO] Running com.jcabi.http.response.WebLinkingResponseTest
[INFO] main com.jcabi.http.request.BaseRequest: #fetch(GET localhost /test): [200 OK] in 0ms
[INFO] main com.jcabi.http.request.BaseRequest: #fetch(GET localhost:12345 /see-FakeRequest-class): [200 OK] in 0ms
[INFO] main com.jcabi.http.request.BaseRequest: #fetch(GET localhost:12345 /see-FakeRequest-class): [200 OK] in 0ms
[INFO] Tests run: 2, Failures: 0, Errors: 0, Skipped: 0, Time elapsed: 0.011 s - in com.jcabi.http.response.WebLinkingResponseTest
[INFO] Running com.jcabi.http.wire.VerboseWireTest
Oct 01, 2025 2:59:17 PM org.glassfish.grizzly.http.server.NetworkListener start
INFO: Started listener bound to [0.0.0.0:36233]
Oct 01, 2025 2:59:17 PM org.glassfish.grizzly.http.server.HttpServer start
INFO: [HttpServer-31] Started.
[INFO] main com.jcabi.http.mock.MkGrizzlyContainer: started on port #36233
[INFO] main com.jcabi.http.wire.VerboseWire: #send(GET http://localhost:36233/):
HTTP Request (com.jcabi.http.request.BaseRequest):
  User-Agent: it's me
  
  <<empty>>
HTTP Response (com.jcabi.http.request.DefaultResponse):
  200 OK [http://localhost:36233/]
  Server: com.jcabi.http.mock.MkGrizzlyAdapter query #1, 1 answer(s) left
  Content-Length: 0
  
  <<empty>>
[INFO] main com.jcabi.http.request.BaseRequest: #fetch(GET localhost:36233 /): [200 OK] in 4ms
[INFO] main com.jcabi.http.mock.MkGrizzlyContainer: stopped on port #36233
Oct 01, 2025 2:59:17 PM org.glassfish.grizzly.http.server.NetworkListener start
INFO: Started listener bound to [0.0.0.0:35389]
Oct 01, 2025 2:59:17 PM org.glassfish.grizzly.http.server.HttpServer start
INFO: [HttpServer-32] Started.
[INFO] main com.jcabi.http.mock.MkGrizzlyContainer: started on port #35389
[INFO] main com.jcabi.http.wire.VerboseWire: #send(POST http://localhost:35389/):
HTTP Request (com.jcabi.http.request.BaseRequest):
  
  hello, world!
HTTP Response (com.jcabi.http.request.DefaultResponse):
  200 OK [http://localhost:35389/]
  Server: com.jcabi.http.mock.MkGrizzlyAdapter query #1, 1 answer(s) left
  Content-Length: 0
  
  <<empty>>
[INFO] main com.jcabi.http.request.BaseRequest: #fetch(POST localhost:35389 /): [200 OK] in 4ms
[INFO] main com.jcabi.http.mock.MkGrizzlyContainer: stopped on port #35389
[INFO] Tests run: 2, Failures: 0, Errors: 0, Skipped: 0, Time elapsed: 0.046 s - in com.jcabi.http.wire.VerboseWireTest
[INFO] Running com.jcabi.http.mock.MkAnswerMatchersTest
[INFO] Tests run: 3, Failures: 0, Errors: 0, Skipped: 0, Time elapsed: 0.064 s - in com.jcabi.http.mock.MkAnswerMatchersTest
[INFO] Running com.jcabi.http.mock.MkQueryMatchersTest
[INFO] Tests run: 4, Failures: 0, Errors: 0, Skipped: 0, Time elapsed: 0.034 s - in com.jcabi.http.mock.MkQueryMatchersTest
[INFO] Running com.jcabi.http.wire.BasicAuthWireTest
Oct 01, 2025 2:59:18 PM org.glassfish.grizzly.http.server.NetworkListener start
INFO: Started listener bound to [0.0.0.0:39151]
Oct 01, 2025 2:59:18 PM org.glassfish.grizzly.http.server.HttpServer start
INFO: [HttpServer-33] Started.
[INFO] main com.jcabi.http.mock.MkGrizzlyContainer: started on port #39151
[INFO] main com.jcabi.http.request.BaseRequest: #fetch(GET localhost:39151 /): [404 Not Found] in 4ms
[INFO] main com.jcabi.http.mock.MkGrizzlyContainer: stopped on port #39151
Oct 01, 2025 2:59:18 PM org.glassfish.grizzly.http.server.NetworkListener start
INFO: Started listener bound to [0.0.0.0:46619]
Oct 01, 2025 2:59:18 PM org.glassfish.grizzly.http.server.HttpServer start
INFO: [HttpServer-34] Started.
[INFO] main com.jcabi.http.mock.MkGrizzlyContainer: started on port #46619
[INFO] main com.jcabi.http.request.BaseRequest: #fetch(GET localhost:46619 /): [200 OK] in 3ms
[INFO] main com.jcabi.http.mock.MkGrizzlyContainer: stopped on port #46619
Oct 01, 2025 2:59:18 PM org.glassfish.grizzly.http.server.NetworkListener start
INFO: Started listener bound to [0.0.0.0:35945]
Oct 01, 2025 2:59:18 PM org.glassfish.grizzly.http.server.HttpServer start
INFO: [HttpServer-35] Started.
[INFO] main com.jcabi.http.mock.MkGrizzlyContainer: started on port #35945
[INFO] main com.jcabi.http.request.BaseRequest: #fetch(GET localhost:35945 /): [200 OK] in 3ms
[INFO] main com.jcabi.http.mock.MkGrizzlyContainer: stopped on port #35945
Oct 01, 2025 2:59:18 PM org.glassfish.grizzly.http.server.NetworkListener start
INFO: Started listener bound to [0.0.0.0:43585]
Oct 01, 2025 2:59:18 PM org.glassfish.grizzly.http.server.HttpServer start
INFO: [HttpServer-36] Started.
[INFO] main com.jcabi.http.mock.MkGrizzlyContainer: started on port #43585
[INFO] main com.jcabi.http.request.BaseRequest: #fetch(GET localhost:43585 /): [200 OK] in 4ms
[INFO] main com.jcabi.http.mock.MkGrizzlyContainer: stopped on port #43585
[INFO] Tests run: 4, Failures: 0, Errors: 0, Skipped: 0, Time elapsed: 0.217 s - in com.jcabi.http.wire.BasicAuthWireTest
[INFO] Running com.jcabi.http.response.JsonResponseTest
[INFO] main com.jcabi.http.request.BaseRequest: #fetch(GET localhost:12345 /see-FakeRequest-class): [200 OK] in 0ms
[INFO] main com.jcabi.http.request.BaseRequest: #fetch(GET localhost:12345 /see-FakeRequest-class): [200 OK] in 0ms
[INFO] main com.jcabi.http.request.BaseRequest: #fetch(GET localhost:12345 /see-FakeRequest-class): [200 OK] in 0ms
[INFO] main com.jcabi.http.request.BaseRequest: #fetch(GET localhost:12345 /see-FakeRequest-class): [200 OK] in 0ms
[INFO] main com.jcabi.http.request.BaseRequest: #fetch(GET localhost:12345 /see-FakeRequest-class): [200 OK] in 0ms
[INFO] Tests run: 5, Failures: 0, Errors: 0, Skipped: 0, Time elapsed: 0.03 s - in com.jcabi.http.response.JsonResponseTest
[INFO] Running com.jcabi.http.response.JacksonResponseTest
[INFO] main com.jcabi.http.request.BaseRequest: #fetch(GET localhost:12345 /see-FakeRequest-class): [200 OK] in 0ms
[INFO] main com.jcabi.http.request.BaseRequest: #fetch(GET localhost:12345 /see-FakeRequest-class): [200 OK] in 0ms
[INFO] main com.jcabi.http.request.BaseRequest: #fetch(GET localhost:12345 /see-FakeRequest-class): [200 OK] in 0ms
[INFO] main com.jcabi.http.request.BaseRequest: #fetch(GET localhost:12345 /see-FakeRequest-class): [200 OK] in 0ms
[INFO] main com.jcabi.http.request.BaseRequest: #fetch(GET localhost:12345 /see-FakeRequest-class): [200 OK] in 0ms
[INFO] main com.jcabi.http.request.BaseRequest: #fetch(GET localhost:12345 /see-FakeRequest-class): [200 OK] in 1ms
[INFO] main com.jcabi.http.request.BaseRequest: #fetch(GET localhost:12345 /see-FakeRequest-class): [200 OK] in 0ms
[INFO] main com.jcabi.http.request.BaseRequest: #fetch(GET localhost:12345 /see-FakeRequest-class): [200 OK] in 0ms
[INFO] main com.jcabi.http.request.BaseRequest: #fetch(GET localhost:12345 /see-FakeRequest-class): [200 OK] in 0ms
[ERROR] Tests run: 9, Failures: 5, Errors: 4, Skipped: 0, Time elapsed: 0.311 s <<< FAILURE! - in com.jcabi.http.response.JacksonResponseTest
[ERROR] com.jcabi.http.response.JacksonResponseTest.canParseUnquotedControlCharacters  Time elapsed: 0.269 s  <<< ERROR!
java.lang.NoClassDefFoundError: com/fasterxml/jackson/core/exc/StreamConstraintsException
	at com.fasterxml.jackson.databind.node.JsonNodeFactory.objectNode(JsonNodeFactory.java:353)
	at com.fasterxml.jackson.databind.deser.std.JsonNodeDeserializer.deserialize(JsonNodeDeserializer.java:100)
	at com.fasterxml.jackson.databind.deser.std.JsonNodeDeserializer.deserialize(JsonNodeDeserializer.java:25)
	at com.fasterxml.jackson.databind.deser.DefaultDeserializationContext.readRootValue(DefaultDeserializationContext.java:323)
	at com.fasterxml.jackson.databind.ObjectMapper._readTreeAndClose(ObjectMapper.java:4867)
	at com.fasterxml.jackson.databind.ObjectMapper.readTree(ObjectMapper.java:3233)
	at com.jcabi.http.response.JacksonResponse$JsonReader.read(JacksonResponse.java:139)
	at com.jcabi.http.response.JacksonResponse$JsonReader.readObject(JacksonResponse.java:123)
	at com.jcabi.http.response.JacksonResponseTest.canParseUnquotedControlCharacters(JacksonResponseTest.java:79)
	at java.base/jdk.internal.reflect.NativeMethodAccessorImpl.invoke0(Native Method)
	at java.base/jdk.internal.reflect.NativeMethodAccessorImpl.invoke(NativeMethodAccessorImpl.java:62)
	at java.base/jdk.internal.reflect.DelegatingMethodAccessorImpl.invoke(DelegatingMethodAccessorImpl.java:43)
	at java.base/java.lang.reflect.Method.invoke(Method.java:566)
	at org.junit.platform.commons.util.ReflectionUtils.invokeMethod(ReflectionUtils.java:727)
	at org.junit.jupiter.engine.execution.MethodInvocation.proceed(MethodInvocation.java:60)
	at org.junit.jupiter.engine.execution.InvocationInterceptorChain$ValidatingInvocation.proceed(InvocationInterceptorChain.java:131)
	at org.junit.jupiter.engine.extension.TimeoutExtension.intercept(TimeoutExtension.java:156)
	at org.junit.jupiter.engine.extension.TimeoutExtension.interceptTestableMethod(TimeoutExtension.java:147)
	at org.junit.jupiter.engine.extension.TimeoutExtension.interceptTestMethod(TimeoutExtension.java:86)
	at org.junit.jupiter.engine.execution.InterceptingExecutableInvoker$ReflectiveInterceptorCall.lambda$ofVoidMethod$0(InterceptingExecutableInvoker.java:103)
	at org.junit.jupiter.engine.execution.InterceptingExecutableInvoker.lambda$invoke$0(InterceptingExecutableInvoker.java:93)
	at org.junit.jupiter.engine.execution.InvocationInterceptorChain$InterceptedInvocation.proceed(InvocationInterceptorChain.java:106)
	at org.junit.jupiter.engine.execution.InvocationInterceptorChain.proceed(InvocationInterceptorChain.java:64)
	at org.junit.jupiter.engine.execution.InvocationInterceptorChain.chainAndInvoke(InvocationInterceptorChain.java:45)
	at org.junit.jupiter.engine.execution.InvocationInterceptorChain.invoke(InvocationInterceptorChain.java:37)
	at org.junit.jupiter.engine.execution.InterceptingExecutableInvoker.invoke(InterceptingExecutableInvoker.java:92)
	at org.junit.jupiter.engine.execution.InterceptingExecutableInvoker.invoke(InterceptingExecutableInvoker.java:86)
	at org.junit.jupiter.engine.descriptor.TestMethodTestDescriptor.lambda$invokeTestMethod$7(TestMethodTestDescriptor.java:217)
	at org.junit.platform.engine.support.hierarchical.ThrowableCollector.execute(ThrowableCollector.java:73)
	at org.junit.jupiter.engine.descriptor.TestMethodTestDescriptor.invokeTestMethod(TestMethodTestDescriptor.java:213)
	at org.junit.jupiter.engine.descriptor.TestMethodTestDescriptor.execute(TestMethodTestDescriptor.java:138)
	at org.junit.jupiter.engine.descriptor.TestMethodTestDescriptor.execute(TestMethodTestDescriptor.java:68)
	at org.junit.platform.engine.support.hierarchical.NodeTestTask.lambda$executeRecursively$6(NodeTestTask.java:151)
	at org.junit.platform.engine.support.hierarchical.ThrowableCollector.execute(ThrowableCollector.java:73)
	at org.junit.platform.engine.support.hierarchical.NodeTestTask.lambda$executeRecursively$8(NodeTestTask.java:141)
	at org.junit.platform.engine.support.hierarchical.Node.around(Node.java:137)
	at org.junit.platform.engine.support.hierarchical.NodeTestTask.lambda$executeRecursively$9(NodeTestTask.java:139)
	at org.junit.platform.engine.support.hierarchical.ThrowableCollector.execute(ThrowableCollector.java:73)
	at org.junit.platform.engine.support.hierarchical.NodeTestTask.executeRecursively(NodeTestTask.java:138)
	at org.junit.platform.engine.support.hierarchical.NodeTestTask.execute(NodeTestTask.java:95)
	at java.base/java.util.ArrayList.forEach(ArrayList.java:1541)
	at org.junit.platform.engine.support.hierarchical.SameThreadHierarchicalTestExecutorService.invokeAll(SameThreadHierarchicalTestExecutorService.java:41)
	at org.junit.platform.engine.support.hierarchical.NodeTestTask.lambda$executeRecursively$6(NodeTestTask.java:155)
	at org.junit.platform.engine.support.hierarchical.ThrowableCollector.execute(ThrowableCollector.java:73)
	at org.junit.platform.engine.support.hierarchical.NodeTestTask.lambda$executeRecursively$8(NodeTestTask.java:141)
	at org.junit.platform.engine.support.hierarchical.Node.around(Node.java:137)
	at org.junit.platform.engine.support.hierarchical.NodeTestTask.lambda$executeRecursively$9(NodeTestTask.java:139)
	at org.junit.platform.engine.support.hierarchical.ThrowableCollector.execute(ThrowableCollector.java:73)
	at org.junit.platform.engine.support.hierarchical.NodeTestTask.executeRecursively(NodeTestTask.java:138)
	at org.junit.platform.engine.support.hierarchical.NodeTestTask.execute(NodeTestTask.java:95)
	at java.base/java.util.ArrayList.forEach(ArrayList.java:1541)
	at org.junit.platform.engine.support.hierarchical.SameThreadHierarchicalTestExecutorService.invokeAll(SameThreadHierarchicalTestExecutorService.java:41)
	at org.junit.platform.engine.support.hierarchical.NodeTestTask.lambda$executeRecursively$6(NodeTestTask.java:155)
	at org.junit.platform.engine.support.hierarchical.ThrowableCollector.execute(ThrowableCollector.java:73)
	at org.junit.platform.engine.support.hierarchical.NodeTestTask.lambda$executeRecursively$8(NodeTestTask.java:141)
	at org.junit.platform.engine.support.hierarchical.Node.around(Node.java:137)
	at org.junit.platform.engine.support.hierarchical.NodeTestTask.lambda$executeRecursively$9(NodeTestTask.java:139)
	at org.junit.platform.engine.support.hierarchical.ThrowableCollector.execute(ThrowableCollector.java:73)
	at org.junit.platform.engine.support.hierarchical.NodeTestTask.executeRecursively(NodeTestTask.java:138)
	at org.junit.platform.engine.support.hierarchical.NodeTestTask.execute(NodeTestTask.java:95)
	at org.junit.platform.engine.support.hierarchical.SameThreadHierarchicalTestExecutorService.submit(SameThreadHierarchicalTestExecutorService.java:35)
	at org.junit.platform.engine.support.hierarchical.HierarchicalTestExecutor.execute(HierarchicalTestExecutor.java:57)
	at org.junit.platform.engine.support.hierarchical.HierarchicalTestEngine.execute(HierarchicalTestEngine.java:54)
	at org.junit.platform.launcher.core.EngineExecutionOrchestrator.execute(EngineExecutionOrchestrator.java:147)
	at org.junit.platform.launcher.core.EngineExecutionOrchestrator.execute(EngineExecutionOrchestrator.java:127)
	at org.junit.platform.launcher.core.EngineExecutionOrchestrator.execute(EngineExecutionOrchestrator.java:90)
	at org.junit.platform.launcher.core.EngineExecutionOrchestrator.lambda$execute$0(EngineExecutionOrchestrator.java:55)
	at org.junit.platform.launcher.core.EngineExecutionOrchestrator.withInterceptedStreams(EngineExecutionOrchestrator.java:102)
	at org.junit.platform.launcher.core.EngineExecutionOrchestrator.execute(EngineExecutionOrchestrator.java:54)
	at org.junit.platform.launcher.core.DefaultLauncher.execute(DefaultLauncher.java:114)
	at org.junit.platform.launcher.core.DefaultLauncher.execute(DefaultLauncher.java:86)
	at org.junit.platform.launcher.core.DefaultLauncherSession$DelegatingLauncher.execute(DefaultLauncherSession.java:86)
	at org.apache.maven.surefire.junitplatform.LazyLauncher.execute(LazyLauncher.java:55)
	at org.apache.maven.surefire.junitplatform.JUnitPlatformProvider.execute(JUnitPlatformProvider.java:223)
	at org.apache.maven.surefire.junitplatform.JUnitPlatformProvider.invokeAllTests(JUnitPlatformProvider.java:175)
	at org.apache.maven.surefire.junitplatform.JUnitPlatformProvider.invoke(JUnitPlatformProvider.java:139)
	at org.apache.maven.surefire.booter.ForkedBooter.runSuitesInProcess(ForkedBooter.java:456)
	at org.apache.maven.surefire.booter.ForkedBooter.execute(ForkedBooter.java:169)
	at org.apache.maven.surefire.booter.ForkedBooter.run(ForkedBooter.java:595)
	at org.apache.maven.surefire.booter.ForkedBooter.main(ForkedBooter.java:581)
Caused by: java.lang.ClassNotFoundException: com.fasterxml.jackson.core.exc.StreamConstraintsException
	at java.base/jdk.internal.loader.BuiltinClassLoader.loadClass(BuiltinClassLoader.java:581)
	at java.base/jdk.internal.loader.ClassLoaders$AppClassLoader.loadClass(ClassLoaders.java:178)
	at java.base/java.lang.ClassLoader.loadClass(ClassLoader.java:522)
	... 80 more

[ERROR] com.jcabi.http.response.JacksonResponseTest.invalidJsonObjectErrorIsLeftToJackson  Time elapsed: 0.005 s  <<< FAILURE!
org.opentest4j.AssertionFailedError: Unexpected exception type thrown, expected: <java.io.IOException> but was: <java.lang.NoClassDefFoundError>
	at org.junit.jupiter.api.AssertionFailureBuilder.build(AssertionFailureBuilder.java:151)
	at org.junit.jupiter.api.AssertThrows.assertThrows(AssertThrows.java:67)
	at org.junit.jupiter.api.AssertThrows.assertThrows(AssertThrows.java:35)
	at org.junit.jupiter.api.Assertions.assertThrows(Assertions.java:3083)
	at com.jcabi.http.response.JacksonResponseTest.invalidJsonObjectErrorIsLeftToJackson(JacksonResponseTest.java:200)
	at java.base/jdk.internal.reflect.NativeMethodAccessorImpl.invoke0(Native Method)
	at java.base/jdk.internal.reflect.NativeMethodAccessorImpl.invoke(NativeMethodAccessorImpl.java:62)
	at java.base/jdk.internal.reflect.DelegatingMethodAccessorImpl.invoke(DelegatingMethodAccessorImpl.java:43)
	at java.base/java.lang.reflect.Method.invoke(Method.java:566)
	at org.junit.platform.commons.util.ReflectionUtils.invokeMethod(ReflectionUtils.java:727)
	at org.junit.jupiter.engine.execution.MethodInvocation.proceed(MethodInvocation.java:60)
	at org.junit.jupiter.engine.execution.InvocationInterceptorChain$ValidatingInvocation.proceed(InvocationInterceptorChain.java:131)
	at org.junit.jupiter.engine.extension.TimeoutExtension.intercept(TimeoutExtension.java:156)
	at org.junit.jupiter.engine.extension.TimeoutExtension.interceptTestableMethod(TimeoutExtension.java:147)
	at org.junit.jupiter.engine.extension.TimeoutExtension.interceptTestMethod(TimeoutExtension.java:86)
	at org.junit.jupiter.engine.execution.InterceptingExecutableInvoker$ReflectiveInterceptorCall.lambda$ofVoidMethod$0(InterceptingExecutableInvoker.java:103)
	at org.junit.jupiter.engine.execution.InterceptingExecutableInvoker.lambda$invoke$0(InterceptingExecutableInvoker.java:93)
	at org.junit.jupiter.engine.execution.InvocationInterceptorChain$InterceptedInvocation.proceed(InvocationInterceptorChain.java:106)
	at org.junit.jupiter.engine.execution.InvocationInterceptorChain.proceed(InvocationInterceptorChain.java:64)
	at org.junit.jupiter.engine.execution.InvocationInterceptorChain.chainAndInvoke(InvocationInterceptorChain.java:45)
	at org.junit.jupiter.engine.execution.InvocationInterceptorChain.invoke(InvocationInterceptorChain.java:37)
	at org.junit.jupiter.engine.execution.InterceptingExecutableInvoker.invoke(InterceptingExecutableInvoker.java:92)
	at org.junit.jupiter.engine.execution.InterceptingExecutableInvoker.invoke(InterceptingExecutableInvoker.java:86)
	at org.junit.jupiter.engine.descriptor.TestMethodTestDescriptor.lambda$invokeTestMethod$7(TestMethodTestDescriptor.java:217)
	at org.junit.platform.engine.support.hierarchical.ThrowableCollector.execute(ThrowableCollector.java:73)
	at org.junit.jupiter.engine.descriptor.TestMethodTestDescriptor.invokeTestMethod(TestMethodTestDescriptor.java:213)
	at org.junit.jupiter.engine.descriptor.TestMethodTestDescriptor.execute(TestMethodTestDescriptor.java:138)
	at org.junit.jupiter.engine.descriptor.TestMethodTestDescriptor.execute(TestMethodTestDescriptor.java:68)
	at org.junit.platform.engine.support.hierarchical.NodeTestTask.lambda$executeRecursively$6(NodeTestTask.java:151)
	at org.junit.platform.engine.support.hierarchical.ThrowableCollector.execute(ThrowableCollector.java:73)
	at org.junit.platform.engine.support.hierarchical.NodeTestTask.lambda$executeRecursively$8(NodeTestTask.java:141)
	at org.junit.platform.engine.support.hierarchical.Node.around(Node.java:137)
	at org.junit.platform.engine.support.hierarchical.NodeTestTask.lambda$executeRecursively$9(NodeTestTask.java:139)
	at org.junit.platform.engine.support.hierarchical.ThrowableCollector.execute(ThrowableCollector.java:73)
	at org.junit.platform.engine.support.hierarchical.NodeTestTask.executeRecursively(NodeTestTask.java:138)
	at org.junit.platform.engine.support.hierarchical.NodeTestTask.execute(NodeTestTask.java:95)
	at java.base/java.util.ArrayList.forEach(ArrayList.java:1541)
	at org.junit.platform.engine.support.hierarchical.SameThreadHierarchicalTestExecutorService.invokeAll(SameThreadHierarchicalTestExecutorService.java:41)
	at org.junit.platform.engine.support.hierarchical.NodeTestTask.lambda$executeRecursively$6(NodeTestTask.java:155)
	at org.junit.platform.engine.support.hierarchical.ThrowableCollector.execute(ThrowableCollector.java:73)
	at org.junit.platform.engine.support.hierarchical.NodeTestTask.lambda$executeRecursively$8(NodeTestTask.java:141)
	at org.junit.platform.engine.support.hierarchical.Node.around(Node.java:137)
	at org.junit.platform.engine.support.hierarchical.NodeTestTask.lambda$executeRecursively$9(NodeTestTask.java:139)
	at org.junit.platform.engine.support.hierarchical.ThrowableCollector.execute(ThrowableCollector.java:73)
	at org.junit.platform.engine.support.hierarchical.NodeTestTask.executeRecursively(NodeTestTask.java:138)
	at org.junit.platform.engine.support.hierarchical.NodeTestTask.execute(NodeTestTask.java:95)
	at java.base/java.util.ArrayList.forEach(ArrayList.java:1541)
	at org.junit.platform.engine.support.hierarchical.SameThreadHierarchicalTestExecutorService.invokeAll(SameThreadHierarchicalTestExecutorService.java:41)
	at org.junit.platform.engine.support.hierarchical.NodeTestTask.lambda$executeRecursively$6(NodeTestTask.java:155)
	at org.junit.platform.engine.support.hierarchical.ThrowableCollector.execute(ThrowableCollector.java:73)
	at org.junit.platform.engine.support.hierarchical.NodeTestTask.lambda$executeRecursively$8(NodeTestTask.java:141)
	at org.junit.platform.engine.support.hierarchical.Node.around(Node.java:137)
	at org.junit.platform.engine.support.hierarchical.NodeTestTask.lambda$executeRecursively$9(NodeTestTask.java:139)
	at org.junit.platform.engine.support.hierarchical.ThrowableCollector.execute(ThrowableCollector.java:73)
	at org.junit.platform.engine.support.hierarchical.NodeTestTask.executeRecursively(NodeTestTask.java:138)
	at org.junit.platform.engine.support.hierarchical.NodeTestTask.execute(NodeTestTask.java:95)
	at org.junit.platform.engine.support.hierarchical.SameThreadHierarchicalTestExecutorService.submit(SameThreadHierarchicalTestExecutorService.java:35)
	at org.junit.platform.engine.support.hierarchical.HierarchicalTestExecutor.execute(HierarchicalTestExecutor.java:57)
	at org.junit.platform.engine.support.hierarchical.HierarchicalTestEngine.execute(HierarchicalTestEngine.java:54)
	at org.junit.platform.launcher.core.EngineExecutionOrchestrator.execute(EngineExecutionOrchestrator.java:147)
	at org.junit.platform.launcher.core.EngineExecutionOrchestrator.execute(EngineExecutionOrchestrator.java:127)
	at org.junit.platform.launcher.core.EngineExecutionOrchestrator.execute(EngineExecutionOrchestrator.java:90)
	at org.junit.platform.launcher.core.EngineExecutionOrchestrator.lambda$execute$0(EngineExecutionOrchestrator.java:55)
	at org.junit.platform.launcher.core.EngineExecutionOrchestrator.withInterceptedStreams(EngineExecutionOrchestrator.java:102)
	at org.junit.platform.launcher.core.EngineExecutionOrchestrator.execute(EngineExecutionOrchestrator.java:54)
	at org.junit.platform.launcher.core.DefaultLauncher.execute(DefaultLauncher.java:114)
	at org.junit.platform.launcher.core.DefaultLauncher.execute(DefaultLauncher.java:86)
	at org.junit.platform.launcher.core.DefaultLauncherSession$DelegatingLauncher.execute(DefaultLauncherSession.java:86)
	at org.apache.maven.surefire.junitplatform.LazyLauncher.execute(LazyLauncher.java:55)
	at org.apache.maven.surefire.junitplatform.JUnitPlatformProvider.execute(JUnitPlatformProvider.java:223)
	at org.apache.maven.surefire.junitplatform.JUnitPlatformProvider.invokeAllTests(JUnitPlatformProvider.java:175)
	at org.apache.maven.surefire.junitplatform.JUnitPlatformProvider.invoke(JUnitPlatformProvider.java:139)
	at org.apache.maven.surefire.booter.ForkedBooter.runSuitesInProcess(ForkedBooter.java:456)
	at org.apache.maven.surefire.booter.ForkedBooter.execute(ForkedBooter.java:169)
	at org.apache.maven.surefire.booter.ForkedBooter.run(ForkedBooter.java:595)
	at org.apache.maven.surefire.booter.ForkedBooter.main(ForkedBooter.java:581)
Caused by: java.lang.NoClassDefFoundError: com/fasterxml/jackson/core/exc/StreamConstraintsException
	at com.fasterxml.jackson.databind.node.JsonNodeFactory.objectNode(JsonNodeFactory.java:353)
	at com.fasterxml.jackson.databind.deser.std.JsonNodeDeserializer.deserialize(JsonNodeDeserializer.java:100)
	at com.fasterxml.jackson.databind.deser.std.JsonNodeDeserializer.deserialize(JsonNodeDeserializer.java:25)
	at com.fasterxml.jackson.databind.deser.DefaultDeserializationContext.readRootValue(DefaultDeserializationContext.java:323)
	at com.fasterxml.jackson.databind.ObjectMapper._readTreeAndClose(ObjectMapper.java:4867)
	at com.fasterxml.jackson.databind.ObjectMapper.readTree(ObjectMapper.java:3233)
	at com.jcabi.http.response.JacksonResponse$JsonReader.read(JacksonResponse.java:139)
	at com.jcabi.http.response.JacksonResponse$JsonReader.readObject(JacksonResponse.java:123)
	at com.jcabi.http.response.JacksonResponseTest$4.execute(JacksonResponseTest.java:205)
	at org.junit.jupiter.api.AssertThrows.assertThrows(AssertThrows.java:53)
	... 74 more
Caused by: java.lang.ClassNotFoundException: com.fasterxml.jackson.core.exc.StreamConstraintsException
	at java.base/jdk.internal.loader.BuiltinClassLoader.loadClass(BuiltinClassLoader.java:581)
	at java.base/jdk.internal.loader.ClassLoaders$AppClassLoader.loadClass(ClassLoaders.java:178)
	at java.base/java.lang.ClassLoader.loadClass(ClassLoader.java:522)
	... 84 more

[ERROR] com.jcabi.http.response.JacksonResponseTest.invalidJsonErrorHandlingIsLeftToJackson  Time elapsed: 0.004 s  <<< FAILURE!
org.opentest4j.AssertionFailedError: Unexpected exception type thrown, expected: <java.io.IOException> but was: <java.lang.NoClassDefFoundError>
	at org.junit.jupiter.api.AssertionFailureBuilder.build(AssertionFailureBuilder.java:151)
	at org.junit.jupiter.api.AssertThrows.assertThrows(AssertThrows.java:67)
	at org.junit.jupiter.api.AssertThrows.assertThrows(AssertThrows.java:35)
	at org.junit.jupiter.api.Assertions.assertThrows(Assertions.java:3083)
	at com.jcabi.http.response.JacksonResponseTest.invalidJsonErrorHandlingIsLeftToJackson(JacksonResponseTest.java:97)
	at java.base/jdk.internal.reflect.NativeMethodAccessorImpl.invoke0(Native Method)
	at java.base/jdk.internal.reflect.NativeMethodAccessorImpl.invoke(NativeMethodAccessorImpl.java:62)
	at java.base/jdk.internal.reflect.DelegatingMethodAccessorImpl.invoke(DelegatingMethodAccessorImpl.java:43)
	at java.base/java.lang.reflect.Method.invoke(Method.java:566)
	at org.junit.platform.commons.util.ReflectionUtils.invokeMethod(ReflectionUtils.java:727)
	at org.junit.jupiter.engine.execution.MethodInvocation.proceed(MethodInvocation.java:60)
	at org.junit.jupiter.engine.execution.InvocationInterceptorChain$ValidatingInvocation.proceed(InvocationInterceptorChain.java:131)
	at org.junit.jupiter.engine.extension.TimeoutExtension.intercept(TimeoutExtension.java:156)
	at org.junit.jupiter.engine.extension.TimeoutExtension.interceptTestableMethod(TimeoutExtension.java:147)
	at org.junit.jupiter.engine.extension.TimeoutExtension.interceptTestMethod(TimeoutExtension.java:86)
	at org.junit.jupiter.engine.execution.InterceptingExecutableInvoker$ReflectiveInterceptorCall.lambda$ofVoidMethod$0(InterceptingExecutableInvoker.java:103)
	at org.junit.jupiter.engine.execution.InterceptingExecutableInvoker.lambda$invoke$0(InterceptingExecutableInvoker.java:93)
	at org.junit.jupiter.engine.execution.InvocationInterceptorChain$InterceptedInvocation.proceed(InvocationInterceptorChain.java:106)
	at org.junit.jupiter.engine.execution.InvocationInterceptorChain.proceed(InvocationInterceptorChain.java:64)
	at org.junit.jupiter.engine.execution.InvocationInterceptorChain.chainAndInvoke(InvocationInterceptorChain.java:45)
	at org.junit.jupiter.engine.execution.InvocationInterceptorChain.invoke(InvocationInterceptorChain.java:37)
	at org.junit.jupiter.engine.execution.InterceptingExecutableInvoker.invoke(InterceptingExecutableInvoker.java:92)
	at org.junit.jupiter.engine.execution.InterceptingExecutableInvoker.invoke(InterceptingExecutableInvoker.java:86)
	at org.junit.jupiter.engine.descriptor.TestMethodTestDescriptor.lambda$invokeTestMethod$7(TestMethodTestDescriptor.java:217)
	at org.junit.platform.engine.support.hierarchical.ThrowableCollector.execute(ThrowableCollector.java:73)
	at org.junit.jupiter.engine.descriptor.TestMethodTestDescriptor.invokeTestMethod(TestMethodTestDescriptor.java:213)
	at org.junit.jupiter.engine.descriptor.TestMethodTestDescriptor.execute(TestMethodTestDescriptor.java:138)
	at org.junit.jupiter.engine.descriptor.TestMethodTestDescriptor.execute(TestMethodTestDescriptor.java:68)
	at org.junit.platform.engine.support.hierarchical.NodeTestTask.lambda$executeRecursively$6(NodeTestTask.java:151)
	at org.junit.platform.engine.support.hierarchical.ThrowableCollector.execute(ThrowableCollector.java:73)
	at org.junit.platform.engine.support.hierarchical.NodeTestTask.lambda$executeRecursively$8(NodeTestTask.java:141)
	at org.junit.platform.engine.support.hierarchical.Node.around(Node.java:137)
	at org.junit.platform.engine.support.hierarchical.NodeTestTask.lambda$executeRecursively$9(NodeTestTask.java:139)
	at org.junit.platform.engine.support.hierarchical.ThrowableCollector.execute(ThrowableCollector.java:73)
	at org.junit.platform.engine.support.hierarchical.NodeTestTask.executeRecursively(NodeTestTask.java:138)
	at org.junit.platform.engine.support.hierarchical.NodeTestTask.execute(NodeTestTask.java:95)
	at java.base/java.util.ArrayList.forEach(ArrayList.java:1541)
	at org.junit.platform.engine.support.hierarchical.SameThreadHierarchicalTestExecutorService.invokeAll(SameThreadHierarchicalTestExecutorService.java:41)
	at org.junit.platform.engine.support.hierarchical.NodeTestTask.lambda$executeRecursively$6(NodeTestTask.java:155)
	at org.junit.platform.engine.support.hierarchical.ThrowableCollector.execute(ThrowableCollector.java:73)
	at org.junit.platform.engine.support.hierarchical.NodeTestTask.lambda$executeRecursively$8(NodeTestTask.java:141)
	at org.junit.platform.engine.support.hierarchical.Node.around(Node.java:137)
	at org.junit.platform.engine.support.hierarchical.NodeTestTask.lambda$executeRecursively$9(NodeTestTask.java:139)
	at org.junit.platform.engine.support.hierarchical.ThrowableCollector.execute(ThrowableCollector.java:73)
	at org.junit.platform.engine.support.hierarchical.NodeTestTask.executeRecursively(NodeTestTask.java:138)
	at org.junit.platform.engine.support.hierarchical.NodeTestTask.execute(NodeTestTask.java:95)
	at java.base/java.util.ArrayList.forEach(ArrayList.java:1541)
	at org.junit.platform.engine.support.hierarchical.SameThreadHierarchicalTestExecutorService.invokeAll(SameThreadHierarchicalTestExecutorService.java:41)
	at org.junit.platform.engine.support.hierarchical.NodeTestTask.lambda$executeRecursively$6(NodeTestTask.java:155)
	at org.junit.platform.engine.support.hierarchical.ThrowableCollector.execute(ThrowableCollector.java:73)
	at org.junit.platform.engine.support.hierarchical.NodeTestTask.lambda$executeRecursively$8(NodeTestTask.java:141)
	at org.junit.platform.engine.support.hierarchical.Node.around(Node.java:137)
	at org.junit.platform.engine.support.hierarchical.NodeTestTask.lambda$executeRecursively$9(NodeTestTask.java:139)
	at org.junit.platform.engine.support.hierarchical.ThrowableCollector.execute(ThrowableCollector.java:73)
	at org.junit.platform.engine.support.hierarchical.NodeTestTask.executeRecursively(NodeTestTask.java:138)
	at org.junit.platform.engine.support.hierarchical.NodeTestTask.execute(NodeTestTask.java:95)
	at org.junit.platform.engine.support.hierarchical.SameThreadHierarchicalTestExecutorService.submit(SameThreadHierarchicalTestExecutorService.java:35)
	at org.junit.platform.engine.support.hierarchical.HierarchicalTestExecutor.execute(HierarchicalTestExecutor.java:57)
	at org.junit.platform.engine.support.hierarchical.HierarchicalTestEngine.execute(HierarchicalTestEngine.java:54)
	at org.junit.platform.launcher.core.EngineExecutionOrchestrator.execute(EngineExecutionOrchestrator.java:147)
	at org.junit.platform.launcher.core.EngineExecutionOrchestrator.execute(EngineExecutionOrchestrator.java:127)
	at org.junit.platform.launcher.core.EngineExecutionOrchestrator.execute(EngineExecutionOrchestrator.java:90)
	at org.junit.platform.launcher.core.EngineExecutionOrchestrator.lambda$execute$0(EngineExecutionOrchestrator.java:55)
	at org.junit.platform.launcher.core.EngineExecutionOrchestrator.withInterceptedStreams(EngineExecutionOrchestrator.java:102)
	at org.junit.platform.launcher.core.EngineExecutionOrchestrator.execute(EngineExecutionOrchestrator.java:54)
	at org.junit.platform.launcher.core.DefaultLauncher.execute(DefaultLauncher.java:114)
	at org.junit.platform.launcher.core.DefaultLauncher.execute(DefaultLauncher.java:86)
	at org.junit.platform.launcher.core.DefaultLauncherSession$DelegatingLauncher.execute(DefaultLauncherSession.java:86)
	at org.apache.maven.surefire.junitplatform.LazyLauncher.execute(LazyLauncher.java:55)
	at org.apache.maven.surefire.junitplatform.JUnitPlatformProvider.execute(JUnitPlatformProvider.java:223)
	at org.apache.maven.surefire.junitplatform.JUnitPlatformProvider.invokeAllTests(JUnitPlatformProvider.java:175)
	at org.apache.maven.surefire.junitplatform.JUnitPlatformProvider.invoke(JUnitPlatformProvider.java:139)
	at org.apache.maven.surefire.booter.ForkedBooter.runSuitesInProcess(ForkedBooter.java:456)
	at org.apache.maven.surefire.booter.ForkedBooter.execute(ForkedBooter.java:169)
	at org.apache.maven.surefire.booter.ForkedBooter.run(ForkedBooter.java:595)
	at org.apache.maven.surefire.booter.ForkedBooter.main(ForkedBooter.java:581)
Caused by: java.lang.NoClassDefFoundError: com/fasterxml/jackson/core/exc/StreamConstraintsException
	at com.fasterxml.jackson.databind.node.JsonNodeFactory.objectNode(JsonNodeFactory.java:353)
	at com.fasterxml.jackson.databind.deser.std.JsonNodeDeserializer.deserialize(JsonNodeDeserializer.java:100)
	at com.fasterxml.jackson.databind.deser.std.JsonNodeDeserializer.deserialize(JsonNodeDeserializer.java:25)
	at com.fasterxml.jackson.databind.deser.DefaultDeserializationContext.readRootValue(DefaultDeserializationContext.java:323)
	at com.fasterxml.jackson.databind.ObjectMapper._readTreeAndClose(ObjectMapper.java:4867)
	at com.fasterxml.jackson.databind.ObjectMapper.readTree(ObjectMapper.java:3233)
	at com.jcabi.http.response.JacksonResponse$JsonReader.read(JacksonResponse.java:139)
	at com.jcabi.http.response.JacksonResponseTest$1.execute(JacksonResponseTest.java:102)
	at org.junit.jupiter.api.AssertThrows.assertThrows(AssertThrows.java:53)
	... 74 more
Caused by: java.lang.ClassNotFoundException: com.fasterxml.jackson.core.exc.StreamConstraintsException
	at java.base/jdk.internal.loader.BuiltinClassLoader.loadClass(BuiltinClassLoader.java:581)
	at java.base/jdk.internal.loader.ClassLoaders$AppClassLoader.loadClass(ClassLoaders.java:178)
	at java.base/java.lang.ClassLoader.loadClass(ClassLoader.java:522)
	... 83 more

[ERROR] com.jcabi.http.response.JacksonResponseTest.invalidJsonArrayErrorHandlingIsLeftToJackson  Time elapsed: 0.002 s  <<< FAILURE!
org.opentest4j.AssertionFailedError: Unexpected exception type thrown, expected: <java.io.IOException> but was: <java.lang.NoClassDefFoundError>
	at org.junit.jupiter.api.AssertionFailureBuilder.build(AssertionFailureBuilder.java:151)
	at org.junit.jupiter.api.AssertThrows.assertThrows(AssertThrows.java:67)
	at org.junit.jupiter.api.AssertThrows.assertThrows(AssertThrows.java:35)
	at org.junit.jupiter.api.Assertions.assertThrows(Assertions.java:3083)
	at com.jcabi.http.response.JacksonResponseTest.invalidJsonArrayErrorHandlingIsLeftToJackson(JacksonResponseTest.java:126)
	at java.base/jdk.internal.reflect.NativeMethodAccessorImpl.invoke0(Native Method)
	at java.base/jdk.internal.reflect.NativeMethodAccessorImpl.invoke(NativeMethodAccessorImpl.java:62)
	at java.base/jdk.internal.reflect.DelegatingMethodAccessorImpl.invoke(DelegatingMethodAccessorImpl.java:43)
	at java.base/java.lang.reflect.Method.invoke(Method.java:566)
	at org.junit.platform.commons.util.ReflectionUtils.invokeMethod(ReflectionUtils.java:727)
	at org.junit.jupiter.engine.execution.MethodInvocation.proceed(MethodInvocation.java:60)
	at org.junit.jupiter.engine.execution.InvocationInterceptorChain$ValidatingInvocation.proceed(InvocationInterceptorChain.java:131)
	at org.junit.jupiter.engine.extension.TimeoutExtension.intercept(TimeoutExtension.java:156)
	at org.junit.jupiter.engine.extension.TimeoutExtension.interceptTestableMethod(TimeoutExtension.java:147)
	at org.junit.jupiter.engine.extension.TimeoutExtension.interceptTestMethod(TimeoutExtension.java:86)
	at org.junit.jupiter.engine.execution.InterceptingExecutableInvoker$ReflectiveInterceptorCall.lambda$ofVoidMethod$0(InterceptingExecutableInvoker.java:103)
	at org.junit.jupiter.engine.execution.InterceptingExecutableInvoker.lambda$invoke$0(InterceptingExecutableInvoker.java:93)
	at org.junit.jupiter.engine.execution.InvocationInterceptorChain$InterceptedInvocation.proceed(InvocationInterceptorChain.java:106)
	at org.junit.jupiter.engine.execution.InvocationInterceptorChain.proceed(InvocationInterceptorChain.java:64)
	at org.junit.jupiter.engine.execution.InvocationInterceptorChain.chainAndInvoke(InvocationInterceptorChain.java:45)
	at org.junit.jupiter.engine.execution.InvocationInterceptorChain.invoke(InvocationInterceptorChain.java:37)
	at org.junit.jupiter.engine.execution.InterceptingExecutableInvoker.invoke(InterceptingExecutableInvoker.java:92)
	at org.junit.jupiter.engine.execution.InterceptingExecutableInvoker.invoke(InterceptingExecutableInvoker.java:86)
	at org.junit.jupiter.engine.descriptor.TestMethodTestDescriptor.lambda$invokeTestMethod$7(TestMethodTestDescriptor.java:217)
	at org.junit.platform.engine.support.hierarchical.ThrowableCollector.execute(ThrowableCollector.java:73)
	at org.junit.jupiter.engine.descriptor.TestMethodTestDescriptor.invokeTestMethod(TestMethodTestDescriptor.java:213)
	at org.junit.jupiter.engine.descriptor.TestMethodTestDescriptor.execute(TestMethodTestDescriptor.java:138)
	at org.junit.jupiter.engine.descriptor.TestMethodTestDescriptor.execute(TestMethodTestDescriptor.java:68)
	at org.junit.platform.engine.support.hierarchical.NodeTestTask.lambda$executeRecursively$6(NodeTestTask.java:151)
	at org.junit.platform.engine.support.hierarchical.ThrowableCollector.execute(ThrowableCollector.java:73)
	at org.junit.platform.engine.support.hierarchical.NodeTestTask.lambda$executeRecursively$8(NodeTestTask.java:141)
	at org.junit.platform.engine.support.hierarchical.Node.around(Node.java:137)
	at org.junit.platform.engine.support.hierarchical.NodeTestTask.lambda$executeRecursively$9(NodeTestTask.java:139)
	at org.junit.platform.engine.support.hierarchical.ThrowableCollector.execute(ThrowableCollector.java:73)
	at org.junit.platform.engine.support.hierarchical.NodeTestTask.executeRecursively(NodeTestTask.java:138)
	at org.junit.platform.engine.support.hierarchical.NodeTestTask.execute(NodeTestTask.java:95)
	at java.base/java.util.ArrayList.forEach(ArrayList.java:1541)
	at org.junit.platform.engine.support.hierarchical.SameThreadHierarchicalTestExecutorService.invokeAll(SameThreadHierarchicalTestExecutorService.java:41)
	at org.junit.platform.engine.support.hierarchical.NodeTestTask.lambda$executeRecursively$6(NodeTestTask.java:155)
	at org.junit.platform.engine.support.hierarchical.ThrowableCollector.execute(ThrowableCollector.java:73)
	at org.junit.platform.engine.support.hierarchical.NodeTestTask.lambda$executeRecursively$8(NodeTestTask.java:141)
	at org.junit.platform.engine.support.hierarchical.Node.around(Node.java:137)
	at org.junit.platform.engine.support.hierarchical.NodeTestTask.lambda$executeRecursively$9(NodeTestTask.java:139)
	at org.junit.platform.engine.support.hierarchical.ThrowableCollector.execute(ThrowableCollector.java:73)
	at org.junit.platform.engine.support.hierarchical.NodeTestTask.executeRecursively(NodeTestTask.java:138)
	at org.junit.platform.engine.support.hierarchical.NodeTestTask.execute(NodeTestTask.java:95)
	at java.base/java.util.ArrayList.forEach(ArrayList.java:1541)
	at org.junit.platform.engine.support.hierarchical.SameThreadHierarchicalTestExecutorService.invokeAll(SameThreadHierarchicalTestExecutorService.java:41)
	at org.junit.platform.engine.support.hierarchical.NodeTestTask.lambda$executeRecursively$6(NodeTestTask.java:155)
	at org.junit.platform.engine.support.hierarchical.ThrowableCollector.execute(ThrowableCollector.java:73)
	at org.junit.platform.engine.support.hierarchical.NodeTestTask.lambda$executeRecursively$8(NodeTestTask.java:141)
	at org.junit.platform.engine.support.hierarchical.Node.around(Node.java:137)
	at org.junit.platform.engine.support.hierarchical.NodeTestTask.lambda$executeRecursively$9(NodeTestTask.java:139)
	at org.junit.platform.engine.support.hierarchical.ThrowableCollector.execute(ThrowableCollector.java:73)
	at org.junit.platform.engine.support.hierarchical.NodeTestTask.executeRecursively(NodeTestTask.java:138)
	at org.junit.platform.engine.support.hierarchical.NodeTestTask.execute(NodeTestTask.java:95)
	at org.junit.platform.engine.support.hierarchical.SameThreadHierarchicalTestExecutorService.submit(SameThreadHierarchicalTestExecutorService.java:35)
	at org.junit.platform.engine.support.hierarchical.HierarchicalTestExecutor.execute(HierarchicalTestExecutor.java:57)
	at org.junit.platform.engine.support.hierarchical.HierarchicalTestEngine.execute(HierarchicalTestEngine.java:54)
	at org.junit.platform.launcher.core.EngineExecutionOrchestrator.execute(EngineExecutionOrchestrator.java:147)
	at org.junit.platform.launcher.core.EngineExecutionOrchestrator.execute(EngineExecutionOrchestrator.java:127)
	at org.junit.platform.launcher.core.EngineExecutionOrchestrator.execute(EngineExecutionOrchestrator.java:90)
	at org.junit.platform.launcher.core.EngineExecutionOrchestrator.lambda$execute$0(EngineExecutionOrchestrator.java:55)
	at org.junit.platform.launcher.core.EngineExecutionOrchestrator.withInterceptedStreams(EngineExecutionOrchestrator.java:102)
	at org.junit.platform.launcher.core.EngineExecutionOrchestrator.execute(EngineExecutionOrchestrator.java:54)
	at org.junit.platform.launcher.core.DefaultLauncher.execute(DefaultLauncher.java:114)
	at org.junit.platform.launcher.core.DefaultLauncher.execute(DefaultLauncher.java:86)
	at org.junit.platform.launcher.core.DefaultLauncherSession$DelegatingLauncher.execute(DefaultLauncherSession.java:86)
	at org.apache.maven.surefire.junitplatform.LazyLauncher.execute(LazyLauncher.java:55)
	at org.apache.maven.surefire.junitplatform.JUnitPlatformProvider.execute(JUnitPlatformProvider.java:223)
	at org.apache.maven.surefire.junitplatform.JUnitPlatformProvider.invokeAllTests(JUnitPlatformProvider.java:175)
	at org.apache.maven.surefire.junitplatform.JUnitPlatformProvider.invoke(JUnitPlatformProvider.java:139)
	at org.apache.maven.surefire.booter.ForkedBooter.runSuitesInProcess(ForkedBooter.java:456)
	at org.apache.maven.surefire.booter.ForkedBooter.execute(ForkedBooter.java:169)
	at org.apache.maven.surefire.booter.ForkedBooter.run(ForkedBooter.java:595)
	at org.apache.maven.surefire.booter.ForkedBooter.main(ForkedBooter.java:581)
Caused by: java.lang.NoClassDefFoundError: com/fasterxml/jackson/core/exc/StreamConstraintsException
	at com.fasterxml.jackson.databind.node.JsonNodeFactory.objectNode(JsonNodeFactory.java:353)
	at com.fasterxml.jackson.databind.deser.std.JsonNodeDeserializer.deserialize(JsonNodeDeserializer.java:100)
	at com.fasterxml.jackson.databind.deser.std.JsonNodeDeserializer.deserialize(JsonNodeDeserializer.java:25)
	at com.fasterxml.jackson.databind.deser.DefaultDeserializationContext.readRootValue(DefaultDeserializationContext.java:323)
	at com.fasterxml.jackson.databind.ObjectMapper._readTreeAndClose(ObjectMapper.java:4867)
	at com.fasterxml.jackson.databind.ObjectMapper.readTree(ObjectMapper.java:3233)
	at com.jcabi.http.response.JacksonResponse$JsonReader.read(JacksonResponse.java:139)
	at com.jcabi.http.response.JacksonResponse$JsonReader.readArray(JacksonResponse.java:106)
	at com.jcabi.http.response.JacksonResponseTest$2.execute(JacksonResponseTest.java:131)
	at org.junit.jupiter.api.AssertThrows.assertThrows(AssertThrows.java:53)
	... 74 more
Caused by: java.lang.ClassNotFoundException: com.fasterxml.jackson.core.exc.StreamConstraintsException
	at java.base/jdk.internal.loader.BuiltinClassLoader.loadClass(BuiltinClassLoader.java:581)
	at java.base/jdk.internal.loader.ClassLoaders$AppClassLoader.loadClass(ClassLoaders.java:178)
	at java.base/java.lang.ClassLoader.loadClass(ClassLoader.java:522)
	... 84 more

[ERROR] com.jcabi.http.response.JacksonResponseTest.canReadJsonDocument  Time elapsed: 0.001 s  <<< ERROR!
java.lang.NoClassDefFoundError: com/fasterxml/jackson/core/exc/StreamConstraintsException
	at com.fasterxml.jackson.databind.node.JsonNodeFactory.objectNode(JsonNodeFactory.java:353)
	at com.fasterxml.jackson.databind.deser.std.JsonNodeDeserializer.deserialize(JsonNodeDeserializer.java:100)
	at com.fasterxml.jackson.databind.deser.std.JsonNodeDeserializer.deserialize(JsonNodeDeserializer.java:25)
	at com.fasterxml.jackson.databind.deser.DefaultDeserializationContext.readRootValue(DefaultDeserializationContext.java:323)
	at com.fasterxml.jackson.databind.ObjectMapper._readTreeAndClose(ObjectMapper.java:4867)
	at com.fasterxml.jackson.databind.ObjectMapper.readTree(ObjectMapper.java:3233)
	at com.jcabi.http.response.JacksonResponse$JsonReader.read(JacksonResponse.java:139)
	at com.jcabi.http.response.JacksonResponseTest.canReadJsonDocument(JacksonResponseTest.java:59)
	at java.base/jdk.internal.reflect.NativeMethodAccessorImpl.invoke0(Native Method)
	at java.base/jdk.internal.reflect.NativeMethodAccessorImpl.invoke(NativeMethodAccessorImpl.java:62)
	at java.base/jdk.internal.reflect.DelegatingMethodAccessorImpl.invoke(DelegatingMethodAccessorImpl.java:43)
	at java.base/java.lang.reflect.Method.invoke(Method.java:566)
	at org.junit.platform.commons.util.ReflectionUtils.invokeMethod(ReflectionUtils.java:727)
	at org.junit.jupiter.engine.execution.MethodInvocation.proceed(MethodInvocation.java:60)
	at org.junit.jupiter.engine.execution.InvocationInterceptorChain$ValidatingInvocation.proceed(InvocationInterceptorChain.java:131)
	at org.junit.jupiter.engine.extension.TimeoutExtension.intercept(TimeoutExtension.java:156)
	at org.junit.jupiter.engine.extension.TimeoutExtension.interceptTestableMethod(TimeoutExtension.java:147)
	at org.junit.jupiter.engine.extension.TimeoutExtension.interceptTestMethod(TimeoutExtension.java:86)
	at org.junit.jupiter.engine.execution.InterceptingExecutableInvoker$ReflectiveInterceptorCall.lambda$ofVoidMethod$0(InterceptingExecutableInvoker.java:103)
	at org.junit.jupiter.engine.execution.InterceptingExecutableInvoker.lambda$invoke$0(InterceptingExecutableInvoker.java:93)
	at org.junit.jupiter.engine.execution.InvocationInterceptorChain$InterceptedInvocation.proceed(InvocationInterceptorChain.java:106)
	at org.junit.jupiter.engine.execution.InvocationInterceptorChain.proceed(InvocationInterceptorChain.java:64)
	at org.junit.jupiter.engine.execution.InvocationInterceptorChain.chainAndInvoke(InvocationInterceptorChain.java:45)
	at org.junit.jupiter.engine.execution.InvocationInterceptorChain.invoke(InvocationInterceptorChain.java:37)
	at org.junit.jupiter.engine.execution.InterceptingExecutableInvoker.invoke(InterceptingExecutableInvoker.java:92)
	at org.junit.jupiter.engine.execution.InterceptingExecutableInvoker.invoke(InterceptingExecutableInvoker.java:86)
	at org.junit.jupiter.engine.descriptor.TestMethodTestDescriptor.lambda$invokeTestMethod$7(TestMethodTestDescriptor.java:217)
	at org.junit.platform.engine.support.hierarchical.ThrowableCollector.execute(ThrowableCollector.java:73)
	at org.junit.jupiter.engine.descriptor.TestMethodTestDescriptor.invokeTestMethod(TestMethodTestDescriptor.java:213)
	at org.junit.jupiter.engine.descriptor.TestMethodTestDescriptor.execute(TestMethodTestDescriptor.java:138)
	at org.junit.jupiter.engine.descriptor.TestMethodTestDescriptor.execute(TestMethodTestDescriptor.java:68)
	at org.junit.platform.engine.support.hierarchical.NodeTestTask.lambda$executeRecursively$6(NodeTestTask.java:151)
	at org.junit.platform.engine.support.hierarchical.ThrowableCollector.execute(ThrowableCollector.java:73)
	at org.junit.platform.engine.support.hierarchical.NodeTestTask.lambda$executeRecursively$8(NodeTestTask.java:141)
	at org.junit.platform.engine.support.hierarchical.Node.around(Node.java:137)
	at org.junit.platform.engine.support.hierarchical.NodeTestTask.lambda$executeRecursively$9(NodeTestTask.java:139)
	at org.junit.platform.engine.support.hierarchical.ThrowableCollector.execute(ThrowableCollector.java:73)
	at org.junit.platform.engine.support.hierarchical.NodeTestTask.executeRecursively(NodeTestTask.java:138)
	at org.junit.platform.engine.support.hierarchical.NodeTestTask.execute(NodeTestTask.java:95)
	at java.base/java.util.ArrayList.forEach(ArrayList.java:1541)
	at org.junit.platform.engine.support.hierarchical.SameThreadHierarchicalTestExecutorService.invokeAll(SameThreadHierarchicalTestExecutorService.java:41)
	at org.junit.platform.engine.support.hierarchical.NodeTestTask.lambda$executeRecursively$6(NodeTestTask.java:155)
	at org.junit.platform.engine.support.hierarchical.ThrowableCollector.execute(ThrowableCollector.java:73)
	at org.junit.platform.engine.support.hierarchical.NodeTestTask.lambda$executeRecursively$8(NodeTestTask.java:141)
	at org.junit.platform.engine.support.hierarchical.Node.around(Node.java:137)
	at org.junit.platform.engine.support.hierarchical.NodeTestTask.lambda$executeRecursively$9(NodeTestTask.java:139)
	at org.junit.platform.engine.support.hierarchical.ThrowableCollector.execute(ThrowableCollector.java:73)
	at org.junit.platform.engine.support.hierarchical.NodeTestTask.executeRecursively(NodeTestTask.java:138)
	at org.junit.platform.engine.support.hierarchical.NodeTestTask.execute(NodeTestTask.java:95)
	at java.base/java.util.ArrayList.forEach(ArrayList.java:1541)
	at org.junit.platform.engine.support.hierarchical.SameThreadHierarchicalTestExecutorService.invokeAll(SameThreadHierarchicalTestExecutorService.java:41)
	at org.junit.platform.engine.support.hierarchical.NodeTestTask.lambda$executeRecursively$6(NodeTestTask.java:155)
	at org.junit.platform.engine.support.hierarchical.ThrowableCollector.execute(ThrowableCollector.java:73)
	at org.junit.platform.engine.support.hierarchical.NodeTestTask.lambda$executeRecursively$8(NodeTestTask.java:141)
	at org.junit.platform.engine.support.hierarchical.Node.around(Node.java:137)
	at org.junit.platform.engine.support.hierarchical.NodeTestTask.lambda$executeRecursively$9(NodeTestTask.java:139)
	at org.junit.platform.engine.support.hierarchical.ThrowableCollector.execute(ThrowableCollector.java:73)
	at org.junit.platform.engine.support.hierarchical.NodeTestTask.executeRecursively(NodeTestTask.java:138)
	at org.junit.platform.engine.support.hierarchical.NodeTestTask.execute(NodeTestTask.java:95)
	at org.junit.platform.engine.support.hierarchical.SameThreadHierarchicalTestExecutorService.submit(SameThreadHierarchicalTestExecutorService.java:35)
	at org.junit.platform.engine.support.hierarchical.HierarchicalTestExecutor.execute(HierarchicalTestExecutor.java:57)
	at org.junit.platform.engine.support.hierarchical.HierarchicalTestEngine.execute(HierarchicalTestEngine.java:54)
	at org.junit.platform.launcher.core.EngineExecutionOrchestrator.execute(EngineExecutionOrchestrator.java:147)
	at org.junit.platform.launcher.core.EngineExecutionOrchestrator.execute(EngineExecutionOrchestrator.java:127)
	at org.junit.platform.launcher.core.EngineExecutionOrchestrator.execute(EngineExecutionOrchestrator.java:90)
	at org.junit.platform.launcher.core.EngineExecutionOrchestrator.lambda$execute$0(EngineExecutionOrchestrator.java:55)
	at org.junit.platform.launcher.core.EngineExecutionOrchestrator.withInterceptedStreams(EngineExecutionOrchestrator.java:102)
	at org.junit.platform.launcher.core.EngineExecutionOrchestrator.execute(EngineExecutionOrchestrator.java:54)
	at org.junit.platform.launcher.core.DefaultLauncher.execute(DefaultLauncher.java:114)
	at org.junit.platform.launcher.core.DefaultLauncher.execute(DefaultLauncher.java:86)
	at org.junit.platform.launcher.core.DefaultLauncherSession$DelegatingLauncher.execute(DefaultLauncherSession.java:86)
	at org.apache.maven.surefire.junitplatform.LazyLauncher.execute(LazyLauncher.java:55)
	at org.apache.maven.surefire.junitplatform.JUnitPlatformProvider.execute(JUnitPlatformProvider.java:223)
	at org.apache.maven.surefire.junitplatform.JUnitPlatformProvider.invokeAllTests(JUnitPlatformProvider.java:175)
	at org.apache.maven.surefire.junitplatform.JUnitPlatformProvider.invoke(JUnitPlatformProvider.java:139)
	at org.apache.maven.surefire.booter.ForkedBooter.runSuitesInProcess(ForkedBooter.java:456)
	at org.apache.maven.surefire.booter.ForkedBooter.execute(ForkedBooter.java:169)
	at org.apache.maven.surefire.booter.ForkedBooter.run(ForkedBooter.java:595)
	at org.apache.maven.surefire.booter.ForkedBooter.main(ForkedBooter.java:581)
Caused by: java.lang.ClassNotFoundException: com.fasterxml.jackson.core.exc.StreamConstraintsException
	at java.base/jdk.internal.loader.BuiltinClassLoader.loadClass(BuiltinClassLoader.java:581)
	at java.base/jdk.internal.loader.ClassLoaders$AppClassLoader.loadClass(ClassLoaders.java:178)
	at java.base/java.lang.ClassLoader.loadClass(ClassLoader.java:522)
	... 79 more

[ERROR] com.jcabi.http.response.JacksonResponseTest.canReadAsArrayIfOne  Time elapsed: 0.002 s  <<< ERROR!
java.lang.NoClassDefFoundError: com/fasterxml/jackson/core/exc/StreamConstraintsException
	at com.fasterxml.jackson.databind.node.JsonNodeFactory.arrayNode(JsonNodeFactory.java:339)
	at com.fasterxml.jackson.databind.deser.std.JsonNodeDeserializer.deserialize(JsonNodeDeserializer.java:104)
	at com.fasterxml.jackson.databind.deser.std.JsonNodeDeserializer.deserialize(JsonNodeDeserializer.java:25)
	at com.fasterxml.jackson.databind.deser.DefaultDeserializationContext.readRootValue(DefaultDeserializationContext.java:323)
	at com.fasterxml.jackson.databind.ObjectMapper._readTreeAndClose(ObjectMapper.java:4867)
	at com.fasterxml.jackson.databind.ObjectMapper.readTree(ObjectMapper.java:3233)
	at com.jcabi.http.response.JacksonResponse$JsonReader.read(JacksonResponse.java:139)
	at com.jcabi.http.response.JacksonResponse$JsonReader.readArray(JacksonResponse.java:106)
	at com.jcabi.http.response.JacksonResponseTest.canReadAsArrayIfOne(JacksonResponseTest.java:179)
	at java.base/jdk.internal.reflect.NativeMethodAccessorImpl.invoke0(Native Method)
	at java.base/jdk.internal.reflect.NativeMethodAccessorImpl.invoke(NativeMethodAccessorImpl.java:62)
	at java.base/jdk.internal.reflect.DelegatingMethodAccessorImpl.invoke(DelegatingMethodAccessorImpl.java:43)
	at java.base/java.lang.reflect.Method.invoke(Method.java:566)
	at org.junit.platform.commons.util.ReflectionUtils.invokeMethod(ReflectionUtils.java:727)
	at org.junit.jupiter.engine.execution.MethodInvocation.proceed(MethodInvocation.java:60)
	at org.junit.jupiter.engine.execution.InvocationInterceptorChain$ValidatingInvocation.proceed(InvocationInterceptorChain.java:131)
	at org.junit.jupiter.engine.extension.TimeoutExtension.intercept(TimeoutExtension.java:156)
	at org.junit.jupiter.engine.extension.TimeoutExtension.interceptTestableMethod(TimeoutExtension.java:147)
	at org.junit.jupiter.engine.extension.TimeoutExtension.interceptTestMethod(TimeoutExtension.java:86)
	at org.junit.jupiter.engine.execution.InterceptingExecutableInvoker$ReflectiveInterceptorCall.lambda$ofVoidMethod$0(InterceptingExecutableInvoker.java:103)
	at org.junit.jupiter.engine.execution.InterceptingExecutableInvoker.lambda$invoke$0(InterceptingExecutableInvoker.java:93)
	at org.junit.jupiter.engine.execution.InvocationInterceptorChain$InterceptedInvocation.proceed(InvocationInterceptorChain.java:106)
	at org.junit.jupiter.engine.execution.InvocationInterceptorChain.proceed(InvocationInterceptorChain.java:64)
	at org.junit.jupiter.engine.execution.InvocationInterceptorChain.chainAndInvoke(InvocationInterceptorChain.java:45)
	at org.junit.jupiter.engine.execution.InvocationInterceptorChain.invoke(InvocationInterceptorChain.java:37)
	at org.junit.jupiter.engine.execution.InterceptingExecutableInvoker.invoke(InterceptingExecutableInvoker.java:92)
	at org.junit.jupiter.engine.execution.InterceptingExecutableInvoker.invoke(InterceptingExecutableInvoker.java:86)
	at org.junit.jupiter.engine.descriptor.TestMethodTestDescriptor.lambda$invokeTestMethod$7(TestMethodTestDescriptor.java:217)
	at org.junit.platform.engine.support.hierarchical.ThrowableCollector.execute(ThrowableCollector.java:73)
	at org.junit.jupiter.engine.descriptor.TestMethodTestDescriptor.invokeTestMethod(TestMethodTestDescriptor.java:213)
	at org.junit.jupiter.engine.descriptor.TestMethodTestDescriptor.execute(TestMethodTestDescriptor.java:138)
	at org.junit.jupiter.engine.descriptor.TestMethodTestDescriptor.execute(TestMethodTestDescriptor.java:68)
	at org.junit.platform.engine.support.hierarchical.NodeTestTask.lambda$executeRecursively$6(NodeTestTask.java:151)
	at org.junit.platform.engine.support.hierarchical.ThrowableCollector.execute(ThrowableCollector.java:73)
	at org.junit.platform.engine.support.hierarchical.NodeTestTask.lambda$executeRecursively$8(NodeTestTask.java:141)
	at org.junit.platform.engine.support.hierarchical.Node.around(Node.java:137)
	at org.junit.platform.engine.support.hierarchical.NodeTestTask.lambda$executeRecursively$9(NodeTestTask.java:139)
	at org.junit.platform.engine.support.hierarchical.ThrowableCollector.execute(ThrowableCollector.java:73)
	at org.junit.platform.engine.support.hierarchical.NodeTestTask.executeRecursively(NodeTestTask.java:138)
	at org.junit.platform.engine.support.hierarchical.NodeTestTask.execute(NodeTestTask.java:95)
	at java.base/java.util.ArrayList.forEach(ArrayList.java:1541)
	at org.junit.platform.engine.support.hierarchical.SameThreadHierarchicalTestExecutorService.invokeAll(SameThreadHierarchicalTestExecutorService.java:41)
	at org.junit.platform.engine.support.hierarchical.NodeTestTask.lambda$executeRecursively$6(NodeTestTask.java:155)
	at org.junit.platform.engine.support.hierarchical.ThrowableCollector.execute(ThrowableCollector.java:73)
	at org.junit.platform.engine.support.hierarchical.NodeTestTask.lambda$executeRecursively$8(NodeTestTask.java:141)
	at org.junit.platform.engine.support.hierarchical.Node.around(Node.java:137)
	at org.junit.platform.engine.support.hierarchical.NodeTestTask.lambda$executeRecursively$9(NodeTestTask.java:139)
	at org.junit.platform.engine.support.hierarchical.ThrowableCollector.execute(ThrowableCollector.java:73)
	at org.junit.platform.engine.support.hierarchical.NodeTestTask.executeRecursively(NodeTestTask.java:138)
	at org.junit.platform.engine.support.hierarchical.NodeTestTask.execute(NodeTestTask.java:95)
	at java.base/java.util.ArrayList.forEach(ArrayList.java:1541)
	at org.junit.platform.engine.support.hierarchical.SameThreadHierarchicalTestExecutorService.invokeAll(SameThreadHierarchicalTestExecutorService.java:41)
	at org.junit.platform.engine.support.hierarchical.NodeTestTask.lambda$executeRecursively$6(NodeTestTask.java:155)
	at org.junit.platform.engine.support.hierarchical.ThrowableCollector.execute(ThrowableCollector.java:73)
	at org.junit.platform.engine.support.hierarchical.NodeTestTask.lambda$executeRecursively$8(NodeTestTask.java:141)
	at org.junit.platform.engine.support.hierarchical.Node.around(Node.java:137)
	at org.junit.platform.engine.support.hierarchical.NodeTestTask.lambda$executeRecursively$9(NodeTestTask.java:139)
	at org.junit.platform.engine.support.hierarchical.ThrowableCollector.execute(ThrowableCollector.java:73)
	at org.junit.platform.engine.support.hierarchical.NodeTestTask.executeRecursively(NodeTestTask.java:138)
	at org.junit.platform.engine.support.hierarchical.NodeTestTask.execute(NodeTestTask.java:95)
	at org.junit.platform.engine.support.hierarchical.SameThreadHierarchicalTestExecutorService.submit(SameThreadHierarchicalTestExecutorService.java:35)
	at org.junit.platform.engine.support.hierarchical.HierarchicalTestExecutor.execute(HierarchicalTestExecutor.java:57)
	at org.junit.platform.engine.support.hierarchical.HierarchicalTestEngine.execute(HierarchicalTestEngine.java:54)
	at org.junit.platform.launcher.core.EngineExecutionOrchestrator.execute(EngineExecutionOrchestrator.java:147)
	at org.junit.platform.launcher.core.EngineExecutionOrchestrator.execute(EngineExecutionOrchestrator.java:127)
	at org.junit.platform.launcher.core.EngineExecutionOrchestrator.execute(EngineExecutionOrchestrator.java:90)
	at org.junit.platform.launcher.core.EngineExecutionOrchestrator.lambda$execute$0(EngineExecutionOrchestrator.java:55)
	at org.junit.platform.launcher.core.EngineExecutionOrchestrator.withInterceptedStreams(EngineExecutionOrchestrator.java:102)
	at org.junit.platform.launcher.core.EngineExecutionOrchestrator.execute(EngineExecutionOrchestrator.java:54)
	at org.junit.platform.launcher.core.DefaultLauncher.execute(DefaultLauncher.java:114)
	at org.junit.platform.launcher.core.DefaultLauncher.execute(DefaultLauncher.java:86)
	at org.junit.platform.launcher.core.DefaultLauncherSession$DelegatingLauncher.execute(DefaultLauncherSession.java:86)
	at org.apache.maven.surefire.junitplatform.LazyLauncher.execute(LazyLauncher.java:55)
	at org.apache.maven.surefire.junitplatform.JUnitPlatformProvider.execute(JUnitPlatformProvider.java:223)
	at org.apache.maven.surefire.junitplatform.JUnitPlatformProvider.invokeAllTests(JUnitPlatformProvider.java:175)
	at org.apache.maven.surefire.junitplatform.JUnitPlatformProvider.invoke(JUnitPlatformProvider.java:139)
	at org.apache.maven.surefire.booter.ForkedBooter.runSuitesInProcess(ForkedBooter.java:456)
	at org.apache.maven.surefire.booter.ForkedBooter.execute(ForkedBooter.java:169)
	at org.apache.maven.surefire.booter.ForkedBooter.run(ForkedBooter.java:595)
	at org.apache.maven.surefire.booter.ForkedBooter.main(ForkedBooter.java:581)
Caused by: java.lang.ClassNotFoundException: com.fasterxml.jackson.core.exc.StreamConstraintsException
	at java.base/jdk.internal.loader.BuiltinClassLoader.loadClass(BuiltinClassLoader.java:581)
	at java.base/jdk.internal.loader.ClassLoaders$AppClassLoader.loadClass(ClassLoaders.java:178)
	at java.base/java.lang.ClassLoader.loadClass(ClassLoader.java:522)
	... 80 more

[ERROR] com.jcabi.http.response.JacksonResponseTest.canReadAsObjectIfOne  Time elapsed: 0.002 s  <<< ERROR!
java.lang.NoClassDefFoundError: com/fasterxml/jackson/core/exc/StreamConstraintsException
	at com.fasterxml.jackson.databind.node.JsonNodeFactory.objectNode(JsonNodeFactory.java:353)
	at com.fasterxml.jackson.databind.deser.std.JsonNodeDeserializer.deserialize(JsonNodeDeserializer.java:100)
	at com.fasterxml.jackson.databind.deser.std.JsonNodeDeserializer.deserialize(JsonNodeDeserializer.java:25)
	at com.fasterxml.jackson.databind.deser.DefaultDeserializationContext.readRootValue(DefaultDeserializationContext.java:323)
	at com.fasterxml.jackson.databind.ObjectMapper._readTreeAndClose(ObjectMapper.java:4867)
	at com.fasterxml.jackson.databind.ObjectMapper.readTree(ObjectMapper.java:3233)
	at com.jcabi.http.response.JacksonResponse$JsonReader.read(JacksonResponse.java:139)
	at com.jcabi.http.response.JacksonResponse$JsonReader.readObject(JacksonResponse.java:123)
	at com.jcabi.http.response.JacksonResponseTest.canReadAsObjectIfOne(JacksonResponseTest.java:255)
	at java.base/jdk.internal.reflect.NativeMethodAccessorImpl.invoke0(Native Method)
	at java.base/jdk.internal.reflect.NativeMethodAccessorImpl.invoke(NativeMethodAccessorImpl.java:62)
	at java.base/jdk.internal.reflect.DelegatingMethodAccessorImpl.invoke(DelegatingMethodAccessorImpl.java:43)
	at java.base/java.lang.reflect.Method.invoke(Method.java:566)
	at org.junit.platform.commons.util.ReflectionUtils.invokeMethod(ReflectionUtils.java:727)
	at org.junit.jupiter.engine.execution.MethodInvocation.proceed(MethodInvocation.java:60)
	at org.junit.jupiter.engine.execution.InvocationInterceptorChain$ValidatingInvocation.proceed(InvocationInterceptorChain.java:131)
	at org.junit.jupiter.engine.extension.TimeoutExtension.intercept(TimeoutExtension.java:156)
	at org.junit.jupiter.engine.extension.TimeoutExtension.interceptTestableMethod(TimeoutExtension.java:147)
	at org.junit.jupiter.engine.extension.TimeoutExtension.interceptTestMethod(TimeoutExtension.java:86)
	at org.junit.jupiter.engine.execution.InterceptingExecutableInvoker$ReflectiveInterceptorCall.lambda$ofVoidMethod$0(InterceptingExecutableInvoker.java:103)
	at org.junit.jupiter.engine.execution.InterceptingExecutableInvoker.lambda$invoke$0(InterceptingExecutableInvoker.java:93)
	at org.junit.jupiter.engine.execution.InvocationInterceptorChain$InterceptedInvocation.proceed(InvocationInterceptorChain.java:106)
	at org.junit.jupiter.engine.execution.InvocationInterceptorChain.proceed(InvocationInterceptorChain.java:64)
	at org.junit.jupiter.engine.execution.InvocationInterceptorChain.chainAndInvoke(InvocationInterceptorChain.java:45)
	at org.junit.jupiter.engine.execution.InvocationInterceptorChain.invoke(InvocationInterceptorChain.java:37)
	at org.junit.jupiter.engine.execution.InterceptingExecutableInvoker.invoke(InterceptingExecutableInvoker.java:92)
	at org.junit.jupiter.engine.execution.InterceptingExecutableInvoker.invoke(InterceptingExecutableInvoker.java:86)
	at org.junit.jupiter.engine.descriptor.TestMethodTestDescriptor.lambda$invokeTestMethod$7(TestMethodTestDescriptor.java:217)
	at org.junit.platform.engine.support.hierarchical.ThrowableCollector.execute(ThrowableCollector.java:73)
	at org.junit.jupiter.engine.descriptor.TestMethodTestDescriptor.invokeTestMethod(TestMethodTestDescriptor.java:213)
	at org.junit.jupiter.engine.descriptor.TestMethodTestDescriptor.execute(TestMethodTestDescriptor.java:138)
	at org.junit.jupiter.engine.descriptor.TestMethodTestDescriptor.execute(TestMethodTestDescriptor.java:68)
	at org.junit.platform.engine.support.hierarchical.NodeTestTask.lambda$executeRecursively$6(NodeTestTask.java:151)
	at org.junit.platform.engine.support.hierarchical.ThrowableCollector.execute(ThrowableCollector.java:73)
	at org.junit.platform.engine.support.hierarchical.NodeTestTask.lambda$executeRecursively$8(NodeTestTask.java:141)
	at org.junit.platform.engine.support.hierarchical.Node.around(Node.java:137)
	at org.junit.platform.engine.support.hierarchical.NodeTestTask.lambda$executeRecursively$9(NodeTestTask.java:139)
	at org.junit.platform.engine.support.hierarchical.ThrowableCollector.execute(ThrowableCollector.java:73)
	at org.junit.platform.engine.support.hierarchical.NodeTestTask.executeRecursively(NodeTestTask.java:138)
	at org.junit.platform.engine.support.hierarchical.NodeTestTask.execute(NodeTestTask.java:95)
	at java.base/java.util.ArrayList.forEach(ArrayList.java:1541)
	at org.junit.platform.engine.support.hierarchical.SameThreadHierarchicalTestExecutorService.invokeAll(SameThreadHierarchicalTestExecutorService.java:41)
	at org.junit.platform.engine.support.hierarchical.NodeTestTask.lambda$executeRecursively$6(NodeTestTask.java:155)
	at org.junit.platform.engine.support.hierarchical.ThrowableCollector.execute(ThrowableCollector.java:73)
	at org.junit.platform.engine.support.hierarchical.NodeTestTask.lambda$executeRecursively$8(NodeTestTask.java:141)
	at org.junit.platform.engine.support.hierarchical.Node.around(Node.java:137)
	at org.junit.platform.engine.support.hierarchical.NodeTestTask.lambda$executeRecursively$9(NodeTestTask.java:139)
	at org.junit.platform.engine.support.hierarchical.ThrowableCollector.execute(ThrowableCollector.java:73)
	at org.junit.platform.engine.support.hierarchical.NodeTestTask.executeRecursively(NodeTestTask.java:138)
	at org.junit.platform.engine.support.hierarchical.NodeTestTask.execute(NodeTestTask.java:95)
	at java.base/java.util.ArrayList.forEach(ArrayList.java:1541)
	at org.junit.platform.engine.support.hierarchical.SameThreadHierarchicalTestExecutorService.invokeAll(SameThreadHierarchicalTestExecutorService.java:41)
	at org.junit.platform.engine.support.hierarchical.NodeTestTask.lambda$executeRecursively$6(NodeTestTask.java:155)
	at org.junit.platform.engine.support.hierarchical.ThrowableCollector.execute(ThrowableCollector.java:73)
	at org.junit.platform.engine.support.hierarchical.NodeTestTask.lambda$executeRecursively$8(NodeTestTask.java:141)
	at org.junit.platform.engine.support.hierarchical.Node.around(Node.java:137)
	at org.junit.platform.engine.support.hierarchical.NodeTestTask.lambda$executeRecursively$9(NodeTestTask.java:139)
	at org.junit.platform.engine.support.hierarchical.ThrowableCollector.execute(ThrowableCollector.java:73)
	at org.junit.platform.engine.support.hierarchical.NodeTestTask.executeRecursively(NodeTestTask.java:138)
	at org.junit.platform.engine.support.hierarchical.NodeTestTask.execute(NodeTestTask.java:95)
	at org.junit.platform.engine.support.hierarchical.SameThreadHierarchicalTestExecutorService.submit(SameThreadHierarchicalTestExecutorService.java:35)
	at org.junit.platform.engine.support.hierarchical.HierarchicalTestExecutor.execute(HierarchicalTestExecutor.java:57)
	at org.junit.platform.engine.support.hierarchical.HierarchicalTestEngine.execute(HierarchicalTestEngine.java:54)
	at org.junit.platform.launcher.core.EngineExecutionOrchestrator.execute(EngineExecutionOrchestrator.java:147)
	at org.junit.platform.launcher.core.EngineExecutionOrchestrator.execute(EngineExecutionOrchestrator.java:127)
	at org.junit.platform.launcher.core.EngineExecutionOrchestrator.execute(EngineExecutionOrchestrator.java:90)
	at org.junit.platform.launcher.core.EngineExecutionOrchestrator.lambda$execute$0(EngineExecutionOrchestrator.java:55)
	at org.junit.platform.launcher.core.EngineExecutionOrchestrator.withInterceptedStreams(EngineExecutionOrchestrator.java:102)
	at org.junit.platform.launcher.core.EngineExecutionOrchestrator.execute(EngineExecutionOrchestrator.java:54)
	at org.junit.platform.launcher.core.DefaultLauncher.execute(DefaultLauncher.java:114)
	at org.junit.platform.launcher.core.DefaultLauncher.execute(DefaultLauncher.java:86)
	at org.junit.platform.launcher.core.DefaultLauncherSession$DelegatingLauncher.execute(DefaultLauncherSession.java:86)
	at org.apache.maven.surefire.junitplatform.LazyLauncher.execute(LazyLauncher.java:55)
	at org.apache.maven.surefire.junitplatform.JUnitPlatformProvider.execute(JUnitPlatformProvider.java:223)
	at org.apache.maven.surefire.junitplatform.JUnitPlatformProvider.invokeAllTests(JUnitPlatformProvider.java:175)
	at org.apache.maven.surefire.junitplatform.JUnitPlatformProvider.invoke(JUnitPlatformProvider.java:139)
	at org.apache.maven.surefire.booter.ForkedBooter.runSuitesInProcess(ForkedBooter.java:456)
	at org.apache.maven.surefire.booter.ForkedBooter.execute(ForkedBooter.java:169)
	at org.apache.maven.surefire.booter.ForkedBooter.run(ForkedBooter.java:595)
	at org.apache.maven.surefire.booter.ForkedBooter.main(ForkedBooter.java:581)
Caused by: java.lang.ClassNotFoundException: com.fasterxml.jackson.core.exc.StreamConstraintsException
	at java.base/jdk.internal.loader.BuiltinClassLoader.loadClass(BuiltinClassLoader.java:581)
	at java.base/jdk.internal.loader.ClassLoaders$AppClassLoader.loadClass(ClassLoaders.java:178)
	at java.base/java.lang.ClassLoader.loadClass(ClassLoader.java:522)
	... 80 more

[ERROR] com.jcabi.http.response.JacksonResponseTest.cannotReadJsonAsObjectIfNotOne  Time elapsed: 0.002 s  <<< FAILURE!
org.opentest4j.AssertionFailedError: Unexpected exception type thrown, expected: <java.io.IOException> but was: <java.lang.NoClassDefFoundError>
	at org.junit.jupiter.api.AssertionFailureBuilder.build(AssertionFailureBuilder.java:151)
	at org.junit.jupiter.api.AssertThrows.assertThrows(AssertThrows.java:67)
	at org.junit.jupiter.api.AssertThrows.assertThrows(AssertThrows.java:35)
	at org.junit.jupiter.api.Assertions.assertThrows(Assertions.java:3083)
	at com.jcabi.http.response.JacksonResponseTest.cannotReadJsonAsObjectIfNotOne(JacksonResponseTest.java:228)
	at java.base/jdk.internal.reflect.NativeMethodAccessorImpl.invoke0(Native Method)
	at java.base/jdk.internal.reflect.NativeMethodAccessorImpl.invoke(NativeMethodAccessorImpl.java:62)
	at java.base/jdk.internal.reflect.DelegatingMethodAccessorImpl.invoke(DelegatingMethodAccessorImpl.java:43)
	at java.base/java.lang.reflect.Method.invoke(Method.java:566)
	at org.junit.platform.commons.util.ReflectionUtils.invokeMethod(ReflectionUtils.java:727)
	at org.junit.jupiter.engine.execution.MethodInvocation.proceed(MethodInvocation.java:60)
	at org.junit.jupiter.engine.execution.InvocationInterceptorChain$ValidatingInvocation.proceed(InvocationInterceptorChain.java:131)
	at org.junit.jupiter.engine.extension.TimeoutExtension.intercept(TimeoutExtension.java:156)
	at org.junit.jupiter.engine.extension.TimeoutExtension.interceptTestableMethod(TimeoutExtension.java:147)
	at org.junit.jupiter.engine.extension.TimeoutExtension.interceptTestMethod(TimeoutExtension.java:86)
	at org.junit.jupiter.engine.execution.InterceptingExecutableInvoker$ReflectiveInterceptorCall.lambda$ofVoidMethod$0(InterceptingExecutableInvoker.java:103)
	at org.junit.jupiter.engine.execution.InterceptingExecutableInvoker.lambda$invoke$0(InterceptingExecutableInvoker.java:93)
	at org.junit.jupiter.engine.execution.InvocationInterceptorChain$InterceptedInvocation.proceed(InvocationInterceptorChain.java:106)
	at org.junit.jupiter.engine.execution.InvocationInterceptorChain.proceed(InvocationInterceptorChain.java:64)
	at org.junit.jupiter.engine.execution.InvocationInterceptorChain.chainAndInvoke(InvocationInterceptorChain.java:45)
	at org.junit.jupiter.engine.execution.InvocationInterceptorChain.invoke(InvocationInterceptorChain.java:37)
	at org.junit.jupiter.engine.execution.InterceptingExecutableInvoker.invoke(InterceptingExecutableInvoker.java:92)
	at org.junit.jupiter.engine.execution.InterceptingExecutableInvoker.invoke(InterceptingExecutableInvoker.java:86)
	at org.junit.jupiter.engine.descriptor.TestMethodTestDescriptor.lambda$invokeTestMethod$7(TestMethodTestDescriptor.java:217)
	at org.junit.platform.engine.support.hierarchical.ThrowableCollector.execute(ThrowableCollector.java:73)
	at org.junit.jupiter.engine.descriptor.TestMethodTestDescriptor.invokeTestMethod(TestMethodTestDescriptor.java:213)
	at org.junit.jupiter.engine.descriptor.TestMethodTestDescriptor.execute(TestMethodTestDescriptor.java:138)
	at org.junit.jupiter.engine.descriptor.TestMethodTestDescriptor.execute(TestMethodTestDescriptor.java:68)
	at org.junit.platform.engine.support.hierarchical.NodeTestTask.lambda$executeRecursively$6(NodeTestTask.java:151)
	at org.junit.platform.engine.support.hierarchical.ThrowableCollector.execute(ThrowableCollector.java:73)
	at org.junit.platform.engine.support.hierarchical.NodeTestTask.lambda$executeRecursively$8(NodeTestTask.java:141)
	at org.junit.platform.engine.support.hierarchical.Node.around(Node.java:137)
	at org.junit.platform.engine.support.hierarchical.NodeTestTask.lambda$executeRecursively$9(NodeTestTask.java:139)
	at org.junit.platform.engine.support.hierarchical.ThrowableCollector.execute(ThrowableCollector.java:73)
	at org.junit.platform.engine.support.hierarchical.NodeTestTask.executeRecursively(NodeTestTask.java:138)
	at org.junit.platform.engine.support.hierarchical.NodeTestTask.execute(NodeTestTask.java:95)
	at java.base/java.util.ArrayList.forEach(ArrayList.java:1541)
	at org.junit.platform.engine.support.hierarchical.SameThreadHierarchicalTestExecutorService.invokeAll(SameThreadHierarchicalTestExecutorService.java:41)
	at org.junit.platform.engine.support.hierarchical.NodeTestTask.lambda$executeRecursively$6(NodeTestTask.java:155)
	at org.junit.platform.engine.support.hierarchical.ThrowableCollector.execute(ThrowableCollector.java:73)
	at org.junit.platform.engine.support.hierarchical.NodeTestTask.lambda$executeRecursively$8(NodeTestTask.java:141)
	at org.junit.platform.engine.support.hierarchical.Node.around(Node.java:137)
	at org.junit.platform.engine.support.hierarchical.NodeTestTask.lambda$executeRecursively$9(NodeTestTask.java:139)
	at org.junit.platform.engine.support.hierarchical.ThrowableCollector.execute(ThrowableCollector.java:73)
	at org.junit.platform.engine.support.hierarchical.NodeTestTask.executeRecursively(NodeTestTask.java:138)
	at org.junit.platform.engine.support.hierarchical.NodeTestTask.execute(NodeTestTask.java:95)
	at java.base/java.util.ArrayList.forEach(ArrayList.java:1541)
	at org.junit.platform.engine.support.hierarchical.SameThreadHierarchicalTestExecutorService.invokeAll(SameThreadHierarchicalTestExecutorService.java:41)
	at org.junit.platform.engine.support.hierarchical.NodeTestTask.lambda$executeRecursively$6(NodeTestTask.java:155)
	at org.junit.platform.engine.support.hierarchical.ThrowableCollector.execute(ThrowableCollector.java:73)
	at org.junit.platform.engine.support.hierarchical.NodeTestTask.lambda$executeRecursively$8(NodeTestTask.java:141)
	at org.junit.platform.engine.support.hierarchical.Node.around(Node.java:137)
	at org.junit.platform.engine.support.hierarchical.NodeTestTask.lambda$executeRecursively$9(NodeTestTask.java:139)
	at org.junit.platform.engine.support.hierarchical.ThrowableCollector.execute(ThrowableCollector.java:73)
	at org.junit.platform.engine.support.hierarchical.NodeTestTask.executeRecursively(NodeTestTask.java:138)
	at org.junit.platform.engine.support.hierarchical.NodeTestTask.execute(NodeTestTask.java:95)
	at org.junit.platform.engine.support.hierarchical.SameThreadHierarchicalTestExecutorService.submit(SameThreadHierarchicalTestExecutorService.java:35)
	at org.junit.platform.engine.support.hierarchical.HierarchicalTestExecutor.execute(HierarchicalTestExecutor.java:57)
	at org.junit.platform.engine.support.hierarchical.HierarchicalTestEngine.execute(HierarchicalTestEngine.java:54)
	at org.junit.platform.launcher.core.EngineExecutionOrchestrator.execute(EngineExecutionOrchestrator.java:147)
	at org.junit.platform.launcher.core.EngineExecutionOrchestrator.execute(EngineExecutionOrchestrator.java:127)
	at org.junit.platform.launcher.core.EngineExecutionOrchestrator.execute(EngineExecutionOrchestrator.java:90)
	at org.junit.platform.launcher.core.EngineExecutionOrchestrator.lambda$execute$0(EngineExecutionOrchestrator.java:55)
	at org.junit.platform.launcher.core.EngineExecutionOrchestrator.withInterceptedStreams(EngineExecutionOrchestrator.java:102)
	at org.junit.platform.launcher.core.EngineExecutionOrchestrator.execute(EngineExecutionOrchestrator.java:54)
	at org.junit.platform.launcher.core.DefaultLauncher.execute(DefaultLauncher.java:114)
	at org.junit.platform.launcher.core.DefaultLauncher.execute(DefaultLauncher.java:86)
	at org.junit.platform.launcher.core.DefaultLauncherSession$DelegatingLauncher.execute(DefaultLauncherSession.java:86)
	at org.apache.maven.surefire.junitplatform.LazyLauncher.execute(LazyLauncher.java:55)
	at org.apache.maven.surefire.junitplatform.JUnitPlatformProvider.execute(JUnitPlatformProvider.java:223)
	at org.apache.maven.surefire.junitplatform.JUnitPlatformProvider.invokeAllTests(JUnitPlatformProvider.java:175)
	at org.apache.maven.surefire.junitplatform.JUnitPlatformProvider.invoke(JUnitPlatformProvider.java:139)
	at org.apache.maven.surefire.booter.ForkedBooter.runSuitesInProcess(ForkedBooter.java:456)
	at org.apache.maven.surefire.booter.ForkedBooter.execute(ForkedBooter.java:169)
	at org.apache.maven.surefire.booter.ForkedBooter.run(ForkedBooter.java:595)
	at org.apache.maven.surefire.booter.ForkedBooter.main(ForkedBooter.java:581)
Caused by: java.lang.NoClassDefFoundError: com/fasterxml/jackson/core/exc/StreamConstraintsException
	at com.fasterxml.jackson.databind.node.JsonNodeFactory.arrayNode(JsonNodeFactory.java:339)
	at com.fasterxml.jackson.databind.deser.std.JsonNodeDeserializer.deserialize(JsonNodeDeserializer.java:104)
	at com.fasterxml.jackson.databind.deser.std.JsonNodeDeserializer.deserialize(JsonNodeDeserializer.java:25)
	at com.fasterxml.jackson.databind.deser.DefaultDeserializationContext.readRootValue(DefaultDeserializationContext.java:323)
	at com.fasterxml.jackson.databind.ObjectMapper._readTreeAndClose(ObjectMapper.java:4867)
	at com.fasterxml.jackson.databind.ObjectMapper.readTree(ObjectMapper.java:3233)
	at com.jcabi.http.response.JacksonResponse$JsonReader.read(JacksonResponse.java:139)
	at com.jcabi.http.response.JacksonResponse$JsonReader.readObject(JacksonResponse.java:123)
	at com.jcabi.http.response.JacksonResponseTest$5.execute(JacksonResponseTest.java:233)
	at org.junit.jupiter.api.AssertThrows.assertThrows(AssertThrows.java:53)
	... 74 more
Caused by: java.lang.ClassNotFoundException: com.fasterxml.jackson.core.exc.StreamConstraintsException
	at java.base/jdk.internal.loader.BuiltinClassLoader.loadClass(BuiltinClassLoader.java:581)
	at java.base/jdk.internal.loader.ClassLoaders$AppClassLoader.loadClass(ClassLoaders.java:178)
	at java.base/java.lang.ClassLoader.loadClass(ClassLoader.java:522)
	... 84 more

[ERROR] com.jcabi.http.response.JacksonResponseTest.cannotReadJsonAsArrayIfNotOne  Time elapsed: 0.002 s  <<< FAILURE!
org.opentest4j.AssertionFailedError: Unexpected exception type thrown, expected: <java.io.IOException> but was: <java.lang.NoClassDefFoundError>
	at org.junit.jupiter.api.AssertionFailureBuilder.build(AssertionFailureBuilder.java:151)
	at org.junit.jupiter.api.AssertThrows.assertThrows(AssertThrows.java:67)
	at org.junit.jupiter.api.AssertThrows.assertThrows(AssertThrows.java:35)
	at org.junit.jupiter.api.Assertions.assertThrows(Assertions.java:3083)
	at com.jcabi.http.response.JacksonResponseTest.cannotReadJsonAsArrayIfNotOne(JacksonResponseTest.java:152)
	at java.base/jdk.internal.reflect.NativeMethodAccessorImpl.invoke0(Native Method)
	at java.base/jdk.internal.reflect.NativeMethodAccessorImpl.invoke(NativeMethodAccessorImpl.java:62)
	at java.base/jdk.internal.reflect.DelegatingMethodAccessorImpl.invoke(DelegatingMethodAccessorImpl.java:43)
	at java.base/java.lang.reflect.Method.invoke(Method.java:566)
	at org.junit.platform.commons.util.ReflectionUtils.invokeMethod(ReflectionUtils.java:727)
	at org.junit.jupiter.engine.execution.MethodInvocation.proceed(MethodInvocation.java:60)
	at org.junit.jupiter.engine.execution.InvocationInterceptorChain$ValidatingInvocation.proceed(InvocationInterceptorChain.java:131)
	at org.junit.jupiter.engine.extension.TimeoutExtension.intercept(TimeoutExtension.java:156)
	at org.junit.jupiter.engine.extension.TimeoutExtension.interceptTestableMethod(TimeoutExtension.java:147)
	at org.junit.jupiter.engine.extension.TimeoutExtension.interceptTestMethod(TimeoutExtension.java:86)
	at org.junit.jupiter.engine.execution.InterceptingExecutableInvoker$ReflectiveInterceptorCall.lambda$ofVoidMethod$0(InterceptingExecutableInvoker.java:103)
	at org.junit.jupiter.engine.execution.InterceptingExecutableInvoker.lambda$invoke$0(InterceptingExecutableInvoker.java:93)
	at org.junit.jupiter.engine.execution.InvocationInterceptorChain$InterceptedInvocation.proceed(InvocationInterceptorChain.java:106)
	at org.junit.jupiter.engine.execution.InvocationInterceptorChain.proceed(InvocationInterceptorChain.java:64)
	at org.junit.jupiter.engine.execution.InvocationInterceptorChain.chainAndInvoke(InvocationInterceptorChain.java:45)
	at org.junit.jupiter.engine.execution.InvocationInterceptorChain.invoke(InvocationInterceptorChain.java:37)
	at org.junit.jupiter.engine.execution.InterceptingExecutableInvoker.invoke(InterceptingExecutableInvoker.java:92)
	at org.junit.jupiter.engine.execution.InterceptingExecutableInvoker.invoke(InterceptingExecutableInvoker.java:86)
	at org.junit.jupiter.engine.descriptor.TestMethodTestDescriptor.lambda$invokeTestMethod$7(TestMethodTestDescriptor.java:217)
	at org.junit.platform.engine.support.hierarchical.ThrowableCollector.execute(ThrowableCollector.java:73)
	at org.junit.jupiter.engine.descriptor.TestMethodTestDescriptor.invokeTestMethod(TestMethodTestDescriptor.java:213)
	at org.junit.jupiter.engine.descriptor.TestMethodTestDescriptor.execute(TestMethodTestDescriptor.java:138)
	at org.junit.jupiter.engine.descriptor.TestMethodTestDescriptor.execute(TestMethodTestDescriptor.java:68)
	at org.junit.platform.engine.support.hierarchical.NodeTestTask.lambda$executeRecursively$6(NodeTestTask.java:151)
	at org.junit.platform.engine.support.hierarchical.ThrowableCollector.execute(ThrowableCollector.java:73)
	at org.junit.platform.engine.support.hierarchical.NodeTestTask.lambda$executeRecursively$8(NodeTestTask.java:141)
	at org.junit.platform.engine.support.hierarchical.Node.around(Node.java:137)
	at org.junit.platform.engine.support.hierarchical.NodeTestTask.lambda$executeRecursively$9(NodeTestTask.java:139)
	at org.junit.platform.engine.support.hierarchical.ThrowableCollector.execute(ThrowableCollector.java:73)
	at org.junit.platform.engine.support.hierarchical.NodeTestTask.executeRecursively(NodeTestTask.java:138)
	at org.junit.platform.engine.support.hierarchical.NodeTestTask.execute(NodeTestTask.java:95)
	at java.base/java.util.ArrayList.forEach(ArrayList.java:1541)
	at org.junit.platform.engine.support.hierarchical.SameThreadHierarchicalTestExecutorService.invokeAll(SameThreadHierarchicalTestExecutorService.java:41)
	at org.junit.platform.engine.support.hierarchical.NodeTestTask.lambda$executeRecursively$6(NodeTestTask.java:155)
	at org.junit.platform.engine.support.hierarchical.ThrowableCollector.execute(ThrowableCollector.java:73)
	at org.junit.platform.engine.support.hierarchical.NodeTestTask.lambda$executeRecursively$8(NodeTestTask.java:141)
	at org.junit.platform.engine.support.hierarchical.Node.around(Node.java:137)
	at org.junit.platform.engine.support.hierarchical.NodeTestTask.lambda$executeRecursively$9(NodeTestTask.java:139)
	at org.junit.platform.engine.support.hierarchical.ThrowableCollector.execute(ThrowableCollector.java:73)
	at org.junit.platform.engine.support.hierarchical.NodeTestTask.executeRecursively(NodeTestTask.java:138)
	at org.junit.platform.engine.support.hierarchical.NodeTestTask.execute(NodeTestTask.java:95)
	at java.base/java.util.ArrayList.forEach(ArrayList.java:1541)
	at org.junit.platform.engine.support.hierarchical.SameThreadHierarchicalTestExecutorService.invokeAll(SameThreadHierarchicalTestExecutorService.java:41)
	at org.junit.platform.engine.support.hierarchical.NodeTestTask.lambda$executeRecursively$6(NodeTestTask.java:155)
	at org.junit.platform.engine.support.hierarchical.ThrowableCollector.execute(ThrowableCollector.java:73)
	at org.junit.platform.engine.support.hierarchical.NodeTestTask.lambda$executeRecursively$8(NodeTestTask.java:141)
	at org.junit.platform.engine.support.hierarchical.Node.around(Node.java:137)
	at org.junit.platform.engine.support.hierarchical.NodeTestTask.lambda$executeRecursively$9(NodeTestTask.java:139)
	at org.junit.platform.engine.support.hierarchical.ThrowableCollector.execute(ThrowableCollector.java:73)
	at org.junit.platform.engine.support.hierarchical.NodeTestTask.executeRecursively(NodeTestTask.java:138)
	at org.junit.platform.engine.support.hierarchical.NodeTestTask.execute(NodeTestTask.java:95)
	at org.junit.platform.engine.support.hierarchical.SameThreadHierarchicalTestExecutorService.submit(SameThreadHierarchicalTestExecutorService.java:35)
	at org.junit.platform.engine.support.hierarchical.HierarchicalTestExecutor.execute(HierarchicalTestExecutor.java:57)
	at org.junit.platform.engine.support.hierarchical.HierarchicalTestEngine.execute(HierarchicalTestEngine.java:54)
	at org.junit.platform.launcher.core.EngineExecutionOrchestrator.execute(EngineExecutionOrchestrator.java:147)
	at org.junit.platform.launcher.core.EngineExecutionOrchestrator.execute(EngineExecutionOrchestrator.java:127)
	at org.junit.platform.launcher.core.EngineExecutionOrchestrator.execute(EngineExecutionOrchestrator.java:90)
	at org.junit.platform.launcher.core.EngineExecutionOrchestrator.lambda$execute$0(EngineExecutionOrchestrator.java:55)
	at org.junit.platform.launcher.core.EngineExecutionOrchestrator.withInterceptedStreams(EngineExecutionOrchestrator.java:102)
	at org.junit.platform.launcher.core.EngineExecutionOrchestrator.execute(EngineExecutionOrchestrator.java:54)
	at org.junit.platform.launcher.core.DefaultLauncher.execute(DefaultLauncher.java:114)
	at org.junit.platform.launcher.core.DefaultLauncher.execute(DefaultLauncher.java:86)
	at org.junit.platform.launcher.core.DefaultLauncherSession$DelegatingLauncher.execute(DefaultLauncherSession.java:86)
	at org.apache.maven.surefire.junitplatform.LazyLauncher.execute(LazyLauncher.java:55)
	at org.apache.maven.surefire.junitplatform.JUnitPlatformProvider.execute(JUnitPlatformProvider.java:223)
	at org.apache.maven.surefire.junitplatform.JUnitPlatformProvider.invokeAllTests(JUnitPlatformProvider.java:175)
	at org.apache.maven.surefire.junitplatform.JUnitPlatformProvider.invoke(JUnitPlatformProvider.java:139)
	at org.apache.maven.surefire.booter.ForkedBooter.runSuitesInProcess(ForkedBooter.java:456)
	at org.apache.maven.surefire.booter.ForkedBooter.execute(ForkedBooter.java:169)
	at org.apache.maven.surefire.booter.ForkedBooter.run(ForkedBooter.java:595)
	at org.apache.maven.surefire.booter.ForkedBooter.main(ForkedBooter.java:581)
Caused by: java.lang.NoClassDefFoundError: com/fasterxml/jackson/core/exc/StreamConstraintsException
	at com.fasterxml.jackson.databind.node.JsonNodeFactory.objectNode(JsonNodeFactory.java:353)
	at com.fasterxml.jackson.databind.deser.std.JsonNodeDeserializer.deserialize(JsonNodeDeserializer.java:100)
	at com.fasterxml.jackson.databind.deser.std.JsonNodeDeserializer.deserialize(JsonNodeDeserializer.java:25)
	at com.fasterxml.jackson.databind.deser.DefaultDeserializationContext.readRootValue(DefaultDeserializationContext.java:323)
	at com.fasterxml.jackson.databind.ObjectMapper._readTreeAndClose(ObjectMapper.java:4867)
	at com.fasterxml.jackson.databind.ObjectMapper.readTree(ObjectMapper.java:3233)
	at com.jcabi.http.response.JacksonResponse$JsonReader.read(JacksonResponse.java:139)
	at com.jcabi.http.response.JacksonResponse$JsonReader.readArray(JacksonResponse.java:106)
	at com.jcabi.http.response.JacksonResponseTest$3.execute(JacksonResponseTest.java:157)
	at org.junit.jupiter.api.AssertThrows.assertThrows(AssertThrows.java:53)
	... 74 more
Caused by: java.lang.ClassNotFoundException: com.fasterxml.jackson.core.exc.StreamConstraintsException
	at java.base/jdk.internal.loader.BuiltinClassLoader.loadClass(BuiltinClassLoader.java:581)
	at java.base/jdk.internal.loader.ClassLoaders$AppClassLoader.loadClass(ClassLoaders.java:178)
	at java.base/java.lang.ClassLoader.loadClass(ClassLoader.java:522)
	... 84 more

[INFO] Running com.jcabi.http.RequestTest
Oct 01, 2025 2:59:18 PM org.glassfish.grizzly.http.server.NetworkListener start
INFO: Started listener bound to [0.0.0.0:43351]
Oct 01, 2025 2:59:18 PM org.glassfish.grizzly.http.server.HttpServer start
INFO: [HttpServer-37] Started.
[INFO] main com.jcabi.http.mock.MkGrizzlyContainer: started on port #43351
[INFO] main com.jcabi.http.request.BaseRequest: #fetch(GET localhost:43351 /helloall): [200 OK] in 258ms
[INFO] main com.jcabi.http.mock.MkGrizzlyContainer: stopped on port #43351
Oct 01, 2025 2:59:18 PM org.glassfish.grizzly.http.server.NetworkListener start
INFO: Started listener bound to [0.0.0.0:37839]
Oct 01, 2025 2:59:18 PM org.glassfish.grizzly.http.server.HttpServer start
INFO: [HttpServer-38] Started.
[INFO] main com.jcabi.http.mock.MkGrizzlyContainer: started on port #37839
[INFO] main com.jcabi.http.request.BaseRequest: #fetch(GET localhost:37839 /helloall): [200 OK] in 3ms
[INFO] main com.jcabi.http.mock.MkGrizzlyContainer: stopped on port #37839
Oct 01, 2025 2:59:18 PM org.glassfish.grizzly.http.server.NetworkListener start
INFO: Started listener bound to [0.0.0.0:41665]
[INFO] main com.jcabi.http.mock.MkGrizzlyContainer: started on port #41665
[INFO] main com.jcabi.http.request.BaseRequest: #fetch(GET localhost:41665 /): [404 Not Found] in 8ms
[INFO] main com.jcabi.http.mock.MkGrizzlyContainer: stopped on port #41665
Oct 01, 2025 2:59:18 PM org.glassfish.grizzly.http.server.HttpServer start
INFO: [HttpServer-39] Started.
Oct 01, 2025 2:59:19 PM org.glassfish.grizzly.http.server.NetworkListener start
INFO: Started listener bound to [0.0.0.0:43495]
Oct 01, 2025 2:59:19 PM org.glassfish.grizzly.http.server.HttpServer start
INFO: [HttpServer-40] Started.
[INFO] main com.jcabi.http.mock.MkGrizzlyContainer: started on port #43495
[INFO] main com.jcabi.http.request.BaseRequest: #fetch(GET localhost:43495 /): [404 Not Found] in 4ms
[INFO] main com.jcabi.http.mock.MkGrizzlyContainer: stopped on port #43495
Oct 01, 2025 2:59:19 PM org.glassfish.grizzly.http.server.NetworkListener start
INFO: Started listener bound to [0.0.0.0:46221]
Oct 01, 2025 2:59:19 PM org.glassfish.grizzly.http.server.HttpServer start
INFO: [HttpServer-41] Started.
[INFO] main com.jcabi.http.mock.MkGrizzlyContainer: started on port #46221
[INFO] main com.jcabi.http.request.BaseRequest: #fetch(POST localhost:46221 /): [200 OK] in 5ms
[INFO] main com.jcabi.http.mock.MkGrizzlyContainer: stopped on port #46221
Oct 01, 2025 2:59:19 PM org.glassfish.grizzly.http.server.NetworkListener start
INFO: Started listener bound to [0.0.0.0:40167]
Oct 01, 2025 2:59:19 PM org.glassfish.grizzly.http.server.HttpServer start
INFO: [HttpServer-42] Started.
[INFO] main com.jcabi.http.mock.MkGrizzlyContainer: started on port #40167
[INFO] main com.jcabi.http.request.BaseRequest: #fetch(POST localhost:40167 /): [200 OK] in 4ms
[INFO] main com.jcabi.http.mock.MkGrizzlyContainer: stopped on port #40167
Oct 01, 2025 2:59:19 PM org.glassfish.grizzly.http.server.NetworkListener start
INFO: Started listener bound to [0.0.0.0:44961]
Oct 01, 2025 2:59:19 PM org.glassfish.grizzly.http.server.HttpServer start
INFO: [HttpServer-43] Started.
[INFO] main com.jcabi.http.mock.MkGrizzlyContainer: started on port #44961
[INFO] main com.jcabi.http.request.BaseRequest: #fetch(GET localhost:44961 /): [200 OK] in 5ms
[INFO] main com.jcabi.http.mock.MkGrizzlyContainer: stopped on port #44961
Oct 01, 2025 2:59:19 PM org.glassfish.grizzly.http.server.NetworkListener start
INFO: Started listener bound to [0.0.0.0:34505]
Oct 01, 2025 2:59:19 PM org.glassfish.grizzly.http.server.HttpServer start
INFO: [HttpServer-44] Started.
[INFO] main com.jcabi.http.mock.MkGrizzlyContainer: started on port #34505
[INFO] main com.jcabi.http.request.BaseRequest: #fetch(GET localhost:34505 /): [200 OK] in 3ms
[INFO] main com.jcabi.http.mock.MkGrizzlyContainer: stopped on port #34505
Oct 01, 2025 2:59:19 PM org.glassfish.grizzly.http.server.NetworkListener start
INFO: Started listener bound to [0.0.0.0:34647]
Oct 01, 2025 2:59:19 PM org.glassfish.grizzly.http.server.HttpServer start
INFO: [HttpServer-45] Started.
[INFO] main com.jcabi.http.mock.MkGrizzlyContainer: started on port #34647
[INFO] main com.jcabi.http.request.BaseRequest: #fetch(GET localhost:34647 /): [200 OK] in 7ms
[INFO] main com.jcabi.http.mock.MkGrizzlyContainer: stopped on port #34647
Oct 01, 2025 2:59:19 PM org.glassfish.grizzly.http.server.NetworkListener start
INFO: Started listener bound to [0.0.0.0:37645]
Oct 01, 2025 2:59:19 PM org.glassfish.grizzly.http.server.HttpServer start
INFO: [HttpServer-46] Started.
[INFO] main com.jcabi.http.mock.MkGrizzlyContainer: started on port #37645
[INFO] main com.jcabi.http.request.BaseRequest: #fetch(GET localhost:37645 /): [200 OK] in 3ms
[INFO] main com.jcabi.http.mock.MkGrizzlyContainer: stopped on port #37645
Oct 01, 2025 2:59:19 PM org.glassfish.grizzly.http.server.NetworkListener start
INFO: Started listener bound to [0.0.0.0:45447]
Oct 01, 2025 2:59:19 PM org.glassfish.grizzly.http.server.HttpServer start
INFO: [HttpServer-47] Started.
[INFO] main com.jcabi.http.mock.MkGrizzlyContainer: started on port #45447
[INFO] main com.jcabi.http.request.BaseRequest: #fetch(GET localhost:45447 /abcde): [200 OK] in 10ms
[INFO] main com.jcabi.http.mock.MkGrizzlyContainer: stopped on port #45447
Oct 01, 2025 2:59:19 PM org.glassfish.grizzly.http.server.NetworkListener start
INFO: Started listener bound to [0.0.0.0:35433]
Oct 01, 2025 2:59:19 PM org.glassfish.grizzly.http.server.HttpServer start
INFO: [HttpServer-48] Started.
[INFO] main com.jcabi.http.mock.MkGrizzlyContainer: started on port #35433
[INFO] main com.jcabi.http.request.BaseRequest: #fetch(GET localhost:35433 /abcde): [200 OK] in 2ms
[INFO] main com.jcabi.http.mock.MkGrizzlyContainer: stopped on port #35433
Oct 01, 2025 2:59:19 PM org.glassfish.grizzly.http.server.NetworkListener start
INFO: Started listener bound to [0.0.0.0:39821]
Oct 01, 2025 2:59:19 PM org.glassfish.grizzly.http.server.HttpServer start
INFO: [HttpServer-49] Started.
[INFO] main com.jcabi.http.mock.MkGrizzlyContainer: started on port #39821
[INFO] main com.jcabi.http.request.BaseRequest: #fetch(GET localhost:39821 /abcdefff): [200 OK] in 3ms
[INFO] main com.jcabi.http.mock.MkGrizzlyContainer: stopped on port #39821
Oct 01, 2025 2:59:19 PM org.glassfish.grizzly.http.server.NetworkListener start
INFO: Started listener bound to [0.0.0.0:38299]
Oct 01, 2025 2:59:19 PM org.glassfish.grizzly.http.server.HttpServer start
INFO: [HttpServer-50] Started.
[INFO] main com.jcabi.http.mock.MkGrizzlyContainer: started on port #38299
[INFO] main com.jcabi.http.request.BaseRequest: #fetch(GET localhost:38299 /abcdefff): [200 OK] in 2ms
[INFO] main com.jcabi.http.mock.MkGrizzlyContainer: stopped on port #38299
Oct 01, 2025 2:59:19 PM org.glassfish.grizzly.http.server.NetworkListener start
INFO: Started listener bound to [0.0.0.0:35057]
Oct 01, 2025 2:59:19 PM org.glassfish.grizzly.http.server.HttpServer start
INFO: [HttpServer-51] Started.
[INFO] main com.jcabi.http.mock.MkGrizzlyContainer: started on port #35057
[INFO] main com.jcabi.http.request.BaseRequest: #fetch(POST localhost:35057 /): [200 OK] in 2ms
[INFO] main com.jcabi.http.mock.MkGrizzlyContainer: stopped on port #35057
Oct 01, 2025 2:59:19 PM org.glassfish.grizzly.http.server.NetworkListener start
INFO: Started listener bound to [0.0.0.0:46819]
Oct 01, 2025 2:59:19 PM org.glassfish.grizzly.http.server.HttpServer start
INFO: [HttpServer-52] Started.
[INFO] main com.jcabi.http.mock.MkGrizzlyContainer: started on port #46819
[INFO] main com.jcabi.http.request.BaseRequest: #fetch(POST localhost:46819 /): [200 OK] in 2ms
[INFO] main com.jcabi.http.mock.MkGrizzlyContainer: stopped on port #46819
Oct 01, 2025 2:59:19 PM org.glassfish.grizzly.http.server.NetworkListener start
INFO: Started listener bound to [0.0.0.0:44261]
Oct 01, 2025 2:59:19 PM org.glassfish.grizzly.http.server.HttpServer start
INFO: [HttpServer-53] Started.
[INFO] main com.jcabi.http.mock.MkGrizzlyContainer: started on port #44261
[INFO] main com.jcabi.http.mock.MkGrizzlyContainer: stopped on port #44261
Oct 01, 2025 2:59:19 PM org.glassfish.grizzly.http.server.NetworkListener start
INFO: Started listener bound to [0.0.0.0:40977]
Oct 01, 2025 2:59:19 PM org.glassfish.grizzly.http.server.HttpServer start
INFO: [HttpServer-54] Started.
[INFO] main com.jcabi.http.mock.MkGrizzlyContainer: started on port #40977
[INFO] main com.jcabi.http.mock.MkGrizzlyContainer: stopped on port #40977
Oct 01, 2025 2:59:19 PM org.glassfish.grizzly.http.server.NetworkListener start
INFO: Started listener bound to [0.0.0.0:34539]
Oct 01, 2025 2:59:19 PM org.glassfish.grizzly.http.server.HttpServer start
INFO: [HttpServer-55] Started.
[INFO] main com.jcabi.http.mock.MkGrizzlyContainer: started on port #34539
[INFO] main com.jcabi.http.request.BaseRequest: #fetch(POST localhost:34539 /): [200 OK] in 3ms
[INFO] main com.jcabi.http.mock.MkGrizzlyContainer: stopped on port #34539
Oct 01, 2025 2:59:19 PM org.glassfish.grizzly.http.server.NetworkListener start
INFO: Started listener bound to [0.0.0.0:46357]
Oct 01, 2025 2:59:19 PM org.glassfish.grizzly.http.server.HttpServer start
INFO: [HttpServer-56] Started.
[INFO] main com.jcabi.http.mock.MkGrizzlyContainer: started on port #46357
[INFO] main com.jcabi.http.request.BaseRequest: #fetch(POST localhost:46357 /): [200 OK] in 1ms
[INFO] main com.jcabi.http.mock.MkGrizzlyContainer: stopped on port #46357
Oct 01, 2025 2:59:19 PM org.glassfish.grizzly.http.server.NetworkListener start
INFO: Started listener bound to [0.0.0.0:36859]
Oct 01, 2025 2:59:19 PM org.glassfish.grizzly.http.server.HttpServer start
INFO: [HttpServer-57] Started.
[INFO] main com.jcabi.http.mock.MkGrizzlyContainer: started on port #36859
[INFO] main com.jcabi.http.request.BaseRequest: #fetch(GET localhost:36859 /): [303 See Other] in 2ms
[INFO] main com.jcabi.http.mock.MkGrizzlyContainer: stopped on port #36859
Oct 01, 2025 2:59:19 PM org.glassfish.grizzly.http.server.NetworkListener start
INFO: Started listener bound to [0.0.0.0:40195]
Oct 01, 2025 2:59:19 PM org.glassfish.grizzly.http.server.HttpServer start
INFO: [HttpServer-58] Started.
[INFO] main com.jcabi.http.mock.MkGrizzlyContainer: started on port #40195
[INFO] main com.jcabi.http.request.BaseRequest: #fetch(GET localhost:40195 /): [303 See Other] in 2ms
[INFO] main com.jcabi.http.mock.MkGrizzlyContainer: stopped on port #40195
Oct 01, 2025 2:59:19 PM org.glassfish.grizzly.http.server.NetworkListener start
INFO: Started listener bound to [0.0.0.0:38707]
[INFO] main com.jcabi.http.mock.MkGrizzlyContainer: started on port #38707
[INFO] main com.jcabi.http.request.BaseRequest: #fetch(GET localhost:38707 /): [200 OK] in 2ms
[INFO] main com.jcabi.http.mock.MkGrizzlyContainer: stopped on port #38707
Oct 01, 2025 2:59:19 PM org.glassfish.grizzly.http.server.HttpServer start
INFO: [HttpServer-59] Started.
Oct 01, 2025 2:59:19 PM org.glassfish.grizzly.http.server.NetworkListener start
INFO: Started listener bound to [0.0.0.0:35787]
Oct 01, 2025 2:59:19 PM org.glassfish.grizzly.http.server.HttpServer start
INFO: [HttpServer-60] Started.
[INFO] main com.jcabi.http.mock.MkGrizzlyContainer: started on port #35787
[INFO] main com.jcabi.http.request.BaseRequest: #fetch(GET localhost:35787 /): [200 OK] in 2ms
[INFO] main com.jcabi.http.mock.MkGrizzlyContainer: stopped on port #35787
Oct 01, 2025 2:59:19 PM org.glassfish.grizzly.http.server.NetworkListener start
INFO: Started listener bound to [0.0.0.0:33267]
Oct 01, 2025 2:59:19 PM org.glassfish.grizzly.http.server.HttpServer start
INFO: [HttpServer-61] Started.
[INFO] main com.jcabi.http.mock.MkGrizzlyContainer: started on port #33267
[INFO] main com.jcabi.http.request.BaseRequest: #fetch(POST localhost:33267 /): [200 OK] in 3ms
[INFO] main com.jcabi.http.mock.MkGrizzlyContainer: stopped on port #33267
Oct 01, 2025 2:59:19 PM org.glassfish.grizzly.http.server.NetworkListener start
INFO: Started listener bound to [0.0.0.0:38071]
Oct 01, 2025 2:59:19 PM org.glassfish.grizzly.http.server.HttpServer start
INFO: [HttpServer-62] Started.
[INFO] main com.jcabi.http.mock.MkGrizzlyContainer: started on port #38071
[INFO] main com.jcabi.http.request.BaseRequest: #fetch(POST localhost:38071 /): [200 OK] in 2ms
[INFO] main com.jcabi.http.mock.MkGrizzlyContainer: stopped on port #38071
Oct 01, 2025 2:59:19 PM org.glassfish.grizzly.http.server.NetworkListener start
INFO: Started listener bound to [0.0.0.0:36757]
Oct 01, 2025 2:59:19 PM org.glassfish.grizzly.http.server.HttpServer start
INFO: [HttpServer-63] Started.
[INFO] main com.jcabi.http.mock.MkGrizzlyContainer: started on port #36757
[INFO] main com.jcabi.http.request.BaseRequest: #fetch(GET localhost:36757 /): [200 OK] in 2ms
[INFO] main com.jcabi.http.mock.MkGrizzlyContainer: stopped on port #36757
Oct 01, 2025 2:59:19 PM org.glassfish.grizzly.http.server.NetworkListener start
INFO: Started listener bound to [0.0.0.0:41101]
Oct 01, 2025 2:59:19 PM org.glassfish.grizzly.http.server.HttpServer start
INFO: [HttpServer-64] Started.
[INFO] main com.jcabi.http.mock.MkGrizzlyContainer: started on port #41101
[INFO] main com.jcabi.http.request.BaseRequest: #fetch(GET localhost:41101 /): [200 OK] in 1ms
[INFO] main com.jcabi.http.mock.MkGrizzlyContainer: stopped on port #41101
Oct 01, 2025 2:59:19 PM org.glassfish.grizzly.http.server.NetworkListener start
INFO: Started listener bound to [0.0.0.0:45695]
Oct 01, 2025 2:59:19 PM org.glassfish.grizzly.http.server.HttpServer start
INFO: [HttpServer-65] Started.
[INFO] main com.jcabi.http.mock.MkGrizzlyContainer: started on port #45695
[INFO] main com.jcabi.http.request.BaseRequest: #fetch(POST localhost:45695 /): [200 OK] in 2ms
[INFO] main com.jcabi.http.mock.MkGrizzlyContainer: stopped on port #45695
Oct 01, 2025 2:59:19 PM org.glassfish.grizzly.http.server.NetworkListener start
INFO: Started listener bound to [0.0.0.0:39913]
Oct 01, 2025 2:59:19 PM org.glassfish.grizzly.http.server.HttpServer start
INFO: [HttpServer-66] Started.
[INFO] main com.jcabi.http.mock.MkGrizzlyContainer: started on port #39913
[INFO] main com.jcabi.http.request.BaseRequest: #fetch(POST localhost:39913 /): [200 OK] in 1ms
[INFO] main com.jcabi.http.mock.MkGrizzlyContainer: stopped on port #39913
Oct 01, 2025 2:59:19 PM org.glassfish.grizzly.http.server.NetworkListener start
INFO: Started listener bound to [0.0.0.0:33957]
Oct 01, 2025 2:59:19 PM org.glassfish.grizzly.http.server.HttpServer start
INFO: [HttpServer-67] Started.
[INFO] main com.jcabi.http.mock.MkGrizzlyContainer: started on port #33957
[INFO] main com.jcabi.http.request.BaseRequest: #fetch(GET localhost:33957 /barbar): [200 OK] in 3ms
[INFO] main com.jcabi.http.mock.MkGrizzlyContainer: stopped on port #33957
Oct 01, 2025 2:59:19 PM org.glassfish.grizzly.http.server.NetworkListener start
INFO: Started listener bound to [0.0.0.0:36357]
Oct 01, 2025 2:59:19 PM org.glassfish.grizzly.http.server.HttpServer start
INFO: [HttpServer-68] Started.
[INFO] main com.jcabi.http.mock.MkGrizzlyContainer: started on port #36357
[INFO] main com.jcabi.http.request.BaseRequest: #fetch(GET localhost:36357 /barbar): [200 OK] in 1ms
[INFO] main com.jcabi.http.mock.MkGrizzlyContainer: stopped on port #36357
Oct 01, 2025 2:59:19 PM org.glassfish.grizzly.http.server.NetworkListener start
INFO: Started listener bound to [0.0.0.0:39943]
Oct 01, 2025 2:59:19 PM org.glassfish.grizzly.http.server.HttpServer start
INFO: [HttpServer-69] Started.
[INFO] main com.jcabi.http.mock.MkGrizzlyContainer: started on port #39943
[INFO] main com.jcabi.http.request.BaseRequest: #fetch(POST localhost:39943 /): [200 OK] in 2ms
[INFO] main com.jcabi.http.mock.MkGrizzlyContainer: stopped on port #39943
Oct 01, 2025 2:59:19 PM org.glassfish.grizzly.http.server.NetworkListener start
INFO: Started listener bound to [0.0.0.0:42129]
Oct 01, 2025 2:59:19 PM org.glassfish.grizzly.http.server.HttpServer start
INFO: [HttpServer-70] Started.
[INFO] main com.jcabi.http.mock.MkGrizzlyContainer: started on port #42129
[INFO] main com.jcabi.http.request.BaseRequest: #fetch(POST localhost:42129 /): [200 OK] in 2ms
[INFO] main com.jcabi.http.mock.MkGrizzlyContainer: stopped on port #42129
Oct 01, 2025 2:59:19 PM org.glassfish.grizzly.http.server.NetworkListener start
INFO: Started listener bound to [0.0.0.0:34255]
Oct 01, 2025 2:59:19 PM org.glassfish.grizzly.http.server.HttpServer start
INFO: [HttpServer-71] Started.
[INFO] main com.jcabi.http.mock.MkGrizzlyContainer: started on port #34255
[INFO] main com.jcabi.http.request.BaseRequest: #fetch(GET localhost:34255 /foo1): [200 OK] in 3ms
[INFO] main com.jcabi.http.mock.MkGrizzlyContainer: stopped on port #34255
Oct 01, 2025 2:59:19 PM org.glassfish.grizzly.http.server.NetworkListener start
INFO: Started listener bound to [0.0.0.0:45671]
Oct 01, 2025 2:59:19 PM org.glassfish.grizzly.http.server.HttpServer start
INFO: [HttpServer-72] Started.
[INFO] main com.jcabi.http.mock.MkGrizzlyContainer: started on port #45671
[INFO] main com.jcabi.http.request.BaseRequest: #fetch(GET localhost:45671 /foo1): [200 OK] in 1ms
[INFO] main com.jcabi.http.mock.MkGrizzlyContainer: stopped on port #45671
Oct 01, 2025 2:59:19 PM org.glassfish.grizzly.http.server.NetworkListener start
INFO: Started listener bound to [0.0.0.0:38125]
Oct 01, 2025 2:59:19 PM org.glassfish.grizzly.http.server.HttpServer start
INFO: [HttpServer-73] Started.
[INFO] main com.jcabi.http.mock.MkGrizzlyContainer: started on port #38125
[INFO] main com.jcabi.http.request.BaseRequest: #fetch(GET localhost:38125 /foo-X): [200 OK] in 3ms
[INFO] main com.jcabi.http.request.BaseRequest: #fetch(POST localhost:38125 /foo-X): [200 OK] in 2ms
[INFO] main com.jcabi.http.request.BaseRequest: #fetch(GET localhost:38125 /foo-X): [200 OK] in 3ms
[INFO] main com.jcabi.http.mock.MkGrizzlyContainer: stopped on port #38125
Oct 01, 2025 2:59:19 PM org.glassfish.grizzly.http.server.NetworkListener start
INFO: Started listener bound to [0.0.0.0:45315]
Oct 01, 2025 2:59:19 PM org.glassfish.grizzly.http.server.HttpServer start
INFO: [HttpServer-74] Started.
[INFO] main com.jcabi.http.mock.MkGrizzlyContainer: started on port #45315
[INFO] main com.jcabi.http.request.BaseRequest: #fetch(GET localhost:45315 /foo-X): [200 OK] in 2ms
[INFO] main com.jcabi.http.request.BaseRequest: #fetch(POST localhost:45315 /foo-X): [200 OK] in 1ms
[INFO] main com.jcabi.http.request.BaseRequest: #fetch(GET localhost:45315 /foo-X): [200 OK] in 0ms
[INFO] main com.jcabi.http.mock.MkGrizzlyContainer: stopped on port #45315
Oct 01, 2025 2:59:19 PM org.glassfish.grizzly.http.server.NetworkListener start
INFO: Started listener bound to [0.0.0.0:39969]
Oct 01, 2025 2:59:19 PM org.glassfish.grizzly.http.server.HttpServer start
INFO: [HttpServer-75] Started.
[INFO] main com.jcabi.http.mock.MkGrizzlyContainer: started on port #39969
[INFO] main com.jcabi.http.request.BaseRequest: #fetch(POST localhost:39969 /): [200 OK] in 3ms
[INFO] main com.jcabi.http.mock.MkGrizzlyContainer: stopped on port #39969
Oct 01, 2025 2:59:19 PM org.glassfish.grizzly.http.server.NetworkListener start
INFO: Started listener bound to [0.0.0.0:41875]
Oct 01, 2025 2:59:19 PM org.glassfish.grizzly.http.server.HttpServer start
INFO: [HttpServer-76] Started.
[INFO] main com.jcabi.http.mock.MkGrizzlyContainer: started on port #41875
[INFO] main com.jcabi.http.request.BaseRequest: #fetch(POST localhost:41875 /): [200 OK] in 2ms
[INFO] main com.jcabi.http.mock.MkGrizzlyContainer: stopped on port #41875
[INFO] Tests run: 42, Failures: 0, Errors: 0, Skipped: 0, Time elapsed: 1.081 s - in com.jcabi.http.RequestTest
[INFO] Running com.jcabi.http.mock.GrizzlyQueryTest
[INFO] Tests run: 1, Failures: 0, Errors: 0, Skipped: 0, Time elapsed: 0.23 s - in com.jcabi.http.mock.GrizzlyQueryTest
[INFO] Running com.jcabi.http.request.FakeRequestTest
[INFO] main com.jcabi.http.request.BaseRequest: #fetch(POST localhost:12345 /see-FakeRequest-class/helloall): [200 OK] in 0ms
[INFO] main com.jcabi.http.request.BaseRequest: #fetch(GET google.com /): [200 OK] in 0ms
[INFO] main com.jcabi.http.request.BaseRequest: #fetch(POST localhost:12345 /see-FakeRequest-class/binContent): [200 OK] in 0ms
[INFO] main com.jcabi.http.request.BaseRequest: #fetch(GET localhost:12345 /see-FakeRequest-class): [200 OK] in 0ms
[INFO] Tests run: 7, Failures: 0, Errors: 0, Skipped: 0, Time elapsed: 0.009 s - in com.jcabi.http.request.FakeRequestTest
[INFO] Running com.jcabi.http.response.RestResponseTest
[INFO] main com.jcabi.http.request.BaseRequest: #fetch(GET localhost:12345 /see-FakeRequest-class): [200 OK] in 0ms
[INFO] main com.jcabi.http.request.BaseRequest: #fetch(GET localhost:12345 /see-FakeRequest-class): [200 OK] in 0ms
[INFO] main com.jcabi.http.request.BaseRequest: #fetch(GET locahost:888 /tt): [200 OK] in 0ms
[INFO] main com.jcabi.http.request.BaseRequest: #fetch(GET localhost:12345 /see-FakeRequest-class): [200 OK] in 0ms
[INFO] main com.jcabi.http.request.BaseRequest: #fetch(GET localhost:12345 /see-FakeRequest-class): [200 OK] in 0ms
[INFO] Tests run: 5, Failures: 0, Errors: 0, Skipped: 0, Time elapsed: 0.01 s - in com.jcabi.http.response.RestResponseTest
[INFO] Running com.jcabi.http.RequestTimeoutLossTest
[INFO] main com.jcabi.http.request.BaseRequest: #fetch(GET localhost /api): [0 null] in 1ms
[INFO] main com.jcabi.http.request.BaseRequest: #fetch(GET localhost /api): [0 null] in 0ms
[INFO] main com.jcabi.http.request.BaseRequest: #fetch(GET localhost /): [0 null] in 0ms
[INFO] main com.jcabi.http.request.BaseRequest: #fetch(GET localhost /): [0 null] in 0ms
[INFO] main com.jcabi.http.request.BaseRequest: #fetch(GET localhost /): [0 null] in 0ms
[INFO] main com.jcabi.http.request.BaseRequest: #fetch(GET localhost /): [0 null] in 1ms
[INFO] main com.jcabi.http.request.BaseRequest: #fetch(GET localhost /): [0 null] in 0ms
[INFO] main com.jcabi.http.request.BaseRequest: #fetch(GET localhost /): [0 null] in 0ms
[INFO] main com.jcabi.http.request.BaseRequest: #fetch(GET localhost /): [0 null] in 0ms
[INFO] main com.jcabi.http.request.BaseRequest: #fetch(GET localhost /): [0 null] in 1ms
[INFO] main com.jcabi.http.request.BaseRequest: #fetch(GET localhost /): [0 null] in 1ms
[INFO] main com.jcabi.http.request.BaseRequest: #fetch(GET localhost /): [0 null] in 0ms
[INFO] main com.jcabi.http.request.BaseRequest: #fetch(GET null fake-url): [0 null] in 1ms
[INFO] main com.jcabi.http.request.BaseRequest: #fetch(GET localhost /): [0 null] in 0ms
[INFO] main com.jcabi.http.request.BaseRequest: #fetch(GET localhost /): [0 null] in 0ms
[INFO] Tests run: 15, Failures: 0, Errors: 0, Skipped: 0, Time elapsed: 0.102 s - in com.jcabi.http.RequestTimeoutLossTest
[INFO] Running com.jcabi.http.response.XmlResponseTest
[INFO] main com.jcabi.http.request.BaseRequest: #fetch(GET localhost:12345 /see-FakeRequest-class): [200 OK] in 0ms
[INFO] main com.jcabi.http.request.BaseRequest: #fetch(GET localhost:12345 /see-FakeRequest-class): [200 OK] in 0ms
[INFO] main com.jcabi.http.request.BaseRequest: #fetch(GET localhost:12345 /see-FakeRequest-class): [200 OK] in 0ms
[INFO] main com.jcabi.http.request.BaseRequest: #fetch(GET localhost:12345 /see-FakeRequest-class): [200 OK] in 0ms
[INFO] main com.jcabi.http.request.BaseRequest: #fetch(GET localhost:12345 /see-FakeRequest-class): [200 OK] in 0ms
[INFO] Tests run: 5, Failures: 0, Errors: 0, Skipped: 0, Time elapsed: 0.041 s - in com.jcabi.http.response.XmlResponseTest
[INFO] Running com.jcabi.http.wire.FcWireTest
Oct 01, 2025 2:59:20 PM org.glassfish.grizzly.http.server.NetworkListener start
INFO: Started listener bound to [0.0.0.0:39987]
Oct 01, 2025 2:59:20 PM org.glassfish.grizzly.http.server.HttpServer start
INFO: [HttpServer-77] Started.
[INFO] main com.jcabi.http.mock.MkGrizzlyContainer: started on port #39987
[DEBUG] main com.jcabi.http.wire.FcCache: directory created for /tmp/com.jcabi.http.wire.FcCache-22138404199143/GET_/_2F.json
[DEBUG] main com.jcabi.http.wire.FcCache: cache saved into /tmp/com.jcabi.http.wire.FcCache-22138404199143/GET_/_2F.json
[INFO] main com.jcabi.http.request.BaseRequest: #fetch(GET localhost:39987 /): [200 OK] in 7ms
[DEBUG] main com.jcabi.http.wire.FcCache: cache loaded from /tmp/com.jcabi.http.wire.FcCache-22138404199143/GET_/_2F.json
[INFO] main com.jcabi.http.request.BaseRequest: #fetch(GET localhost:39987 /): [200 OK] in 11ms
[DEBUG] main com.jcabi.http.wire.FcCache: cache invalidated in /tmp/com.jcabi.http.wire.FcCache-22138404199143
[INFO] main com.jcabi.http.request.BaseRequest: #fetch(POST localhost:39987 /flush): [200 OK] in 10ms
[DEBUG] main com.jcabi.http.wire.FcCache: directory created for /tmp/com.jcabi.http.wire.FcCache-22138404199143/GET_/_2F.json
[DEBUG] main com.jcabi.http.wire.FcCache: cache saved into /tmp/com.jcabi.http.wire.FcCache-22138404199143/GET_/_2F.json
[INFO] main com.jcabi.http.request.BaseRequest: #fetch(GET localhost:39987 /): [200 OK] in 6ms
[INFO] main com.jcabi.http.mock.MkGrizzlyContainer: stopped on port #39987
Oct 01, 2025 2:59:20 PM org.glassfish.grizzly.http.server.NetworkListener start
INFO: Started listener bound to [0.0.0.0:35693]
Oct 01, 2025 2:59:20 PM org.glassfish.grizzly.http.server.HttpServer start
INFO: [HttpServer-78] Started.
[INFO] main com.jcabi.http.mock.MkGrizzlyContainer: started on port #35693
[INFO] main com.jcabi.http.request.BaseRequest: #fetch(PUT localhost:35693 /): [200 OK] in 1ms
[INFO] main com.jcabi.http.request.BaseRequest: #fetch(PUT localhost:35693 /): [200 OK] in 1ms
[INFO] main com.jcabi.http.mock.MkGrizzlyContainer: stopped on port #35693
Oct 01, 2025 2:59:20 PM org.glassfish.grizzly.http.server.NetworkListener start
INFO: Started listener bound to [0.0.0.0:40163]
Oct 01, 2025 2:59:20 PM org.glassfish.grizzly.http.server.HttpServer start
INFO: [HttpServer-79] Started.
[INFO] main com.jcabi.http.mock.MkGrizzlyContainer: started on port #40163
[DEBUG] main com.jcabi.http.wire.FcCache: directory created for /tmp/com.jcabi.http.wire.FcCache-22138466661744/GET_/_2F.json
[DEBUG] main com.jcabi.http.wire.FcCache: cache saved into /tmp/com.jcabi.http.wire.FcCache-22138466661744/GET_/_2F.json
[INFO] main com.jcabi.http.request.BaseRequest: #fetch(GET localhost:40163 /): [200 OK] in 4ms
[DEBUG] main com.jcabi.http.wire.FcCache: cache loaded from /tmp/com.jcabi.http.wire.FcCache-22138466661744/GET_/_2F.json
[INFO] main com.jcabi.http.request.BaseRequest: #fetch(GET localhost:40163 /): [200 OK] in 0ms
[DEBUG] main com.jcabi.http.wire.FcCache: cache loaded from /tmp/com.jcabi.http.wire.FcCache-22138466661744/GET_/_2F.json
[INFO] main com.jcabi.http.request.BaseRequest: #fetch(GET localhost:40163 /): [200 OK] in 1ms
[DEBUG] main com.jcabi.http.wire.FcCache: cache loaded from /tmp/com.jcabi.http.wire.FcCache-22138466661744/GET_/_2F.json
[INFO] main com.jcabi.http.request.BaseRequest: #fetch(GET localhost:40163 /): [200 OK] in 0ms
[DEBUG] main com.jcabi.http.wire.FcCache: cache loaded from /tmp/com.jcabi.http.wire.FcCache-22138466661744/GET_/_2F.json
[INFO] main com.jcabi.http.request.BaseRequest: #fetch(GET localhost:40163 /): [200 OK] in 1ms
[DEBUG] main com.jcabi.http.wire.FcCache: cache loaded from /tmp/com.jcabi.http.wire.FcCache-22138466661744/GET_/_2F.json
[INFO] main com.jcabi.http.request.BaseRequest: #fetch(GET localhost:40163 /): [200 OK] in 0ms
[DEBUG] main com.jcabi.http.wire.FcCache: cache loaded from /tmp/com.jcabi.http.wire.FcCache-22138466661744/GET_/_2F.json
[INFO] main com.jcabi.http.request.BaseRequest: #fetch(GET localhost:40163 /): [200 OK] in 1ms
[DEBUG] main com.jcabi.http.wire.FcCache: cache loaded from /tmp/com.jcabi.http.wire.FcCache-22138466661744/GET_/_2F.json
[INFO] main com.jcabi.http.request.BaseRequest: #fetch(GET localhost:40163 /): [200 OK] in 0ms
[DEBUG] main com.jcabi.http.wire.FcCache: cache loaded from /tmp/com.jcabi.http.wire.FcCache-22138466661744/GET_/_2F.json
[INFO] main com.jcabi.http.request.BaseRequest: #fetch(GET localhost:40163 /): [200 OK] in 0ms
[DEBUG] main com.jcabi.http.wire.FcCache: cache loaded from /tmp/com.jcabi.http.wire.FcCache-22138466661744/GET_/_2F.json
[INFO] main com.jcabi.http.request.BaseRequest: #fetch(GET localhost:40163 /): [200 OK] in 1ms
[INFO] main com.jcabi.http.mock.MkGrizzlyContainer: stopped on port #40163
[INFO] Tests run: 3, Failures: 0, Errors: 0, Skipped: 0, Time elapsed: 0.083 s - in com.jcabi.http.wire.FcWireTest
[INFO] 
[INFO] Results:
[INFO] 
[ERROR] Failures: 
[ERROR]   JacksonResponseTest.cannotReadJsonAsArrayIfNotOne:152 Unexpected exception type thrown, expected: <java.io.IOException> but was: <java.lang.NoClassDefFoundError>
[ERROR]   JacksonResponseTest.cannotReadJsonAsObjectIfNotOne:228 Unexpected exception type thrown, expected: <java.io.IOException> but was: <java.lang.NoClassDefFoundError>
[ERROR]   JacksonResponseTest.invalidJsonArrayErrorHandlingIsLeftToJackson:126 Unexpected exception type thrown, expected: <java.io.IOException> but was: <java.lang.NoClassDefFoundError>
[ERROR]   JacksonResponseTest.invalidJsonErrorHandlingIsLeftToJackson:97 Unexpected exception type thrown, expected: <java.io.IOException> but was: <java.lang.NoClassDefFoundError>
[ERROR]   JacksonResponseTest.invalidJsonObjectErrorIsLeftToJackson:200 Unexpected exception type thrown, expected: <java.io.IOException> but was: <java.lang.NoClassDefFoundError>
[ERROR] Errors: 
[ERROR]   JacksonResponseTest.canParseUnquotedControlCharacters:79  NoClassDefFound com/fasterxml/jackson/core/exc/StreamConstraintsException
[ERROR]   JacksonResponseTest.canReadAsArrayIfOne:179  NoClassDefFound com/fasterxml/jackson/core/exc/StreamConstraintsException
[ERROR]   JacksonResponseTest.canReadAsObjectIfOne:255  NoClassDefFound com/fasterxml/jackson/core/exc/StreamConstraintsException
[ERROR]   JacksonResponseTest.canReadJsonDocument:59  NoClassDefFound com/fasterxml/jackson/core/exc/StreamConstraintsException
[INFO] 
[ERROR] Tests run: 148, Failures: 5, Errors: 4, Skipped: 0
[INFO] 
[INFO] ------------------------------------------------------------------------
[INFO] BUILD FAILURE
[INFO] ------------------------------------------------------------------------
[INFO] Total time:  22.845 s
[INFO] Finished at: 2025-10-01T14:59:20Z
[INFO] ------------------------------------------------------------------------
[WARNING] 
[WARNING] Plugin validation issues were detected in 5 plugin(s)
[WARNING] 
[WARNING]  * org.codehaus.mojo:buildnumber-maven-plugin:3.0.0
[WARNING]  * org.apache.maven.plugins:maven-compiler-plugin:3.10.1
[WARNING]  * org.apache.maven.plugins:maven-enforcer-plugin:3.1.0
[WARNING]  * org.apache.maven.plugins:maven-surefire-plugin:3.0.0-M7
[WARNING]  * org.apache.maven.plugins:maven-resources-plugin:3.3.0
[WARNING] 
[WARNING] For more or less details, use 'maven.plugin.validation' property with one of the values (case insensitive): [BRIEF, DEFAULT, VERBOSE]
[WARNING] 
[ERROR] Failed to execute goal org.apache.maven.plugins:maven-surefire-plugin:3.0.0-M7:test (default-test) on project jcabi-http: There are test failures.
[ERROR] 
[ERROR] Please refer to /jcabi-http/target/surefire-reports for the individual test results.
[ERROR] Please refer to dump files (if any exist) [date].dump, [date]-jvmRun[N].dump and [date].dumpstream.
[ERROR] -> [Help 1]
[ERROR] 
[ERROR] To see the full stack trace of the errors, re-run Maven with the -e switch.
[ERROR] Re-run Maven using the -X switch to enable full debug logging.
[ERROR] 
[ERROR] For more information about the errors and possible solutions, please read the following articles:
[ERROR] [Help 1] http://cwiki.apache.org/confluence/display/MAVEN/MojoFailureException
