[INFO] Scanning for projects...
[INFO] Inspecting build with total of 6 modules...
[INFO] Installing Nexus Staging features:
[INFO]   ... total of 6 executions of maven-deploy-plugin replaced with nexus-staging-maven-plugin
[INFO] ------------------------------------------------------------------------
[INFO] Reactor Build Order:
[INFO] 
[INFO] jadler-pom                                                         [pom]
[INFO] jadler-core                                                        [jar]
[INFO] jadler-jetty                                                       [jar]
[INFO] jadler-junit                                                       [jar]
[INFO] jadler-jdk                                                         [jar]
[INFO] jadler-all                                                         [jar]
[INFO] 
[INFO] -----------------------< net.jadler:jadler-pom >------------------------
[INFO] Building jadler-pom 1.3.2-SNAPSHOT                                 [1/6]
[INFO]   from pom.xml
[INFO] --------------------------------[ pom ]---------------------------------
[INFO] 
[INFO] --- clean:3.2.0:clean (default-clean) @ jadler-pom ---
[INFO] 
[INFO] --- enforcer:1.0:enforce (enforce-maven) @ jadler-pom ---
[INFO] 
[INFO] -----------------------< net.jadler:jadler-core >-----------------------
[INFO] Building jadler-core 1.3.2-SNAPSHOT                                [2/6]
[INFO]   from jadler-core/pom.xml
[INFO] --------------------------------[ jar ]---------------------------------
[INFO] 
[INFO] --- clean:3.2.0:clean (default-clean) @ jadler-core ---
[INFO] Deleting /jadler/jadler-core/target
[INFO] 
[INFO] --- enforcer:1.0:enforce (enforce-maven) @ jadler-core ---
[INFO] 
[INFO] --- resources:3.3.0:resources (default-resources) @ jadler-core ---
[INFO] skip non existing resourceDirectory /jadler/jadler-core/src/main/resources
[INFO] 
[INFO] --- compiler:3.10.1:compile (default-compile) @ jadler-core ---
[INFO] Changes detected - recompiling the module!
[INFO] Compiling 32 source files to /jadler/jadler-core/target/classes
[WARNING] Unable to autodetect 'javac' path, using 'javac' from the environment.
[WARNING] [options] bootstrap class path not set in conjunction with -source 6
[WARNING] [options] source value 6 is obsolete and will be removed in a future release
[WARNING] [options] target value 1.6 is obsolete and will be removed in a future release
[WARNING] [options] To suppress warnings about obsolete options, use -Xlint:-options.
[INFO] 
[INFO] --- resources:3.3.0:testResources (default-testResources) @ jadler-core ---
[INFO] Copying 1 resource
[INFO] 
[INFO] --- compiler:3.10.1:testCompile (default-testCompile) @ jadler-core ---
[INFO] Changes detected - recompiling the module!
[INFO] Compiling 18 source files to /jadler/jadler-core/target/test-classes
[WARNING] Unable to autodetect 'javac' path, using 'javac' from the environment.
[WARNING] [options] bootstrap class path not set in conjunction with -source 6
[WARNING] [options] source value 6 is obsolete and will be removed in a future release
[WARNING] [options] target value 1.6 is obsolete and will be removed in a future release
[WARNING] [options] To suppress warnings about obsolete options, use -Xlint:-options.
[INFO] 
[INFO] --- surefire:3.0.0:test (default-test) @ jadler-core ---
[INFO] Using auto detected provider org.apache.maven.surefire.junit4.JUnit4Provider
[INFO] 
[INFO] -------------------------------------------------------
[INFO]  T E S T S
[INFO] -------------------------------------------------------
[INFO] Running net.jadler.JadlerMockerTest
SLF4J: No SLF4J providers were found.
SLF4J: Defaulting to no-operation (NOP) logger implementation
SLF4J: See https://www.slf4j.org/codes.html#noProviders for further details.
SLF4J: Class path contains SLF4J bindings targeting slf4j-api versions 1.7.x or earlier.
SLF4J: Ignoring binding found at [jar:file:/root/.m2/repository/ch/qos/logback/logback-classic/1.2.11/logback-classic-1.2.11.jar!/org/slf4j/impl/StaticLoggerBinder.class]
SLF4J: See https://www.slf4j.org/codes.html#ignoredBindings for an explanation.
[ERROR] Tests run: 54, Failures: 0, Errors: 5, Skipped: 0, Time elapsed: 1.531 s <<< FAILURE! - in net.jadler.JadlerMockerTest
[ERROR] net.jadler.JadlerMockerTest.evaluateVerification_0_predicates_5_matching_negative  Time elapsed: 0.011 s  <<< ERROR!
java.lang.ClassCastException: class org.slf4j.helpers.NOPLoggerFactory cannot be cast to class ch.qos.logback.classic.LoggerContext (org.slf4j.helpers.NOPLoggerFactory and ch.qos.logback.classic.LoggerContext are in unnamed module of loader 'app')
	at net.jadler.JadlerMockerTest.addAppenderToStream(JadlerMockerTest.java:1092)
	at net.jadler.JadlerMockerTest.evaluateVerification_0_predicates_5_matching_negative(JadlerMockerTest.java:857)
	at java.base/jdk.internal.reflect.NativeMethodAccessorImpl.invoke0(Native Method)
	at java.base/jdk.internal.reflect.NativeMethodAccessorImpl.invoke(NativeMethodAccessorImpl.java:62)
	at java.base/jdk.internal.reflect.DelegatingMethodAccessorImpl.invoke(DelegatingMethodAccessorImpl.java:43)
	at java.base/java.lang.reflect.Method.invoke(Method.java:566)
	at org.junit.runners.model.FrameworkMethod$1.runReflectiveCall(FrameworkMethod.java:59)
	at org.junit.internal.runners.model.ReflectiveCallable.run(ReflectiveCallable.java:12)
	at org.junit.runners.model.FrameworkMethod.invokeExplosively(FrameworkMethod.java:56)
	at org.junit.internal.runners.statements.InvokeMethod.evaluate(InvokeMethod.java:17)
	at org.junit.runners.ParentRunner$3.evaluate(ParentRunner.java:306)
	at org.junit.runners.BlockJUnit4ClassRunner$1.evaluate(BlockJUnit4ClassRunner.java:100)
	at org.junit.runners.ParentRunner.runLeaf(ParentRunner.java:366)
	at org.junit.runners.BlockJUnit4ClassRunner.runChild(BlockJUnit4ClassRunner.java:103)
	at org.junit.runners.BlockJUnit4ClassRunner.runChild(BlockJUnit4ClassRunner.java:63)
	at org.junit.runners.ParentRunner$4.run(ParentRunner.java:331)
	at org.junit.runners.ParentRunner$1.schedule(ParentRunner.java:79)
	at org.junit.runners.ParentRunner.runChildren(ParentRunner.java:329)
	at org.junit.runners.ParentRunner.access$100(ParentRunner.java:66)
	at org.junit.runners.ParentRunner$2.evaluate(ParentRunner.java:293)
	at org.junit.runners.ParentRunner$3.evaluate(ParentRunner.java:306)
	at org.junit.runners.ParentRunner.run(ParentRunner.java:413)
	at org.apache.maven.surefire.junit4.JUnit4Provider.execute(JUnit4Provider.java:316)
	at org.apache.maven.surefire.junit4.JUnit4Provider.executeWithRerun(JUnit4Provider.java:240)
	at org.apache.maven.surefire.junit4.JUnit4Provider.executeTestSet(JUnit4Provider.java:214)
	at org.apache.maven.surefire.junit4.JUnit4Provider.invoke(JUnit4Provider.java:155)
	at org.apache.maven.surefire.booter.ForkedBooter.runSuitesInProcess(ForkedBooter.java:385)
	at org.apache.maven.surefire.booter.ForkedBooter.execute(ForkedBooter.java:162)
	at org.apache.maven.surefire.booter.ForkedBooter.run(ForkedBooter.java:507)
	at org.apache.maven.surefire.booter.ForkedBooter.main(ForkedBooter.java:495)

[ERROR] net.jadler.JadlerMockerTest.evaluateVerification_2_matching_negative  Time elapsed: 0.006 s  <<< ERROR!
java.lang.ClassCastException: class org.slf4j.helpers.NOPLoggerFactory cannot be cast to class ch.qos.logback.classic.LoggerContext (org.slf4j.helpers.NOPLoggerFactory and ch.qos.logback.classic.LoggerContext are in unnamed module of loader 'app')
	at net.jadler.JadlerMockerTest.addAppenderToStream(JadlerMockerTest.java:1092)
	at net.jadler.JadlerMockerTest.evaluateVerification_2_matching_negative(JadlerMockerTest.java:728)
	at java.base/jdk.internal.reflect.NativeMethodAccessorImpl.invoke0(Native Method)
	at java.base/jdk.internal.reflect.NativeMethodAccessorImpl.invoke(NativeMethodAccessorImpl.java:62)
	at java.base/jdk.internal.reflect.DelegatingMethodAccessorImpl.invoke(DelegatingMethodAccessorImpl.java:43)
	at java.base/java.lang.reflect.Method.invoke(Method.java:566)
	at org.junit.runners.model.FrameworkMethod$1.runReflectiveCall(FrameworkMethod.java:59)
	at org.junit.internal.runners.model.ReflectiveCallable.run(ReflectiveCallable.java:12)
	at org.junit.runners.model.FrameworkMethod.invokeExplosively(FrameworkMethod.java:56)
	at org.junit.internal.runners.statements.InvokeMethod.evaluate(InvokeMethod.java:17)
	at org.junit.runners.ParentRunner$3.evaluate(ParentRunner.java:306)
	at org.junit.runners.BlockJUnit4ClassRunner$1.evaluate(BlockJUnit4ClassRunner.java:100)
	at org.junit.runners.ParentRunner.runLeaf(ParentRunner.java:366)
	at org.junit.runners.BlockJUnit4ClassRunner.runChild(BlockJUnit4ClassRunner.java:103)
	at org.junit.runners.BlockJUnit4ClassRunner.runChild(BlockJUnit4ClassRunner.java:63)
	at org.junit.runners.ParentRunner$4.run(ParentRunner.java:331)
	at org.junit.runners.ParentRunner$1.schedule(ParentRunner.java:79)
	at org.junit.runners.ParentRunner.runChildren(ParentRunner.java:329)
	at org.junit.runners.ParentRunner.access$100(ParentRunner.java:66)
	at org.junit.runners.ParentRunner$2.evaluate(ParentRunner.java:293)
	at org.junit.runners.ParentRunner$3.evaluate(ParentRunner.java:306)
	at org.junit.runners.ParentRunner.run(ParentRunner.java:413)
	at org.apache.maven.surefire.junit4.JUnit4Provider.execute(JUnit4Provider.java:316)
	at org.apache.maven.surefire.junit4.JUnit4Provider.executeWithRerun(JUnit4Provider.java:240)
	at org.apache.maven.surefire.junit4.JUnit4Provider.executeTestSet(JUnit4Provider.java:214)
	at org.apache.maven.surefire.junit4.JUnit4Provider.invoke(JUnit4Provider.java:155)
	at org.apache.maven.surefire.booter.ForkedBooter.runSuitesInProcess(ForkedBooter.java:385)
	at org.apache.maven.surefire.booter.ForkedBooter.execute(ForkedBooter.java:162)
	at org.apache.maven.surefire.booter.ForkedBooter.run(ForkedBooter.java:507)
	at org.apache.maven.surefire.booter.ForkedBooter.main(ForkedBooter.java:495)

[ERROR] net.jadler.JadlerMockerTest.provideStubResponseFor2  Time elapsed: 0.005 s  <<< ERROR!
java.lang.ClassCastException: class org.slf4j.helpers.NOPLoggerFactory cannot be cast to class ch.qos.logback.classic.LoggerContext (org.slf4j.helpers.NOPLoggerFactory and ch.qos.logback.classic.LoggerContext are in unnamed module of loader 'app')
	at net.jadler.JadlerMockerTest.addAppenderToStream(JadlerMockerTest.java:1092)
	at net.jadler.JadlerMockerTest.provideStubResponseFor2(JadlerMockerTest.java:466)
	at java.base/jdk.internal.reflect.NativeMethodAccessorImpl.invoke0(Native Method)
	at java.base/jdk.internal.reflect.NativeMethodAccessorImpl.invoke(NativeMethodAccessorImpl.java:62)
	at java.base/jdk.internal.reflect.DelegatingMethodAccessorImpl.invoke(DelegatingMethodAccessorImpl.java:43)
	at java.base/java.lang.reflect.Method.invoke(Method.java:566)
	at org.junit.runners.model.FrameworkMethod$1.runReflectiveCall(FrameworkMethod.java:59)
	at org.junit.internal.runners.model.ReflectiveCallable.run(ReflectiveCallable.java:12)
	at org.junit.runners.model.FrameworkMethod.invokeExplosively(FrameworkMethod.java:56)
	at org.junit.internal.runners.statements.InvokeMethod.evaluate(InvokeMethod.java:17)
	at org.junit.runners.ParentRunner$3.evaluate(ParentRunner.java:306)
	at org.junit.runners.BlockJUnit4ClassRunner$1.evaluate(BlockJUnit4ClassRunner.java:100)
	at org.junit.runners.ParentRunner.runLeaf(ParentRunner.java:366)
	at org.junit.runners.BlockJUnit4ClassRunner.runChild(BlockJUnit4ClassRunner.java:103)
	at org.junit.runners.BlockJUnit4ClassRunner.runChild(BlockJUnit4ClassRunner.java:63)
	at org.junit.runners.ParentRunner$4.run(ParentRunner.java:331)
	at org.junit.runners.ParentRunner$1.schedule(ParentRunner.java:79)
	at org.junit.runners.ParentRunner.runChildren(ParentRunner.java:329)
	at org.junit.runners.ParentRunner.access$100(ParentRunner.java:66)
	at org.junit.runners.ParentRunner$2.evaluate(ParentRunner.java:293)
	at org.junit.runners.ParentRunner$3.evaluate(ParentRunner.java:306)
	at org.junit.runners.ParentRunner.run(ParentRunner.java:413)
	at org.apache.maven.surefire.junit4.JUnit4Provider.execute(JUnit4Provider.java:316)
	at org.apache.maven.surefire.junit4.JUnit4Provider.executeWithRerun(JUnit4Provider.java:240)
	at org.apache.maven.surefire.junit4.JUnit4Provider.executeTestSet(JUnit4Provider.java:214)
	at org.apache.maven.surefire.junit4.JUnit4Provider.invoke(JUnit4Provider.java:155)
	at org.apache.maven.surefire.booter.ForkedBooter.runSuitesInProcess(ForkedBooter.java:385)
	at org.apache.maven.surefire.booter.ForkedBooter.execute(ForkedBooter.java:162)
	at org.apache.maven.surefire.booter.ForkedBooter.run(ForkedBooter.java:507)
	at org.apache.maven.surefire.booter.ForkedBooter.main(ForkedBooter.java:495)

[ERROR] net.jadler.JadlerMockerTest.evaluateVerification_0_matching_negative  Time elapsed: 0.004 s  <<< ERROR!
java.lang.ClassCastException: class org.slf4j.helpers.NOPLoggerFactory cannot be cast to class ch.qos.logback.classic.LoggerContext (org.slf4j.helpers.NOPLoggerFactory and ch.qos.logback.classic.LoggerContext are in unnamed module of loader 'app')
	at net.jadler.JadlerMockerTest.addAppenderToStream(JadlerMockerTest.java:1092)
	at net.jadler.JadlerMockerTest.evaluateVerification_0_matching_negative(JadlerMockerTest.java:804)
	at java.base/jdk.internal.reflect.NativeMethodAccessorImpl.invoke0(Native Method)
	at java.base/jdk.internal.reflect.NativeMethodAccessorImpl.invoke(NativeMethodAccessorImpl.java:62)
	at java.base/jdk.internal.reflect.DelegatingMethodAccessorImpl.invoke(DelegatingMethodAccessorImpl.java:43)
	at java.base/java.lang.reflect.Method.invoke(Method.java:566)
	at org.junit.runners.model.FrameworkMethod$1.runReflectiveCall(FrameworkMethod.java:59)
	at org.junit.internal.runners.model.ReflectiveCallable.run(ReflectiveCallable.java:12)
	at org.junit.runners.model.FrameworkMethod.invokeExplosively(FrameworkMethod.java:56)
	at org.junit.internal.runners.statements.InvokeMethod.evaluate(InvokeMethod.java:17)
	at org.junit.runners.ParentRunner$3.evaluate(ParentRunner.java:306)
	at org.junit.runners.BlockJUnit4ClassRunner$1.evaluate(BlockJUnit4ClassRunner.java:100)
	at org.junit.runners.ParentRunner.runLeaf(ParentRunner.java:366)
	at org.junit.runners.BlockJUnit4ClassRunner.runChild(BlockJUnit4ClassRunner.java:103)
	at org.junit.runners.BlockJUnit4ClassRunner.runChild(BlockJUnit4ClassRunner.java:63)
	at org.junit.runners.ParentRunner$4.run(ParentRunner.java:331)
	at org.junit.runners.ParentRunner$1.schedule(ParentRunner.java:79)
	at org.junit.runners.ParentRunner.runChildren(ParentRunner.java:329)
	at org.junit.runners.ParentRunner.access$100(ParentRunner.java:66)
	at org.junit.runners.ParentRunner$2.evaluate(ParentRunner.java:293)
	at org.junit.runners.ParentRunner$3.evaluate(ParentRunner.java:306)
	at org.junit.runners.ParentRunner.run(ParentRunner.java:413)
	at org.apache.maven.surefire.junit4.JUnit4Provider.execute(JUnit4Provider.java:316)
	at org.apache.maven.surefire.junit4.JUnit4Provider.executeWithRerun(JUnit4Provider.java:240)
	at org.apache.maven.surefire.junit4.JUnit4Provider.executeTestSet(JUnit4Provider.java:214)
	at org.apache.maven.surefire.junit4.JUnit4Provider.invoke(JUnit4Provider.java:155)
	at org.apache.maven.surefire.booter.ForkedBooter.runSuitesInProcess(ForkedBooter.java:385)
	at org.apache.maven.surefire.booter.ForkedBooter.execute(ForkedBooter.java:162)
	at org.apache.maven.surefire.booter.ForkedBooter.run(ForkedBooter.java:507)
	at org.apache.maven.surefire.booter.ForkedBooter.main(ForkedBooter.java:495)

[ERROR] net.jadler.JadlerMockerTest.evaluateVerification_0_requests_0_matching_negative  Time elapsed: 0.003 s  <<< ERROR!
java.lang.ClassCastException: class org.slf4j.helpers.NOPLoggerFactory cannot be cast to class ch.qos.logback.classic.LoggerContext (org.slf4j.helpers.NOPLoggerFactory and ch.qos.logback.classic.LoggerContext are in unnamed module of loader 'app')
	at net.jadler.JadlerMockerTest.addAppenderToStream(JadlerMockerTest.java:1092)
	at net.jadler.JadlerMockerTest.evaluateVerification_0_requests_0_matching_negative(JadlerMockerTest.java:900)
	at java.base/jdk.internal.reflect.NativeMethodAccessorImpl.invoke0(Native Method)
	at java.base/jdk.internal.reflect.NativeMethodAccessorImpl.invoke(NativeMethodAccessorImpl.java:62)
	at java.base/jdk.internal.reflect.DelegatingMethodAccessorImpl.invoke(DelegatingMethodAccessorImpl.java:43)
	at java.base/java.lang.reflect.Method.invoke(Method.java:566)
	at org.junit.runners.model.FrameworkMethod$1.runReflectiveCall(FrameworkMethod.java:59)
	at org.junit.internal.runners.model.ReflectiveCallable.run(ReflectiveCallable.java:12)
	at org.junit.runners.model.FrameworkMethod.invokeExplosively(FrameworkMethod.java:56)
	at org.junit.internal.runners.statements.InvokeMethod.evaluate(InvokeMethod.java:17)
	at org.junit.runners.ParentRunner$3.evaluate(ParentRunner.java:306)
	at org.junit.runners.BlockJUnit4ClassRunner$1.evaluate(BlockJUnit4ClassRunner.java:100)
	at org.junit.runners.ParentRunner.runLeaf(ParentRunner.java:366)
	at org.junit.runners.BlockJUnit4ClassRunner.runChild(BlockJUnit4ClassRunner.java:103)
	at org.junit.runners.BlockJUnit4ClassRunner.runChild(BlockJUnit4ClassRunner.java:63)
	at org.junit.runners.ParentRunner$4.run(ParentRunner.java:331)
	at org.junit.runners.ParentRunner$1.schedule(ParentRunner.java:79)
	at org.junit.runners.ParentRunner.runChildren(ParentRunner.java:329)
	at org.junit.runners.ParentRunner.access$100(ParentRunner.java:66)
	at org.junit.runners.ParentRunner$2.evaluate(ParentRunner.java:293)
	at org.junit.runners.ParentRunner$3.evaluate(ParentRunner.java:306)
	at org.junit.runners.ParentRunner.run(ParentRunner.java:413)
	at org.apache.maven.surefire.junit4.JUnit4Provider.execute(JUnit4Provider.java:316)
	at org.apache.maven.surefire.junit4.JUnit4Provider.executeWithRerun(JUnit4Provider.java:240)
	at org.apache.maven.surefire.junit4.JUnit4Provider.executeTestSet(JUnit4Provider.java:214)
	at org.apache.maven.surefire.junit4.JUnit4Provider.invoke(JUnit4Provider.java:155)
	at org.apache.maven.surefire.booter.ForkedBooter.runSuitesInProcess(ForkedBooter.java:385)
	at org.apache.maven.surefire.booter.ForkedBooter.execute(ForkedBooter.java:162)
	at org.apache.maven.surefire.booter.ForkedBooter.run(ForkedBooter.java:507)
	at org.apache.maven.surefire.booter.ForkedBooter.main(ForkedBooter.java:495)

[INFO] Running net.jadler.AbstractRequestMatchingTest
[INFO] Tests run: 22, Failures: 0, Errors: 0, Skipped: 0, Time elapsed: 0.024 s - in net.jadler.AbstractRequestMatchingTest
[INFO] Running net.jadler.stubbing.StubResponseTest
[INFO] Tests run: 24, Failures: 0, Errors: 0, Skipped: 0, Time elapsed: 0.032 s - in net.jadler.stubbing.StubResponseTest
[INFO] Running net.jadler.stubbing.HttpStubTest
[INFO] Tests run: 6, Failures: 0, Errors: 0, Skipped: 0, Time elapsed: 0.035 s - in net.jadler.stubbing.HttpStubTest
[INFO] Running net.jadler.stubbing.StubbingTest
[INFO] Tests run: 15, Failures: 0, Errors: 0, Skipped: 0, Time elapsed: 0.328 s - in net.jadler.stubbing.StubbingTest
[INFO] Running net.jadler.stubbing.StaticResponderTest
[INFO] Tests run: 5, Failures: 0, Errors: 0, Skipped: 0, Time elapsed: 0.087 s - in net.jadler.stubbing.StaticResponderTest
[INFO] Running net.jadler.stubbing.MutableStubResponseTest
[INFO] Tests run: 11, Failures: 0, Errors: 0, Skipped: 0, Time elapsed: 0.013 s - in net.jadler.stubbing.MutableStubResponseTest
[INFO] Running net.jadler.mocking.VerifyingTest
[INFO] Tests run: 12, Failures: 0, Errors: 0, Skipped: 0, Time elapsed: 0.088 s - in net.jadler.mocking.VerifyingTest
[INFO] Running net.jadler.KeyValuesTest
[INFO] Tests run: 22, Failures: 0, Errors: 0, Skipped: 0, Time elapsed: 0.012 s - in net.jadler.KeyValuesTest
[INFO] Running net.jadler.matchers.PathRequestMatcherTest
[INFO] Tests run: 3, Failures: 0, Errors: 0, Skipped: 0, Time elapsed: 0.011 s - in net.jadler.matchers.PathRequestMatcherTest
[INFO] Running net.jadler.matchers.MethodRequestMatcherTest
[INFO] Tests run: 2, Failures: 0, Errors: 0, Skipped: 0, Time elapsed: 0.006 s - in net.jadler.matchers.MethodRequestMatcherTest
[INFO] Running net.jadler.matchers.HeaderRequestMatcherTest
[INFO] Tests run: 4, Failures: 0, Errors: 0, Skipped: 0, Time elapsed: 0.004 s - in net.jadler.matchers.HeaderRequestMatcherTest
[INFO] Running net.jadler.matchers.ParameterRequestMatcherTest
[INFO] Tests run: 4, Failures: 0, Errors: 0, Skipped: 0, Time elapsed: 0.014 s - in net.jadler.matchers.ParameterRequestMatcherTest
[INFO] Running net.jadler.matchers.QueryStringRequestMatcherTest
[INFO] Tests run: 4, Failures: 0, Errors: 0, Skipped: 0, Time elapsed: 0.016 s - in net.jadler.matchers.QueryStringRequestMatcherTest
[INFO] Running net.jadler.matchers.RawBodyRequestMatcherTest
[INFO] Tests run: 3, Failures: 0, Errors: 0, Skipped: 0, Time elapsed: 0.003 s - in net.jadler.matchers.RawBodyRequestMatcherTest
[INFO] Running net.jadler.matchers.BodyRequestMatcherTest
[INFO] Tests run: 3, Failures: 0, Errors: 0, Skipped: 0, Time elapsed: 0.007 s - in net.jadler.matchers.BodyRequestMatcherTest
[INFO] Running net.jadler.matchers.RequestMatcherTest
[INFO] Tests run: 8, Failures: 0, Errors: 0, Skipped: 0, Time elapsed: 0.04 s - in net.jadler.matchers.RequestMatcherTest
[INFO] Running net.jadler.RequestTest
[INFO] Tests run: 33, Failures: 0, Errors: 0, Skipped: 0, Time elapsed: 0.004 s - in net.jadler.RequestTest
[INFO] 
[INFO] Results:
[INFO] 
[ERROR] Errors: 
[ERROR]   JadlerMockerTest.evaluateVerification_0_matching_negative:804->addAppenderToStream:1092 ClassCast class org.slf4j.helpers.NOPLoggerFactory cannot be cast to class ch.qos.logback.classic.LoggerContext (org.slf4j.helpers.NOPLoggerFactory and ch.qos.logback.classic.LoggerContext are in unnamed module of loader 'app')
[ERROR]   JadlerMockerTest.evaluateVerification_0_predicates_5_matching_negative:857->addAppenderToStream:1092 ClassCast class org.slf4j.helpers.NOPLoggerFactory cannot be cast to class ch.qos.logback.classic.LoggerContext (org.slf4j.helpers.NOPLoggerFactory and ch.qos.logback.classic.LoggerContext are in unnamed module of loader 'app')
[ERROR]   JadlerMockerTest.evaluateVerification_0_requests_0_matching_negative:900->addAppenderToStream:1092 ClassCast class org.slf4j.helpers.NOPLoggerFactory cannot be cast to class ch.qos.logback.classic.LoggerContext (org.slf4j.helpers.NOPLoggerFactory and ch.qos.logback.classic.LoggerContext are in unnamed module of loader 'app')
[ERROR]   JadlerMockerTest.evaluateVerification_2_matching_negative:728->addAppenderToStream:1092 ClassCast class org.slf4j.helpers.NOPLoggerFactory cannot be cast to class ch.qos.logback.classic.LoggerContext (org.slf4j.helpers.NOPLoggerFactory and ch.qos.logback.classic.LoggerContext are in unnamed module of loader 'app')
[ERROR]   JadlerMockerTest.provideStubResponseFor2:466->addAppenderToStream:1092 ClassCast class org.slf4j.helpers.NOPLoggerFactory cannot be cast to class ch.qos.logback.classic.LoggerContext (org.slf4j.helpers.NOPLoggerFactory and ch.qos.logback.classic.LoggerContext are in unnamed module of loader 'app')
[INFO] 
[ERROR] Tests run: 235, Failures: 0, Errors: 5, Skipped: 0
[INFO] 
[INFO] ------------------------------------------------------------------------
[INFO] Reactor Summary for jadler-pom 1.3.2-SNAPSHOT:
[INFO] 
[INFO] jadler-pom ......................................... SUCCESS [  0.205 s]
[INFO] jadler-core ........................................ FAILURE [  5.245 s]
[INFO] jadler-jetty ....................................... SKIPPED
[INFO] jadler-junit ....................................... SKIPPED
[INFO] jadler-jdk ......................................... SKIPPED
[INFO] jadler-all ......................................... SKIPPED
[INFO] ------------------------------------------------------------------------
[INFO] BUILD FAILURE
[INFO] ------------------------------------------------------------------------
[INFO] Total time:  6.245 s
[INFO] Finished at: 2025-10-01T15:07:15Z
[INFO] ------------------------------------------------------------------------
[WARNING] 
[WARNING] Plugin validation issues were detected in 3 plugin(s)
[WARNING] 
[WARNING]  * org.apache.maven.plugins:maven-compiler-plugin:3.10.1
[WARNING]  * org.apache.maven.plugins:maven-resources-plugin:3.3.0
[WARNING]  * org.apache.maven.plugins:maven-enforcer-plugin:1.0
[WARNING] 
[WARNING] For more or less details, use 'maven.plugin.validation' property with one of the values (case insensitive): [BRIEF, DEFAULT, VERBOSE]
[WARNING] 
[ERROR] Failed to execute goal org.apache.maven.plugins:maven-surefire-plugin:3.0.0:test (default-test) on project jadler-core: 
[ERROR] 
[ERROR] Please refer to /jadler/jadler-core/target/surefire-reports for the individual test results.
[ERROR] Please refer to dump files (if any exist) [date].dump, [date]-jvmRun[N].dump and [date].dumpstream.
[ERROR] -> [Help 1]
[ERROR] 
[ERROR] To see the full stack trace of the errors, re-run Maven with the -e switch.
[ERROR] Re-run Maven using the -X switch to enable full debug logging.
[ERROR] 
[ERROR] For more information about the errors and possible solutions, please read the following articles:
[ERROR] [Help 1] http://cwiki.apache.org/confluence/display/MAVEN/MojoFailureException
[ERROR] 
[ERROR] After correcting the problems, you can resume the build with the command
[ERROR]   mvn <args> -rf :jadler-core
