[INFO] Scanning for projects...
[INFO] 
[INFO] -----------------------< uk.gov.pay:pay-cardid >------------------------
[INFO] Building pay-cardid 0.1-SNAPSHOT
[INFO]   from pom.xml
[INFO] --------------------------------[ jar ]---------------------------------
[INFO] 
[INFO] --- clean:3.1.0:clean (default-clean) @ pay-cardid ---
[INFO] Deleting /pay-cardid/target
[INFO] 
[INFO] --- resources:3.2.0:copy-resources (copy-resources) @ pay-cardid ---
[INFO] Using 'UTF-8' encoding to copy filtered resources.
[INFO] Using 'UTF-8' encoding to copy filtered properties files.
[INFO] Copying 1 resource
[INFO] 
[INFO] --- resources:3.2.0:resources (default-resources) @ pay-cardid ---
[INFO] Using 'UTF-8' encoding to copy filtered resources.
[INFO] Using 'UTF-8' encoding to copy filtered properties files.
[INFO] Copying 2 resources
[INFO] 
[INFO] --- compiler:3.8.1:compile (default-compile) @ pay-cardid ---
[INFO] Changes detected - recompiling the module!
[INFO] Compiling 15 source files to /pay-cardid/target/classes
[INFO] /pay-cardid/src/main/java/uk/gov/pay/card/model/CardInformationRequest.java: /pay-cardid/src/main/java/uk/gov/pay/card/model/CardInformationRequest.java uses or overrides a deprecated API.
[INFO] /pay-cardid/src/main/java/uk/gov/pay/card/model/CardInformationRequest.java: Recompile with -Xlint:deprecation for details.
[INFO] 
[INFO] --- resources:3.2.0:testResources (default-testResources) @ pay-cardid ---
[INFO] Using 'UTF-8' encoding to copy filtered resources.
[INFO] Using 'UTF-8' encoding to copy filtered properties files.
[INFO] Copying 6 resources
[INFO] 
[INFO] --- compiler:3.8.1:testCompile (default-testCompile) @ pay-cardid ---
[INFO] Changes detected - recompiling the module!
[INFO] Compiling 7 source files to /pay-cardid/target/test-classes
[INFO] 
[INFO] --- surefire:2.22.2:test (default-test) @ pay-cardid ---
[INFO] 
[INFO] -------------------------------------------------------
[INFO]  T E S T S
[INFO] -------------------------------------------------------
[INFO] Running uk.gov.pay.card.it.resources.CardIdResourceITest
[ERROR] Tests run: 1, Failures: 0, Errors: 1, Skipped: 0, Time elapsed: 3.383 s <<< FAILURE! - in uk.gov.pay.card.it.resources.CardIdResourceITest
[ERROR] uk.gov.pay.card.it.resources.CardIdResourceITest  Time elapsed: 3.382 s  <<< ERROR!
io.dropwizard.configuration.ConfigurationParsingException: 
/pay-cardid/target/classes/config/config.yaml has an error:
  * Unrecognized field at: logging.appenders.[1].stacktraceAppPackages
    Did you mean?:
      - inAppExcludes
      - inAppIncludes
      - serverName
      - filterFactories
      - messageRate
        [13 more]

Caused by: com.fasterxml.jackson.databind.exc.UnrecognizedPropertyException: 
Unrecognized field "stacktraceAppPackages" (class org.dhatim.dropwizard.sentry.logging.SentryAppenderFactory), not marked as ignorable (18 known properties: "neverBlock", "discardingThreshold", "layout", "threshold", "serverName", "filterFactories", "queueSize", "environment", "inAppExcludes", "timeZone", "logFormat", "includeCallerData", "dsn", "messageRate", "configurator", "tags", "release", "inAppIncludes"])
 at [Source: UNKNOWN; byte offset: #UNKNOWN] (through reference chain: uk.gov.pay.card.app.config.CardConfiguration["logging"]->io.dropwizard.logging.DefaultLoggingFactory["appenders"]->java.util.ArrayList[1]->org.dhatim.dropwizard.sentry.logging.SentryAppenderFactory["stacktraceAppPackages"])

[INFO] Running uk.gov.pay.card.db.RangeSetCardInformationStoreTest
[INFO] Tests run: 3, Failures: 0, Errors: 0, Skipped: 0, Time elapsed: 1.357 s - in uk.gov.pay.card.db.RangeSetCardInformationStoreTest
[INFO] Running uk.gov.pay.card.db.loader.BinRangeParserTest
[INFO] Tests run: 20, Failures: 0, Errors: 0, Skipped: 0, Time elapsed: 0.025 s - in uk.gov.pay.card.db.loader.BinRangeParserTest
[INFO] Running uk.gov.pay.card.db.loader.BinRangeDataLoaderTest
[INFO] Tests run: 4, Failures: 0, Errors: 0, Skipped: 0, Time elapsed: 0.113 s - in uk.gov.pay.card.db.loader.BinRangeDataLoaderTest
[INFO] Running uk.gov.pay.card.service.CardServiceTest
[INFO] Tests run: 3, Failures: 0, Errors: 0, Skipped: 0, Time elapsed: 0.038 s - in uk.gov.pay.card.service.CardServiceTest
[INFO] Running uk.gov.pay.card.resources.HealthCheckResourceTest
[INFO] Tests run: 3, Failures: 0, Errors: 0, Skipped: 0, Time elapsed: 0.647 s - in uk.gov.pay.card.resources.HealthCheckResourceTest
[INFO] 
[INFO] Results:
[INFO] 
[ERROR] Errors: 
[ERROR]   CardIdResourceITest Â» ConfigurationParsing /pay-cardid/target/classes/config/c...
[INFO] 
[ERROR] Tests run: 34, Failures: 0, Errors: 1, Skipped: 0
[INFO] 
[INFO] ------------------------------------------------------------------------
[INFO] BUILD FAILURE
[INFO] ------------------------------------------------------------------------
[INFO] Total time:  18.719 s
[INFO] Finished at: 2025-10-01T15:36:16Z
[INFO] ------------------------------------------------------------------------
[WARNING] 
[WARNING] Plugin validation issues were detected in 4 plugin(s)
[WARNING] 
[WARNING]  * org.apache.maven.plugins:maven-resources-plugin:3.2.0
[WARNING]  * org.apache.maven.plugins:maven-compiler-plugin:3.8.1
[WARNING]  * org.apache.maven.plugins:maven-clean-plugin:3.1.0
[WARNING]  * org.apache.maven.plugins:maven-surefire-plugin:2.22.2
[WARNING] 
[WARNING] For more or less details, use 'maven.plugin.validation' property with one of the values (case insensitive): [BRIEF, DEFAULT, VERBOSE]
[WARNING] 
[ERROR] Failed to execute goal org.apache.maven.plugins:maven-surefire-plugin:2.22.2:test (default-test) on project pay-cardid: There are test failures.
[ERROR] 
[ERROR] Please refer to /pay-cardid/target/surefire-reports for the individual test results.
[ERROR] Please refer to dump files (if any exist) [date].dump, [date]-jvmRun[N].dump and [date].dumpstream.
[ERROR] -> [Help 1]
[ERROR] 
[ERROR] To see the full stack trace of the errors, re-run Maven with the -e switch.
[ERROR] Re-run Maven using the -X switch to enable full debug logging.
[ERROR] 
[ERROR] For more information about the errors and possible solutions, please read the following articles:
[ERROR] [Help 1] http://cwiki.apache.org/confluence/display/MAVEN/MojoFailureException
