[INFO] Scanning for projects...
[INFO] 
[INFO] ------------------< de.refactoringBot:RefactoringBot >------------------
[INFO] Building Refactoring-Bot 0.0.1-SNAPSHOT
[INFO]   from pom.xml
[INFO] --------------------------------[ jar ]---------------------------------
[INFO] 
[INFO] --- clean:3.1.0:clean (default-clean) @ RefactoringBot ---
[INFO] Deleting /Refactoring-Bot/target
[INFO] 
[INFO] --- antlr4:4.7.2:antlr4 (default) @ RefactoringBot ---
[INFO] ANTLR 4: Processing source directory /Refactoring-Bot/src/main/antlr4
[INFO] Processing grammar: botGrammar/BotOperations.g4
[INFO] 
[INFO] --- resources:3.1.0:resources (default-resources) @ RefactoringBot ---
[INFO] Using 'UTF-8' encoding to copy filtered resources.
[INFO] Copying 1 resource
[INFO] Copying 0 resource
[INFO] 
[INFO] --- compiler:3.8.1:compile (default-compile) @ RefactoringBot ---
[INFO] Changes detected - recompiling the module!
[INFO] Compiling 112 source files to /Refactoring-Bot/target/classes
[INFO] /Refactoring-Bot/src/main/java/de/refactoringbot/configuration/WebConfig.java: /Refactoring-Bot/src/main/java/de/refactoringbot/configuration/WebConfig.java uses or overrides a deprecated API.
[INFO] /Refactoring-Bot/src/main/java/de/refactoringbot/configuration/WebConfig.java: Recompile with -Xlint:deprecation for details.
[INFO] 
[INFO] --- resources:3.1.0:testResources (default-testResources) @ RefactoringBot ---
[INFO] Using 'UTF-8' encoding to copy filtered resources.
[INFO] skip non existing resourceDirectory /Refactoring-Bot/src/test/resources
[INFO] 
[INFO] --- compiler:3.8.1:testCompile (default-testCompile) @ RefactoringBot ---
[INFO] Changes detected - recompiling the module!
[INFO] Compiling 38 source files to /Refactoring-Bot/target/test-classes
[INFO] 
[INFO] --- surefire:2.22.2:test (default-test) @ RefactoringBot ---
[INFO] Tests are skipped.
[INFO] 
[INFO] --- surefire:2.22.2:test (unit-tests) @ RefactoringBot ---
[INFO] 
[INFO] -------------------------------------------------------
[INFO]  T E S T S
[INFO] -------------------------------------------------------
[INFO] Running de.refactoringbot.refactorings.ReorderModifiersTest
16:31:09.990 [main] INFO de.refactoringbot.refactorings.ReorderModifiersTest - Reordered modifiers to comply with the Java Language Specification
16:31:10.069 [main] INFO de.refactoringbot.refactorings.ReorderModifiersTest - Reordered modifiers to comply with the Java Language Specification
16:31:10.094 [main] INFO de.refactoringbot.refactorings.ReorderModifiersTest - Reordered modifiers to comply with the Java Language Specification
16:31:10.116 [main] INFO de.refactoringbot.refactorings.ReorderModifiersTest - Reordered modifiers to comply with the Java Language Specification
[INFO] Tests run: 5, Failures: 0, Errors: 0, Skipped: 0, Time elapsed: 0.896 s - in de.refactoringbot.refactorings.ReorderModifiersTest
[INFO] Running de.refactoringbot.refactorings.AddOverrideAnnotationTest
16:31:10.166 [main] INFO de.refactoringbot.refactorings.AddOverrideAnnotationTest - Added override annotation to method 'getLineOfMethodWithMissingOverrideAnnotation'
16:31:10.273 [main] INFO de.refactoringbot.refactorings.AddOverrideAnnotationTest - Added override annotation to method 'getLineOfMethodWithMissingOverrideAnnotation2'
16:31:10.295 [main] INFO de.refactoringbot.refactorings.AddOverrideAnnotationTest - Added override annotation to method 'getLineOfMethodWithMissingOverrideAnnotation3'
16:31:10.318 [main] INFO de.refactoringbot.refactorings.AddOverrideAnnotationTest - Added override annotation to method 'getLineOfMethodWithMissingOverrideAnnotation4'
[INFO] Tests run: 5, Failures: 0, Errors: 0, Skipped: 0, Time elapsed: 0.173 s - in de.refactoringbot.refactorings.AddOverrideAnnotationTest
[INFO] Running de.refactoringbot.refactorings.RenameMethodTest
16:31:10.787 [main] INFO de.refactoringbot.refactorings.RenameMethodTest - Renamed method 'getLineOfMethodToBeRenamed' to 'newMethodName'
16:31:11.849 [main] INFO de.refactoringbot.refactorings.RenameMethodTest - Renamed method 'getLineOfMethodToBeRenamed' to 'newMethodName'
16:31:11.918 [main] INFO de.refactoringbot.refactorings.RenameMethodTest - Renamed method 'getLineOfMethodPlacedInAndAfterInnerClass' to 'newMethodName'
16:31:12.022 [main] INFO de.refactoringbot.refactorings.RenameMethodTest - Renamed method 'getLineOfInterfaceMethod' to 'newMethodName'
16:31:12.130 [main] INFO de.refactoringbot.refactorings.RenameMethodTest - Renamed method 'getLineOfInterfaceMethod' to 'newMethodName'
16:31:12.233 [main] INFO de.refactoringbot.refactorings.RenameMethodTest - Renamed method 'getLineOfInterfaceMethod' to 'newMethodName'
16:31:12.318 [main] INFO de.refactoringbot.refactorings.RenameMethodTest - Renamed method 'getLineOfMethodToBeRenamed' to 'newMethodName'
16:31:12.397 [main] INFO de.refactoringbot.refactorings.RenameMethodTest - Renamed method 'getLineOfMethodToBeRenamed' to 'newMethodName'
16:31:12.458 [main] INFO de.refactoringbot.refactorings.RenameMethodTest - Renamed method 'getLineOfMethodToBeRenamed' to 'newMethodName'
16:31:12.560 [main] INFO de.refactoringbot.refactorings.RenameMethodTest - Renamed method 'getLineOfMethodToBeRenamed' to 'newMethodName'
[INFO] Tests run: 12, Failures: 0, Errors: 0, Skipped: 0, Time elapsed: 2.242 s - in de.refactoringbot.refactorings.RenameMethodTest
[INFO] Running de.refactoringbot.refactorings.RemoveCommentedOutCodeTest
16:31:12.600 [main] INFO de.refactoringbot.refactorings.RemoveCommentedOutCodeTest - Removed 1 line(s) of commented out code (line 49-49)
16:31:12.619 [main] INFO de.refactoringbot.refactorings.RemoveCommentedOutCodeTest - Removed 10 line(s) of commented out code (line 35-44)
16:31:12.632 [main] INFO de.refactoringbot.refactorings.RemoveCommentedOutCodeTest - Removed 4 line(s) of commented out code (line 17-20)
16:31:12.645 [main] INFO de.refactoringbot.refactorings.RemoveCommentedOutCodeTest - Removed 3 line(s) of commented out code (line 6-8)
16:31:12.658 [main] INFO de.refactoringbot.refactorings.RemoveCommentedOutCodeTest - Removed 6 line(s) of commented out code (line 25-30)
16:31:12.673 [main] INFO de.refactoringbot.refactorings.RemoveCommentedOutCodeTest - Removed 3 line(s) of commented out code (line 10-12)
16:31:12.704 [main] INFO de.refactoringbot.refactorings.RemoveCommentedOutCodeTest - Removed 5 line(s) of commented out code (line 53-57)
[INFO] Tests run: 8, Failures: 0, Errors: 0, Skipped: 0, Time elapsed: 0.133 s - in de.refactoringbot.refactorings.RemoveCommentedOutCodeTest
[INFO] Running de.refactoringbot.refactorings.RemoveMethodParameterTest
16:31:12.854 [main] INFO de.refactoringbot.refactorings.RemoveMethodParameterTest - Removed parameter 'b' from method 'getLineOfMethodWithUnusedParameter(int, int, int)'
16:31:12.896 [main] INFO de.refactoringbot.refactorings.RemoveMethodParameterTest - Removed parameter 'b' from method 'getLineOfMethodPlacedInAndAfterInnerClass(int, int, int)'
16:31:12.937 [main] INFO de.refactoringbot.refactorings.RemoveMethodParameterTest - Removed parameter 'b' from method 'getLineOfMethodWithUnusedParameter(int, int, int)'
16:31:12.993 [main] INFO de.refactoringbot.refactorings.RemoveMethodParameterTest - Removed parameter 'b' from method 'getLineOfMethodWithUnusedParameter(int, int, int)'
16:31:13.056 [main] INFO de.refactoringbot.refactorings.RemoveMethodParameterTest - Removed parameter 'b' from method 'getLineOfMethodWithUnusedParameter(int, int, int)'
16:31:13.105 [main] INFO de.refactoringbot.refactorings.RemoveMethodParameterTest - Removed parameter 'b' from method 'getLineOfMethodWithUnusedParameter(int, int, int)'
16:31:13.165 [main] INFO de.refactoringbot.refactorings.RemoveMethodParameterTest - Removed parameter 'b' from method 'getLineOfMethodWithUnusedParameter(int, int, int)'
16:31:13.193 [main] INFO de.refactoringbot.refactorings.RemoveMethodParameterTest - Removed parameter 'b' from method 'getLineOfMethodWithUnusedParameter(int, int, int)'
16:31:13.244 [main] INFO de.refactoringbot.refactorings.RemoveMethodParameterTest - Removed parameter 'b' from method 'getLineOfMethodWithUnusedParameter(int, int, int)'
16:31:13.308 [main] INFO de.refactoringbot.refactorings.RemoveMethodParameterTest - Removed parameter 'b' from method 'getLineOfMethodWithUnusedParameter(int, int, int)'
[INFO] Tests run: 12, Failures: 0, Errors: 0, Skipped: 0, Time elapsed: 0.603 s - in de.refactoringbot.refactorings.RemoveMethodParameterTest
[INFO] Running de.refactoringbot.refactoring.RefactoringHelperTest
[INFO] Tests run: 7, Failures: 0, Errors: 0, Skipped: 0, Time elapsed: 0.023 s - in de.refactoringbot.refactoring.RefactoringHelperTest
[INFO] Running de.refactoringbot.refactoring.RefactoringOperationsTest
[INFO] Tests run: 1, Failures: 0, Errors: 0, Skipped: 0, Time elapsed: 0.004 s - in de.refactoringbot.refactoring.RefactoringOperationsTest
[INFO] Running de.refactoringbot.services.main.FileServiceTest
[INFO] Tests run: 2, Failures: 0, Errors: 0, Skipped: 0, Time elapsed: 1.327 s - in de.refactoringbot.services.main.FileServiceTest
[INFO] Running de.refactoringbot.services.main.GrammarServiceTest
ANTLR Tool version 4.7.1 used for code generation does not match the current runtime version 4.10
[ERROR] Tests run: 5, Failures: 0, Errors: 1, Skipped: 0, Time elapsed: 0.676 s <<< FAILURE! - in de.refactoringbot.services.main.GrammarServiceTest
[ERROR] testCheckComment(de.refactoringbot.services.main.GrammarServiceTest)  Time elapsed: 0.016 s  <<< ERROR!
java.lang.ExceptionInInitializerError
	at de.refactoringbot.services.main.GrammarServiceTest.testCheckComment(GrammarServiceTest.java:111)
Caused by: java.lang.UnsupportedOperationException: java.io.InvalidClassException: org.antlr.v4.runtime.atn.ATN; Could not deserialize ATN with version 3 (expected 4).
	at de.refactoringbot.services.main.GrammarServiceTest.testCheckComment(GrammarServiceTest.java:111)
Caused by: java.io.InvalidClassException: org.antlr.v4.runtime.atn.ATN; Could not deserialize ATN with version 3 (expected 4).
	at de.refactoringbot.services.main.GrammarServiceTest.testCheckComment(GrammarServiceTest.java:111)

[INFO] Running de.refactoringbot.services.main.GitServiceTest
[INFO] Tests run: 2, Failures: 0, Errors: 0, Skipped: 0, Time elapsed: 0.245 s - in de.refactoringbot.services.main.GitServiceTest
[INFO] Running de.refactoringbot.services.github.GithubObjectTranslatorTest
[INFO] Tests run: 1, Failures: 0, Errors: 0, Skipped: 0, Time elapsed: 0.001 s - in de.refactoringbot.services.github.GithubObjectTranslatorTest
[INFO] Running de.refactoringbot.services.sonarqube.SonarQubeObjectTranslatorTest
[INFO] Tests run: 2, Failures: 0, Errors: 0, Skipped: 0, Time elapsed: 0.002 s - in de.refactoringbot.services.sonarqube.SonarQubeObjectTranslatorTest
[INFO] 
[INFO] Results:
[INFO] 
[ERROR] Errors: 
[ERROR]   GrammarServiceTest.testCheckComment:111 Â» ExceptionInInitializer
[INFO] 
[ERROR] Tests run: 62, Failures: 0, Errors: 1, Skipped: 0
[INFO] 
[INFO] ------------------------------------------------------------------------
[INFO] BUILD FAILURE
[INFO] ------------------------------------------------------------------------
[INFO] Total time:  15.909 s
[INFO] Finished at: 2025-10-01T16:31:16Z
[INFO] ------------------------------------------------------------------------
[WARNING] 
[WARNING] Plugin validation issues were detected in 5 plugin(s)
[WARNING] 
[WARNING]  * org.apache.maven.plugins:maven-resources-plugin:3.1.0
[WARNING]  * org.apache.maven.plugins:maven-compiler-plugin:3.8.1
[WARNING]  * org.apache.maven.plugins:maven-clean-plugin:3.1.0
[WARNING]  * org.apache.maven.plugins:maven-surefire-plugin:2.22.2
[WARNING]  * org.antlr:antlr4-maven-plugin:4.7.2
[WARNING] 
[WARNING] For more or less details, use 'maven.plugin.validation' property with one of the values (case insensitive): [BRIEF, DEFAULT, VERBOSE]
[WARNING] 
[ERROR] Failed to execute goal org.apache.maven.plugins:maven-surefire-plugin:2.22.2:test (unit-tests) on project RefactoringBot: There are test failures.
[ERROR] 
[ERROR] Please refer to /Refactoring-Bot/target/surefire-reports for the individual test results.
[ERROR] Please refer to dump files (if any exist) [date].dump, [date]-jvmRun[N].dump and [date].dumpstream.
[ERROR] -> [Help 1]
[ERROR] 
[ERROR] To see the full stack trace of the errors, re-run Maven with the -e switch.
[ERROR] Re-run Maven using the -X switch to enable full debug logging.
[ERROR] 
[ERROR] For more information about the errors and possible solutions, please read the following articles:
[ERROR] [Help 1] http://cwiki.apache.org/confluence/display/MAVEN/MojoFailureException
